[100%] Built target slambot_hardware
-- Install configuration: ""
-- Up-to-date: /home/eldry/devros_ws/install/slambot_hardware/share/slambot_hardware/slambot_hardware_interface.xml
-- Up-to-date: /home/eldry/devros_ws/install/slambot_hardware/lib/libslambot_hardware.so
-- Up-to-date: /home/eldry/devros_ws/install/slambot_hardware/include/include
-- Up-to-date: /home/eldry/devros_ws/install/slambot_hardware/include/include/slambot_hardware
-- Up-to-date: /home/eldry/devros_ws/install/slambot_hardware/include/include/slambot_hardware/esp32_driver.hpp
-- Up-to-date: /home/eldry/devros_ws/install/slambot_hardware/include/include/slambot_hardware/slambot_hardware_interface.hpp
-- Up-to-date: /home/eldry/devros_ws/install/slambot_hardware/include/include/slambot_hardware/wheel.hpp
-- Up-to-date: /home/eldry/devros_ws/install/slambot_hardware/share/slambot_hardware/environment/library_path.sh
-- Up-to-date: /home/eldry/devros_ws/install/slambot_hardware/share/slambot_hardware/environment/library_path.dsv
-- Up-to-date: /home/eldry/devros_ws/install/slambot_hardware/share/ament_index/resource_index/package_run_dependencies/slambot_hardware
-- Up-to-date: /home/eldry/devros_ws/install/slambot_hardware/share/ament_index/resource_index/parent_prefix_path/slambot_hardware
-- Up-to-date: /home/eldry/devros_ws/install/slambot_hardware/share/slambot_hardware/environment/ament_prefix_path.sh
-- Up-to-date: /home/eldry/devros_ws/install/slambot_hardware/share/slambot_hardware/environment/ament_prefix_path.dsv
-- Up-to-date: /home/eldry/devros_ws/install/slambot_hardware/share/slambot_hardware/environment/path.sh
-- Up-to-date: /home/eldry/devros_ws/install/slambot_hardware/share/slambot_hardware/environment/path.dsv
-- Up-to-date: /home/eldry/devros_ws/install/slambot_hardware/share/slambot_hardware/local_setup.bash
-- Up-to-date: /home/eldry/devros_ws/install/slambot_hardware/share/slambot_hardware/local_setup.sh
-- Up-to-date: /home/eldry/devros_ws/install/slambot_hardware/share/slambot_hardware/local_setup.zsh
-- Up-to-date: /home/eldry/devros_ws/install/slambot_hardware/share/slambot_hardware/local_setup.dsv
-- Installing: /home/eldry/devros_ws/install/slambot_hardware/share/slambot_hardware/package.dsv
-- Up-to-date: /home/eldry/devros_ws/install/slambot_hardware/share/ament_index/resource_index/packages/slambot_hardware
-- Up-to-date: /home/eldry/devros_ws/install/slambot_hardware/share/ament_index/resource_index/hardware_interface__pluginlib__plugin/slambot_hardware
-- Up-to-date: /home/eldry/devros_ws/install/slambot_hardware/share/slambot_hardware/cmake/ament_cmake_export_libraries-extras.cmake
-- Up-to-date: /home/eldry/devros_ws/install/slambot_hardware/share/slambot_hardware/cmake/ament_cmake_export_dependencies-extras.cmake
-- Up-to-date: /home/eldry/devros_ws/install/slambot_hardware/share/slambot_hardware/cmake/slambot_hardwareConfig.cmake
-- Up-to-date: /home/eldry/devros_ws/install/slambot_hardware/share/slambot_hardware/cmake/slambot_hardwareConfig-version.cmake
-- Up-to-date: /home/eldry/devros_ws/install/slambot_hardware/share/slambot_hardware/package.xml
