[ 50%] [32mBuilding CXX object CMakeFiles/slambot_hardware.dir/src/slambot_hardware_interface.cpp.o[0m
[01m[K/home/eldry/devros_ws/src/slambot_hardware/src/slambot_hardware_interface.cpp:[m[K In member function ‘[01m[Kvirtual hardware_interface::CallbackReturn slambot_hardware::SlambotHardwareInterface::[01;32m[Kon_init[m[K(const hardware_interface::HardwareInfo&)[m[K’:
[01m[K/home/eldry/devros_ws/src/slambot_hardware/src/slambot_hardware_interface.cpp:16:53:[m[K [01;35m[Kwarning: [m[K‘[01m[Kvirtual rclcpp_lifecycle::node_interfaces::LifecycleNodeInterface::CallbackReturn hardware_interface::HardwareComponentInterface::[01;32m[Kon_init[m[K(const hardware_interface::HardwareInfo&)[m[K’ is deprecated: Use on_init(const HardwareComponentInterfaceParams & params) instead. [[01;35m[K]8;;https://gcc.gnu.org/onlinedocs/gcc/Warning-Options.html#index-Wdeprecated-declarations-Wdeprecated-declarations]8;;[m[K]
   16 |     if ([01;35m[Khardware_interface::SystemInterface::on_init(info)[m[K !=
      |         [01;35m[K~~~~~~~~~~~~~~~~~~~~~~~~~~~~~~~~~~~~~~~~~~~~^~~~~~[m[K
In file included from [01m[K/opt/ros/jazzy/include/hardware_interface/hardware_interface/system_interface.hpp:18[m[K,
                 from [01m[K/home/eldry/devros_ws/src/slambot_hardware/include/slambot_hardware/slambot_hardware_interface.hpp:4[m[K,
                 from [01m[K/home/eldry/devros_ws/src/slambot_hardware/src/slambot_hardware_interface.cpp:1[m[K:
[01m[K/opt/ros/jazzy/include/hardware_interface/hardware_interface/hardware_component_interface.hpp:235:26:[m[K [01;36m[Knote: [m[Kdeclared here
  235 |   virtual CallbackReturn [01;36m[Kon_init[m[K(const HardwareInfo & hardware_info)
      |                          [01;36m[K^~~~~~~[m[K
[100%] [32m[1mLinking CXX shared library libslambot_hardware.so[0m
[100%] Built target slambot_hardware
-- Install configuration: ""
-- Installing: /home/eldry/devros_ws/install/slambot_hardware/share/slambot_hardware/slambot_hardware_interface.xml
-- Installing: /home/eldry/devros_ws/install/slambot_hardware/lib/libslambot_hardware.so
-- Set non-toolchain portion of runtime path of "/home/eldry/devros_ws/install/slambot_hardware/lib/libslambot_hardware.so" to ""
-- Installing: /home/eldry/devros_ws/install/slambot_hardware/include/include
-- Installing: /home/eldry/devros_ws/install/slambot_hardware/include/include/slambot_hardware
-- Installing: /home/eldry/devros_ws/install/slambot_hardware/include/include/slambot_hardware/esp32_driver.hpp
-- Installing: /home/eldry/devros_ws/install/slambot_hardware/include/include/slambot_hardware/slambot_hardware_interface.hpp
-- Installing: /home/eldry/devros_ws/install/slambot_hardware/include/include/slambot_hardware/wheel.hpp
-- Installing: /home/eldry/devros_ws/install/slambot_hardware/share/slambot_hardware/environment/library_path.sh
-- Installing: /home/eldry/devros_ws/install/slambot_hardware/share/slambot_hardware/environment/library_path.dsv
-- Installing: /home/eldry/devros_ws/install/slambot_hardware/share/ament_index/resource_index/package_run_dependencies/slambot_hardware
-- Installing: /home/eldry/devros_ws/install/slambot_hardware/share/ament_index/resource_index/parent_prefix_path/slambot_hardware
-- Installing: /home/eldry/devros_ws/install/slambot_hardware/share/slambot_hardware/environment/ament_prefix_path.sh
-- Installing: /home/eldry/devros_ws/install/slambot_hardware/share/slambot_hardware/environment/ament_prefix_path.dsv
-- Installing: /home/eldry/devros_ws/install/slambot_hardware/share/slambot_hardware/environment/path.sh
-- Installing: /home/eldry/devros_ws/install/slambot_hardware/share/slambot_hardware/environment/path.dsv
-- Installing: /home/eldry/devros_ws/install/slambot_hardware/share/slambot_hardware/local_setup.bash
-- Installing: /home/eldry/devros_ws/install/slambot_hardware/share/slambot_hardware/local_setup.sh
-- Installing: /home/eldry/devros_ws/install/slambot_hardware/share/slambot_hardware/local_setup.zsh
-- Installing: /home/eldry/devros_ws/install/slambot_hardware/share/slambot_hardware/local_setup.dsv
-- Installing: /home/eldry/devros_ws/install/slambot_hardware/share/slambot_hardware/package.dsv
-- Installing: /home/eldry/devros_ws/install/slambot_hardware/share/ament_index/resource_index/packages/slambot_hardware
-- Installing: /home/eldry/devros_ws/install/slambot_hardware/share/ament_index/resource_index/hardware_interface__pluginlib__plugin/slambot_hardware
-- Installing: /home/eldry/devros_ws/install/slambot_hardware/share/slambot_hardware/cmake/ament_cmake_export_libraries-extras.cmake
-- Installing: /home/eldry/devros_ws/install/slambot_hardware/share/slambot_hardware/cmake/ament_cmake_export_dependencies-extras.cmake
-- Installing: /home/eldry/devros_ws/install/slambot_hardware/share/slambot_hardware/cmake/slambot_hardwareConfig.cmake
-- Installing: /home/eldry/devros_ws/install/slambot_hardware/share/slambot_hardware/cmake/slambot_hardwareConfig-version.cmake
-- Installing: /home/eldry/devros_ws/install/slambot_hardware/share/slambot_hardware/package.xml
