[0.201s] DEBUG:colcon:Command line arguments: ['/usr/bin/colcon', 'build', '--packages-select', 'slambot_description', 'slambot_bringup', 'slambot_interfaces']
[0.201s] DEBUG:colcon:Parsed command line arguments: Namespace(log_base=None, log_level=None, verb_name='build', build_base='build', install_base='install', merge_install=False, symlink_install=False, test_result_base=None, continue_on_error=False, executor='parallel', parallel_workers=4, event_handlers=None, ignore_user_meta=False, metas=['./colcon.meta'], base_paths=['.'], packages_ignore=None, packages_ignore_regex=None, paths=None, packages_up_to=None, packages_up_to_regex=None, packages_above=None, packages_above_and_dependencies=None, packages_above_depth=None, packages_select_by_dep=None, packages_skip_by_dep=None, packages_skip_up_to=None, packages_select_build_failed=False, packages_skip_build_finished=False, packages_select_test_failures=False, packages_skip_test_passed=False, packages_select=['slambot_description', 'slambot_bringup', 'slambot_interfaces'], packages_skip=None, packages_select_regex=None, packages_skip_regex=None, packages_start=None, packages_end=None, allow_overriding=[], cmake_args=None, cmake_target=None, cmake_target_skip_unavailable=False, cmake_clean_cache=False, cmake_clean_first=False, cmake_force_configure=False, ament_cmake_args=None, catkin_cmake_args=None, catkin_skip_building_tests=False, mixin_files=None, mixin=None, verb_parser=<colcon_mixin.mixin.mixin_argument.MixinArgumentDecorator object at 0x7a3477da4e60>, verb_extension=<colcon_core.verb.build.BuildVerb object at 0x7a3477d4e1e0>, main=<bound method BuildVerb.main of <colcon_core.verb.build.BuildVerb object at 0x7a3477d4e1e0>>, mixin_verb=('build',))
[0.244s] Level 1:colcon.colcon_core.package_discovery:discover_packages(colcon_meta) check parameters
[0.244s] Level 1:colcon.colcon_core.package_discovery:discover_packages(recursive) check parameters
[0.244s] Level 1:colcon.colcon_core.package_discovery:discover_packages(ignore) check parameters
[0.244s] Level 1:colcon.colcon_core.package_discovery:discover_packages(path) check parameters
[0.244s] Level 1:colcon.colcon_core.package_discovery:discover_packages(colcon_meta) discover
[0.244s] Level 1:colcon.colcon_core.package_discovery:discover_packages(recursive) discover
[0.244s] INFO:colcon.colcon_core.package_discovery:Crawling recursively for packages in '/home/eldry/devros_ws'
[0.244s] Level 1:colcon.colcon_core.package_identification:_identify(.) by extensions ['ignore', 'ignore_ament_install']
[0.244s] Level 1:colcon.colcon_core.package_identification:_identify(.) by extension 'ignore'
[0.244s] Level 1:colcon.colcon_core.package_identification:_identify(.) by extension 'ignore_ament_install'
[0.244s] Level 1:colcon.colcon_core.package_identification:_identify(.) by extensions ['colcon_pkg']
[0.244s] Level 1:colcon.colcon_core.package_identification:_identify(.) by extension 'colcon_pkg'
[0.244s] Level 1:colcon.colcon_core.package_identification:_identify(.) by extensions ['colcon_meta']
[0.244s] Level 1:colcon.colcon_core.package_identification:_identify(.) by extension 'colcon_meta'
[0.245s] Level 1:colcon.colcon_core.package_identification:_identify(.) by extensions ['ros']
[0.245s] Level 1:colcon.colcon_core.package_identification:_identify(.) by extension 'ros'
[0.276s] Level 1:colcon.colcon_core.package_identification:_identify(.) by extensions ['cmake', 'python']
[0.276s] Level 1:colcon.colcon_core.package_identification:_identify(.) by extension 'cmake'
[0.276s] Level 1:colcon.colcon_core.package_identification:_identify(.) by extension 'python'
[0.276s] Level 1:colcon.colcon_core.package_identification:_identify(.) by extensions ['python_setup_py']
[0.276s] Level 1:colcon.colcon_core.package_identification:_identify(.) by extension 'python_setup_py'
[0.277s] Level 1:colcon.colcon_core.package_identification:_identify(build) by extensions ['ignore', 'ignore_ament_install']
[0.277s] Level 1:colcon.colcon_core.package_identification:_identify(build) by extension 'ignore'
[0.277s] Level 1:colcon.colcon_core.package_identification:_identify(build) ignored
[0.277s] Level 1:colcon.colcon_core.package_identification:_identify(install) by extensions ['ignore', 'ignore_ament_install']
[0.277s] Level 1:colcon.colcon_core.package_identification:_identify(install) by extension 'ignore'
[0.277s] Level 1:colcon.colcon_core.package_identification:_identify(install) ignored
[0.277s] Level 1:colcon.colcon_core.package_identification:_identify(log) by extensions ['ignore', 'ignore_ament_install']
[0.277s] Level 1:colcon.colcon_core.package_identification:_identify(log) by extension 'ignore'
[0.277s] Level 1:colcon.colcon_core.package_identification:_identify(log) ignored
[0.277s] Level 1:colcon.colcon_core.package_identification:_identify(src) by extensions ['ignore', 'ignore_ament_install']
[0.277s] Level 1:colcon.colcon_core.package_identification:_identify(src) by extension 'ignore'
[0.277s] Level 1:colcon.colcon_core.package_identification:_identify(src) by extension 'ignore_ament_install'
[0.277s] Level 1:colcon.colcon_core.package_identification:_identify(src) by extensions ['colcon_pkg']
[0.277s] Level 1:colcon.colcon_core.package_identification:_identify(src) by extension 'colcon_pkg'
[0.277s] Level 1:colcon.colcon_core.package_identification:_identify(src) by extensions ['colcon_meta']
[0.277s] Level 1:colcon.colcon_core.package_identification:_identify(src) by extension 'colcon_meta'
[0.278s] Level 1:colcon.colcon_core.package_identification:_identify(src) by extensions ['ros']
[0.278s] Level 1:colcon.colcon_core.package_identification:_identify(src) by extension 'ros'
[0.278s] Level 1:colcon.colcon_core.package_identification:_identify(src) by extensions ['cmake', 'python']
[0.278s] Level 1:colcon.colcon_core.package_identification:_identify(src) by extension 'cmake'
[0.278s] Level 1:colcon.colcon_core.package_identification:_identify(src) by extension 'python'
[0.278s] Level 1:colcon.colcon_core.package_identification:_identify(src) by extensions ['python_setup_py']
[0.278s] Level 1:colcon.colcon_core.package_identification:_identify(src) by extension 'python_setup_py'
[0.278s] Level 1:colcon.colcon_core.package_identification:_identify(src/slambot_bringup) by extensions ['ignore', 'ignore_ament_install']
[0.278s] Level 1:colcon.colcon_core.package_identification:_identify(src/slambot_bringup) by extension 'ignore'
[0.278s] Level 1:colcon.colcon_core.package_identification:_identify(src/slambot_bringup) by extension 'ignore_ament_install'
[0.278s] Level 1:colcon.colcon_core.package_identification:_identify(src/slambot_bringup) by extensions ['colcon_pkg']
[0.278s] Level 1:colcon.colcon_core.package_identification:_identify(src/slambot_bringup) by extension 'colcon_pkg'
[0.278s] Level 1:colcon.colcon_core.package_identification:_identify(src/slambot_bringup) by extensions ['colcon_meta']
[0.278s] Level 1:colcon.colcon_core.package_identification:_identify(src/slambot_bringup) by extension 'colcon_meta'
[0.278s] Level 1:colcon.colcon_core.package_identification:_identify(src/slambot_bringup) by extensions ['ros']
[0.278s] Level 1:colcon.colcon_core.package_identification:_identify(src/slambot_bringup) by extension 'ros'
[0.281s] DEBUG:colcon.colcon_core.package_identification:Package 'src/slambot_bringup' with type 'ros.ament_cmake' and name 'slambot_bringup'
[0.281s] Level 1:colcon.colcon_core.package_identification:_identify(src/slambot_description) by extensions ['ignore', 'ignore_ament_install']
[0.281s] Level 1:colcon.colcon_core.package_identification:_identify(src/slambot_description) by extension 'ignore'
[0.282s] Level 1:colcon.colcon_core.package_identification:_identify(src/slambot_description) by extension 'ignore_ament_install'
[0.282s] Level 1:colcon.colcon_core.package_identification:_identify(src/slambot_description) by extensions ['colcon_pkg']
[0.282s] Level 1:colcon.colcon_core.package_identification:_identify(src/slambot_description) by extension 'colcon_pkg'
[0.282s] Level 1:colcon.colcon_core.package_identification:_identify(src/slambot_description) by extensions ['colcon_meta']
[0.282s] Level 1:colcon.colcon_core.package_identification:_identify(src/slambot_description) by extension 'colcon_meta'
[0.282s] Level 1:colcon.colcon_core.package_identification:_identify(src/slambot_description) by extensions ['ros']
[0.282s] Level 1:colcon.colcon_core.package_identification:_identify(src/slambot_description) by extension 'ros'
[0.282s] DEBUG:colcon.colcon_core.package_identification:Package 'src/slambot_description' with type 'ros.ament_cmake' and name 'slambot_description'
[0.282s] Level 1:colcon.colcon_core.package_identification:_identify(src/slambot_hardware) by extensions ['ignore', 'ignore_ament_install']
[0.282s] Level 1:colcon.colcon_core.package_identification:_identify(src/slambot_hardware) by extension 'ignore'
[0.283s] Level 1:colcon.colcon_core.package_identification:_identify(src/slambot_hardware) by extension 'ignore_ament_install'
[0.283s] Level 1:colcon.colcon_core.package_identification:_identify(src/slambot_hardware) by extensions ['colcon_pkg']
[0.283s] Level 1:colcon.colcon_core.package_identification:_identify(src/slambot_hardware) by extension 'colcon_pkg'
[0.283s] Level 1:colcon.colcon_core.package_identification:_identify(src/slambot_hardware) by extensions ['colcon_meta']
[0.283s] Level 1:colcon.colcon_core.package_identification:_identify(src/slambot_hardware) by extension 'colcon_meta'
[0.283s] Level 1:colcon.colcon_core.package_identification:_identify(src/slambot_hardware) by extensions ['ros']
[0.283s] Level 1:colcon.colcon_core.package_identification:_identify(src/slambot_hardware) by extension 'ros'
[0.283s] DEBUG:colcon.colcon_core.package_identification:Package 'src/slambot_hardware' with type 'ros.ament_cmake' and name 'slambot_hardware'
[0.283s] Level 1:colcon.colcon_core.package_identification:_identify(src/slambot_interfaces) by extensions ['ignore', 'ignore_ament_install']
[0.284s] Level 1:colcon.colcon_core.package_identification:_identify(src/slambot_interfaces) by extension 'ignore'
[0.284s] Level 1:colcon.colcon_core.package_identification:_identify(src/slambot_interfaces) by extension 'ignore_ament_install'
[0.284s] Level 1:colcon.colcon_core.package_identification:_identify(src/slambot_interfaces) by extensions ['colcon_pkg']
[0.284s] Level 1:colcon.colcon_core.package_identification:_identify(src/slambot_interfaces) by extension 'colcon_pkg'
[0.284s] Level 1:colcon.colcon_core.package_identification:_identify(src/slambot_interfaces) by extensions ['colcon_meta']
[0.284s] Level 1:colcon.colcon_core.package_identification:_identify(src/slambot_interfaces) by extension 'colcon_meta'
[0.284s] Level 1:colcon.colcon_core.package_identification:_identify(src/slambot_interfaces) by extensions ['ros']
[0.284s] Level 1:colcon.colcon_core.package_identification:_identify(src/slambot_interfaces) by extension 'ros'
[0.284s] DEBUG:colcon.colcon_core.package_identification:Package 'src/slambot_interfaces' with type 'ros.ament_cmake' and name 'slambot_interfaces'
[0.284s] Level 1:colcon.colcon_core.package_discovery:discover_packages(recursive) using defaults
[0.285s] Level 1:colcon.colcon_core.package_discovery:discover_packages(ignore) discover
[0.285s] Level 1:colcon.colcon_core.package_discovery:discover_packages(ignore) using defaults
[0.285s] Level 1:colcon.colcon_core.package_discovery:discover_packages(path) discover
[0.285s] Level 1:colcon.colcon_core.package_discovery:discover_packages(path) using defaults
[0.305s] INFO:colcon.colcon_core.package_selection:Skipping not selected package 'slambot_hardware' in 'src/slambot_hardware'
[0.306s] Level 1:colcon.colcon_core.package_discovery:discover_packages(prefix_path) check parameters
[0.306s] Level 1:colcon.colcon_core.package_discovery:discover_packages(prefix_path) discover
[0.308s] WARNING:colcon.colcon_core.prefix_path.colcon:The path '/home/eldry/devros_ws/src/install' in the environment variable COLCON_PREFIX_PATH doesn't exist
[0.308s] WARNING:colcon.colcon_ros.prefix_path.ament:The path '/home/eldry/devros_ws/src/install/slambot_bringup' in the environment variable AMENT_PREFIX_PATH doesn't exist
[0.308s] WARNING:colcon.colcon_ros.prefix_path.ament:The path '/home/eldry/devros_ws/src/install/slambot_description' in the environment variable AMENT_PREFIX_PATH doesn't exist
[0.308s] WARNING:colcon.colcon_ros.prefix_path.catkin:The path '/home/eldry/devros_ws/src/install/slambot_bringup' in the environment variable CMAKE_PREFIX_PATH doesn't exist
[0.308s] WARNING:colcon.colcon_ros.prefix_path.catkin:The path '/home/eldry/devros_ws/src/install/slambot_description' in the environment variable CMAKE_PREFIX_PATH doesn't exist
[0.310s] DEBUG:colcon.colcon_installed_package_information.package_discovery:Found 3 installed packages in /home/eldry/devros_ws/install
[0.312s] DEBUG:colcon.colcon_installed_package_information.package_discovery:Found 374 installed packages in /opt/ros/jazzy
[0.313s] Level 1:colcon.colcon_core.package_discovery:discover_packages(prefix_path) using defaults
[0.370s] Level 5:colcon.colcon_core.verb:set package 'slambot_description' build argument 'cmake_args' from command line to 'None'
[0.370s] Level 5:colcon.colcon_core.verb:set package 'slambot_description' build argument 'cmake_target' from command line to 'None'
[0.370s] Level 5:colcon.colcon_core.verb:set package 'slambot_description' build argument 'cmake_target_skip_unavailable' from command line to 'False'
[0.370s] Level 5:colcon.colcon_core.verb:set package 'slambot_description' build argument 'cmake_clean_cache' from command line to 'False'
[0.370s] Level 5:colcon.colcon_core.verb:set package 'slambot_description' build argument 'cmake_clean_first' from command line to 'False'
[0.370s] Level 5:colcon.colcon_core.verb:set package 'slambot_description' build argument 'cmake_force_configure' from command line to 'False'
[0.370s] Level 5:colcon.colcon_core.verb:set package 'slambot_description' build argument 'ament_cmake_args' from command line to 'None'
[0.371s] Level 5:colcon.colcon_core.verb:set package 'slambot_description' build argument 'catkin_cmake_args' from command line to 'None'
[0.371s] Level 5:colcon.colcon_core.verb:set package 'slambot_description' build argument 'catkin_skip_building_tests' from command line to 'False'
[0.371s] DEBUG:colcon.colcon_core.verb:Building package 'slambot_description' with the following arguments: {'ament_cmake_args': None, 'build_base': '/home/eldry/devros_ws/build/slambot_description', 'catkin_cmake_args': None, 'catkin_skip_building_tests': False, 'cmake_args': None, 'cmake_clean_cache': False, 'cmake_clean_first': False, 'cmake_force_configure': False, 'cmake_target': None, 'cmake_target_skip_unavailable': False, 'install_base': '/home/eldry/devros_ws/install/slambot_description', 'merge_install': False, 'path': '/home/eldry/devros_ws/src/slambot_description', 'symlink_install': False, 'test_result_base': None}
[0.371s] Level 5:colcon.colcon_core.verb:set package 'slambot_interfaces' build argument 'cmake_args' from command line to 'None'
[0.371s] Level 5:colcon.colcon_core.verb:set package 'slambot_interfaces' build argument 'cmake_target' from command line to 'None'
[0.371s] Level 5:colcon.colcon_core.verb:set package 'slambot_interfaces' build argument 'cmake_target_skip_unavailable' from command line to 'False'
[0.371s] Level 5:colcon.colcon_core.verb:set package 'slambot_interfaces' build argument 'cmake_clean_cache' from command line to 'False'
[0.371s] Level 5:colcon.colcon_core.verb:set package 'slambot_interfaces' build argument 'cmake_clean_first' from command line to 'False'
[0.371s] Level 5:colcon.colcon_core.verb:set package 'slambot_interfaces' build argument 'cmake_force_configure' from command line to 'False'
[0.371s] Level 5:colcon.colcon_core.verb:set package 'slambot_interfaces' build argument 'ament_cmake_args' from command line to 'None'
[0.371s] Level 5:colcon.colcon_core.verb:set package 'slambot_interfaces' build argument 'catkin_cmake_args' from command line to 'None'
[0.371s] Level 5:colcon.colcon_core.verb:set package 'slambot_interfaces' build argument 'catkin_skip_building_tests' from command line to 'False'
[0.371s] DEBUG:colcon.colcon_core.verb:Building package 'slambot_interfaces' with the following arguments: {'ament_cmake_args': None, 'build_base': '/home/eldry/devros_ws/build/slambot_interfaces', 'catkin_cmake_args': None, 'catkin_skip_building_tests': False, 'cmake_args': None, 'cmake_clean_cache': False, 'cmake_clean_first': False, 'cmake_force_configure': False, 'cmake_target': None, 'cmake_target_skip_unavailable': False, 'install_base': '/home/eldry/devros_ws/install/slambot_interfaces', 'merge_install': False, 'path': '/home/eldry/devros_ws/src/slambot_interfaces', 'symlink_install': False, 'test_result_base': None}
[0.371s] Level 5:colcon.colcon_core.verb:set package 'slambot_bringup' build argument 'cmake_args' from command line to 'None'
[0.371s] Level 5:colcon.colcon_core.verb:set package 'slambot_bringup' build argument 'cmake_target' from command line to 'None'
[0.371s] Level 5:colcon.colcon_core.verb:set package 'slambot_bringup' build argument 'cmake_target_skip_unavailable' from command line to 'False'
[0.371s] Level 5:colcon.colcon_core.verb:set package 'slambot_bringup' build argument 'cmake_clean_cache' from command line to 'False'
[0.371s] Level 5:colcon.colcon_core.verb:set package 'slambot_bringup' build argument 'cmake_clean_first' from command line to 'False'
[0.372s] Level 5:colcon.colcon_core.verb:set package 'slambot_bringup' build argument 'cmake_force_configure' from command line to 'False'
[0.372s] Level 5:colcon.colcon_core.verb:set package 'slambot_bringup' build argument 'ament_cmake_args' from command line to 'None'
[0.372s] Level 5:colcon.colcon_core.verb:set package 'slambot_bringup' build argument 'catkin_cmake_args' from command line to 'None'
[0.372s] Level 5:colcon.colcon_core.verb:set package 'slambot_bringup' build argument 'catkin_skip_building_tests' from command line to 'False'
[0.372s] DEBUG:colcon.colcon_core.verb:Building package 'slambot_bringup' with the following arguments: {'ament_cmake_args': None, 'build_base': '/home/eldry/devros_ws/build/slambot_bringup', 'catkin_cmake_args': None, 'catkin_skip_building_tests': False, 'cmake_args': None, 'cmake_clean_cache': False, 'cmake_clean_first': False, 'cmake_force_configure': False, 'cmake_target': None, 'cmake_target_skip_unavailable': False, 'install_base': '/home/eldry/devros_ws/install/slambot_bringup', 'merge_install': False, 'path': '/home/eldry/devros_ws/src/slambot_bringup', 'symlink_install': False, 'test_result_base': None}
[0.372s] INFO:colcon.colcon_core.executor:Executing jobs using 'parallel' executor
[0.373s] DEBUG:colcon.colcon_parallel_executor.executor.parallel:run_until_complete
[0.373s] INFO:colcon.colcon_ros.task.ament_cmake.build:Building ROS package in '/home/eldry/devros_ws/src/slambot_description' with build type 'ament_cmake'
[0.373s] INFO:colcon.colcon_cmake.task.cmake.build:Building CMake package in '/home/eldry/devros_ws/src/slambot_description'
[0.380s] INFO:colcon.colcon_core.plugin_system:Skipping extension 'colcon_core.shell.bat': Not used on non-Windows systems
[0.380s] INFO:colcon.colcon_core.shell:Skip shell extension 'powershell' for command environment: Not usable outside of PowerShell
[0.380s] DEBUG:colcon.colcon_core.shell:Skip shell extension 'dsv' for command environment
[0.384s] INFO:colcon.colcon_ros.task.ament_cmake.build:Building ROS package in '/home/eldry/devros_ws/src/slambot_interfaces' with build type 'ament_cmake'
[0.384s] INFO:colcon.colcon_cmake.task.cmake.build:Building CMake package in '/home/eldry/devros_ws/src/slambot_interfaces'
[0.384s] INFO:colcon.colcon_core.shell:Skip shell extension 'powershell' for command environment: Not usable outside of PowerShell
[0.384s] DEBUG:colcon.colcon_core.shell:Skip shell extension 'dsv' for command environment
[0.392s] DEBUG:colcon.colcon_core.event_handler.log_command:Invoking command in '/home/eldry/devros_ws/build/slambot_description': CMAKE_PREFIX_PATH=${CMAKE_PREFIX_PATH}:/opt/ros/jazzy DEBUGINFOD_URLS=https://debuginfod.ubuntu.com /usr/bin/cmake --build /home/eldry/devros_ws/build/slambot_description -- -j4 -l4
[0.398s] DEBUG:colcon.colcon_core.event_handler.log_command:Invoking command in '/home/eldry/devros_ws/build/slambot_interfaces': CMAKE_PREFIX_PATH=${CMAKE_PREFIX_PATH}:/opt/ros/jazzy DEBUGINFOD_URLS=https://debuginfod.ubuntu.com /usr/bin/cmake --build /home/eldry/devros_ws/build/slambot_interfaces -- -j4 -l4
[0.434s] DEBUG:colcon.colcon_core.event_handler.log_command:Invoked command in '/home/eldry/devros_ws/build/slambot_description' returned '0': CMAKE_PREFIX_PATH=${CMAKE_PREFIX_PATH}:/opt/ros/jazzy DEBUGINFOD_URLS=https://debuginfod.ubuntu.com /usr/bin/cmake --build /home/eldry/devros_ws/build/slambot_description -- -j4 -l4
[0.444s] DEBUG:colcon.colcon_core.event_handler.log_command:Invoking command in '/home/eldry/devros_ws/build/slambot_description': CMAKE_PREFIX_PATH=${CMAKE_PREFIX_PATH}:/opt/ros/jazzy DEBUGINFOD_URLS=https://debuginfod.ubuntu.com /usr/bin/cmake --install /home/eldry/devros_ws/build/slambot_description
[0.455s] Level 1:colcon.colcon_core.environment:create_environment_scripts_only(slambot_description)
[0.458s] DEBUG:colcon.colcon_core.event_handler.log_command:Invoked command in '/home/eldry/devros_ws/build/slambot_description' returned '0': CMAKE_PREFIX_PATH=${CMAKE_PREFIX_PATH}:/opt/ros/jazzy DEBUGINFOD_URLS=https://debuginfod.ubuntu.com /usr/bin/cmake --install /home/eldry/devros_ws/build/slambot_description
[0.462s] Level 1:colcon.colcon_core.environment:checking '/home/eldry/devros_ws/install/slambot_description' for CMake module files
[0.462s] Level 1:colcon.colcon_core.environment:checking '/home/eldry/devros_ws/install/slambot_description' for CMake config files
[0.462s] Level 1:colcon.colcon_core.shell:create_environment_hook('slambot_description', 'cmake_prefix_path')
[0.463s] INFO:colcon.colcon_core.shell:Creating environment hook '/home/eldry/devros_ws/install/slambot_description/share/slambot_description/hook/cmake_prefix_path.ps1'
[0.464s] INFO:colcon.colcon_core.shell:Creating environment descriptor '/home/eldry/devros_ws/install/slambot_description/share/slambot_description/hook/cmake_prefix_path.dsv'
[0.464s] INFO:colcon.colcon_core.shell:Creating environment hook '/home/eldry/devros_ws/install/slambot_description/share/slambot_description/hook/cmake_prefix_path.sh'
[0.465s] Level 1:colcon.colcon_core.environment:checking '/home/eldry/devros_ws/install/slambot_description/bin'
[0.465s] Level 1:colcon.colcon_core.environment:checking '/home/eldry/devros_ws/install/slambot_description/lib/pkgconfig/slambot_description.pc'
[0.465s] Level 1:colcon.colcon_core.environment:checking '/home/eldry/devros_ws/install/slambot_description/lib/python3.12/site-packages'
[0.466s] Level 1:colcon.colcon_core.environment:checking '/home/eldry/devros_ws/install/slambot_description/bin'
[0.466s] INFO:colcon.colcon_core.shell:Creating package script '/home/eldry/devros_ws/install/slambot_description/share/slambot_description/package.ps1'
[0.467s] INFO:colcon.colcon_core.shell:Creating package descriptor '/home/eldry/devros_ws/install/slambot_description/share/slambot_description/package.dsv'
[0.467s] INFO:colcon.colcon_core.shell:Creating package script '/home/eldry/devros_ws/install/slambot_description/share/slambot_description/package.sh'
[0.468s] INFO:colcon.colcon_core.shell:Creating package script '/home/eldry/devros_ws/install/slambot_description/share/slambot_description/package.bash'
[0.469s] INFO:colcon.colcon_core.shell:Creating package script '/home/eldry/devros_ws/install/slambot_description/share/slambot_description/package.zsh'
[0.470s] Level 1:colcon.colcon_core.environment:create_file_with_runtime_dependencies(/home/eldry/devros_ws/install/slambot_description/share/colcon-core/packages/slambot_description)
[0.471s] Level 1:colcon.colcon_core.environment:create_environment_scripts_only(slambot_description)
[0.471s] Level 1:colcon.colcon_core.environment:checking '/home/eldry/devros_ws/install/slambot_description' for CMake module files
[0.472s] Level 1:colcon.colcon_core.environment:checking '/home/eldry/devros_ws/install/slambot_description' for CMake config files
[0.472s] Level 1:colcon.colcon_core.shell:create_environment_hook('slambot_description', 'cmake_prefix_path')
[0.472s] INFO:colcon.colcon_core.shell:Creating environment hook '/home/eldry/devros_ws/install/slambot_description/share/slambot_description/hook/cmake_prefix_path.ps1'
[0.473s] INFO:colcon.colcon_core.shell:Creating environment descriptor '/home/eldry/devros_ws/install/slambot_description/share/slambot_description/hook/cmake_prefix_path.dsv'
[0.473s] INFO:colcon.colcon_core.shell:Creating environment hook '/home/eldry/devros_ws/install/slambot_description/share/slambot_description/hook/cmake_prefix_path.sh'
[0.474s] Level 1:colcon.colcon_core.environment:checking '/home/eldry/devros_ws/install/slambot_description/bin'
[0.474s] Level 1:colcon.colcon_core.environment:checking '/home/eldry/devros_ws/install/slambot_description/lib/pkgconfig/slambot_description.pc'
[0.474s] Level 1:colcon.colcon_core.environment:checking '/home/eldry/devros_ws/install/slambot_description/lib/python3.12/site-packages'
[0.475s] Level 1:colcon.colcon_core.environment:checking '/home/eldry/devros_ws/install/slambot_description/bin'
[0.475s] INFO:colcon.colcon_core.shell:Creating package script '/home/eldry/devros_ws/install/slambot_description/share/slambot_description/package.ps1'
[0.476s] INFO:colcon.colcon_core.shell:Creating package descriptor '/home/eldry/devros_ws/install/slambot_description/share/slambot_description/package.dsv'
[0.477s] INFO:colcon.colcon_core.shell:Creating package script '/home/eldry/devros_ws/install/slambot_description/share/slambot_description/package.sh'
[0.479s] INFO:colcon.colcon_core.shell:Creating package script '/home/eldry/devros_ws/install/slambot_description/share/slambot_description/package.bash'
[0.480s] INFO:colcon.colcon_core.shell:Creating package script '/home/eldry/devros_ws/install/slambot_description/share/slambot_description/package.zsh'
[0.481s] Level 1:colcon.colcon_core.environment:create_file_with_runtime_dependencies(/home/eldry/devros_ws/install/slambot_description/share/colcon-core/packages/slambot_description)
[0.482s] INFO:colcon.colcon_ros.task.ament_cmake.build:Building ROS package in '/home/eldry/devros_ws/src/slambot_bringup' with build type 'ament_cmake'
[0.482s] INFO:colcon.colcon_cmake.task.cmake.build:Building CMake package in '/home/eldry/devros_ws/src/slambot_bringup'
[0.484s] INFO:colcon.colcon_core.shell:Skip shell extension 'powershell' for command environment: Not usable outside of PowerShell
[0.485s] DEBUG:colcon.colcon_core.shell:Skip shell extension 'dsv' for command environment
[0.499s] DEBUG:colcon.colcon_core.event_handler.log_command:Invoking command in '/home/eldry/devros_ws/build/slambot_bringup': CMAKE_PREFIX_PATH=/home/eldry/devros_ws/install/slambot_description:/home/eldry/devros_ws/install/slambot_interfaces:/home/eldry/devros_ws/install/slambot_bringup:/home/eldry/devros_ws/src/install/slambot_bringup:/home/eldry/devros_ws/src/install/slambot_description:/opt/ros/jazzy/opt/gz_sim_vendor:/opt/ros/jazzy/opt/gz_sensors_vendor:/opt/ros/jazzy/opt/gz_physics_vendor:/opt/ros/jazzy/opt/sdformat_vendor:/opt/ros/jazzy/opt/gz_gui_vendor:/opt/ros/jazzy/opt/gz_transport_vendor:/opt/ros/jazzy/opt/gz_rendering_vendor:/opt/ros/jazzy/opt/gz_plugin_vendor:/opt/ros/jazzy/opt/gz_fuel_tools_vendor:/opt/ros/jazzy/opt/gz_msgs_vendor:/opt/ros/jazzy/opt/gz_common_vendor:/opt/ros/jazzy/opt/gz_math_vendor:/opt/ros/jazzy/opt/gz_utils_vendor:/opt/ros/jazzy/opt/gz_tools_vendor:/opt/ros/jazzy/opt/gz_ogre_next_vendor:/opt/ros/jazzy/opt/gz_dartsim_vendor:/opt/ros/jazzy/opt/gz_cmake_vendor:/opt/ros/jazzy DEBUGINFOD_URLS=https://debuginfod.ubuntu.com /usr/bin/cmake --build /home/eldry/devros_ws/build/slambot_bringup -- -j4 -l4
[0.556s] DEBUG:colcon.colcon_core.event_handler.log_command:Invoked command in '/home/eldry/devros_ws/build/slambot_bringup' returned '0': CMAKE_PREFIX_PATH=/home/eldry/devros_ws/install/slambot_description:/home/eldry/devros_ws/install/slambot_interfaces:/home/eldry/devros_ws/install/slambot_bringup:/home/eldry/devros_ws/src/install/slambot_bringup:/home/eldry/devros_ws/src/install/slambot_description:/opt/ros/jazzy/opt/gz_sim_vendor:/opt/ros/jazzy/opt/gz_sensors_vendor:/opt/ros/jazzy/opt/gz_physics_vendor:/opt/ros/jazzy/opt/sdformat_vendor:/opt/ros/jazzy/opt/gz_gui_vendor:/opt/ros/jazzy/opt/gz_transport_vendor:/opt/ros/jazzy/opt/gz_rendering_vendor:/opt/ros/jazzy/opt/gz_plugin_vendor:/opt/ros/jazzy/opt/gz_fuel_tools_vendor:/opt/ros/jazzy/opt/gz_msgs_vendor:/opt/ros/jazzy/opt/gz_common_vendor:/opt/ros/jazzy/opt/gz_math_vendor:/opt/ros/jazzy/opt/gz_utils_vendor:/opt/ros/jazzy/opt/gz_tools_vendor:/opt/ros/jazzy/opt/gz_ogre_next_vendor:/opt/ros/jazzy/opt/gz_dartsim_vendor:/opt/ros/jazzy/opt/gz_cmake_vendor:/opt/ros/jazzy DEBUGINFOD_URLS=https://debuginfod.ubuntu.com /usr/bin/cmake --build /home/eldry/devros_ws/build/slambot_bringup -- -j4 -l4
[0.560s] DEBUG:colcon.colcon_core.event_handler.log_command:Invoking command in '/home/eldry/devros_ws/build/slambot_bringup': CMAKE_PREFIX_PATH=/home/eldry/devros_ws/install/slambot_description:/home/eldry/devros_ws/install/slambot_interfaces:/home/eldry/devros_ws/install/slambot_bringup:/home/eldry/devros_ws/src/install/slambot_bringup:/home/eldry/devros_ws/src/install/slambot_description:/opt/ros/jazzy/opt/gz_sim_vendor:/opt/ros/jazzy/opt/gz_sensors_vendor:/opt/ros/jazzy/opt/gz_physics_vendor:/opt/ros/jazzy/opt/sdformat_vendor:/opt/ros/jazzy/opt/gz_gui_vendor:/opt/ros/jazzy/opt/gz_transport_vendor:/opt/ros/jazzy/opt/gz_rendering_vendor:/opt/ros/jazzy/opt/gz_plugin_vendor:/opt/ros/jazzy/opt/gz_fuel_tools_vendor:/opt/ros/jazzy/opt/gz_msgs_vendor:/opt/ros/jazzy/opt/gz_common_vendor:/opt/ros/jazzy/opt/gz_math_vendor:/opt/ros/jazzy/opt/gz_utils_vendor:/opt/ros/jazzy/opt/gz_tools_vendor:/opt/ros/jazzy/opt/gz_ogre_next_vendor:/opt/ros/jazzy/opt/gz_dartsim_vendor:/opt/ros/jazzy/opt/gz_cmake_vendor:/opt/ros/jazzy DEBUGINFOD_URLS=https://debuginfod.ubuntu.com /usr/bin/cmake --install /home/eldry/devros_ws/build/slambot_bringup
[0.567s] Level 1:colcon.colcon_core.environment:create_environment_scripts_only(slambot_bringup)
[0.567s] Level 1:colcon.colcon_core.environment:checking '/home/eldry/devros_ws/install/slambot_bringup' for CMake module files
[0.568s] DEBUG:colcon.colcon_core.event_handler.log_command:Invoked command in '/home/eldry/devros_ws/build/slambot_bringup' returned '0': CMAKE_PREFIX_PATH=/home/eldry/devros_ws/install/slambot_description:/home/eldry/devros_ws/install/slambot_interfaces:/home/eldry/devros_ws/install/slambot_bringup:/home/eldry/devros_ws/src/install/slambot_bringup:/home/eldry/devros_ws/src/install/slambot_description:/opt/ros/jazzy/opt/gz_sim_vendor:/opt/ros/jazzy/opt/gz_sensors_vendor:/opt/ros/jazzy/opt/gz_physics_vendor:/opt/ros/jazzy/opt/sdformat_vendor:/opt/ros/jazzy/opt/gz_gui_vendor:/opt/ros/jazzy/opt/gz_transport_vendor:/opt/ros/jazzy/opt/gz_rendering_vendor:/opt/ros/jazzy/opt/gz_plugin_vendor:/opt/ros/jazzy/opt/gz_fuel_tools_vendor:/opt/ros/jazzy/opt/gz_msgs_vendor:/opt/ros/jazzy/opt/gz_common_vendor:/opt/ros/jazzy/opt/gz_math_vendor:/opt/ros/jazzy/opt/gz_utils_vendor:/opt/ros/jazzy/opt/gz_tools_vendor:/opt/ros/jazzy/opt/gz_ogre_next_vendor:/opt/ros/jazzy/opt/gz_dartsim_vendor:/opt/ros/jazzy/opt/gz_cmake_vendor:/opt/ros/jazzy DEBUGINFOD_URLS=https://debuginfod.ubuntu.com /usr/bin/cmake --install /home/eldry/devros_ws/build/slambot_bringup
[0.568s] Level 1:colcon.colcon_core.environment:checking '/home/eldry/devros_ws/install/slambot_bringup' for CMake config files
[0.568s] Level 1:colcon.colcon_core.shell:create_environment_hook('slambot_bringup', 'cmake_prefix_path')
[0.568s] INFO:colcon.colcon_core.shell:Creating environment hook '/home/eldry/devros_ws/install/slambot_bringup/share/slambot_bringup/hook/cmake_prefix_path.ps1'
[0.569s] INFO:colcon.colcon_core.shell:Creating environment descriptor '/home/eldry/devros_ws/install/slambot_bringup/share/slambot_bringup/hook/cmake_prefix_path.dsv'
[0.569s] INFO:colcon.colcon_core.shell:Creating environment hook '/home/eldry/devros_ws/install/slambot_bringup/share/slambot_bringup/hook/cmake_prefix_path.sh'
[0.570s] Level 1:colcon.colcon_core.environment:checking '/home/eldry/devros_ws/install/slambot_bringup/bin'
[0.570s] Level 1:colcon.colcon_core.environment:checking '/home/eldry/devros_ws/install/slambot_bringup/lib/pkgconfig/slambot_bringup.pc'
[0.570s] Level 1:colcon.colcon_core.environment:checking '/home/eldry/devros_ws/install/slambot_bringup/lib/python3.12/site-packages'
[0.570s] Level 1:colcon.colcon_core.environment:checking '/home/eldry/devros_ws/install/slambot_bringup/bin'
[0.571s] INFO:colcon.colcon_core.shell:Creating package script '/home/eldry/devros_ws/install/slambot_bringup/share/slambot_bringup/package.ps1'
[0.571s] INFO:colcon.colcon_core.shell:Creating package descriptor '/home/eldry/devros_ws/install/slambot_bringup/share/slambot_bringup/package.dsv'
[0.572s] INFO:colcon.colcon_core.shell:Creating package script '/home/eldry/devros_ws/install/slambot_bringup/share/slambot_bringup/package.sh'
[0.572s] INFO:colcon.colcon_core.shell:Creating package script '/home/eldry/devros_ws/install/slambot_bringup/share/slambot_bringup/package.bash'
[0.572s] INFO:colcon.colcon_core.shell:Creating package script '/home/eldry/devros_ws/install/slambot_bringup/share/slambot_bringup/package.zsh'
[0.573s] Level 1:colcon.colcon_core.environment:create_file_with_runtime_dependencies(/home/eldry/devros_ws/install/slambot_bringup/share/colcon-core/packages/slambot_bringup)
[0.573s] Level 1:colcon.colcon_core.environment:create_environment_scripts_only(slambot_bringup)
[0.573s] Level 1:colcon.colcon_core.environment:checking '/home/eldry/devros_ws/install/slambot_bringup' for CMake module files
[0.574s] Level 1:colcon.colcon_core.environment:checking '/home/eldry/devros_ws/install/slambot_bringup' for CMake config files
[0.574s] Level 1:colcon.colcon_core.shell:create_environment_hook('slambot_bringup', 'cmake_prefix_path')
[0.574s] INFO:colcon.colcon_core.shell:Creating environment hook '/home/eldry/devros_ws/install/slambot_bringup/share/slambot_bringup/hook/cmake_prefix_path.ps1'
[0.575s] INFO:colcon.colcon_core.shell:Creating environment descriptor '/home/eldry/devros_ws/install/slambot_bringup/share/slambot_bringup/hook/cmake_prefix_path.dsv'
[0.575s] INFO:colcon.colcon_core.shell:Creating environment hook '/home/eldry/devros_ws/install/slambot_bringup/share/slambot_bringup/hook/cmake_prefix_path.sh'
[0.576s] Level 1:colcon.colcon_core.environment:checking '/home/eldry/devros_ws/install/slambot_bringup/bin'
[0.576s] Level 1:colcon.colcon_core.environment:checking '/home/eldry/devros_ws/install/slambot_bringup/lib/pkgconfig/slambot_bringup.pc'
[0.577s] Level 1:colcon.colcon_core.environment:checking '/home/eldry/devros_ws/install/slambot_bringup/lib/python3.12/site-packages'
[0.577s] Level 1:colcon.colcon_core.environment:checking '/home/eldry/devros_ws/install/slambot_bringup/bin'
[0.577s] INFO:colcon.colcon_core.shell:Creating package script '/home/eldry/devros_ws/install/slambot_bringup/share/slambot_bringup/package.ps1'
[0.578s] INFO:colcon.colcon_core.shell:Creating package descriptor '/home/eldry/devros_ws/install/slambot_bringup/share/slambot_bringup/package.dsv'
[0.579s] INFO:colcon.colcon_core.shell:Creating package script '/home/eldry/devros_ws/install/slambot_bringup/share/slambot_bringup/package.sh'
[0.579s] INFO:colcon.colcon_core.shell:Creating package script '/home/eldry/devros_ws/install/slambot_bringup/share/slambot_bringup/package.bash'
[0.580s] INFO:colcon.colcon_core.shell:Creating package script '/home/eldry/devros_ws/install/slambot_bringup/share/slambot_bringup/package.zsh'
[0.580s] Level 1:colcon.colcon_core.environment:create_file_with_runtime_dependencies(/home/eldry/devros_ws/install/slambot_bringup/share/colcon-core/packages/slambot_bringup)
[0.875s] DEBUG:colcon.colcon_core.event_handler.log_command:Invoked command in '/home/eldry/devros_ws/build/slambot_interfaces' returned '0': CMAKE_PREFIX_PATH=${CMAKE_PREFIX_PATH}:/opt/ros/jazzy DEBUGINFOD_URLS=https://debuginfod.ubuntu.com /usr/bin/cmake --build /home/eldry/devros_ws/build/slambot_interfaces -- -j4 -l4
[0.877s] DEBUG:colcon.colcon_core.event_handler.log_command:Invoking command in '/home/eldry/devros_ws/build/slambot_interfaces': CMAKE_PREFIX_PATH=${CMAKE_PREFIX_PATH}:/opt/ros/jazzy DEBUGINFOD_URLS=https://debuginfod.ubuntu.com /usr/bin/cmake --install /home/eldry/devros_ws/build/slambot_interfaces
[0.950s] Level 1:colcon.colcon_core.environment:create_environment_scripts_only(slambot_interfaces)
[0.950s] Level 1:colcon.colcon_core.environment:checking '/home/eldry/devros_ws/install/slambot_interfaces' for CMake module files
[0.953s] Level 1:colcon.colcon_core.environment:checking '/home/eldry/devros_ws/install/slambot_interfaces' for CMake config files
[0.954s] DEBUG:colcon.colcon_core.event_handler.log_command:Invoked command in '/home/eldry/devros_ws/build/slambot_interfaces' returned '0': CMAKE_PREFIX_PATH=${CMAKE_PREFIX_PATH}:/opt/ros/jazzy DEBUGINFOD_URLS=https://debuginfod.ubuntu.com /usr/bin/cmake --install /home/eldry/devros_ws/build/slambot_interfaces
[0.954s] Level 1:colcon.colcon_core.shell:create_environment_hook('slambot_interfaces', 'cmake_prefix_path')
[0.954s] INFO:colcon.colcon_core.shell:Creating environment hook '/home/eldry/devros_ws/install/slambot_interfaces/share/slambot_interfaces/hook/cmake_prefix_path.ps1'
[0.955s] INFO:colcon.colcon_core.shell:Creating environment descriptor '/home/eldry/devros_ws/install/slambot_interfaces/share/slambot_interfaces/hook/cmake_prefix_path.dsv'
[0.955s] INFO:colcon.colcon_core.shell:Creating environment hook '/home/eldry/devros_ws/install/slambot_interfaces/share/slambot_interfaces/hook/cmake_prefix_path.sh'
[0.956s] Level 1:colcon.colcon_core.environment:checking '/home/eldry/devros_ws/install/slambot_interfaces/lib'
[0.956s] Level 1:colcon.colcon_core.shell:create_environment_hook('slambot_interfaces', 'ld_library_path_lib')
[0.956s] INFO:colcon.colcon_core.shell:Creating environment hook '/home/eldry/devros_ws/install/slambot_interfaces/share/slambot_interfaces/hook/ld_library_path_lib.ps1'
[0.956s] INFO:colcon.colcon_core.shell:Creating environment descriptor '/home/eldry/devros_ws/install/slambot_interfaces/share/slambot_interfaces/hook/ld_library_path_lib.dsv'
[0.957s] INFO:colcon.colcon_core.shell:Creating environment hook '/home/eldry/devros_ws/install/slambot_interfaces/share/slambot_interfaces/hook/ld_library_path_lib.sh'
[0.957s] Level 1:colcon.colcon_core.environment:checking '/home/eldry/devros_ws/install/slambot_interfaces/bin'
[0.957s] Level 1:colcon.colcon_core.environment:checking '/home/eldry/devros_ws/install/slambot_interfaces/lib/pkgconfig/slambot_interfaces.pc'
[0.957s] Level 1:colcon.colcon_core.environment:checking '/home/eldry/devros_ws/install/slambot_interfaces/lib/python3.12/site-packages'
[0.957s] Level 1:colcon.colcon_core.shell:create_environment_hook('slambot_interfaces', 'pythonpath')
[0.958s] INFO:colcon.colcon_core.shell:Creating environment hook '/home/eldry/devros_ws/install/slambot_interfaces/share/slambot_interfaces/hook/pythonpath.ps1'
[0.958s] INFO:colcon.colcon_core.shell:Creating environment descriptor '/home/eldry/devros_ws/install/slambot_interfaces/share/slambot_interfaces/hook/pythonpath.dsv'
[0.958s] INFO:colcon.colcon_core.shell:Creating environment hook '/home/eldry/devros_ws/install/slambot_interfaces/share/slambot_interfaces/hook/pythonpath.sh'
[0.959s] Level 1:colcon.colcon_core.environment:checking '/home/eldry/devros_ws/install/slambot_interfaces/bin'
[0.959s] INFO:colcon.colcon_core.shell:Creating package script '/home/eldry/devros_ws/install/slambot_interfaces/share/slambot_interfaces/package.ps1'
[0.960s] INFO:colcon.colcon_core.shell:Creating package descriptor '/home/eldry/devros_ws/install/slambot_interfaces/share/slambot_interfaces/package.dsv'
[0.960s] INFO:colcon.colcon_core.shell:Creating package script '/home/eldry/devros_ws/install/slambot_interfaces/share/slambot_interfaces/package.sh'
[0.960s] INFO:colcon.colcon_core.shell:Creating package script '/home/eldry/devros_ws/install/slambot_interfaces/share/slambot_interfaces/package.bash'
[0.961s] INFO:colcon.colcon_core.shell:Creating package script '/home/eldry/devros_ws/install/slambot_interfaces/share/slambot_interfaces/package.zsh'
[0.961s] Level 1:colcon.colcon_core.environment:create_file_with_runtime_dependencies(/home/eldry/devros_ws/install/slambot_interfaces/share/colcon-core/packages/slambot_interfaces)
[0.961s] Level 1:colcon.colcon_core.environment:create_environment_scripts_only(slambot_interfaces)
[0.962s] Level 1:colcon.colcon_core.environment:checking '/home/eldry/devros_ws/install/slambot_interfaces' for CMake module files
[0.962s] Level 1:colcon.colcon_core.environment:checking '/home/eldry/devros_ws/install/slambot_interfaces' for CMake config files
[0.963s] Level 1:colcon.colcon_core.shell:create_environment_hook('slambot_interfaces', 'cmake_prefix_path')
[0.963s] INFO:colcon.colcon_core.shell:Creating environment hook '/home/eldry/devros_ws/install/slambot_interfaces/share/slambot_interfaces/hook/cmake_prefix_path.ps1'
[0.963s] INFO:colcon.colcon_core.shell:Creating environment descriptor '/home/eldry/devros_ws/install/slambot_interfaces/share/slambot_interfaces/hook/cmake_prefix_path.dsv'
[0.963s] INFO:colcon.colcon_core.shell:Creating environment hook '/home/eldry/devros_ws/install/slambot_interfaces/share/slambot_interfaces/hook/cmake_prefix_path.sh'
[0.964s] Level 1:colcon.colcon_core.environment:checking '/home/eldry/devros_ws/install/slambot_interfaces/lib'
[0.964s] Level 1:colcon.colcon_core.shell:create_environment_hook('slambot_interfaces', 'ld_library_path_lib')
[0.964s] INFO:colcon.colcon_core.shell:Creating environment hook '/home/eldry/devros_ws/install/slambot_interfaces/share/slambot_interfaces/hook/ld_library_path_lib.ps1'
[0.964s] INFO:colcon.colcon_core.shell:Creating environment descriptor '/home/eldry/devros_ws/install/slambot_interfaces/share/slambot_interfaces/hook/ld_library_path_lib.dsv'
[0.965s] INFO:colcon.colcon_core.shell:Creating environment hook '/home/eldry/devros_ws/install/slambot_interfaces/share/slambot_interfaces/hook/ld_library_path_lib.sh'
[0.965s] Level 1:colcon.colcon_core.environment:checking '/home/eldry/devros_ws/install/slambot_interfaces/bin'
[0.965s] Level 1:colcon.colcon_core.environment:checking '/home/eldry/devros_ws/install/slambot_interfaces/lib/pkgconfig/slambot_interfaces.pc'
[0.965s] Level 1:colcon.colcon_core.environment:checking '/home/eldry/devros_ws/install/slambot_interfaces/lib/python3.12/site-packages'
[0.965s] Level 1:colcon.colcon_core.shell:create_environment_hook('slambot_interfaces', 'pythonpath')
[0.966s] INFO:colcon.colcon_core.shell:Creating environment hook '/home/eldry/devros_ws/install/slambot_interfaces/share/slambot_interfaces/hook/pythonpath.ps1'
[0.966s] INFO:colcon.colcon_core.shell:Creating environment descriptor '/home/eldry/devros_ws/install/slambot_interfaces/share/slambot_interfaces/hook/pythonpath.dsv'
[0.966s] INFO:colcon.colcon_core.shell:Creating environment hook '/home/eldry/devros_ws/install/slambot_interfaces/share/slambot_interfaces/hook/pythonpath.sh'
[0.967s] Level 1:colcon.colcon_core.environment:checking '/home/eldry/devros_ws/install/slambot_interfaces/bin'
[0.967s] INFO:colcon.colcon_core.shell:Creating package script '/home/eldry/devros_ws/install/slambot_interfaces/share/slambot_interfaces/package.ps1'
[0.968s] INFO:colcon.colcon_core.shell:Creating package descriptor '/home/eldry/devros_ws/install/slambot_interfaces/share/slambot_interfaces/package.dsv'
[0.968s] INFO:colcon.colcon_core.shell:Creating package script '/home/eldry/devros_ws/install/slambot_interfaces/share/slambot_interfaces/package.sh'
[0.969s] INFO:colcon.colcon_core.shell:Creating package script '/home/eldry/devros_ws/install/slambot_interfaces/share/slambot_interfaces/package.bash'
[0.969s] INFO:colcon.colcon_core.shell:Creating package script '/home/eldry/devros_ws/install/slambot_interfaces/share/slambot_interfaces/package.zsh'
[0.969s] Level 1:colcon.colcon_core.environment:create_file_with_runtime_dependencies(/home/eldry/devros_ws/install/slambot_interfaces/share/colcon-core/packages/slambot_interfaces)
[0.970s] DEBUG:colcon.colcon_parallel_executor.executor.parallel:closing loop
[0.970s] DEBUG:colcon.colcon_parallel_executor.executor.parallel:loop closed
[0.970s] DEBUG:colcon.colcon_parallel_executor.executor.parallel:run_until_complete finished with '0'
[0.970s] DEBUG:colcon.colcon_core.event_reactor:joining thread
[0.987s] INFO:colcon.colcon_core.plugin_system:Skipping extension 'colcon_notification.desktop_notification.terminal_notifier': Not used on non-Darwin systems
[0.987s] INFO:colcon.colcon_core.plugin_system:Skipping extension 'colcon_notification.desktop_notification.win32': Not used on non-Windows systems
[0.987s] INFO:colcon.colcon_notification.desktop_notification:Sending desktop notification using 'notify2'
[1.004s] DEBUG:colcon.colcon_core.event_reactor:joined thread
[1.005s] INFO:colcon.colcon_core.shell:Creating prefix script '/home/eldry/devros_ws/install/local_setup.ps1'
[1.006s] INFO:colcon.colcon_core.shell:Creating prefix util module '/home/eldry/devros_ws/install/_local_setup_util_ps1.py'
[1.007s] INFO:colcon.colcon_core.shell:Creating prefix chain script '/home/eldry/devros_ws/install/setup.ps1'
[1.009s] INFO:colcon.colcon_core.shell:Creating prefix script '/home/eldry/devros_ws/install/local_setup.sh'
[1.009s] INFO:colcon.colcon_core.shell:Creating prefix util module '/home/eldry/devros_ws/install/_local_setup_util_sh.py'
[1.010s] INFO:colcon.colcon_core.shell:Creating prefix chain script '/home/eldry/devros_ws/install/setup.sh'
[1.011s] INFO:colcon.colcon_core.shell:Creating prefix script '/home/eldry/devros_ws/install/local_setup.bash'
[1.011s] INFO:colcon.colcon_core.shell:Creating prefix chain script '/home/eldry/devros_ws/install/setup.bash'
[1.012s] INFO:colcon.colcon_core.shell:Creating prefix script '/home/eldry/devros_ws/install/local_setup.zsh'
[1.012s] INFO:colcon.colcon_core.shell:Creating prefix chain script '/home/eldry/devros_ws/install/setup.zsh'
