[ 50%] [32mBuilding CXX object CMakeFiles/slambot_hardware.dir/src/slambot_hardware_interface.cpp.o[0m
[01m[K/home/eldry/devros_ws/src/slambot_hardware/src/slambot_hardware_interface.cpp:[m[K In function ‘[01m[Khardware_interface::CallbackReturn slambot_hardware::[01;32m[Kon_init[m[K(const hardware_interface::HardwareComponentInterfaceParams&)[m[K’:
[01m[K/home/eldry/devros_ws/src/slambot_hardware/src/slambot_hardware_interface.cpp:16:53:[m[K [01;31m[Kerror: [m[Kcannot call member function ‘[01m[Kvirtual rclcpp_lifecycle::node_interfaces::LifecycleNodeInterface::CallbackReturn hardware_interface::HardwareComponentInterface::[01;32m[Kon_init[m[K(const hardware_interface::HardwareComponentInterfaceParams&)[m[K’ without object
   16 |     if ([01;31m[Khardware_interface::SystemInterface::on_init(params)[m[K !=
      |         [01;31m[K~~~~~~~~~~~~~~~~~~~~~~~~~~~~~~~~~~~~~~~~~~~~^~~~~~~~[m[K
[01m[K/home/eldry/devros_ws/src/slambot_hardware/src/slambot_hardware_interface.cpp:23:3:[m[K [01;31m[Kerror: [m[K‘[01m[Kinfo_[m[K’ was not declared in this scope
   23 |   [01;31m[Kinfo_[m[K = params.hardware_info;
      |   [01;31m[K^~~~~[m[K
[01m[K/home/eldry/devros_ws/src/slambot_hardware/src/slambot_hardware_interface.cpp:26:3:[m[K [01;31m[Kerror: [m[K‘[01m[Kcfg_[m[K’ was not declared in this scope
   26 |   [01;31m[Kcfg_[m[K.left_wheel_name = info_.hardware_parameters["left_wheel_name"];
      |   [01;31m[K^~~~[m[K
[01m[K/home/eldry/devros_ws/src/slambot_hardware/src/slambot_hardware_interface.cpp:35:3:[m[K [01;31m[Kerror: [m[K‘[01m[Kwheel_l_[m[K’ was not declared in this scope
   35 |   [01;31m[Kwheel_l_[m[K.setup(cfg_.left_wheel_name, cfg_.enc_counts_per_rev);
      |   [01;31m[K^~~~~~~~[m[K
[01m[K/home/eldry/devros_ws/src/slambot_hardware/src/slambot_hardware_interface.cpp:36:3:[m[K [01;31m[Kerror: [m[K‘[01m[Kwheel_r_[m[K’ was not declared in this scope
   36 |   [01;31m[Kwheel_r_[m[K.setup(cfg_.right_wheel_name, cfg_.enc_counts_per_rev);
      |   [01;31m[K^~~~~~~~[m[K
gmake[2]: *** [CMakeFiles/slambot_hardware.dir/build.make:76: CMakeFiles/slambot_hardware.dir/src/slambot_hardware_interface.cpp.o] Error 1
gmake[1]: *** [CMakeFiles/Makefile2:137: CMakeFiles/slambot_hardware.dir/all] Error 2
gmake: *** [Makefile:146: all] Error 2
