[0.023s] Invoking command in '/home/eldry/devros_ws/build/slambot_hardware': CMAKE_PREFIX_PATH=${CMAKE_PREFIX_PATH}:/opt/ros/jazzy DEBUGINFOD_URLS=https://debuginfod.ubuntu.com /usr/bin/cmake --build /home/eldry/devros_ws/build/slambot_hardware -- -j4 -l4
[0.046s] -- Found ament_cmake: 2.5.4 (/opt/ros/jazzy/share/ament_cmake/cmake)
[0.328s] -- Found rclcpp: 28.1.13 (/opt/ros/jazzy/share/rclcpp/cmake)
[0.357s] -- Found rosidl_generator_c: 4.6.6 (/opt/ros/jazzy/share/rosidl_generator_c/cmake)
[0.368s] -- Found rosidl_generator_cpp: 4.6.6 (/opt/ros/jazzy/share/rosidl_generator_cpp/cmake)
[0.381s] -- Using all available rosidl_typesupport_c: rosidl_typesupport_fastrtps_c;rosidl_typesupport_introspection_c
[0.397s] -- Using all available rosidl_typesupport_cpp: rosidl_typesupport_fastrtps_cpp;rosidl_typesupport_introspection_cpp
[0.467s] -- Found rmw_implementation_cmake: 7.3.2 (/opt/ros/jazzy/share/rmw_implementation_cmake/cmake)
[0.468s] -- Found rmw_fastrtps_cpp: 8.4.3 (/opt/ros/jazzy/share/rmw_fastrtps_cpp/cmake)
[0.545s] -- Using RMW implementation 'rmw_fastrtps_cpp' as default
[0.618s] -- Found rclcpp_lifecycle: 28.1.13 (/opt/ros/jazzy/share/rclcpp_lifecycle/cmake)
[0.650s] -- Found hardware_interface: 4.39.2 (/opt/ros/jazzy/share/hardware_interface/cmake)
[0.883s] -- Found PkgConfig: /usr/bin/pkg-config (found version "1.8.1") 
[0.884s] -- Checking for module 'libserial'
[0.905s] --   Found libserial, version 1.0.0
[1.069s] -- Configuring done (1.0s)
[1.112s] -- Generating done (0.0s)
[1.117s] -- Build files have been written to: /home/eldry/devros_ws/build/slambot_hardware
[1.170s] [ 50%] [32mBuilding CXX object CMakeFiles/slambot_hardware.dir/src/slambot_hardware_interface.cpp.o[0m
[3.836s] [01m[K/home/eldry/devros_ws/src/slambot_hardware/src/slambot_hardware_interface.cpp:[m[K In member function ‘[01m[Kvirtual hardware_interface::CallbackReturn slambot_hardware::SlambotHardwareInterface::[01;32m[Kon_init[m[K(const hardware_interface::HardwareInfo&)[m[K’:
[3.836s] [01m[K/home/eldry/devros_ws/src/slambot_hardware/src/slambot_hardware_interface.cpp:16:53:[m[K [01;35m[Kwarning: [m[K‘[01m[Kvirtual rclcpp_lifecycle::node_interfaces::LifecycleNodeInterface::CallbackReturn hardware_interface::HardwareComponentInterface::[01;32m[Kon_init[m[K(const hardware_interface::HardwareInfo&)[m[K’ is deprecated: Use on_init(const HardwareComponentInterfaceParams & params) instead. [[01;35m[K]8;;https://gcc.gnu.org/onlinedocs/gcc/Warning-Options.html#index-Wdeprecated-declarations-Wdeprecated-declarations]8;;[m[K]
[3.836s]    16 |     if ([01;35m[Khardware_interface::SystemInterface::on_init(info)[m[K !=
[3.836s]       |         [01;35m[K~~~~~~~~~~~~~~~~~~~~~~~~~~~~~~~~~~~~~~~~~~~~^~~~~~[m[K
[3.836s] In file included from [01m[K/opt/ros/jazzy/include/hardware_interface/hardware_interface/system_interface.hpp:18[m[K,
[3.836s]                  from [01m[K/home/eldry/devros_ws/src/slambot_hardware/include/slambot_hardware/slambot_hardware_interface.hpp:4[m[K,
[3.836s]                  from [01m[K/home/eldry/devros_ws/src/slambot_hardware/src/slambot_hardware_interface.cpp:1[m[K:
[3.837s] [01m[K/opt/ros/jazzy/include/hardware_interface/hardware_interface/hardware_component_interface.hpp:235:26:[m[K [01;36m[Knote: [m[Kdeclared here
[3.837s]   235 |   virtual CallbackReturn [01;36m[Kon_init[m[K(const HardwareInfo & hardware_info)
[3.837s]       |                          [01;36m[K^~~~~~~[m[K
[3.851s] [01m[K/home/eldry/devros_ws/src/slambot_hardware/src/slambot_hardware_interface.cpp:[m[K In member function ‘[01m[Kvirtual hardware_interface::return_type slambot_hardware::SlambotHardwareInterface::[01;32m[Kwrite[m[K(const rclcpp::Time&, const rclcpp::Duration&)[m[K’:
[3.851s] [01m[K/home/eldry/devros_ws/src/slambot_hardware/src/slambot_hardware_interface.cpp:215:11:[m[K [01;31m[Kerror: [m[K‘[01m[Kperiod[m[K’ was not declared in this scope; did you mean ‘[01m[Kperror[m[K’?
[3.852s]   215 |     (void)[01;31m[Kperiod[m[K;
[3.852s]       |           [01;31m[K^~~~~~[m[K
[3.852s]       |           [32m[Kperror[m[K
[5.356s] gmake[2]: *** [CMakeFiles/slambot_hardware.dir/build.make:76: CMakeFiles/slambot_hardware.dir/src/slambot_hardware_interface.cpp.o] Error 1
[5.356s] gmake[1]: *** [CMakeFiles/Makefile2:137: CMakeFiles/slambot_hardware.dir/all] Error 2
[5.356s] gmake: *** [Makefile:146: all] Error 2
[5.359s] Invoked command in '/home/eldry/devros_ws/build/slambot_hardware' returned '2': CMAKE_PREFIX_PATH=${CMAKE_PREFIX_PATH}:/opt/ros/jazzy DEBUGINFOD_URLS=https://debuginfod.ubuntu.com /usr/bin/cmake --build /home/eldry/devros_ws/build/slambot_hardware -- -j4 -l4
