[0.016s] Invoking command in '/home/eldry/devros_ws/build/slambot_hardware': CMAKE_PREFIX_PATH=${CMAKE_PREFIX_PATH}:/opt/ros/jazzy DEBUGINFOD_URLS=https://debuginfod.ubuntu.com /usr/bin/cmake --build /home/eldry/devros_ws/build/slambot_hardware -- -j4 -l4
[0.083s] [ 50%] [32mBuilding CXX object CMakeFiles/slambot_hardware.dir/src/slambot_hardware_interface.cpp.o[0m
[5.396s] [100%] [32m[1mLinking CXX shared library libslambot_hardware.so[0m
[5.641s] [100%] Built target slambot_hardware
[5.652s] Invoked command in '/home/eldry/devros_ws/build/slambot_hardware' returned '0': CMAKE_PREFIX_PATH=${CMAKE_PREFIX_PATH}:/opt/ros/jazzy DEBUGINFOD_URLS=https://debuginfod.ubuntu.com /usr/bin/cmake --build /home/eldry/devros_ws/build/slambot_hardware -- -j4 -l4
[5.654s] Invoking command in '/home/eldry/devros_ws/build/slambot_hardware': CMAKE_PREFIX_PATH=${CMAKE_PREFIX_PATH}:/opt/ros/jazzy DEBUGINFOD_URLS=https://debuginfod.ubuntu.com /usr/bin/cmake --install /home/eldry/devros_ws/build/slambot_hardware
[5.661s] -- Install configuration: ""
[5.661s] -- Up-to-date: /home/eldry/devros_ws/install/slambot_hardware/share/slambot_hardware/slambot_hardware_interface.xml
[5.661s] -- Installing: /home/eldry/devros_ws/install/slambot_hardware/lib/libslambot_hardware.so
[5.663s] -- Set non-toolchain portion of runtime path of "/home/eldry/devros_ws/install/slambot_hardware/lib/libslambot_hardware.so" to ""
[5.663s] -- Up-to-date: /home/eldry/devros_ws/install/slambot_hardware/include/include
[5.663s] -- Up-to-date: /home/eldry/devros_ws/install/slambot_hardware/include/include/slambot_hardware
[5.663s] -- Up-to-date: /home/eldry/devros_ws/install/slambot_hardware/include/include/slambot_hardware/esp32_driver.hpp
[5.663s] -- Installing: /home/eldry/devros_ws/install/slambot_hardware/include/include/slambot_hardware/slambot_hardware_interface.hpp
[5.663s] -- Up-to-date: /home/eldry/devros_ws/install/slambot_hardware/include/include/slambot_hardware/wheel.hpp
[5.663s] -- Up-to-date: /home/eldry/devros_ws/install/slambot_hardware/share/slambot_hardware/environment/library_path.sh
[5.664s] -- Up-to-date: /home/eldry/devros_ws/install/slambot_hardware/share/slambot_hardware/environment/library_path.dsv
[5.664s] -- Up-to-date: /home/eldry/devros_ws/install/slambot_hardware/share/ament_index/resource_index/package_run_dependencies/slambot_hardware
[5.664s] -- Up-to-date: /home/eldry/devros_ws/install/slambot_hardware/share/ament_index/resource_index/parent_prefix_path/slambot_hardware
[5.664s] -- Up-to-date: /home/eldry/devros_ws/install/slambot_hardware/share/slambot_hardware/environment/ament_prefix_path.sh
[5.664s] -- Up-to-date: /home/eldry/devros_ws/install/slambot_hardware/share/slambot_hardware/environment/ament_prefix_path.dsv
[5.664s] -- Up-to-date: /home/eldry/devros_ws/install/slambot_hardware/share/slambot_hardware/environment/path.sh
[5.664s] -- Up-to-date: /home/eldry/devros_ws/install/slambot_hardware/share/slambot_hardware/environment/path.dsv
[5.664s] -- Up-to-date: /home/eldry/devros_ws/install/slambot_hardware/share/slambot_hardware/local_setup.bash
[5.664s] -- Up-to-date: /home/eldry/devros_ws/install/slambot_hardware/share/slambot_hardware/local_setup.sh
[5.665s] -- Up-to-date: /home/eldry/devros_ws/install/slambot_hardware/share/slambot_hardware/local_setup.zsh
[5.665s] -- Up-to-date: /home/eldry/devros_ws/install/slambot_hardware/share/slambot_hardware/local_setup.dsv
[5.665s] -- Installing: /home/eldry/devros_ws/install/slambot_hardware/share/slambot_hardware/package.dsv
[5.665s] -- Up-to-date: /home/eldry/devros_ws/install/slambot_hardware/share/ament_index/resource_index/packages/slambot_hardware
[5.665s] -- Up-to-date: /home/eldry/devros_ws/install/slambot_hardware/share/ament_index/resource_index/hardware_interface__pluginlib__plugin/slambot_hardware
[5.665s] -- Up-to-date: /home/eldry/devros_ws/install/slambot_hardware/share/slambot_hardware/cmake/ament_cmake_export_libraries-extras.cmake
[5.665s] -- Up-to-date: /home/eldry/devros_ws/install/slambot_hardware/share/slambot_hardware/cmake/ament_cmake_export_dependencies-extras.cmake
[5.666s] -- Up-to-date: /home/eldry/devros_ws/install/slambot_hardware/share/slambot_hardware/cmake/slambot_hardwareConfig.cmake
[5.666s] -- Up-to-date: /home/eldry/devros_ws/install/slambot_hardware/share/slambot_hardware/cmake/slambot_hardwareConfig-version.cmake
[5.666s] -- Up-to-date: /home/eldry/devros_ws/install/slambot_hardware/share/slambot_hardware/package.xml
[5.667s] Invoked command in '/home/eldry/devros_ws/build/slambot_hardware' returned '0': CMAKE_PREFIX_PATH=${CMAKE_PREFIX_PATH}:/opt/ros/jazzy DEBUGINFOD_URLS=https://debuginfod.ubuntu.com /usr/bin/cmake --install /home/eldry/devros_ws/build/slambot_hardware
