[0.014s] Invoking command in '/home/eldry/devros_ws/build/slambot_interfaces': CMAKE_PREFIX_PATH=${CMAKE_PREFIX_PATH}:/opt/ros/jazzy DEBUGINFOD_URLS=https://debuginfod.ubuntu.com /usr/bin/cmake --build /home/eldry/devros_ws/build/slambot_interfaces -- -j4 -l4
[0.068s] [  2%] Built target slambot_interfaces__rosidl_generator_type_description
[0.079s] [  2%] Built target ament_cmake_python_copy_slambot_interfaces
[0.099s] [  5%] Built target slambot_interfaces__cpp
[0.104s] [ 20%] Built target slambot_interfaces__rosidl_generator_c
[0.142s] [ 29%] Built target slambot_interfaces__rosidl_typesupport_introspection_cpp
[0.150s] [ 38%] Built target slambot_interfaces__rosidl_typesupport_cpp
[0.152s] [ 47%] Built target slambot_interfaces__rosidl_typesupport_c
[0.176s] [ 55%] Built target slambot_interfaces__rosidl_typesupport_fastrtps_c
[0.192s] [ 64%] Built target slambot_interfaces__rosidl_typesupport_introspection_c
[0.199s] [ 73%] Built target slambot_interfaces__rosidl_typesupport_fastrtps_cpp
[0.218s] [ 73%] Built target slambot_interfaces
[0.241s] [ 76%] Built target slambot_interfaces__py
[0.263s] [ 82%] Built target slambot_interfaces__rosidl_generator_py
[0.290s] [ 88%] Built target slambot_interfaces_s__rosidl_typesupport_introspection_c
[0.295s] [ 94%] Built target slambot_interfaces_s__rosidl_typesupport_fastrtps_c
[0.297s] [100%] Built target slambot_interfaces_s__rosidl_typesupport_c
[0.387s] running egg_info
[0.412s] writing slambot_interfaces.egg-info/PKG-INFO
[0.412s] writing dependency_links to slambot_interfaces.egg-info/dependency_links.txt
[0.412s] writing top-level names to slambot_interfaces.egg-info/top_level.txt
[0.488s] reading manifest file 'slambot_interfaces.egg-info/SOURCES.txt'
[0.489s] writing manifest file 'slambot_interfaces.egg-info/SOURCES.txt'
[0.527s] [100%] Built target ament_cmake_python_build_slambot_interfaces_egg
[0.538s] Invoked command in '/home/eldry/devros_ws/build/slambot_interfaces' returned '0': CMAKE_PREFIX_PATH=${CMAKE_PREFIX_PATH}:/opt/ros/jazzy DEBUGINFOD_URLS=https://debuginfod.ubuntu.com /usr/bin/cmake --build /home/eldry/devros_ws/build/slambot_interfaces -- -j4 -l4
[0.540s] Invoking command in '/home/eldry/devros_ws/build/slambot_interfaces': CMAKE_PREFIX_PATH=${CMAKE_PREFIX_PATH}:/opt/ros/jazzy DEBUGINFOD_URLS=https://debuginfod.ubuntu.com /usr/bin/cmake --install /home/eldry/devros_ws/build/slambot_interfaces
[0.552s] -- Install configuration: ""
[0.553s] -- Up-to-date: /home/eldry/devros_ws/install/slambot_interfaces/share/ament_index/resource_index/rosidl_interfaces/slambot_interfaces
[0.553s] -- Up-to-date: /home/eldry/devros_ws/install/slambot_interfaces/share/slambot_interfaces/srv/Interface.json
[0.553s] -- Up-to-date: /home/eldry/devros_ws/install/slambot_interfaces/include/slambot_interfaces/slambot_interfaces
[0.553s] -- Up-to-date: /home/eldry/devros_ws/install/slambot_interfaces/include/slambot_interfaces/slambot_interfaces/srv
[0.553s] -- Up-to-date: /home/eldry/devros_ws/install/slambot_interfaces/include/slambot_interfaces/slambot_interfaces/srv/detail
[0.553s] -- Up-to-date: /home/eldry/devros_ws/install/slambot_interfaces/include/slambot_interfaces/slambot_interfaces/srv/detail/interface__description.c
[0.553s] -- Up-to-date: /home/eldry/devros_ws/install/slambot_interfaces/include/slambot_interfaces/slambot_interfaces/srv/detail/interface__type_support.c
[0.554s] -- Up-to-date: /home/eldry/devros_ws/install/slambot_interfaces/include/slambot_interfaces/slambot_interfaces/srv/detail/interface__functions.c
[0.554s] -- Up-to-date: /home/eldry/devros_ws/install/slambot_interfaces/include/slambot_interfaces/slambot_interfaces/srv/detail/interface__functions.h
[0.554s] -- Up-to-date: /home/eldry/devros_ws/install/slambot_interfaces/include/slambot_interfaces/slambot_interfaces/srv/detail/interface__type_support.h
[0.554s] -- Up-to-date: /home/eldry/devros_ws/install/slambot_interfaces/include/slambot_interfaces/slambot_interfaces/srv/detail/interface__struct.h
[0.554s] -- Up-to-date: /home/eldry/devros_ws/install/slambot_interfaces/include/slambot_interfaces/slambot_interfaces/srv/interface.h
[0.554s] -- Up-to-date: /home/eldry/devros_ws/install/slambot_interfaces/include/slambot_interfaces/slambot_interfaces/msg
[0.554s] -- Up-to-date: /home/eldry/devros_ws/install/slambot_interfaces/include/slambot_interfaces/slambot_interfaces/msg/rosidl_generator_c__visibility_control.h
[0.555s] -- Up-to-date: /home/eldry/devros_ws/install/slambot_interfaces/share/slambot_interfaces/environment/library_path.sh
[0.555s] -- Up-to-date: /home/eldry/devros_ws/install/slambot_interfaces/share/slambot_interfaces/environment/library_path.dsv
[0.555s] -- Up-to-date: /home/eldry/devros_ws/install/slambot_interfaces/lib/libslambot_interfaces__rosidl_generator_c.so
[0.555s] -- Up-to-date: /home/eldry/devros_ws/install/slambot_interfaces/include/slambot_interfaces/slambot_interfaces
[0.555s] -- Up-to-date: /home/eldry/devros_ws/install/slambot_interfaces/include/slambot_interfaces/slambot_interfaces/srv
[0.555s] -- Up-to-date: /home/eldry/devros_ws/install/slambot_interfaces/include/slambot_interfaces/slambot_interfaces/srv/detail
[0.555s] -- Up-to-date: /home/eldry/devros_ws/install/slambot_interfaces/include/slambot_interfaces/slambot_interfaces/srv/detail/interface__rosidl_typesupport_fastrtps_c.h
[0.555s] -- Up-to-date: /home/eldry/devros_ws/install/slambot_interfaces/include/slambot_interfaces/slambot_interfaces/msg
[0.555s] -- Up-to-date: /home/eldry/devros_ws/install/slambot_interfaces/include/slambot_interfaces/slambot_interfaces/msg/rosidl_typesupport_fastrtps_c__visibility_control.h
[0.556s] -- Up-to-date: /home/eldry/devros_ws/install/slambot_interfaces/lib/libslambot_interfaces__rosidl_typesupport_fastrtps_c.so
[0.556s] -- Up-to-date: /home/eldry/devros_ws/install/slambot_interfaces/include/slambot_interfaces/slambot_interfaces
[0.556s] -- Up-to-date: /home/eldry/devros_ws/install/slambot_interfaces/include/slambot_interfaces/slambot_interfaces/srv
[0.556s] -- Up-to-date: /home/eldry/devros_ws/install/slambot_interfaces/include/slambot_interfaces/slambot_interfaces/srv/detail
[0.556s] -- Up-to-date: /home/eldry/devros_ws/install/slambot_interfaces/include/slambot_interfaces/slambot_interfaces/srv/detail/interface__type_support.hpp
[0.556s] -- Up-to-date: /home/eldry/devros_ws/install/slambot_interfaces/include/slambot_interfaces/slambot_interfaces/srv/detail/interface__builder.hpp
[0.556s] -- Up-to-date: /home/eldry/devros_ws/install/slambot_interfaces/include/slambot_interfaces/slambot_interfaces/srv/detail/interface__traits.hpp
[0.556s] -- Up-to-date: /home/eldry/devros_ws/install/slambot_interfaces/include/slambot_interfaces/slambot_interfaces/srv/detail/interface__struct.hpp
[0.556s] -- Up-to-date: /home/eldry/devros_ws/install/slambot_interfaces/include/slambot_interfaces/slambot_interfaces/srv/interface.hpp
[0.557s] -- Up-to-date: /home/eldry/devros_ws/install/slambot_interfaces/include/slambot_interfaces/slambot_interfaces/msg
[0.557s] -- Up-to-date: /home/eldry/devros_ws/install/slambot_interfaces/include/slambot_interfaces/slambot_interfaces/msg/rosidl_generator_cpp__visibility_control.hpp
[0.557s] -- Up-to-date: /home/eldry/devros_ws/install/slambot_interfaces/include/slambot_interfaces/slambot_interfaces
[0.557s] -- Up-to-date: /home/eldry/devros_ws/install/slambot_interfaces/include/slambot_interfaces/slambot_interfaces/srv
[0.557s] -- Up-to-date: /home/eldry/devros_ws/install/slambot_interfaces/include/slambot_interfaces/slambot_interfaces/srv/detail
[0.557s] -- Up-to-date: /home/eldry/devros_ws/install/slambot_interfaces/include/slambot_interfaces/slambot_interfaces/srv/detail/interface__rosidl_typesupport_fastrtps_cpp.hpp
[0.557s] -- Up-to-date: /home/eldry/devros_ws/install/slambot_interfaces/include/slambot_interfaces/slambot_interfaces/srv/detail/dds_fastrtps
[0.557s] -- Up-to-date: /home/eldry/devros_ws/install/slambot_interfaces/include/slambot_interfaces/slambot_interfaces/msg
[0.557s] -- Up-to-date: /home/eldry/devros_ws/install/slambot_interfaces/include/slambot_interfaces/slambot_interfaces/msg/rosidl_typesupport_fastrtps_cpp__visibility_control.h
[0.557s] -- Up-to-date: /home/eldry/devros_ws/install/slambot_interfaces/lib/libslambot_interfaces__rosidl_typesupport_fastrtps_cpp.so
[0.558s] -- Up-to-date: /home/eldry/devros_ws/install/slambot_interfaces/include/slambot_interfaces/slambot_interfaces
[0.558s] -- Up-to-date: /home/eldry/devros_ws/install/slambot_interfaces/include/slambot_interfaces/slambot_interfaces/srv
[0.558s] -- Up-to-date: /home/eldry/devros_ws/install/slambot_interfaces/include/slambot_interfaces/slambot_interfaces/srv/detail
[0.558s] -- Up-to-date: /home/eldry/devros_ws/install/slambot_interfaces/include/slambot_interfaces/slambot_interfaces/srv/detail/interface__type_support.c
[0.558s] -- Up-to-date: /home/eldry/devros_ws/install/slambot_interfaces/include/slambot_interfaces/slambot_interfaces/srv/detail/interface__rosidl_typesupport_introspection_c.h
[0.558s] -- Up-to-date: /home/eldry/devros_ws/install/slambot_interfaces/include/slambot_interfaces/slambot_interfaces/msg
[0.558s] -- Up-to-date: /home/eldry/devros_ws/install/slambot_interfaces/include/slambot_interfaces/slambot_interfaces/msg/rosidl_typesupport_introspection_c__visibility_control.h
[0.558s] -- Up-to-date: /home/eldry/devros_ws/install/slambot_interfaces/lib/libslambot_interfaces__rosidl_typesupport_introspection_c.so
[0.558s] -- Up-to-date: /home/eldry/devros_ws/install/slambot_interfaces/lib/libslambot_interfaces__rosidl_typesupport_c.so
[0.558s] -- Up-to-date: /home/eldry/devros_ws/install/slambot_interfaces/include/slambot_interfaces/slambot_interfaces
[0.558s] -- Up-to-date: /home/eldry/devros_ws/install/slambot_interfaces/include/slambot_interfaces/slambot_interfaces/srv
[0.559s] -- Up-to-date: /home/eldry/devros_ws/install/slambot_interfaces/include/slambot_interfaces/slambot_interfaces/srv/detail
[0.559s] -- Up-to-date: /home/eldry/devros_ws/install/slambot_interfaces/include/slambot_interfaces/slambot_interfaces/srv/detail/interface__rosidl_typesupport_introspection_cpp.hpp
[0.559s] -- Up-to-date: /home/eldry/devros_ws/install/slambot_interfaces/include/slambot_interfaces/slambot_interfaces/srv/detail/interface__type_support.cpp
[0.559s] -- Up-to-date: /home/eldry/devros_ws/install/slambot_interfaces/lib/libslambot_interfaces__rosidl_typesupport_introspection_cpp.so
[0.559s] -- Up-to-date: /home/eldry/devros_ws/install/slambot_interfaces/lib/libslambot_interfaces__rosidl_typesupport_cpp.so
[0.559s] -- Up-to-date: /home/eldry/devros_ws/install/slambot_interfaces/share/slambot_interfaces/environment/pythonpath.sh
[0.559s] -- Up-to-date: /home/eldry/devros_ws/install/slambot_interfaces/share/slambot_interfaces/environment/pythonpath.dsv
[0.559s] -- Up-to-date: /home/eldry/devros_ws/install/slambot_interfaces/lib/python3.12/site-packages/slambot_interfaces-0.0.0-py3.12.egg-info
[0.559s] -- Installing: /home/eldry/devros_ws/install/slambot_interfaces/lib/python3.12/site-packages/slambot_interfaces-0.0.0-py3.12.egg-info/SOURCES.txt
[0.559s] -- Installing: /home/eldry/devros_ws/install/slambot_interfaces/lib/python3.12/site-packages/slambot_interfaces-0.0.0-py3.12.egg-info/PKG-INFO
[0.559s] -- Installing: /home/eldry/devros_ws/install/slambot_interfaces/lib/python3.12/site-packages/slambot_interfaces-0.0.0-py3.12.egg-info/top_level.txt
[0.560s] -- Installing: /home/eldry/devros_ws/install/slambot_interfaces/lib/python3.12/site-packages/slambot_interfaces-0.0.0-py3.12.egg-info/dependency_links.txt
[0.560s] -- Up-to-date: /home/eldry/devros_ws/install/slambot_interfaces/lib/python3.12/site-packages/slambot_interfaces
[0.560s] -- Up-to-date: /home/eldry/devros_ws/install/slambot_interfaces/lib/python3.12/site-packages/slambot_interfaces/_slambot_interfaces_s.ep.rosidl_typesupport_c.c
[0.560s] -- Up-to-date: /home/eldry/devros_ws/install/slambot_interfaces/lib/python3.12/site-packages/slambot_interfaces/slambot_interfaces_s__rosidl_typesupport_introspection_c.so
[0.560s] -- Up-to-date: /home/eldry/devros_ws/install/slambot_interfaces/lib/python3.12/site-packages/slambot_interfaces/slambot_interfaces_s__rosidl_typesupport_fastrtps_c.so
[0.560s] -- Up-to-date: /home/eldry/devros_ws/install/slambot_interfaces/lib/python3.12/site-packages/slambot_interfaces/srv
[0.560s] -- Up-to-date: /home/eldry/devros_ws/install/slambot_interfaces/lib/python3.12/site-packages/slambot_interfaces/srv/_interface.py
[0.560s] -- Up-to-date: /home/eldry/devros_ws/install/slambot_interfaces/lib/python3.12/site-packages/slambot_interfaces/srv/_interface_s.c
[0.560s] -- Up-to-date: /home/eldry/devros_ws/install/slambot_interfaces/lib/python3.12/site-packages/slambot_interfaces/srv/__init__.py
[0.560s] -- Up-to-date: /home/eldry/devros_ws/install/slambot_interfaces/lib/python3.12/site-packages/slambot_interfaces/_slambot_interfaces_s.ep.rosidl_typesupport_fastrtps_c.c
[0.560s] -- Up-to-date: /home/eldry/devros_ws/install/slambot_interfaces/lib/python3.12/site-packages/slambot_interfaces/_slambot_interfaces_s.ep.rosidl_typesupport_introspection_c.c
[0.560s] -- Up-to-date: /home/eldry/devros_ws/install/slambot_interfaces/lib/python3.12/site-packages/slambot_interfaces/slambot_interfaces_s__rosidl_typesupport_c.so
[0.560s] -- Up-to-date: /home/eldry/devros_ws/install/slambot_interfaces/lib/python3.12/site-packages/slambot_interfaces/__init__.py
[0.596s] Listing '/home/eldry/devros_ws/install/slambot_interfaces/lib/python3.12/site-packages/slambot_interfaces'...
[0.596s] Listing '/home/eldry/devros_ws/install/slambot_interfaces/lib/python3.12/site-packages/slambot_interfaces/srv'...
[0.603s] -- Up-to-date: /home/eldry/devros_ws/install/slambot_interfaces/lib/python3.12/site-packages/slambot_interfaces/slambot_interfaces_s__rosidl_typesupport_fastrtps_c.so
[0.603s] -- Up-to-date: /home/eldry/devros_ws/install/slambot_interfaces/lib/python3.12/site-packages/slambot_interfaces/slambot_interfaces_s__rosidl_typesupport_introspection_c.so
[0.603s] -- Up-to-date: /home/eldry/devros_ws/install/slambot_interfaces/lib/python3.12/site-packages/slambot_interfaces/slambot_interfaces_s__rosidl_typesupport_c.so
[0.604s] -- Up-to-date: /home/eldry/devros_ws/install/slambot_interfaces/lib/libslambot_interfaces__rosidl_generator_py.so
[0.604s] -- Up-to-date: /home/eldry/devros_ws/install/slambot_interfaces/share/slambot_interfaces/srv/Interface.idl
[0.604s] -- Up-to-date: /home/eldry/devros_ws/install/slambot_interfaces/share/slambot_interfaces/srv/Interface.srv
[0.605s] -- Up-to-date: /home/eldry/devros_ws/install/slambot_interfaces/share/ament_index/resource_index/package_run_dependencies/slambot_interfaces
[0.605s] -- Up-to-date: /home/eldry/devros_ws/install/slambot_interfaces/share/ament_index/resource_index/parent_prefix_path/slambot_interfaces
[0.605s] -- Up-to-date: /home/eldry/devros_ws/install/slambot_interfaces/share/slambot_interfaces/environment/ament_prefix_path.sh
[0.605s] -- Up-to-date: /home/eldry/devros_ws/install/slambot_interfaces/share/slambot_interfaces/environment/ament_prefix_path.dsv
[0.605s] -- Up-to-date: /home/eldry/devros_ws/install/slambot_interfaces/share/slambot_interfaces/environment/path.sh
[0.606s] -- Up-to-date: /home/eldry/devros_ws/install/slambot_interfaces/share/slambot_interfaces/environment/path.dsv
[0.606s] -- Up-to-date: /home/eldry/devros_ws/install/slambot_interfaces/share/slambot_interfaces/local_setup.bash
[0.606s] -- Up-to-date: /home/eldry/devros_ws/install/slambot_interfaces/share/slambot_interfaces/local_setup.sh
[0.606s] -- Up-to-date: /home/eldry/devros_ws/install/slambot_interfaces/share/slambot_interfaces/local_setup.zsh
[0.607s] -- Up-to-date: /home/eldry/devros_ws/install/slambot_interfaces/share/slambot_interfaces/local_setup.dsv
[0.607s] -- Installing: /home/eldry/devros_ws/install/slambot_interfaces/share/slambot_interfaces/package.dsv
[0.607s] -- Up-to-date: /home/eldry/devros_ws/install/slambot_interfaces/share/ament_index/resource_index/packages/slambot_interfaces
[0.607s] -- Up-to-date: /home/eldry/devros_ws/install/slambot_interfaces/share/slambot_interfaces/cmake/export_slambot_interfaces__rosidl_generator_cExport.cmake
[0.607s] -- Up-to-date: /home/eldry/devros_ws/install/slambot_interfaces/share/slambot_interfaces/cmake/export_slambot_interfaces__rosidl_generator_cExport-noconfig.cmake
[0.608s] -- Up-to-date: /home/eldry/devros_ws/install/slambot_interfaces/share/slambot_interfaces/cmake/export_slambot_interfaces__rosidl_typesupport_fastrtps_cExport.cmake
[0.608s] -- Up-to-date: /home/eldry/devros_ws/install/slambot_interfaces/share/slambot_interfaces/cmake/export_slambot_interfaces__rosidl_typesupport_fastrtps_cExport-noconfig.cmake
[0.608s] -- Up-to-date: /home/eldry/devros_ws/install/slambot_interfaces/share/slambot_interfaces/cmake/export_slambot_interfaces__rosidl_generator_cppExport.cmake
[0.608s] -- Up-to-date: /home/eldry/devros_ws/install/slambot_interfaces/share/slambot_interfaces/cmake/export_slambot_interfaces__rosidl_typesupport_fastrtps_cppExport.cmake
[0.608s] -- Up-to-date: /home/eldry/devros_ws/install/slambot_interfaces/share/slambot_interfaces/cmake/export_slambot_interfaces__rosidl_typesupport_fastrtps_cppExport-noconfig.cmake
[0.608s] -- Up-to-date: /home/eldry/devros_ws/install/slambot_interfaces/share/slambot_interfaces/cmake/slambot_interfaces__rosidl_typesupport_introspection_cExport.cmake
[0.609s] -- Up-to-date: /home/eldry/devros_ws/install/slambot_interfaces/share/slambot_interfaces/cmake/slambot_interfaces__rosidl_typesupport_introspection_cExport-noconfig.cmake
[0.609s] -- Up-to-date: /home/eldry/devros_ws/install/slambot_interfaces/share/slambot_interfaces/cmake/slambot_interfaces__rosidl_typesupport_cExport.cmake
[0.609s] -- Up-to-date: /home/eldry/devros_ws/install/slambot_interfaces/share/slambot_interfaces/cmake/slambot_interfaces__rosidl_typesupport_cExport-noconfig.cmake
[0.609s] -- Up-to-date: /home/eldry/devros_ws/install/slambot_interfaces/share/slambot_interfaces/cmake/slambot_interfaces__rosidl_typesupport_introspection_cppExport.cmake
[0.610s] -- Up-to-date: /home/eldry/devros_ws/install/slambot_interfaces/share/slambot_interfaces/cmake/slambot_interfaces__rosidl_typesupport_introspection_cppExport-noconfig.cmake
[0.610s] -- Up-to-date: /home/eldry/devros_ws/install/slambot_interfaces/share/slambot_interfaces/cmake/slambot_interfaces__rosidl_typesupport_cppExport.cmake
[0.610s] -- Up-to-date: /home/eldry/devros_ws/install/slambot_interfaces/share/slambot_interfaces/cmake/slambot_interfaces__rosidl_typesupport_cppExport-noconfig.cmake
[0.610s] -- Up-to-date: /home/eldry/devros_ws/install/slambot_interfaces/share/slambot_interfaces/cmake/export_slambot_interfaces__rosidl_generator_pyExport.cmake
[0.611s] -- Up-to-date: /home/eldry/devros_ws/install/slambot_interfaces/share/slambot_interfaces/cmake/export_slambot_interfaces__rosidl_generator_pyExport-noconfig.cmake
[0.611s] -- Up-to-date: /home/eldry/devros_ws/install/slambot_interfaces/share/slambot_interfaces/cmake/rosidl_cmake-extras.cmake
[0.611s] -- Up-to-date: /home/eldry/devros_ws/install/slambot_interfaces/share/slambot_interfaces/cmake/ament_cmake_export_dependencies-extras.cmake
[0.611s] -- Up-to-date: /home/eldry/devros_ws/install/slambot_interfaces/share/slambot_interfaces/cmake/ament_cmake_export_include_directories-extras.cmake
[0.611s] -- Up-to-date: /home/eldry/devros_ws/install/slambot_interfaces/share/slambot_interfaces/cmake/ament_cmake_export_libraries-extras.cmake
[0.611s] -- Up-to-date: /home/eldry/devros_ws/install/slambot_interfaces/share/slambot_interfaces/cmake/ament_cmake_export_targets-extras.cmake
[0.612s] -- Up-to-date: /home/eldry/devros_ws/install/slambot_interfaces/share/slambot_interfaces/cmake/rosidl_cmake_export_typesupport_targets-extras.cmake
[0.612s] -- Up-to-date: /home/eldry/devros_ws/install/slambot_interfaces/share/slambot_interfaces/cmake/rosidl_cmake_export_typesupport_libraries-extras.cmake
[0.612s] -- Up-to-date: /home/eldry/devros_ws/install/slambot_interfaces/share/slambot_interfaces/cmake/slambot_interfacesConfig.cmake
[0.612s] -- Up-to-date: /home/eldry/devros_ws/install/slambot_interfaces/share/slambot_interfaces/cmake/slambot_interfacesConfig-version.cmake
[0.612s] -- Up-to-date: /home/eldry/devros_ws/install/slambot_interfaces/share/slambot_interfaces/package.xml
[0.613s] Invoked command in '/home/eldry/devros_ws/build/slambot_interfaces' returned '0': CMAKE_PREFIX_PATH=${CMAKE_PREFIX_PATH}:/opt/ros/jazzy DEBUGINFOD_URLS=https://debuginfod.ubuntu.com /usr/bin/cmake --install /home/eldry/devros_ws/build/slambot_interfaces
