[0.020s] Invoking command in '/home/eldry/devros_ws/build/slambot_interfaces': CMAKE_PREFIX_PATH=${CMAKE_PREFIX_PATH}:/opt/ros/jazzy DEBUGINFOD_URLS=https://debuginfod.ubuntu.com /usr/bin/cmake --build /home/eldry/devros_ws/build/slambot_interfaces -- -j4 -l4
[0.076s] [  2%] Built target slambot_interfaces__rosidl_generator_type_description
[0.091s] [  2%] Built target ament_cmake_python_copy_slambot_interfaces
[0.110s] [  5%] Built target slambot_interfaces__cpp
[0.113s] [ 20%] Built target slambot_interfaces__rosidl_generator_c
[0.156s] [ 29%] Built target slambot_interfaces__rosidl_typesupport_cpp
[0.163s] [ 38%] Built target slambot_interfaces__rosidl_typesupport_c
[0.169s] [ 47%] Built target slambot_interfaces__rosidl_typesupport_introspection_cpp
[0.205s] [ 55%] Built target slambot_interfaces__rosidl_typesupport_fastrtps_c
[0.215s] [ 64%] Built target slambot_interfaces__rosidl_typesupport_fastrtps_cpp
[0.220s] [ 73%] Built target slambot_interfaces__rosidl_typesupport_introspection_c
[0.242s] [ 73%] Built target slambot_interfaces
[0.262s] [ 76%] Built target slambot_interfaces__py
[0.286s] [ 82%] Built target slambot_interfaces__rosidl_generator_py
[0.323s] [ 88%] Built target slambot_interfaces_s__rosidl_typesupport_fastrtps_c
[0.325s] [ 94%] Built target slambot_interfaces_s__rosidl_typesupport_c
[0.328s] [100%] Built target slambot_interfaces_s__rosidl_typesupport_introspection_c
[0.369s] running egg_info
[0.395s] writing slambot_interfaces.egg-info/PKG-INFO
[0.395s] writing dependency_links to slambot_interfaces.egg-info/dependency_links.txt
[0.395s] writing top-level names to slambot_interfaces.egg-info/top_level.txt
[0.471s] reading manifest file 'slambot_interfaces.egg-info/SOURCES.txt'
[0.471s] writing manifest file 'slambot_interfaces.egg-info/SOURCES.txt'
[0.511s] [100%] Built target ament_cmake_python_build_slambot_interfaces_egg
[0.523s] Invoked command in '/home/eldry/devros_ws/build/slambot_interfaces' returned '0': CMAKE_PREFIX_PATH=${CMAKE_PREFIX_PATH}:/opt/ros/jazzy DEBUGINFOD_URLS=https://debuginfod.ubuntu.com /usr/bin/cmake --build /home/eldry/devros_ws/build/slambot_interfaces -- -j4 -l4
[0.525s] Invoking command in '/home/eldry/devros_ws/build/slambot_interfaces': CMAKE_PREFIX_PATH=${CMAKE_PREFIX_PATH}:/opt/ros/jazzy DEBUGINFOD_URLS=https://debuginfod.ubuntu.com /usr/bin/cmake --install /home/eldry/devros_ws/build/slambot_interfaces
[0.533s] -- Install configuration: ""
[0.533s] -- Up-to-date: /home/eldry/devros_ws/install/slambot_interfaces/share/ament_index/resource_index/rosidl_interfaces/slambot_interfaces
[0.533s] -- Up-to-date: /home/eldry/devros_ws/install/slambot_interfaces/share/slambot_interfaces/srv/Interface.json
[0.534s] -- Up-to-date: /home/eldry/devros_ws/install/slambot_interfaces/include/slambot_interfaces/slambot_interfaces
[0.534s] -- Up-to-date: /home/eldry/devros_ws/install/slambot_interfaces/include/slambot_interfaces/slambot_interfaces/srv
[0.534s] -- Up-to-date: /home/eldry/devros_ws/install/slambot_interfaces/include/slambot_interfaces/slambot_interfaces/srv/detail
[0.534s] -- Up-to-date: /home/eldry/devros_ws/install/slambot_interfaces/include/slambot_interfaces/slambot_interfaces/srv/detail/interface__description.c
[0.534s] -- Up-to-date: /home/eldry/devros_ws/install/slambot_interfaces/include/slambot_interfaces/slambot_interfaces/srv/detail/interface__type_support.c
[0.535s] -- Up-to-date: /home/eldry/devros_ws/install/slambot_interfaces/include/slambot_interfaces/slambot_interfaces/srv/detail/interface__functions.c
[0.535s] -- Up-to-date: /home/eldry/devros_ws/install/slambot_interfaces/include/slambot_interfaces/slambot_interfaces/srv/detail/interface__functions.h
[0.535s] -- Up-to-date: /home/eldry/devros_ws/install/slambot_interfaces/include/slambot_interfaces/slambot_interfaces/srv/detail/interface__type_support.h
[0.535s] -- Up-to-date: /home/eldry/devros_ws/install/slambot_interfaces/include/slambot_interfaces/slambot_interfaces/srv/detail/interface__struct.h
[0.536s] -- Up-to-date: /home/eldry/devros_ws/install/slambot_interfaces/include/slambot_interfaces/slambot_interfaces/srv/interface.h
[0.536s] -- Up-to-date: /home/eldry/devros_ws/install/slambot_interfaces/include/slambot_interfaces/slambot_interfaces/msg
[0.536s] -- Up-to-date: /home/eldry/devros_ws/install/slambot_interfaces/include/slambot_interfaces/slambot_interfaces/msg/rosidl_generator_c__visibility_control.h
[0.536s] -- Up-to-date: /home/eldry/devros_ws/install/slambot_interfaces/share/slambot_interfaces/environment/library_path.sh
[0.536s] -- Up-to-date: /home/eldry/devros_ws/install/slambot_interfaces/share/slambot_interfaces/environment/library_path.dsv
[0.537s] -- Up-to-date: /home/eldry/devros_ws/install/slambot_interfaces/lib/libslambot_interfaces__rosidl_generator_c.so
[0.537s] -- Up-to-date: /home/eldry/devros_ws/install/slambot_interfaces/include/slambot_interfaces/slambot_interfaces
[0.537s] -- Up-to-date: /home/eldry/devros_ws/install/slambot_interfaces/include/slambot_interfaces/slambot_interfaces/srv
[0.537s] -- Up-to-date: /home/eldry/devros_ws/install/slambot_interfaces/include/slambot_interfaces/slambot_interfaces/srv/detail
[0.537s] -- Up-to-date: /home/eldry/devros_ws/install/slambot_interfaces/include/slambot_interfaces/slambot_interfaces/srv/detail/interface__rosidl_typesupport_fastrtps_c.h
[0.538s] -- Up-to-date: /home/eldry/devros_ws/install/slambot_interfaces/include/slambot_interfaces/slambot_interfaces/msg
[0.538s] -- Up-to-date: /home/eldry/devros_ws/install/slambot_interfaces/include/slambot_interfaces/slambot_interfaces/msg/rosidl_typesupport_fastrtps_c__visibility_control.h
[0.538s] -- Up-to-date: /home/eldry/devros_ws/install/slambot_interfaces/lib/libslambot_interfaces__rosidl_typesupport_fastrtps_c.so
[0.538s] -- Up-to-date: /home/eldry/devros_ws/install/slambot_interfaces/include/slambot_interfaces/slambot_interfaces
[0.538s] -- Up-to-date: /home/eldry/devros_ws/install/slambot_interfaces/include/slambot_interfaces/slambot_interfaces/srv
[0.538s] -- Up-to-date: /home/eldry/devros_ws/install/slambot_interfaces/include/slambot_interfaces/slambot_interfaces/srv/detail
[0.539s] -- Up-to-date: /home/eldry/devros_ws/install/slambot_interfaces/include/slambot_interfaces/slambot_interfaces/srv/detail/interface__type_support.hpp
[0.539s] -- Up-to-date: /home/eldry/devros_ws/install/slambot_interfaces/include/slambot_interfaces/slambot_interfaces/srv/detail/interface__builder.hpp
[0.539s] -- Up-to-date: /home/eldry/devros_ws/install/slambot_interfaces/include/slambot_interfaces/slambot_interfaces/srv/detail/interface__traits.hpp
[0.539s] -- Up-to-date: /home/eldry/devros_ws/install/slambot_interfaces/include/slambot_interfaces/slambot_interfaces/srv/detail/interface__struct.hpp
[0.539s] -- Up-to-date: /home/eldry/devros_ws/install/slambot_interfaces/include/slambot_interfaces/slambot_interfaces/srv/interface.hpp
[0.540s] -- Up-to-date: /home/eldry/devros_ws/install/slambot_interfaces/include/slambot_interfaces/slambot_interfaces/msg
[0.540s] -- Up-to-date: /home/eldry/devros_ws/install/slambot_interfaces/include/slambot_interfaces/slambot_interfaces/msg/rosidl_generator_cpp__visibility_control.hpp
[0.540s] -- Up-to-date: /home/eldry/devros_ws/install/slambot_interfaces/include/slambot_interfaces/slambot_interfaces
[0.540s] -- Up-to-date: /home/eldry/devros_ws/install/slambot_interfaces/include/slambot_interfaces/slambot_interfaces/srv
[0.540s] -- Up-to-date: /home/eldry/devros_ws/install/slambot_interfaces/include/slambot_interfaces/slambot_interfaces/srv/detail
[0.540s] -- Up-to-date: /home/eldry/devros_ws/install/slambot_interfaces/include/slambot_interfaces/slambot_interfaces/srv/detail/interface__rosidl_typesupport_fastrtps_cpp.hpp
[0.541s] -- Up-to-date: /home/eldry/devros_ws/install/slambot_interfaces/include/slambot_interfaces/slambot_interfaces/srv/detail/dds_fastrtps
[0.541s] -- Up-to-date: /home/eldry/devros_ws/install/slambot_interfaces/include/slambot_interfaces/slambot_interfaces/msg
[0.541s] -- Up-to-date: /home/eldry/devros_ws/install/slambot_interfaces/include/slambot_interfaces/slambot_interfaces/msg/rosidl_typesupport_fastrtps_cpp__visibility_control.h
[0.541s] -- Up-to-date: /home/eldry/devros_ws/install/slambot_interfaces/lib/libslambot_interfaces__rosidl_typesupport_fastrtps_cpp.so
[0.541s] -- Up-to-date: /home/eldry/devros_ws/install/slambot_interfaces/include/slambot_interfaces/slambot_interfaces
[0.541s] -- Up-to-date: /home/eldry/devros_ws/install/slambot_interfaces/include/slambot_interfaces/slambot_interfaces/srv
[0.542s] -- Up-to-date: /home/eldry/devros_ws/install/slambot_interfaces/include/slambot_interfaces/slambot_interfaces/srv/detail
[0.542s] -- Up-to-date: /home/eldry/devros_ws/install/slambot_interfaces/include/slambot_interfaces/slambot_interfaces/srv/detail/interface__type_support.c
[0.542s] -- Up-to-date: /home/eldry/devros_ws/install/slambot_interfaces/include/slambot_interfaces/slambot_interfaces/srv/detail/interface__rosidl_typesupport_introspection_c.h
[0.542s] -- Up-to-date: /home/eldry/devros_ws/install/slambot_interfaces/include/slambot_interfaces/slambot_interfaces/msg
[0.542s] -- Up-to-date: /home/eldry/devros_ws/install/slambot_interfaces/include/slambot_interfaces/slambot_interfaces/msg/rosidl_typesupport_introspection_c__visibility_control.h
[0.543s] -- Up-to-date: /home/eldry/devros_ws/install/slambot_interfaces/lib/libslambot_interfaces__rosidl_typesupport_introspection_c.so
[0.543s] -- Up-to-date: /home/eldry/devros_ws/install/slambot_interfaces/lib/libslambot_interfaces__rosidl_typesupport_c.so
[0.543s] -- Up-to-date: /home/eldry/devros_ws/install/slambot_interfaces/include/slambot_interfaces/slambot_interfaces
[0.543s] -- Up-to-date: /home/eldry/devros_ws/install/slambot_interfaces/include/slambot_interfaces/slambot_interfaces/srv
[0.543s] -- Up-to-date: /home/eldry/devros_ws/install/slambot_interfaces/include/slambot_interfaces/slambot_interfaces/srv/detail
[0.544s] -- Up-to-date: /home/eldry/devros_ws/install/slambot_interfaces/include/slambot_interfaces/slambot_interfaces/srv/detail/interface__rosidl_typesupport_introspection_cpp.hpp
[0.544s] -- Up-to-date: /home/eldry/devros_ws/install/slambot_interfaces/include/slambot_interfaces/slambot_interfaces/srv/detail/interface__type_support.cpp
[0.544s] -- Up-to-date: /home/eldry/devros_ws/install/slambot_interfaces/lib/libslambot_interfaces__rosidl_typesupport_introspection_cpp.so
[0.544s] -- Up-to-date: /home/eldry/devros_ws/install/slambot_interfaces/lib/libslambot_interfaces__rosidl_typesupport_cpp.so
[0.544s] -- Up-to-date: /home/eldry/devros_ws/install/slambot_interfaces/share/slambot_interfaces/environment/pythonpath.sh
[0.544s] -- Up-to-date: /home/eldry/devros_ws/install/slambot_interfaces/share/slambot_interfaces/environment/pythonpath.dsv
[0.545s] -- Up-to-date: /home/eldry/devros_ws/install/slambot_interfaces/lib/python3.12/site-packages/slambot_interfaces-0.0.0-py3.12.egg-info
[0.545s] -- Installing: /home/eldry/devros_ws/install/slambot_interfaces/lib/python3.12/site-packages/slambot_interfaces-0.0.0-py3.12.egg-info/SOURCES.txt
[0.545s] -- Installing: /home/eldry/devros_ws/install/slambot_interfaces/lib/python3.12/site-packages/slambot_interfaces-0.0.0-py3.12.egg-info/PKG-INFO
[0.545s] -- Installing: /home/eldry/devros_ws/install/slambot_interfaces/lib/python3.12/site-packages/slambot_interfaces-0.0.0-py3.12.egg-info/top_level.txt
[0.545s] -- Installing: /home/eldry/devros_ws/install/slambot_interfaces/lib/python3.12/site-packages/slambot_interfaces-0.0.0-py3.12.egg-info/dependency_links.txt
[0.545s] -- Up-to-date: /home/eldry/devros_ws/install/slambot_interfaces/lib/python3.12/site-packages/slambot_interfaces
[0.546s] -- Up-to-date: /home/eldry/devros_ws/install/slambot_interfaces/lib/python3.12/site-packages/slambot_interfaces/_slambot_interfaces_s.ep.rosidl_typesupport_c.c
[0.546s] -- Up-to-date: /home/eldry/devros_ws/install/slambot_interfaces/lib/python3.12/site-packages/slambot_interfaces/slambot_interfaces_s__rosidl_typesupport_introspection_c.so
[0.546s] -- Up-to-date: /home/eldry/devros_ws/install/slambot_interfaces/lib/python3.12/site-packages/slambot_interfaces/slambot_interfaces_s__rosidl_typesupport_fastrtps_c.so
[0.546s] -- Up-to-date: /home/eldry/devros_ws/install/slambot_interfaces/lib/python3.12/site-packages/slambot_interfaces/srv
[0.546s] -- Up-to-date: /home/eldry/devros_ws/install/slambot_interfaces/lib/python3.12/site-packages/slambot_interfaces/srv/_interface.py
[0.547s] -- Up-to-date: /home/eldry/devros_ws/install/slambot_interfaces/lib/python3.12/site-packages/slambot_interfaces/srv/_interface_s.c
[0.547s] -- Up-to-date: /home/eldry/devros_ws/install/slambot_interfaces/lib/python3.12/site-packages/slambot_interfaces/srv/__init__.py
[0.547s] -- Up-to-date: /home/eldry/devros_ws/install/slambot_interfaces/lib/python3.12/site-packages/slambot_interfaces/_slambot_interfaces_s.ep.rosidl_typesupport_fastrtps_c.c
[0.547s] -- Up-to-date: /home/eldry/devros_ws/install/slambot_interfaces/lib/python3.12/site-packages/slambot_interfaces/_slambot_interfaces_s.ep.rosidl_typesupport_introspection_c.c
[0.547s] -- Up-to-date: /home/eldry/devros_ws/install/slambot_interfaces/lib/python3.12/site-packages/slambot_interfaces/slambot_interfaces_s__rosidl_typesupport_c.so
[0.547s] -- Up-to-date: /home/eldry/devros_ws/install/slambot_interfaces/lib/python3.12/site-packages/slambot_interfaces/__init__.py
[0.574s] Listing '/home/eldry/devros_ws/install/slambot_interfaces/lib/python3.12/site-packages/slambot_interfaces'...
[0.575s] Listing '/home/eldry/devros_ws/install/slambot_interfaces/lib/python3.12/site-packages/slambot_interfaces/srv'...
[0.583s] -- Up-to-date: /home/eldry/devros_ws/install/slambot_interfaces/lib/python3.12/site-packages/slambot_interfaces/slambot_interfaces_s__rosidl_typesupport_fastrtps_c.so
[0.583s] -- Up-to-date: /home/eldry/devros_ws/install/slambot_interfaces/lib/python3.12/site-packages/slambot_interfaces/slambot_interfaces_s__rosidl_typesupport_introspection_c.so
[0.584s] -- Up-to-date: /home/eldry/devros_ws/install/slambot_interfaces/lib/python3.12/site-packages/slambot_interfaces/slambot_interfaces_s__rosidl_typesupport_c.so
[0.584s] -- Up-to-date: /home/eldry/devros_ws/install/slambot_interfaces/lib/libslambot_interfaces__rosidl_generator_py.so
[0.584s] -- Up-to-date: /home/eldry/devros_ws/install/slambot_interfaces/share/slambot_interfaces/srv/Interface.idl
[0.584s] -- Up-to-date: /home/eldry/devros_ws/install/slambot_interfaces/share/slambot_interfaces/srv/Interface.srv
[0.585s] -- Up-to-date: /home/eldry/devros_ws/install/slambot_interfaces/share/ament_index/resource_index/package_run_dependencies/slambot_interfaces
[0.585s] -- Up-to-date: /home/eldry/devros_ws/install/slambot_interfaces/share/ament_index/resource_index/parent_prefix_path/slambot_interfaces
[0.585s] -- Up-to-date: /home/eldry/devros_ws/install/slambot_interfaces/share/slambot_interfaces/environment/ament_prefix_path.sh
[0.585s] -- Up-to-date: /home/eldry/devros_ws/install/slambot_interfaces/share/slambot_interfaces/environment/ament_prefix_path.dsv
[0.586s] -- Up-to-date: /home/eldry/devros_ws/install/slambot_interfaces/share/slambot_interfaces/environment/path.sh
[0.586s] -- Up-to-date: /home/eldry/devros_ws/install/slambot_interfaces/share/slambot_interfaces/environment/path.dsv
[0.587s] -- Up-to-date: /home/eldry/devros_ws/install/slambot_interfaces/share/slambot_interfaces/local_setup.bash
[0.587s] -- Up-to-date: /home/eldry/devros_ws/install/slambot_interfaces/share/slambot_interfaces/local_setup.sh
[0.587s] -- Up-to-date: /home/eldry/devros_ws/install/slambot_interfaces/share/slambot_interfaces/local_setup.zsh
[0.587s] -- Up-to-date: /home/eldry/devros_ws/install/slambot_interfaces/share/slambot_interfaces/local_setup.dsv
[0.587s] -- Installing: /home/eldry/devros_ws/install/slambot_interfaces/share/slambot_interfaces/package.dsv
[0.587s] -- Up-to-date: /home/eldry/devros_ws/install/slambot_interfaces/share/ament_index/resource_index/packages/slambot_interfaces
[0.587s] -- Up-to-date: /home/eldry/devros_ws/install/slambot_interfaces/share/slambot_interfaces/cmake/export_slambot_interfaces__rosidl_generator_cExport.cmake
[0.587s] -- Up-to-date: /home/eldry/devros_ws/install/slambot_interfaces/share/slambot_interfaces/cmake/export_slambot_interfaces__rosidl_generator_cExport-noconfig.cmake
[0.588s] -- Up-to-date: /home/eldry/devros_ws/install/slambot_interfaces/share/slambot_interfaces/cmake/export_slambot_interfaces__rosidl_typesupport_fastrtps_cExport.cmake
[0.588s] -- Up-to-date: /home/eldry/devros_ws/install/slambot_interfaces/share/slambot_interfaces/cmake/export_slambot_interfaces__rosidl_typesupport_fastrtps_cExport-noconfig.cmake
[0.588s] -- Up-to-date: /home/eldry/devros_ws/install/slambot_interfaces/share/slambot_interfaces/cmake/export_slambot_interfaces__rosidl_generator_cppExport.cmake
[0.588s] -- Up-to-date: /home/eldry/devros_ws/install/slambot_interfaces/share/slambot_interfaces/cmake/export_slambot_interfaces__rosidl_typesupport_fastrtps_cppExport.cmake
[0.588s] -- Up-to-date: /home/eldry/devros_ws/install/slambot_interfaces/share/slambot_interfaces/cmake/export_slambot_interfaces__rosidl_typesupport_fastrtps_cppExport-noconfig.cmake
[0.588s] -- Up-to-date: /home/eldry/devros_ws/install/slambot_interfaces/share/slambot_interfaces/cmake/slambot_interfaces__rosidl_typesupport_introspection_cExport.cmake
[0.588s] -- Up-to-date: /home/eldry/devros_ws/install/slambot_interfaces/share/slambot_interfaces/cmake/slambot_interfaces__rosidl_typesupport_introspection_cExport-noconfig.cmake
[0.588s] -- Up-to-date: /home/eldry/devros_ws/install/slambot_interfaces/share/slambot_interfaces/cmake/slambot_interfaces__rosidl_typesupport_cExport.cmake
[0.588s] -- Up-to-date: /home/eldry/devros_ws/install/slambot_interfaces/share/slambot_interfaces/cmake/slambot_interfaces__rosidl_typesupport_cExport-noconfig.cmake
[0.588s] -- Up-to-date: /home/eldry/devros_ws/install/slambot_interfaces/share/slambot_interfaces/cmake/slambot_interfaces__rosidl_typesupport_introspection_cppExport.cmake
[0.588s] -- Up-to-date: /home/eldry/devros_ws/install/slambot_interfaces/share/slambot_interfaces/cmake/slambot_interfaces__rosidl_typesupport_introspection_cppExport-noconfig.cmake
[0.588s] -- Up-to-date: /home/eldry/devros_ws/install/slambot_interfaces/share/slambot_interfaces/cmake/slambot_interfaces__rosidl_typesupport_cppExport.cmake
[0.588s] -- Up-to-date: /home/eldry/devros_ws/install/slambot_interfaces/share/slambot_interfaces/cmake/slambot_interfaces__rosidl_typesupport_cppExport-noconfig.cmake
[0.589s] -- Up-to-date: /home/eldry/devros_ws/install/slambot_interfaces/share/slambot_interfaces/cmake/export_slambot_interfaces__rosidl_generator_pyExport.cmake
[0.590s] -- Up-to-date: /home/eldry/devros_ws/install/slambot_interfaces/share/slambot_interfaces/cmake/export_slambot_interfaces__rosidl_generator_pyExport-noconfig.cmake
[0.591s] -- Up-to-date: /home/eldry/devros_ws/install/slambot_interfaces/share/slambot_interfaces/cmake/rosidl_cmake-extras.cmake
[0.591s] -- Up-to-date: /home/eldry/devros_ws/install/slambot_interfaces/share/slambot_interfaces/cmake/ament_cmake_export_dependencies-extras.cmake
[0.591s] -- Up-to-date: /home/eldry/devros_ws/install/slambot_interfaces/share/slambot_interfaces/cmake/ament_cmake_export_include_directories-extras.cmake
[0.591s] -- Up-to-date: /home/eldry/devros_ws/install/slambot_interfaces/share/slambot_interfaces/cmake/ament_cmake_export_libraries-extras.cmake
[0.591s] -- Up-to-date: /home/eldry/devros_ws/install/slambot_interfaces/share/slambot_interfaces/cmake/ament_cmake_export_targets-extras.cmake
[0.591s] -- Up-to-date: /home/eldry/devros_ws/install/slambot_interfaces/share/slambot_interfaces/cmake/rosidl_cmake_export_typesupport_targets-extras.cmake
[0.591s] -- Up-to-date: /home/eldry/devros_ws/install/slambot_interfaces/share/slambot_interfaces/cmake/rosidl_cmake_export_typesupport_libraries-extras.cmake
[0.591s] -- Up-to-date: /home/eldry/devros_ws/install/slambot_interfaces/share/slambot_interfaces/cmake/slambot_interfacesConfig.cmake
[0.591s] -- Up-to-date: /home/eldry/devros_ws/install/slambot_interfaces/share/slambot_interfaces/cmake/slambot_interfacesConfig-version.cmake
[0.591s] -- Up-to-date: /home/eldry/devros_ws/install/slambot_interfaces/share/slambot_interfaces/package.xml
[0.592s] Invoked command in '/home/eldry/devros_ws/build/slambot_interfaces' returned '0': CMAKE_PREFIX_PATH=${CMAKE_PREFIX_PATH}:/opt/ros/jazzy DEBUGINFOD_URLS=https://debuginfod.ubuntu.com /usr/bin/cmake --install /home/eldry/devros_ws/build/slambot_interfaces
