[0.017s] Invoking command in '/home/eldry/devros_ws/build/slambot_hardware': CMAKE_PREFIX_PATH=${CMAKE_PREFIX_PATH}:/opt/ros/jazzy DEBUGINFOD_URLS=https://debuginfod.ubuntu.com /usr/bin/cmake --build /home/eldry/devros_ws/build/slambot_hardware -- -j4 -l4
[0.084s] [100%] Built target slambot_hardware
[0.108s] Invoked command in '/home/eldry/devros_ws/build/slambot_hardware' returned '0': CMAKE_PREFIX_PATH=${CMAKE_PREFIX_PATH}:/opt/ros/jazzy DEBUGINFOD_URLS=https://debuginfod.ubuntu.com /usr/bin/cmake --build /home/eldry/devros_ws/build/slambot_hardware -- -j4 -l4
[0.109s] Invoking command in '/home/eldry/devros_ws/build/slambot_hardware': CMAKE_PREFIX_PATH=${CMAKE_PREFIX_PATH}:/opt/ros/jazzy DEBUGINFOD_URLS=https://debuginfod.ubuntu.com /usr/bin/cmake --install /home/eldry/devros_ws/build/slambot_hardware
[0.131s] -- Install configuration: ""
[0.131s] -- Up-to-date: /home/eldry/devros_ws/install/slambot_hardware/share/slambot_hardware/slambot_hardware_interface.xml
[0.131s] -- Up-to-date: /home/eldry/devros_ws/install/slambot_hardware/lib/libslambot_hardware.so
[0.132s] -- Up-to-date: /home/eldry/devros_ws/install/slambot_hardware/include/include
[0.132s] -- Up-to-date: /home/eldry/devros_ws/install/slambot_hardware/include/include/slambot_hardware
[0.132s] -- Up-to-date: /home/eldry/devros_ws/install/slambot_hardware/include/include/slambot_hardware/esp32_driver.hpp
[0.132s] -- Up-to-date: /home/eldry/devros_ws/install/slambot_hardware/include/include/slambot_hardware/slambot_hardware_interface.hpp
[0.132s] -- Up-to-date: /home/eldry/devros_ws/install/slambot_hardware/include/include/slambot_hardware/wheel.hpp
[0.132s] -- Up-to-date: /home/eldry/devros_ws/install/slambot_hardware/share/slambot_hardware/environment/library_path.sh
[0.132s] -- Up-to-date: /home/eldry/devros_ws/install/slambot_hardware/share/slambot_hardware/environment/library_path.dsv
[0.132s] -- Up-to-date: /home/eldry/devros_ws/install/slambot_hardware/share/ament_index/resource_index/package_run_dependencies/slambot_hardware
[0.132s] -- Up-to-date: /home/eldry/devros_ws/install/slambot_hardware/share/ament_index/resource_index/parent_prefix_path/slambot_hardware
[0.132s] -- Up-to-date: /home/eldry/devros_ws/install/slambot_hardware/share/slambot_hardware/environment/ament_prefix_path.sh
[0.132s] -- Up-to-date: /home/eldry/devros_ws/install/slambot_hardware/share/slambot_hardware/environment/ament_prefix_path.dsv
[0.132s] -- Up-to-date: /home/eldry/devros_ws/install/slambot_hardware/share/slambot_hardware/environment/path.sh
[0.132s] -- Up-to-date: /home/eldry/devros_ws/install/slambot_hardware/share/slambot_hardware/environment/path.dsv
[0.132s] -- Up-to-date: /home/eldry/devros_ws/install/slambot_hardware/share/slambot_hardware/local_setup.bash
[0.133s] -- Up-to-date: /home/eldry/devros_ws/install/slambot_hardware/share/slambot_hardware/local_setup.sh
[0.133s] -- Up-to-date: /home/eldry/devros_ws/install/slambot_hardware/share/slambot_hardware/local_setup.zsh
[0.133s] -- Up-to-date: /home/eldry/devros_ws/install/slambot_hardware/share/slambot_hardware/local_setup.dsv
[0.133s] -- Installing: /home/eldry/devros_ws/install/slambot_hardware/share/slambot_hardware/package.dsv
[0.133s] -- Up-to-date: /home/eldry/devros_ws/install/slambot_hardware/share/ament_index/resource_index/packages/slambot_hardware
[0.133s] -- Up-to-date: /home/eldry/devros_ws/install/slambot_hardware/share/ament_index/resource_index/hardware_interface__pluginlib__plugin/slambot_hardware
[0.133s] -- Up-to-date: /home/eldry/devros_ws/install/slambot_hardware/share/slambot_hardware/cmake/ament_cmake_export_libraries-extras.cmake
[0.133s] -- Up-to-date: /home/eldry/devros_ws/install/slambot_hardware/share/slambot_hardware/cmake/ament_cmake_export_dependencies-extras.cmake
[0.133s] -- Up-to-date: /home/eldry/devros_ws/install/slambot_hardware/share/slambot_hardware/cmake/slambot_hardwareConfig.cmake
[0.133s] -- Up-to-date: /home/eldry/devros_ws/install/slambot_hardware/share/slambot_hardware/cmake/slambot_hardwareConfig-version.cmake
[0.133s] -- Up-to-date: /home/eldry/devros_ws/install/slambot_hardware/share/slambot_hardware/package.xml
[0.141s] Invoked command in '/home/eldry/devros_ws/build/slambot_hardware' returned '0': CMAKE_PREFIX_PATH=${CMAKE_PREFIX_PATH}:/opt/ros/jazzy DEBUGINFOD_URLS=https://debuginfod.ubuntu.com /usr/bin/cmake --install /home/eldry/devros_ws/build/slambot_hardware
