[0.009s] Invoking command in '/home/eldry/devros_ws/build/slambot_bringup': CMAKE_PREFIX_PATH=/home/eldry/devros_ws/install/slambot_description:/home/eldry/devros_ws/install/slambot_interfaces:/home/eldry/devros_ws/install/slambot_bringup:/home/eldry/devros_ws/src/install/slambot_bringup:/home/eldry/devros_ws/src/install/slambot_description:/opt/ros/jazzy/opt/gz_sim_vendor:/opt/ros/jazzy/opt/gz_sensors_vendor:/opt/ros/jazzy/opt/gz_physics_vendor:/opt/ros/jazzy/opt/sdformat_vendor:/opt/ros/jazzy/opt/gz_gui_vendor:/opt/ros/jazzy/opt/gz_transport_vendor:/opt/ros/jazzy/opt/gz_rendering_vendor:/opt/ros/jazzy/opt/gz_plugin_vendor:/opt/ros/jazzy/opt/gz_fuel_tools_vendor:/opt/ros/jazzy/opt/gz_msgs_vendor:/opt/ros/jazzy/opt/gz_common_vendor:/opt/ros/jazzy/opt/gz_math_vendor:/opt/ros/jazzy/opt/gz_utils_vendor:/opt/ros/jazzy/opt/gz_tools_vendor:/opt/ros/jazzy/opt/gz_ogre_next_vendor:/opt/ros/jazzy/opt/gz_dartsim_vendor:/opt/ros/jazzy/opt/gz_cmake_vendor:/opt/ros/jazzy DEBUGINFOD_URLS=https://debuginfod.ubuntu.com /usr/bin/cmake /home/eldry/devros_ws/src/slambot_bringup -DCMAKE_INSTALL_PREFIX=/home/eldry/devros_ws/install/slambot_bringup
[0.065s] -- The C compiler identification is GNU 13.3.0
[0.120s] -- The CXX compiler identification is GNU 13.3.0
[0.140s] -- Detecting C compiler ABI info
[0.221s] -- Detecting C compiler ABI info - done
[0.233s] -- Check for working C compiler: /usr/bin/cc - skipped
[0.233s] -- Detecting C compile features
[0.234s] -- Detecting C compile features - done
[0.244s] -- Detecting CXX compiler ABI info
[0.340s] -- Detecting CXX compiler ABI info - done
[0.351s] -- Check for working CXX compiler: /usr/bin/c++ - skipped
[0.351s] -- Detecting CXX compile features
[0.352s] -- Detecting CXX compile features - done
[0.356s] -- Found ament_cmake: 2.5.4 (/opt/ros/jazzy/share/ament_cmake/cmake)
[0.531s] -- Found Python3: /usr/bin/python3 (found version "3.12.3") found components: Interpreter 
[0.685s] -- Found rclcpp: 28.1.13 (/opt/ros/jazzy/share/rclcpp/cmake)
[0.739s] -- Found rosidl_generator_c: 4.6.6 (/opt/ros/jazzy/share/rosidl_generator_c/cmake)
[0.758s] -- Found rosidl_generator_cpp: 4.6.6 (/opt/ros/jazzy/share/rosidl_generator_cpp/cmake)
[0.780s] -- Using all available rosidl_typesupport_c: rosidl_typesupport_fastrtps_c;rosidl_typesupport_introspection_c
[0.804s] -- Using all available rosidl_typesupport_cpp: rosidl_typesupport_fastrtps_cpp;rosidl_typesupport_introspection_cpp
[0.903s] -- Found rmw_implementation_cmake: 7.3.2 (/opt/ros/jazzy/share/rmw_implementation_cmake/cmake)
[0.908s] -- Found rmw_fastrtps_cpp: 8.4.3 (/opt/ros/jazzy/share/rmw_fastrtps_cpp/cmake)
[0.999s] -- Found OpenSSL: /usr/lib/x86_64-linux-gnu/libcrypto.so (found version "3.0.13")  
[1.022s] -- Found FastRTPS: /opt/ros/jazzy/include (Required is at least version "2.13") 
[1.050s] -- Using RMW implementation 'rmw_fastrtps_cpp' as default
[1.247s] -- Configuring done (1.2s)
[1.251s] -- Generating done (0.0s)
[1.253s] -- Build files have been written to: /home/eldry/devros_ws/build/slambot_bringup
[1.262s] Invoked command in '/home/eldry/devros_ws/build/slambot_bringup' returned '0': CMAKE_PREFIX_PATH=/home/eldry/devros_ws/install/slambot_description:/home/eldry/devros_ws/install/slambot_interfaces:/home/eldry/devros_ws/install/slambot_bringup:/home/eldry/devros_ws/src/install/slambot_bringup:/home/eldry/devros_ws/src/install/slambot_description:/opt/ros/jazzy/opt/gz_sim_vendor:/opt/ros/jazzy/opt/gz_sensors_vendor:/opt/ros/jazzy/opt/gz_physics_vendor:/opt/ros/jazzy/opt/sdformat_vendor:/opt/ros/jazzy/opt/gz_gui_vendor:/opt/ros/jazzy/opt/gz_transport_vendor:/opt/ros/jazzy/opt/gz_rendering_vendor:/opt/ros/jazzy/opt/gz_plugin_vendor:/opt/ros/jazzy/opt/gz_fuel_tools_vendor:/opt/ros/jazzy/opt/gz_msgs_vendor:/opt/ros/jazzy/opt/gz_common_vendor:/opt/ros/jazzy/opt/gz_math_vendor:/opt/ros/jazzy/opt/gz_utils_vendor:/opt/ros/jazzy/opt/gz_tools_vendor:/opt/ros/jazzy/opt/gz_ogre_next_vendor:/opt/ros/jazzy/opt/gz_dartsim_vendor:/opt/ros/jazzy/opt/gz_cmake_vendor:/opt/ros/jazzy DEBUGINFOD_URLS=https://debuginfod.ubuntu.com /usr/bin/cmake /home/eldry/devros_ws/src/slambot_bringup -DCMAKE_INSTALL_PREFIX=/home/eldry/devros_ws/install/slambot_bringup
[1.263s] Invoking command in '/home/eldry/devros_ws/build/slambot_bringup': CMAKE_PREFIX_PATH=/home/eldry/devros_ws/install/slambot_description:/home/eldry/devros_ws/install/slambot_interfaces:/home/eldry/devros_ws/install/slambot_bringup:/home/eldry/devros_ws/src/install/slambot_bringup:/home/eldry/devros_ws/src/install/slambot_description:/opt/ros/jazzy/opt/gz_sim_vendor:/opt/ros/jazzy/opt/gz_sensors_vendor:/opt/ros/jazzy/opt/gz_physics_vendor:/opt/ros/jazzy/opt/sdformat_vendor:/opt/ros/jazzy/opt/gz_gui_vendor:/opt/ros/jazzy/opt/gz_transport_vendor:/opt/ros/jazzy/opt/gz_rendering_vendor:/opt/ros/jazzy/opt/gz_plugin_vendor:/opt/ros/jazzy/opt/gz_fuel_tools_vendor:/opt/ros/jazzy/opt/gz_msgs_vendor:/opt/ros/jazzy/opt/gz_common_vendor:/opt/ros/jazzy/opt/gz_math_vendor:/opt/ros/jazzy/opt/gz_utils_vendor:/opt/ros/jazzy/opt/gz_tools_vendor:/opt/ros/jazzy/opt/gz_ogre_next_vendor:/opt/ros/jazzy/opt/gz_dartsim_vendor:/opt/ros/jazzy/opt/gz_cmake_vendor:/opt/ros/jazzy DEBUGINFOD_URLS=https://debuginfod.ubuntu.com /usr/bin/cmake --build /home/eldry/devros_ws/build/slambot_bringup -- -j4 -l4
[1.305s] Invoked command in '/home/eldry/devros_ws/build/slambot_bringup' returned '0': CMAKE_PREFIX_PATH=/home/eldry/devros_ws/install/slambot_description:/home/eldry/devros_ws/install/slambot_interfaces:/home/eldry/devros_ws/install/slambot_bringup:/home/eldry/devros_ws/src/install/slambot_bringup:/home/eldry/devros_ws/src/install/slambot_description:/opt/ros/jazzy/opt/gz_sim_vendor:/opt/ros/jazzy/opt/gz_sensors_vendor:/opt/ros/jazzy/opt/gz_physics_vendor:/opt/ros/jazzy/opt/sdformat_vendor:/opt/ros/jazzy/opt/gz_gui_vendor:/opt/ros/jazzy/opt/gz_transport_vendor:/opt/ros/jazzy/opt/gz_rendering_vendor:/opt/ros/jazzy/opt/gz_plugin_vendor:/opt/ros/jazzy/opt/gz_fuel_tools_vendor:/opt/ros/jazzy/opt/gz_msgs_vendor:/opt/ros/jazzy/opt/gz_common_vendor:/opt/ros/jazzy/opt/gz_math_vendor:/opt/ros/jazzy/opt/gz_utils_vendor:/opt/ros/jazzy/opt/gz_tools_vendor:/opt/ros/jazzy/opt/gz_ogre_next_vendor:/opt/ros/jazzy/opt/gz_dartsim_vendor:/opt/ros/jazzy/opt/gz_cmake_vendor:/opt/ros/jazzy DEBUGINFOD_URLS=https://debuginfod.ubuntu.com /usr/bin/cmake --build /home/eldry/devros_ws/build/slambot_bringup -- -j4 -l4
[1.306s] Invoking command in '/home/eldry/devros_ws/build/slambot_bringup': CMAKE_PREFIX_PATH=/home/eldry/devros_ws/install/slambot_description:/home/eldry/devros_ws/install/slambot_interfaces:/home/eldry/devros_ws/install/slambot_bringup:/home/eldry/devros_ws/src/install/slambot_bringup:/home/eldry/devros_ws/src/install/slambot_description:/opt/ros/jazzy/opt/gz_sim_vendor:/opt/ros/jazzy/opt/gz_sensors_vendor:/opt/ros/jazzy/opt/gz_physics_vendor:/opt/ros/jazzy/opt/sdformat_vendor:/opt/ros/jazzy/opt/gz_gui_vendor:/opt/ros/jazzy/opt/gz_transport_vendor:/opt/ros/jazzy/opt/gz_rendering_vendor:/opt/ros/jazzy/opt/gz_plugin_vendor:/opt/ros/jazzy/opt/gz_fuel_tools_vendor:/opt/ros/jazzy/opt/gz_msgs_vendor:/opt/ros/jazzy/opt/gz_common_vendor:/opt/ros/jazzy/opt/gz_math_vendor:/opt/ros/jazzy/opt/gz_utils_vendor:/opt/ros/jazzy/opt/gz_tools_vendor:/opt/ros/jazzy/opt/gz_ogre_next_vendor:/opt/ros/jazzy/opt/gz_dartsim_vendor:/opt/ros/jazzy/opt/gz_cmake_vendor:/opt/ros/jazzy DEBUGINFOD_URLS=https://debuginfod.ubuntu.com /usr/bin/cmake --install /home/eldry/devros_ws/build/slambot_bringup
[1.314s] -- Install configuration: ""
[1.314s] -- Installing: /home/eldry/devros_ws/install/slambot_bringup/share/slambot_bringup//launch
[1.314s] -- Installing: /home/eldry/devros_ws/install/slambot_bringup/share/slambot_bringup//launch/display.launch.xml
[1.315s] -- Installing: /home/eldry/devros_ws/install/slambot_bringup/share/slambot_bringup//config
[1.315s] -- Installing: /home/eldry/devros_ws/install/slambot_bringup/share/slambot_bringup//config/slam_config.rviz
[1.315s] -- Installing: /home/eldry/devros_ws/install/slambot_bringup/share/slambot_bringup//config/slambot_controllers.yaml
[1.315s] -- Installing: /home/eldry/devros_ws/install/slambot_bringup/share/ament_index/resource_index/package_run_dependencies/slambot_bringup
[1.315s] -- Installing: /home/eldry/devros_ws/install/slambot_bringup/share/ament_index/resource_index/parent_prefix_path/slambot_bringup
[1.315s] -- Installing: /home/eldry/devros_ws/install/slambot_bringup/share/slambot_bringup/environment/ament_prefix_path.sh
[1.315s] -- Installing: /home/eldry/devros_ws/install/slambot_bringup/share/slambot_bringup/environment/ament_prefix_path.dsv
[1.316s] -- Installing: /home/eldry/devros_ws/install/slambot_bringup/share/slambot_bringup/environment/path.sh
[1.316s] -- Installing: /home/eldry/devros_ws/install/slambot_bringup/share/slambot_bringup/environment/path.dsv
[1.316s] -- Installing: /home/eldry/devros_ws/install/slambot_bringup/share/slambot_bringup/local_setup.bash
[1.316s] -- Installing: /home/eldry/devros_ws/install/slambot_bringup/share/slambot_bringup/local_setup.sh
[1.316s] -- Installing: /home/eldry/devros_ws/install/slambot_bringup/share/slambot_bringup/local_setup.zsh
[1.316s] -- Installing: /home/eldry/devros_ws/install/slambot_bringup/share/slambot_bringup/local_setup.dsv
[1.316s] -- Installing: /home/eldry/devros_ws/install/slambot_bringup/share/slambot_bringup/package.dsv
[1.316s] -- Installing: /home/eldry/devros_ws/install/slambot_bringup/share/ament_index/resource_index/packages/slambot_bringup
[1.316s] -- Installing: /home/eldry/devros_ws/install/slambot_bringup/share/slambot_bringup/cmake/slambot_bringupConfig.cmake
[1.317s] -- Installing: /home/eldry/devros_ws/install/slambot_bringup/share/slambot_bringup/cmake/slambot_bringupConfig-version.cmake
[1.317s] -- Installing: /home/eldry/devros_ws/install/slambot_bringup/share/slambot_bringup/package.xml
[1.318s] Invoked command in '/home/eldry/devros_ws/build/slambot_bringup' returned '0': CMAKE_PREFIX_PATH=/home/eldry/devros_ws/install/slambot_description:/home/eldry/devros_ws/install/slambot_interfaces:/home/eldry/devros_ws/install/slambot_bringup:/home/eldry/devros_ws/src/install/slambot_bringup:/home/eldry/devros_ws/src/install/slambot_description:/opt/ros/jazzy/opt/gz_sim_vendor:/opt/ros/jazzy/opt/gz_sensors_vendor:/opt/ros/jazzy/opt/gz_physics_vendor:/opt/ros/jazzy/opt/sdformat_vendor:/opt/ros/jazzy/opt/gz_gui_vendor:/opt/ros/jazzy/opt/gz_transport_vendor:/opt/ros/jazzy/opt/gz_rendering_vendor:/opt/ros/jazzy/opt/gz_plugin_vendor:/opt/ros/jazzy/opt/gz_fuel_tools_vendor:/opt/ros/jazzy/opt/gz_msgs_vendor:/opt/ros/jazzy/opt/gz_common_vendor:/opt/ros/jazzy/opt/gz_math_vendor:/opt/ros/jazzy/opt/gz_utils_vendor:/opt/ros/jazzy/opt/gz_tools_vendor:/opt/ros/jazzy/opt/gz_ogre_next_vendor:/opt/ros/jazzy/opt/gz_dartsim_vendor:/opt/ros/jazzy/opt/gz_cmake_vendor:/opt/ros/jazzy DEBUGINFOD_URLS=https://debuginfod.ubuntu.com /usr/bin/cmake --install /home/eldry/devros_ws/build/slambot_bringup
