[0.198s] DEBUG:colcon:Command line arguments: ['/usr/bin/colcon', 'build', '--packages-select', 'slambot_description', 'slambot_bringup', 'slambot_interfaces']
[0.198s] DEBUG:colcon:Parsed command line arguments: Namespace(log_base=None, log_level=None, verb_name='build', build_base='build', install_base='install', merge_install=False, symlink_install=False, test_result_base=None, continue_on_error=False, executor='parallel', parallel_workers=4, event_handlers=None, ignore_user_meta=False, metas=['./colcon.meta'], base_paths=['.'], packages_ignore=None, packages_ignore_regex=None, paths=None, packages_up_to=None, packages_up_to_regex=None, packages_above=None, packages_above_and_dependencies=None, packages_above_depth=None, packages_select_by_dep=None, packages_skip_by_dep=None, packages_skip_up_to=None, packages_select_build_failed=False, packages_skip_build_finished=False, packages_select_test_failures=False, packages_skip_test_passed=False, packages_select=['slambot_description', 'slambot_bringup', 'slambot_interfaces'], packages_skip=None, packages_select_regex=None, packages_skip_regex=None, packages_start=None, packages_end=None, allow_overriding=[], cmake_args=None, cmake_target=None, cmake_target_skip_unavailable=False, cmake_clean_cache=False, cmake_clean_first=False, cmake_force_configure=False, ament_cmake_args=None, catkin_cmake_args=None, catkin_skip_building_tests=False, mixin_files=None, mixin=None, verb_parser=<colcon_mixin.mixin.mixin_argument.MixinArgumentDecorator object at 0x7594658acdd0>, verb_extension=<colcon_core.verb.build.BuildVerb object at 0x75946585b530>, main=<bound method BuildVerb.main of <colcon_core.verb.build.BuildVerb object at 0x75946585b530>>, mixin_verb=('build',))
[0.241s] Level 1:colcon.colcon_core.package_discovery:discover_packages(colcon_meta) check parameters
[0.241s] Level 1:colcon.colcon_core.package_discovery:discover_packages(recursive) check parameters
[0.241s] Level 1:colcon.colcon_core.package_discovery:discover_packages(ignore) check parameters
[0.241s] Level 1:colcon.colcon_core.package_discovery:discover_packages(path) check parameters
[0.241s] Level 1:colcon.colcon_core.package_discovery:discover_packages(colcon_meta) discover
[0.241s] Level 1:colcon.colcon_core.package_discovery:discover_packages(recursive) discover
[0.241s] INFO:colcon.colcon_core.package_discovery:Crawling recursively for packages in '/home/eldry/devros_ws'
[0.242s] Level 1:colcon.colcon_core.package_identification:_identify(.) by extensions ['ignore', 'ignore_ament_install']
[0.242s] Level 1:colcon.colcon_core.package_identification:_identify(.) by extension 'ignore'
[0.242s] Level 1:colcon.colcon_core.package_identification:_identify(.) by extension 'ignore_ament_install'
[0.242s] Level 1:colcon.colcon_core.package_identification:_identify(.) by extensions ['colcon_pkg']
[0.242s] Level 1:colcon.colcon_core.package_identification:_identify(.) by extension 'colcon_pkg'
[0.242s] Level 1:colcon.colcon_core.package_identification:_identify(.) by extensions ['colcon_meta']
[0.242s] Level 1:colcon.colcon_core.package_identification:_identify(.) by extension 'colcon_meta'
[0.242s] Level 1:colcon.colcon_core.package_identification:_identify(.) by extensions ['ros']
[0.242s] Level 1:colcon.colcon_core.package_identification:_identify(.) by extension 'ros'
[0.273s] Level 1:colcon.colcon_core.package_identification:_identify(.) by extensions ['cmake', 'python']
[0.273s] Level 1:colcon.colcon_core.package_identification:_identify(.) by extension 'cmake'
[0.273s] Level 1:colcon.colcon_core.package_identification:_identify(.) by extension 'python'
[0.273s] Level 1:colcon.colcon_core.package_identification:_identify(.) by extensions ['python_setup_py']
[0.273s] Level 1:colcon.colcon_core.package_identification:_identify(.) by extension 'python_setup_py'
[0.273s] Level 1:colcon.colcon_core.package_identification:_identify(build) by extensions ['ignore', 'ignore_ament_install']
[0.274s] Level 1:colcon.colcon_core.package_identification:_identify(build) by extension 'ignore'
[0.274s] Level 1:colcon.colcon_core.package_identification:_identify(build) ignored
[0.274s] Level 1:colcon.colcon_core.package_identification:_identify(install) by extensions ['ignore', 'ignore_ament_install']
[0.274s] Level 1:colcon.colcon_core.package_identification:_identify(install) by extension 'ignore'
[0.274s] Level 1:colcon.colcon_core.package_identification:_identify(install) ignored
[0.274s] Level 1:colcon.colcon_core.package_identification:_identify(log) by extensions ['ignore', 'ignore_ament_install']
[0.274s] Level 1:colcon.colcon_core.package_identification:_identify(log) by extension 'ignore'
[0.274s] Level 1:colcon.colcon_core.package_identification:_identify(log) ignored
[0.274s] Level 1:colcon.colcon_core.package_identification:_identify(src) by extensions ['ignore', 'ignore_ament_install']
[0.274s] Level 1:colcon.colcon_core.package_identification:_identify(src) by extension 'ignore'
[0.274s] Level 1:colcon.colcon_core.package_identification:_identify(src) by extension 'ignore_ament_install'
[0.274s] Level 1:colcon.colcon_core.package_identification:_identify(src) by extensions ['colcon_pkg']
[0.274s] Level 1:colcon.colcon_core.package_identification:_identify(src) by extension 'colcon_pkg'
[0.274s] Level 1:colcon.colcon_core.package_identification:_identify(src) by extensions ['colcon_meta']
[0.274s] Level 1:colcon.colcon_core.package_identification:_identify(src) by extension 'colcon_meta'
[0.274s] Level 1:colcon.colcon_core.package_identification:_identify(src) by extensions ['ros']
[0.274s] Level 1:colcon.colcon_core.package_identification:_identify(src) by extension 'ros'
[0.275s] Level 1:colcon.colcon_core.package_identification:_identify(src) by extensions ['cmake', 'python']
[0.275s] Level 1:colcon.colcon_core.package_identification:_identify(src) by extension 'cmake'
[0.275s] Level 1:colcon.colcon_core.package_identification:_identify(src) by extension 'python'
[0.275s] Level 1:colcon.colcon_core.package_identification:_identify(src) by extensions ['python_setup_py']
[0.275s] Level 1:colcon.colcon_core.package_identification:_identify(src) by extension 'python_setup_py'
[0.275s] Level 1:colcon.colcon_core.package_identification:_identify(src/slambot_bringup) by extensions ['ignore', 'ignore_ament_install']
[0.275s] Level 1:colcon.colcon_core.package_identification:_identify(src/slambot_bringup) by extension 'ignore'
[0.275s] Level 1:colcon.colcon_core.package_identification:_identify(src/slambot_bringup) by extension 'ignore_ament_install'
[0.275s] Level 1:colcon.colcon_core.package_identification:_identify(src/slambot_bringup) by extensions ['colcon_pkg']
[0.275s] Level 1:colcon.colcon_core.package_identification:_identify(src/slambot_bringup) by extension 'colcon_pkg'
[0.275s] Level 1:colcon.colcon_core.package_identification:_identify(src/slambot_bringup) by extensions ['colcon_meta']
[0.275s] Level 1:colcon.colcon_core.package_identification:_identify(src/slambot_bringup) by extension 'colcon_meta'
[0.275s] Level 1:colcon.colcon_core.package_identification:_identify(src/slambot_bringup) by extensions ['ros']
[0.275s] Level 1:colcon.colcon_core.package_identification:_identify(src/slambot_bringup) by extension 'ros'
[0.278s] DEBUG:colcon.colcon_core.package_identification:Package 'src/slambot_bringup' with type 'ros.ament_cmake' and name 'slambot_bringup'
[0.278s] Level 1:colcon.colcon_core.package_identification:_identify(src/slambot_description) by extensions ['ignore', 'ignore_ament_install']
[0.278s] Level 1:colcon.colcon_core.package_identification:_identify(src/slambot_description) by extension 'ignore'
[0.278s] Level 1:colcon.colcon_core.package_identification:_identify(src/slambot_description) by extension 'ignore_ament_install'
[0.278s] Level 1:colcon.colcon_core.package_identification:_identify(src/slambot_description) by extensions ['colcon_pkg']
[0.279s] Level 1:colcon.colcon_core.package_identification:_identify(src/slambot_description) by extension 'colcon_pkg'
[0.279s] Level 1:colcon.colcon_core.package_identification:_identify(src/slambot_description) by extensions ['colcon_meta']
[0.279s] Level 1:colcon.colcon_core.package_identification:_identify(src/slambot_description) by extension 'colcon_meta'
[0.279s] Level 1:colcon.colcon_core.package_identification:_identify(src/slambot_description) by extensions ['ros']
[0.279s] Level 1:colcon.colcon_core.package_identification:_identify(src/slambot_description) by extension 'ros'
[0.279s] DEBUG:colcon.colcon_core.package_identification:Package 'src/slambot_description' with type 'ros.ament_cmake' and name 'slambot_description'
[0.279s] Level 1:colcon.colcon_core.package_identification:_identify(src/slambot_hardware) by extensions ['ignore', 'ignore_ament_install']
[0.279s] Level 1:colcon.colcon_core.package_identification:_identify(src/slambot_hardware) by extension 'ignore'
[0.279s] Level 1:colcon.colcon_core.package_identification:_identify(src/slambot_hardware) by extension 'ignore_ament_install'
[0.279s] Level 1:colcon.colcon_core.package_identification:_identify(src/slambot_hardware) by extensions ['colcon_pkg']
[0.279s] Level 1:colcon.colcon_core.package_identification:_identify(src/slambot_hardware) by extension 'colcon_pkg'
[0.280s] Level 1:colcon.colcon_core.package_identification:_identify(src/slambot_hardware) by extensions ['colcon_meta']
[0.280s] Level 1:colcon.colcon_core.package_identification:_identify(src/slambot_hardware) by extension 'colcon_meta'
[0.280s] Level 1:colcon.colcon_core.package_identification:_identify(src/slambot_hardware) by extensions ['ros']
[0.280s] Level 1:colcon.colcon_core.package_identification:_identify(src/slambot_hardware) by extension 'ros'
[0.280s] DEBUG:colcon.colcon_core.package_identification:Package 'src/slambot_hardware' with type 'ros.ament_cmake' and name 'slambot_hardware'
[0.280s] Level 1:colcon.colcon_core.package_identification:_identify(src/slambot_interfaces) by extensions ['ignore', 'ignore_ament_install']
[0.280s] Level 1:colcon.colcon_core.package_identification:_identify(src/slambot_interfaces) by extension 'ignore'
[0.280s] Level 1:colcon.colcon_core.package_identification:_identify(src/slambot_interfaces) by extension 'ignore_ament_install'
[0.281s] Level 1:colcon.colcon_core.package_identification:_identify(src/slambot_interfaces) by extensions ['colcon_pkg']
[0.281s] Level 1:colcon.colcon_core.package_identification:_identify(src/slambot_interfaces) by extension 'colcon_pkg'
[0.281s] Level 1:colcon.colcon_core.package_identification:_identify(src/slambot_interfaces) by extensions ['colcon_meta']
[0.281s] Level 1:colcon.colcon_core.package_identification:_identify(src/slambot_interfaces) by extension 'colcon_meta'
[0.281s] Level 1:colcon.colcon_core.package_identification:_identify(src/slambot_interfaces) by extensions ['ros']
[0.281s] Level 1:colcon.colcon_core.package_identification:_identify(src/slambot_interfaces) by extension 'ros'
[0.281s] DEBUG:colcon.colcon_core.package_identification:Package 'src/slambot_interfaces' with type 'ros.ament_cmake' and name 'slambot_interfaces'
[0.281s] Level 1:colcon.colcon_core.package_discovery:discover_packages(recursive) using defaults
[0.281s] Level 1:colcon.colcon_core.package_discovery:discover_packages(ignore) discover
[0.281s] Level 1:colcon.colcon_core.package_discovery:discover_packages(ignore) using defaults
[0.281s] Level 1:colcon.colcon_core.package_discovery:discover_packages(path) discover
[0.281s] Level 1:colcon.colcon_core.package_discovery:discover_packages(path) using defaults
[0.301s] INFO:colcon.colcon_core.package_selection:Skipping not selected package 'slambot_hardware' in 'src/slambot_hardware'
[0.302s] Level 1:colcon.colcon_core.package_discovery:discover_packages(prefix_path) check parameters
[0.302s] Level 1:colcon.colcon_core.package_discovery:discover_packages(prefix_path) discover
[0.304s] WARNING:colcon.colcon_core.prefix_path.colcon:The path '/home/eldry/devros_ws/src/install' in the environment variable COLCON_PREFIX_PATH doesn't exist
[0.304s] WARNING:colcon.colcon_ros.prefix_path.ament:The path '/home/eldry/devros_ws/install/slambot_interfaces' in the environment variable AMENT_PREFIX_PATH doesn't exist
[0.304s] WARNING:colcon.colcon_ros.prefix_path.ament:The path '/home/eldry/devros_ws/install/slambot_bringup' in the environment variable AMENT_PREFIX_PATH doesn't exist
[0.304s] WARNING:colcon.colcon_ros.prefix_path.ament:The path '/home/eldry/devros_ws/install/slambot_description' in the environment variable AMENT_PREFIX_PATH doesn't exist
[0.305s] WARNING:colcon.colcon_ros.prefix_path.ament:The path '/home/eldry/devros_ws/src/install/slambot_bringup' in the environment variable AMENT_PREFIX_PATH doesn't exist
[0.305s] WARNING:colcon.colcon_ros.prefix_path.ament:The path '/home/eldry/devros_ws/src/install/slambot_description' in the environment variable AMENT_PREFIX_PATH doesn't exist
[0.305s] WARNING:colcon.colcon_ros.prefix_path.catkin:The path '/home/eldry/devros_ws/install/slambot_interfaces' in the environment variable CMAKE_PREFIX_PATH doesn't exist
[0.305s] WARNING:colcon.colcon_ros.prefix_path.catkin:The path '/home/eldry/devros_ws/install/slambot_bringup' in the environment variable CMAKE_PREFIX_PATH doesn't exist
[0.305s] WARNING:colcon.colcon_ros.prefix_path.catkin:The path '/home/eldry/devros_ws/install/slambot_description' in the environment variable CMAKE_PREFIX_PATH doesn't exist
[0.305s] WARNING:colcon.colcon_ros.prefix_path.catkin:The path '/home/eldry/devros_ws/src/install/slambot_bringup' in the environment variable CMAKE_PREFIX_PATH doesn't exist
[0.305s] WARNING:colcon.colcon_ros.prefix_path.catkin:The path '/home/eldry/devros_ws/src/install/slambot_description' in the environment variable CMAKE_PREFIX_PATH doesn't exist
[0.306s] DEBUG:colcon.colcon_installed_package_information.package_discovery:Found 0 installed packages in /home/eldry/devros_ws/install
[0.308s] DEBUG:colcon.colcon_installed_package_information.package_discovery:Found 374 installed packages in /opt/ros/jazzy
[0.309s] Level 1:colcon.colcon_core.package_discovery:discover_packages(prefix_path) using defaults
[0.365s] Level 5:colcon.colcon_core.verb:set package 'slambot_description' build argument 'cmake_args' from command line to 'None'
[0.366s] Level 5:colcon.colcon_core.verb:set package 'slambot_description' build argument 'cmake_target' from command line to 'None'
[0.366s] Level 5:colcon.colcon_core.verb:set package 'slambot_description' build argument 'cmake_target_skip_unavailable' from command line to 'False'
[0.366s] Level 5:colcon.colcon_core.verb:set package 'slambot_description' build argument 'cmake_clean_cache' from command line to 'False'
[0.366s] Level 5:colcon.colcon_core.verb:set package 'slambot_description' build argument 'cmake_clean_first' from command line to 'False'
[0.366s] Level 5:colcon.colcon_core.verb:set package 'slambot_description' build argument 'cmake_force_configure' from command line to 'False'
[0.366s] Level 5:colcon.colcon_core.verb:set package 'slambot_description' build argument 'ament_cmake_args' from command line to 'None'
[0.366s] Level 5:colcon.colcon_core.verb:set package 'slambot_description' build argument 'catkin_cmake_args' from command line to 'None'
[0.366s] Level 5:colcon.colcon_core.verb:set package 'slambot_description' build argument 'catkin_skip_building_tests' from command line to 'False'
[0.366s] DEBUG:colcon.colcon_core.verb:Building package 'slambot_description' with the following arguments: {'ament_cmake_args': None, 'build_base': '/home/eldry/devros_ws/build/slambot_description', 'catkin_cmake_args': None, 'catkin_skip_building_tests': False, 'cmake_args': None, 'cmake_clean_cache': False, 'cmake_clean_first': False, 'cmake_force_configure': False, 'cmake_target': None, 'cmake_target_skip_unavailable': False, 'install_base': '/home/eldry/devros_ws/install/slambot_description', 'merge_install': False, 'path': '/home/eldry/devros_ws/src/slambot_description', 'symlink_install': False, 'test_result_base': None}
[0.366s] Level 5:colcon.colcon_core.verb:set package 'slambot_interfaces' build argument 'cmake_args' from command line to 'None'
[0.366s] Level 5:colcon.colcon_core.verb:set package 'slambot_interfaces' build argument 'cmake_target' from command line to 'None'
[0.366s] Level 5:colcon.colcon_core.verb:set package 'slambot_interfaces' build argument 'cmake_target_skip_unavailable' from command line to 'False'
[0.366s] Level 5:colcon.colcon_core.verb:set package 'slambot_interfaces' build argument 'cmake_clean_cache' from command line to 'False'
[0.366s] Level 5:colcon.colcon_core.verb:set package 'slambot_interfaces' build argument 'cmake_clean_first' from command line to 'False'
[0.366s] Level 5:colcon.colcon_core.verb:set package 'slambot_interfaces' build argument 'cmake_force_configure' from command line to 'False'
[0.366s] Level 5:colcon.colcon_core.verb:set package 'slambot_interfaces' build argument 'ament_cmake_args' from command line to 'None'
[0.366s] Level 5:colcon.colcon_core.verb:set package 'slambot_interfaces' build argument 'catkin_cmake_args' from command line to 'None'
[0.366s] Level 5:colcon.colcon_core.verb:set package 'slambot_interfaces' build argument 'catkin_skip_building_tests' from command line to 'False'
[0.366s] DEBUG:colcon.colcon_core.verb:Building package 'slambot_interfaces' with the following arguments: {'ament_cmake_args': None, 'build_base': '/home/eldry/devros_ws/build/slambot_interfaces', 'catkin_cmake_args': None, 'catkin_skip_building_tests': False, 'cmake_args': None, 'cmake_clean_cache': False, 'cmake_clean_first': False, 'cmake_force_configure': False, 'cmake_target': None, 'cmake_target_skip_unavailable': False, 'install_base': '/home/eldry/devros_ws/install/slambot_interfaces', 'merge_install': False, 'path': '/home/eldry/devros_ws/src/slambot_interfaces', 'symlink_install': False, 'test_result_base': None}
[0.367s] Level 5:colcon.colcon_core.verb:set package 'slambot_bringup' build argument 'cmake_args' from command line to 'None'
[0.367s] Level 5:colcon.colcon_core.verb:set package 'slambot_bringup' build argument 'cmake_target' from command line to 'None'
[0.367s] Level 5:colcon.colcon_core.verb:set package 'slambot_bringup' build argument 'cmake_target_skip_unavailable' from command line to 'False'
[0.367s] Level 5:colcon.colcon_core.verb:set package 'slambot_bringup' build argument 'cmake_clean_cache' from command line to 'False'
[0.367s] Level 5:colcon.colcon_core.verb:set package 'slambot_bringup' build argument 'cmake_clean_first' from command line to 'False'
[0.367s] Level 5:colcon.colcon_core.verb:set package 'slambot_bringup' build argument 'cmake_force_configure' from command line to 'False'
[0.367s] Level 5:colcon.colcon_core.verb:set package 'slambot_bringup' build argument 'ament_cmake_args' from command line to 'None'
[0.367s] Level 5:colcon.colcon_core.verb:set package 'slambot_bringup' build argument 'catkin_cmake_args' from command line to 'None'
[0.367s] Level 5:colcon.colcon_core.verb:set package 'slambot_bringup' build argument 'catkin_skip_building_tests' from command line to 'False'
[0.367s] DEBUG:colcon.colcon_core.verb:Building package 'slambot_bringup' with the following arguments: {'ament_cmake_args': None, 'build_base': '/home/eldry/devros_ws/build/slambot_bringup', 'catkin_cmake_args': None, 'catkin_skip_building_tests': False, 'cmake_args': None, 'cmake_clean_cache': False, 'cmake_clean_first': False, 'cmake_force_configure': False, 'cmake_target': None, 'cmake_target_skip_unavailable': False, 'install_base': '/home/eldry/devros_ws/install/slambot_bringup', 'merge_install': False, 'path': '/home/eldry/devros_ws/src/slambot_bringup', 'symlink_install': False, 'test_result_base': None}
[0.367s] INFO:colcon.colcon_core.executor:Executing jobs using 'parallel' executor
[0.368s] DEBUG:colcon.colcon_parallel_executor.executor.parallel:run_until_complete
[0.368s] INFO:colcon.colcon_ros.task.ament_cmake.build:Building ROS package in '/home/eldry/devros_ws/src/slambot_description' with build type 'ament_cmake'
[0.368s] INFO:colcon.colcon_cmake.task.cmake.build:Building CMake package in '/home/eldry/devros_ws/src/slambot_description'
[0.375s] INFO:colcon.colcon_core.plugin_system:Skipping extension 'colcon_core.shell.bat': Not used on non-Windows systems
[0.375s] INFO:colcon.colcon_core.shell:Skip shell extension 'powershell' for command environment: Not usable outside of PowerShell
[0.375s] DEBUG:colcon.colcon_core.shell:Skip shell extension 'dsv' for command environment
[0.379s] INFO:colcon.colcon_ros.task.ament_cmake.build:Building ROS package in '/home/eldry/devros_ws/src/slambot_interfaces' with build type 'ament_cmake'
[0.379s] INFO:colcon.colcon_cmake.task.cmake.build:Building CMake package in '/home/eldry/devros_ws/src/slambot_interfaces'
[0.379s] INFO:colcon.colcon_core.shell:Skip shell extension 'powershell' for command environment: Not usable outside of PowerShell
[0.379s] DEBUG:colcon.colcon_core.shell:Skip shell extension 'dsv' for command environment
[0.386s] DEBUG:colcon.colcon_core.event_handler.log_command:Invoking command in '/home/eldry/devros_ws/build/slambot_description': CMAKE_PREFIX_PATH=${CMAKE_PREFIX_PATH}:/opt/ros/jazzy DEBUGINFOD_URLS=https://debuginfod.ubuntu.com /usr/bin/cmake /home/eldry/devros_ws/src/slambot_description -DCMAKE_INSTALL_PREFIX=/home/eldry/devros_ws/install/slambot_description
[0.389s] DEBUG:colcon.colcon_core.event_handler.log_command:Invoking command in '/home/eldry/devros_ws/build/slambot_interfaces': CMAKE_PREFIX_PATH=${CMAKE_PREFIX_PATH}:/opt/ros/jazzy DEBUGINFOD_URLS=https://debuginfod.ubuntu.com /usr/bin/cmake /home/eldry/devros_ws/src/slambot_interfaces -DCMAKE_INSTALL_PREFIX=/home/eldry/devros_ws/install/slambot_interfaces
[1.648s] DEBUG:colcon.colcon_core.event_handler.log_command:Invoked command in '/home/eldry/devros_ws/build/slambot_description' returned '0': CMAKE_PREFIX_PATH=${CMAKE_PREFIX_PATH}:/opt/ros/jazzy DEBUGINFOD_URLS=https://debuginfod.ubuntu.com /usr/bin/cmake /home/eldry/devros_ws/src/slambot_description -DCMAKE_INSTALL_PREFIX=/home/eldry/devros_ws/install/slambot_description
[1.650s] DEBUG:colcon.colcon_core.event_handler.log_command:Invoking command in '/home/eldry/devros_ws/build/slambot_description': CMAKE_PREFIX_PATH=${CMAKE_PREFIX_PATH}:/opt/ros/jazzy DEBUGINFOD_URLS=https://debuginfod.ubuntu.com /usr/bin/cmake --build /home/eldry/devros_ws/build/slambot_description -- -j4 -l4
[1.691s] DEBUG:colcon.colcon_core.event_handler.log_command:Invoked command in '/home/eldry/devros_ws/build/slambot_description' returned '0': CMAKE_PREFIX_PATH=${CMAKE_PREFIX_PATH}:/opt/ros/jazzy DEBUGINFOD_URLS=https://debuginfod.ubuntu.com /usr/bin/cmake --build /home/eldry/devros_ws/build/slambot_description -- -j4 -l4
[1.701s] DEBUG:colcon.colcon_core.event_handler.log_command:Invoking command in '/home/eldry/devros_ws/build/slambot_description': CMAKE_PREFIX_PATH=${CMAKE_PREFIX_PATH}:/opt/ros/jazzy DEBUGINFOD_URLS=https://debuginfod.ubuntu.com /usr/bin/cmake --install /home/eldry/devros_ws/build/slambot_description
[1.717s] Level 1:colcon.colcon_core.environment:create_environment_scripts_only(slambot_description)
[1.718s] DEBUG:colcon.colcon_core.event_handler.log_command:Invoked command in '/home/eldry/devros_ws/build/slambot_description' returned '0': CMAKE_PREFIX_PATH=${CMAKE_PREFIX_PATH}:/opt/ros/jazzy DEBUGINFOD_URLS=https://debuginfod.ubuntu.com /usr/bin/cmake --install /home/eldry/devros_ws/build/slambot_description
[1.723s] Level 1:colcon.colcon_core.environment:checking '/home/eldry/devros_ws/install/slambot_description' for CMake module files
[1.723s] Level 1:colcon.colcon_core.environment:checking '/home/eldry/devros_ws/install/slambot_description' for CMake config files
[1.723s] Level 1:colcon.colcon_core.shell:create_environment_hook('slambot_description', 'cmake_prefix_path')
[1.723s] INFO:colcon.colcon_core.shell:Creating environment hook '/home/eldry/devros_ws/install/slambot_description/share/slambot_description/hook/cmake_prefix_path.ps1'
[1.724s] INFO:colcon.colcon_core.shell:Creating environment descriptor '/home/eldry/devros_ws/install/slambot_description/share/slambot_description/hook/cmake_prefix_path.dsv'
[1.724s] INFO:colcon.colcon_core.shell:Creating environment hook '/home/eldry/devros_ws/install/slambot_description/share/slambot_description/hook/cmake_prefix_path.sh'
[1.725s] Level 1:colcon.colcon_core.environment:checking '/home/eldry/devros_ws/install/slambot_description/bin'
[1.725s] Level 1:colcon.colcon_core.environment:checking '/home/eldry/devros_ws/install/slambot_description/lib/pkgconfig/slambot_description.pc'
[1.725s] Level 1:colcon.colcon_core.environment:checking '/home/eldry/devros_ws/install/slambot_description/lib/python3.12/site-packages'
[1.726s] Level 1:colcon.colcon_core.environment:checking '/home/eldry/devros_ws/install/slambot_description/bin'
[1.726s] INFO:colcon.colcon_core.shell:Creating package script '/home/eldry/devros_ws/install/slambot_description/share/slambot_description/package.ps1'
[1.727s] INFO:colcon.colcon_core.shell:Creating package descriptor '/home/eldry/devros_ws/install/slambot_description/share/slambot_description/package.dsv'
[1.727s] INFO:colcon.colcon_core.shell:Creating package script '/home/eldry/devros_ws/install/slambot_description/share/slambot_description/package.sh'
[1.728s] INFO:colcon.colcon_core.shell:Creating package script '/home/eldry/devros_ws/install/slambot_description/share/slambot_description/package.bash'
[1.728s] INFO:colcon.colcon_core.shell:Creating package script '/home/eldry/devros_ws/install/slambot_description/share/slambot_description/package.zsh'
[1.729s] Level 1:colcon.colcon_core.environment:create_file_with_runtime_dependencies(/home/eldry/devros_ws/install/slambot_description/share/colcon-core/packages/slambot_description)
[1.730s] Level 1:colcon.colcon_core.environment:create_environment_scripts_only(slambot_description)
[1.730s] Level 1:colcon.colcon_core.environment:checking '/home/eldry/devros_ws/install/slambot_description' for CMake module files
[1.730s] Level 1:colcon.colcon_core.environment:checking '/home/eldry/devros_ws/install/slambot_description' for CMake config files
[1.731s] Level 1:colcon.colcon_core.shell:create_environment_hook('slambot_description', 'cmake_prefix_path')
[1.731s] INFO:colcon.colcon_core.shell:Creating environment hook '/home/eldry/devros_ws/install/slambot_description/share/slambot_description/hook/cmake_prefix_path.ps1'
[1.731s] INFO:colcon.colcon_core.shell:Creating environment descriptor '/home/eldry/devros_ws/install/slambot_description/share/slambot_description/hook/cmake_prefix_path.dsv'
[1.731s] INFO:colcon.colcon_core.shell:Creating environment hook '/home/eldry/devros_ws/install/slambot_description/share/slambot_description/hook/cmake_prefix_path.sh'
[1.732s] Level 1:colcon.colcon_core.environment:checking '/home/eldry/devros_ws/install/slambot_description/bin'
[1.732s] Level 1:colcon.colcon_core.environment:checking '/home/eldry/devros_ws/install/slambot_description/lib/pkgconfig/slambot_description.pc'
[1.732s] Level 1:colcon.colcon_core.environment:checking '/home/eldry/devros_ws/install/slambot_description/lib/python3.12/site-packages'
[1.732s] Level 1:colcon.colcon_core.environment:checking '/home/eldry/devros_ws/install/slambot_description/bin'
[1.733s] INFO:colcon.colcon_core.shell:Creating package script '/home/eldry/devros_ws/install/slambot_description/share/slambot_description/package.ps1'
[1.733s] INFO:colcon.colcon_core.shell:Creating package descriptor '/home/eldry/devros_ws/install/slambot_description/share/slambot_description/package.dsv'
[1.734s] INFO:colcon.colcon_core.shell:Creating package script '/home/eldry/devros_ws/install/slambot_description/share/slambot_description/package.sh'
[1.734s] INFO:colcon.colcon_core.shell:Creating package script '/home/eldry/devros_ws/install/slambot_description/share/slambot_description/package.bash'
[1.734s] INFO:colcon.colcon_core.shell:Creating package script '/home/eldry/devros_ws/install/slambot_description/share/slambot_description/package.zsh'
[1.735s] Level 1:colcon.colcon_core.environment:create_file_with_runtime_dependencies(/home/eldry/devros_ws/install/slambot_description/share/colcon-core/packages/slambot_description)
[1.735s] INFO:colcon.colcon_ros.task.ament_cmake.build:Building ROS package in '/home/eldry/devros_ws/src/slambot_bringup' with build type 'ament_cmake'
[1.735s] INFO:colcon.colcon_cmake.task.cmake.build:Building CMake package in '/home/eldry/devros_ws/src/slambot_bringup'
[1.735s] INFO:colcon.colcon_core.shell:Skip shell extension 'powershell' for command environment: Not usable outside of PowerShell
[1.736s] DEBUG:colcon.colcon_core.shell:Skip shell extension 'dsv' for command environment
[1.747s] DEBUG:colcon.colcon_core.event_handler.log_command:Invoking command in '/home/eldry/devros_ws/build/slambot_bringup': CMAKE_PREFIX_PATH=/home/eldry/devros_ws/install/slambot_description:/home/eldry/devros_ws/install/slambot_interfaces:/home/eldry/devros_ws/install/slambot_bringup:/home/eldry/devros_ws/src/install/slambot_bringup:/home/eldry/devros_ws/src/install/slambot_description:/opt/ros/jazzy/opt/gz_sim_vendor:/opt/ros/jazzy/opt/gz_sensors_vendor:/opt/ros/jazzy/opt/gz_physics_vendor:/opt/ros/jazzy/opt/sdformat_vendor:/opt/ros/jazzy/opt/gz_gui_vendor:/opt/ros/jazzy/opt/gz_transport_vendor:/opt/ros/jazzy/opt/gz_rendering_vendor:/opt/ros/jazzy/opt/gz_plugin_vendor:/opt/ros/jazzy/opt/gz_fuel_tools_vendor:/opt/ros/jazzy/opt/gz_msgs_vendor:/opt/ros/jazzy/opt/gz_common_vendor:/opt/ros/jazzy/opt/gz_math_vendor:/opt/ros/jazzy/opt/gz_utils_vendor:/opt/ros/jazzy/opt/gz_tools_vendor:/opt/ros/jazzy/opt/gz_ogre_next_vendor:/opt/ros/jazzy/opt/gz_dartsim_vendor:/opt/ros/jazzy/opt/gz_cmake_vendor:/opt/ros/jazzy DEBUGINFOD_URLS=https://debuginfod.ubuntu.com /usr/bin/cmake /home/eldry/devros_ws/src/slambot_bringup -DCMAKE_INSTALL_PREFIX=/home/eldry/devros_ws/install/slambot_bringup
[2.999s] DEBUG:colcon.colcon_core.event_handler.log_command:Invoked command in '/home/eldry/devros_ws/build/slambot_bringup' returned '0': CMAKE_PREFIX_PATH=/home/eldry/devros_ws/install/slambot_description:/home/eldry/devros_ws/install/slambot_interfaces:/home/eldry/devros_ws/install/slambot_bringup:/home/eldry/devros_ws/src/install/slambot_bringup:/home/eldry/devros_ws/src/install/slambot_description:/opt/ros/jazzy/opt/gz_sim_vendor:/opt/ros/jazzy/opt/gz_sensors_vendor:/opt/ros/jazzy/opt/gz_physics_vendor:/opt/ros/jazzy/opt/sdformat_vendor:/opt/ros/jazzy/opt/gz_gui_vendor:/opt/ros/jazzy/opt/gz_transport_vendor:/opt/ros/jazzy/opt/gz_rendering_vendor:/opt/ros/jazzy/opt/gz_plugin_vendor:/opt/ros/jazzy/opt/gz_fuel_tools_vendor:/opt/ros/jazzy/opt/gz_msgs_vendor:/opt/ros/jazzy/opt/gz_common_vendor:/opt/ros/jazzy/opt/gz_math_vendor:/opt/ros/jazzy/opt/gz_utils_vendor:/opt/ros/jazzy/opt/gz_tools_vendor:/opt/ros/jazzy/opt/gz_ogre_next_vendor:/opt/ros/jazzy/opt/gz_dartsim_vendor:/opt/ros/jazzy/opt/gz_cmake_vendor:/opt/ros/jazzy DEBUGINFOD_URLS=https://debuginfod.ubuntu.com /usr/bin/cmake /home/eldry/devros_ws/src/slambot_bringup -DCMAKE_INSTALL_PREFIX=/home/eldry/devros_ws/install/slambot_bringup
[3.000s] DEBUG:colcon.colcon_core.event_handler.log_command:Invoking command in '/home/eldry/devros_ws/build/slambot_bringup': CMAKE_PREFIX_PATH=/home/eldry/devros_ws/install/slambot_description:/home/eldry/devros_ws/install/slambot_interfaces:/home/eldry/devros_ws/install/slambot_bringup:/home/eldry/devros_ws/src/install/slambot_bringup:/home/eldry/devros_ws/src/install/slambot_description:/opt/ros/jazzy/opt/gz_sim_vendor:/opt/ros/jazzy/opt/gz_sensors_vendor:/opt/ros/jazzy/opt/gz_physics_vendor:/opt/ros/jazzy/opt/sdformat_vendor:/opt/ros/jazzy/opt/gz_gui_vendor:/opt/ros/jazzy/opt/gz_transport_vendor:/opt/ros/jazzy/opt/gz_rendering_vendor:/opt/ros/jazzy/opt/gz_plugin_vendor:/opt/ros/jazzy/opt/gz_fuel_tools_vendor:/opt/ros/jazzy/opt/gz_msgs_vendor:/opt/ros/jazzy/opt/gz_common_vendor:/opt/ros/jazzy/opt/gz_math_vendor:/opt/ros/jazzy/opt/gz_utils_vendor:/opt/ros/jazzy/opt/gz_tools_vendor:/opt/ros/jazzy/opt/gz_ogre_next_vendor:/opt/ros/jazzy/opt/gz_dartsim_vendor:/opt/ros/jazzy/opt/gz_cmake_vendor:/opt/ros/jazzy DEBUGINFOD_URLS=https://debuginfod.ubuntu.com /usr/bin/cmake --build /home/eldry/devros_ws/build/slambot_bringup -- -j4 -l4
[3.042s] DEBUG:colcon.colcon_core.event_handler.log_command:Invoked command in '/home/eldry/devros_ws/build/slambot_bringup' returned '0': CMAKE_PREFIX_PATH=/home/eldry/devros_ws/install/slambot_description:/home/eldry/devros_ws/install/slambot_interfaces:/home/eldry/devros_ws/install/slambot_bringup:/home/eldry/devros_ws/src/install/slambot_bringup:/home/eldry/devros_ws/src/install/slambot_description:/opt/ros/jazzy/opt/gz_sim_vendor:/opt/ros/jazzy/opt/gz_sensors_vendor:/opt/ros/jazzy/opt/gz_physics_vendor:/opt/ros/jazzy/opt/sdformat_vendor:/opt/ros/jazzy/opt/gz_gui_vendor:/opt/ros/jazzy/opt/gz_transport_vendor:/opt/ros/jazzy/opt/gz_rendering_vendor:/opt/ros/jazzy/opt/gz_plugin_vendor:/opt/ros/jazzy/opt/gz_fuel_tools_vendor:/opt/ros/jazzy/opt/gz_msgs_vendor:/opt/ros/jazzy/opt/gz_common_vendor:/opt/ros/jazzy/opt/gz_math_vendor:/opt/ros/jazzy/opt/gz_utils_vendor:/opt/ros/jazzy/opt/gz_tools_vendor:/opt/ros/jazzy/opt/gz_ogre_next_vendor:/opt/ros/jazzy/opt/gz_dartsim_vendor:/opt/ros/jazzy/opt/gz_cmake_vendor:/opt/ros/jazzy DEBUGINFOD_URLS=https://debuginfod.ubuntu.com /usr/bin/cmake --build /home/eldry/devros_ws/build/slambot_bringup -- -j4 -l4
[3.044s] DEBUG:colcon.colcon_core.event_handler.log_command:Invoking command in '/home/eldry/devros_ws/build/slambot_bringup': CMAKE_PREFIX_PATH=/home/eldry/devros_ws/install/slambot_description:/home/eldry/devros_ws/install/slambot_interfaces:/home/eldry/devros_ws/install/slambot_bringup:/home/eldry/devros_ws/src/install/slambot_bringup:/home/eldry/devros_ws/src/install/slambot_description:/opt/ros/jazzy/opt/gz_sim_vendor:/opt/ros/jazzy/opt/gz_sensors_vendor:/opt/ros/jazzy/opt/gz_physics_vendor:/opt/ros/jazzy/opt/sdformat_vendor:/opt/ros/jazzy/opt/gz_gui_vendor:/opt/ros/jazzy/opt/gz_transport_vendor:/opt/ros/jazzy/opt/gz_rendering_vendor:/opt/ros/jazzy/opt/gz_plugin_vendor:/opt/ros/jazzy/opt/gz_fuel_tools_vendor:/opt/ros/jazzy/opt/gz_msgs_vendor:/opt/ros/jazzy/opt/gz_common_vendor:/opt/ros/jazzy/opt/gz_math_vendor:/opt/ros/jazzy/opt/gz_utils_vendor:/opt/ros/jazzy/opt/gz_tools_vendor:/opt/ros/jazzy/opt/gz_ogre_next_vendor:/opt/ros/jazzy/opt/gz_dartsim_vendor:/opt/ros/jazzy/opt/gz_cmake_vendor:/opt/ros/jazzy DEBUGINFOD_URLS=https://debuginfod.ubuntu.com /usr/bin/cmake --install /home/eldry/devros_ws/build/slambot_bringup
[3.055s] Level 1:colcon.colcon_core.environment:create_environment_scripts_only(slambot_bringup)
[3.055s] Level 1:colcon.colcon_core.environment:checking '/home/eldry/devros_ws/install/slambot_bringup' for CMake module files
[3.055s] DEBUG:colcon.colcon_core.event_handler.log_command:Invoked command in '/home/eldry/devros_ws/build/slambot_bringup' returned '0': CMAKE_PREFIX_PATH=/home/eldry/devros_ws/install/slambot_description:/home/eldry/devros_ws/install/slambot_interfaces:/home/eldry/devros_ws/install/slambot_bringup:/home/eldry/devros_ws/src/install/slambot_bringup:/home/eldry/devros_ws/src/install/slambot_description:/opt/ros/jazzy/opt/gz_sim_vendor:/opt/ros/jazzy/opt/gz_sensors_vendor:/opt/ros/jazzy/opt/gz_physics_vendor:/opt/ros/jazzy/opt/sdformat_vendor:/opt/ros/jazzy/opt/gz_gui_vendor:/opt/ros/jazzy/opt/gz_transport_vendor:/opt/ros/jazzy/opt/gz_rendering_vendor:/opt/ros/jazzy/opt/gz_plugin_vendor:/opt/ros/jazzy/opt/gz_fuel_tools_vendor:/opt/ros/jazzy/opt/gz_msgs_vendor:/opt/ros/jazzy/opt/gz_common_vendor:/opt/ros/jazzy/opt/gz_math_vendor:/opt/ros/jazzy/opt/gz_utils_vendor:/opt/ros/jazzy/opt/gz_tools_vendor:/opt/ros/jazzy/opt/gz_ogre_next_vendor:/opt/ros/jazzy/opt/gz_dartsim_vendor:/opt/ros/jazzy/opt/gz_cmake_vendor:/opt/ros/jazzy DEBUGINFOD_URLS=https://debuginfod.ubuntu.com /usr/bin/cmake --install /home/eldry/devros_ws/build/slambot_bringup
[3.056s] Level 1:colcon.colcon_core.environment:checking '/home/eldry/devros_ws/install/slambot_bringup' for CMake config files
[3.056s] Level 1:colcon.colcon_core.shell:create_environment_hook('slambot_bringup', 'cmake_prefix_path')
[3.056s] INFO:colcon.colcon_core.shell:Creating environment hook '/home/eldry/devros_ws/install/slambot_bringup/share/slambot_bringup/hook/cmake_prefix_path.ps1'
[3.057s] INFO:colcon.colcon_core.shell:Creating environment descriptor '/home/eldry/devros_ws/install/slambot_bringup/share/slambot_bringup/hook/cmake_prefix_path.dsv'
[3.057s] INFO:colcon.colcon_core.shell:Creating environment hook '/home/eldry/devros_ws/install/slambot_bringup/share/slambot_bringup/hook/cmake_prefix_path.sh'
[3.057s] Level 1:colcon.colcon_core.environment:checking '/home/eldry/devros_ws/install/slambot_bringup/bin'
[3.057s] Level 1:colcon.colcon_core.environment:checking '/home/eldry/devros_ws/install/slambot_bringup/lib/pkgconfig/slambot_bringup.pc'
[3.058s] Level 1:colcon.colcon_core.environment:checking '/home/eldry/devros_ws/install/slambot_bringup/lib/python3.12/site-packages'
[3.058s] Level 1:colcon.colcon_core.environment:checking '/home/eldry/devros_ws/install/slambot_bringup/bin'
[3.058s] INFO:colcon.colcon_core.shell:Creating package script '/home/eldry/devros_ws/install/slambot_bringup/share/slambot_bringup/package.ps1'
[3.059s] INFO:colcon.colcon_core.shell:Creating package descriptor '/home/eldry/devros_ws/install/slambot_bringup/share/slambot_bringup/package.dsv'
[3.059s] INFO:colcon.colcon_core.shell:Creating package script '/home/eldry/devros_ws/install/slambot_bringup/share/slambot_bringup/package.sh'
[3.059s] INFO:colcon.colcon_core.shell:Creating package script '/home/eldry/devros_ws/install/slambot_bringup/share/slambot_bringup/package.bash'
[3.060s] INFO:colcon.colcon_core.shell:Creating package script '/home/eldry/devros_ws/install/slambot_bringup/share/slambot_bringup/package.zsh'
[3.060s] Level 1:colcon.colcon_core.environment:create_file_with_runtime_dependencies(/home/eldry/devros_ws/install/slambot_bringup/share/colcon-core/packages/slambot_bringup)
[3.060s] Level 1:colcon.colcon_core.environment:create_environment_scripts_only(slambot_bringup)
[3.060s] Level 1:colcon.colcon_core.environment:checking '/home/eldry/devros_ws/install/slambot_bringup' for CMake module files
[3.061s] Level 1:colcon.colcon_core.environment:checking '/home/eldry/devros_ws/install/slambot_bringup' for CMake config files
[3.061s] Level 1:colcon.colcon_core.shell:create_environment_hook('slambot_bringup', 'cmake_prefix_path')
[3.061s] INFO:colcon.colcon_core.shell:Creating environment hook '/home/eldry/devros_ws/install/slambot_bringup/share/slambot_bringup/hook/cmake_prefix_path.ps1'
[3.062s] INFO:colcon.colcon_core.shell:Creating environment descriptor '/home/eldry/devros_ws/install/slambot_bringup/share/slambot_bringup/hook/cmake_prefix_path.dsv'
[3.062s] INFO:colcon.colcon_core.shell:Creating environment hook '/home/eldry/devros_ws/install/slambot_bringup/share/slambot_bringup/hook/cmake_prefix_path.sh'
[3.062s] Level 1:colcon.colcon_core.environment:checking '/home/eldry/devros_ws/install/slambot_bringup/bin'
[3.063s] Level 1:colcon.colcon_core.environment:checking '/home/eldry/devros_ws/install/slambot_bringup/lib/pkgconfig/slambot_bringup.pc'
[3.063s] Level 1:colcon.colcon_core.environment:checking '/home/eldry/devros_ws/install/slambot_bringup/lib/python3.12/site-packages'
[3.063s] Level 1:colcon.colcon_core.environment:checking '/home/eldry/devros_ws/install/slambot_bringup/bin'
[3.063s] INFO:colcon.colcon_core.shell:Creating package script '/home/eldry/devros_ws/install/slambot_bringup/share/slambot_bringup/package.ps1'
[3.064s] INFO:colcon.colcon_core.shell:Creating package descriptor '/home/eldry/devros_ws/install/slambot_bringup/share/slambot_bringup/package.dsv'
[3.064s] INFO:colcon.colcon_core.shell:Creating package script '/home/eldry/devros_ws/install/slambot_bringup/share/slambot_bringup/package.sh'
[3.065s] INFO:colcon.colcon_core.shell:Creating package script '/home/eldry/devros_ws/install/slambot_bringup/share/slambot_bringup/package.bash'
[3.065s] INFO:colcon.colcon_core.shell:Creating package script '/home/eldry/devros_ws/install/slambot_bringup/share/slambot_bringup/package.zsh'
[3.065s] Level 1:colcon.colcon_core.environment:create_file_with_runtime_dependencies(/home/eldry/devros_ws/install/slambot_bringup/share/colcon-core/packages/slambot_bringup)
[4.163s] DEBUG:colcon.colcon_core.event_handler.log_command:Invoked command in '/home/eldry/devros_ws/build/slambot_interfaces' returned '0': CMAKE_PREFIX_PATH=${CMAKE_PREFIX_PATH}:/opt/ros/jazzy DEBUGINFOD_URLS=https://debuginfod.ubuntu.com /usr/bin/cmake /home/eldry/devros_ws/src/slambot_interfaces -DCMAKE_INSTALL_PREFIX=/home/eldry/devros_ws/install/slambot_interfaces
[4.164s] DEBUG:colcon.colcon_core.event_handler.log_command:Invoking command in '/home/eldry/devros_ws/build/slambot_interfaces': CMAKE_PREFIX_PATH=${CMAKE_PREFIX_PATH}:/opt/ros/jazzy DEBUGINFOD_URLS=https://debuginfod.ubuntu.com /usr/bin/cmake --build /home/eldry/devros_ws/build/slambot_interfaces -- -j4 -l4
[7.312s] DEBUG:colcon.colcon_core.event_handler.log_command:Invoked command in '/home/eldry/devros_ws/build/slambot_interfaces' returned '0': CMAKE_PREFIX_PATH=${CMAKE_PREFIX_PATH}:/opt/ros/jazzy DEBUGINFOD_URLS=https://debuginfod.ubuntu.com /usr/bin/cmake --build /home/eldry/devros_ws/build/slambot_interfaces -- -j4 -l4
[7.313s] DEBUG:colcon.colcon_core.event_handler.log_command:Invoking command in '/home/eldry/devros_ws/build/slambot_interfaces': CMAKE_PREFIX_PATH=${CMAKE_PREFIX_PATH}:/opt/ros/jazzy DEBUGINFOD_URLS=https://debuginfod.ubuntu.com /usr/bin/cmake --install /home/eldry/devros_ws/build/slambot_interfaces
[7.388s] Level 1:colcon.colcon_core.environment:create_environment_scripts_only(slambot_interfaces)
[7.389s] Level 1:colcon.colcon_core.environment:checking '/home/eldry/devros_ws/install/slambot_interfaces' for CMake module files
[7.389s] DEBUG:colcon.colcon_core.event_handler.log_command:Invoked command in '/home/eldry/devros_ws/build/slambot_interfaces' returned '0': CMAKE_PREFIX_PATH=${CMAKE_PREFIX_PATH}:/opt/ros/jazzy DEBUGINFOD_URLS=https://debuginfod.ubuntu.com /usr/bin/cmake --install /home/eldry/devros_ws/build/slambot_interfaces
[7.391s] Level 1:colcon.colcon_core.environment:checking '/home/eldry/devros_ws/install/slambot_interfaces' for CMake config files
[7.391s] Level 1:colcon.colcon_core.shell:create_environment_hook('slambot_interfaces', 'cmake_prefix_path')
[7.392s] INFO:colcon.colcon_core.shell:Creating environment hook '/home/eldry/devros_ws/install/slambot_interfaces/share/slambot_interfaces/hook/cmake_prefix_path.ps1'
[7.393s] INFO:colcon.colcon_core.shell:Creating environment descriptor '/home/eldry/devros_ws/install/slambot_interfaces/share/slambot_interfaces/hook/cmake_prefix_path.dsv'
[7.393s] INFO:colcon.colcon_core.shell:Creating environment hook '/home/eldry/devros_ws/install/slambot_interfaces/share/slambot_interfaces/hook/cmake_prefix_path.sh'
[7.394s] Level 1:colcon.colcon_core.environment:checking '/home/eldry/devros_ws/install/slambot_interfaces/lib'
[7.395s] Level 1:colcon.colcon_core.shell:create_environment_hook('slambot_interfaces', 'ld_library_path_lib')
[7.395s] INFO:colcon.colcon_core.shell:Creating environment hook '/home/eldry/devros_ws/install/slambot_interfaces/share/slambot_interfaces/hook/ld_library_path_lib.ps1'
[7.396s] INFO:colcon.colcon_core.shell:Creating environment descriptor '/home/eldry/devros_ws/install/slambot_interfaces/share/slambot_interfaces/hook/ld_library_path_lib.dsv'
[7.397s] INFO:colcon.colcon_core.shell:Creating environment hook '/home/eldry/devros_ws/install/slambot_interfaces/share/slambot_interfaces/hook/ld_library_path_lib.sh'
[7.397s] Level 1:colcon.colcon_core.environment:checking '/home/eldry/devros_ws/install/slambot_interfaces/bin'
[7.397s] Level 1:colcon.colcon_core.environment:checking '/home/eldry/devros_ws/install/slambot_interfaces/lib/pkgconfig/slambot_interfaces.pc'
[7.398s] Level 1:colcon.colcon_core.environment:checking '/home/eldry/devros_ws/install/slambot_interfaces/lib/python3.12/site-packages'
[7.398s] Level 1:colcon.colcon_core.shell:create_environment_hook('slambot_interfaces', 'pythonpath')
[7.399s] INFO:colcon.colcon_core.shell:Creating environment hook '/home/eldry/devros_ws/install/slambot_interfaces/share/slambot_interfaces/hook/pythonpath.ps1'
[7.399s] INFO:colcon.colcon_core.shell:Creating environment descriptor '/home/eldry/devros_ws/install/slambot_interfaces/share/slambot_interfaces/hook/pythonpath.dsv'
[7.400s] INFO:colcon.colcon_core.shell:Creating environment hook '/home/eldry/devros_ws/install/slambot_interfaces/share/slambot_interfaces/hook/pythonpath.sh'
[7.401s] Level 1:colcon.colcon_core.environment:checking '/home/eldry/devros_ws/install/slambot_interfaces/bin'
[7.402s] INFO:colcon.colcon_core.shell:Creating package script '/home/eldry/devros_ws/install/slambot_interfaces/share/slambot_interfaces/package.ps1'
[7.403s] INFO:colcon.colcon_core.shell:Creating package descriptor '/home/eldry/devros_ws/install/slambot_interfaces/share/slambot_interfaces/package.dsv'
[7.405s] INFO:colcon.colcon_core.shell:Creating package script '/home/eldry/devros_ws/install/slambot_interfaces/share/slambot_interfaces/package.sh'
[7.406s] INFO:colcon.colcon_core.shell:Creating package script '/home/eldry/devros_ws/install/slambot_interfaces/share/slambot_interfaces/package.bash'
[7.406s] INFO:colcon.colcon_core.shell:Creating package script '/home/eldry/devros_ws/install/slambot_interfaces/share/slambot_interfaces/package.zsh'
[7.407s] Level 1:colcon.colcon_core.environment:create_file_with_runtime_dependencies(/home/eldry/devros_ws/install/slambot_interfaces/share/colcon-core/packages/slambot_interfaces)
[7.408s] Level 1:colcon.colcon_core.environment:create_environment_scripts_only(slambot_interfaces)
[7.409s] Level 1:colcon.colcon_core.environment:checking '/home/eldry/devros_ws/install/slambot_interfaces' for CMake module files
[7.411s] Level 1:colcon.colcon_core.environment:checking '/home/eldry/devros_ws/install/slambot_interfaces' for CMake config files
[7.411s] Level 1:colcon.colcon_core.shell:create_environment_hook('slambot_interfaces', 'cmake_prefix_path')
[7.412s] INFO:colcon.colcon_core.shell:Creating environment hook '/home/eldry/devros_ws/install/slambot_interfaces/share/slambot_interfaces/hook/cmake_prefix_path.ps1'
[7.413s] INFO:colcon.colcon_core.shell:Creating environment descriptor '/home/eldry/devros_ws/install/slambot_interfaces/share/slambot_interfaces/hook/cmake_prefix_path.dsv'
[7.413s] INFO:colcon.colcon_core.shell:Creating environment hook '/home/eldry/devros_ws/install/slambot_interfaces/share/slambot_interfaces/hook/cmake_prefix_path.sh'
[7.415s] Level 1:colcon.colcon_core.environment:checking '/home/eldry/devros_ws/install/slambot_interfaces/lib'
[7.415s] Level 1:colcon.colcon_core.shell:create_environment_hook('slambot_interfaces', 'ld_library_path_lib')
[7.415s] INFO:colcon.colcon_core.shell:Creating environment hook '/home/eldry/devros_ws/install/slambot_interfaces/share/slambot_interfaces/hook/ld_library_path_lib.ps1'
[7.416s] INFO:colcon.colcon_core.shell:Creating environment descriptor '/home/eldry/devros_ws/install/slambot_interfaces/share/slambot_interfaces/hook/ld_library_path_lib.dsv'
[7.417s] INFO:colcon.colcon_core.shell:Creating environment hook '/home/eldry/devros_ws/install/slambot_interfaces/share/slambot_interfaces/hook/ld_library_path_lib.sh'
[7.418s] Level 1:colcon.colcon_core.environment:checking '/home/eldry/devros_ws/install/slambot_interfaces/bin'
[7.418s] Level 1:colcon.colcon_core.environment:checking '/home/eldry/devros_ws/install/slambot_interfaces/lib/pkgconfig/slambot_interfaces.pc'
[7.419s] Level 1:colcon.colcon_core.environment:checking '/home/eldry/devros_ws/install/slambot_interfaces/lib/python3.12/site-packages'
[7.419s] Level 1:colcon.colcon_core.shell:create_environment_hook('slambot_interfaces', 'pythonpath')
[7.419s] INFO:colcon.colcon_core.shell:Creating environment hook '/home/eldry/devros_ws/install/slambot_interfaces/share/slambot_interfaces/hook/pythonpath.ps1'
[7.420s] INFO:colcon.colcon_core.shell:Creating environment descriptor '/home/eldry/devros_ws/install/slambot_interfaces/share/slambot_interfaces/hook/pythonpath.dsv'
[7.421s] INFO:colcon.colcon_core.shell:Creating environment hook '/home/eldry/devros_ws/install/slambot_interfaces/share/slambot_interfaces/hook/pythonpath.sh'
[7.422s] Level 1:colcon.colcon_core.environment:checking '/home/eldry/devros_ws/install/slambot_interfaces/bin'
[7.423s] INFO:colcon.colcon_core.shell:Creating package script '/home/eldry/devros_ws/install/slambot_interfaces/share/slambot_interfaces/package.ps1'
[7.425s] INFO:colcon.colcon_core.shell:Creating package descriptor '/home/eldry/devros_ws/install/slambot_interfaces/share/slambot_interfaces/package.dsv'
[7.426s] INFO:colcon.colcon_core.shell:Creating package script '/home/eldry/devros_ws/install/slambot_interfaces/share/slambot_interfaces/package.sh'
[7.427s] INFO:colcon.colcon_core.shell:Creating package script '/home/eldry/devros_ws/install/slambot_interfaces/share/slambot_interfaces/package.bash'
[7.428s] INFO:colcon.colcon_core.shell:Creating package script '/home/eldry/devros_ws/install/slambot_interfaces/share/slambot_interfaces/package.zsh'
[7.429s] Level 1:colcon.colcon_core.environment:create_file_with_runtime_dependencies(/home/eldry/devros_ws/install/slambot_interfaces/share/colcon-core/packages/slambot_interfaces)
[7.430s] DEBUG:colcon.colcon_parallel_executor.executor.parallel:closing loop
[7.430s] DEBUG:colcon.colcon_parallel_executor.executor.parallel:loop closed
[7.431s] DEBUG:colcon.colcon_parallel_executor.executor.parallel:run_until_complete finished with '0'
[7.431s] DEBUG:colcon.colcon_core.event_reactor:joining thread
[7.443s] INFO:colcon.colcon_core.plugin_system:Skipping extension 'colcon_notification.desktop_notification.terminal_notifier': Not used on non-Darwin systems
[7.443s] INFO:colcon.colcon_core.plugin_system:Skipping extension 'colcon_notification.desktop_notification.win32': Not used on non-Windows systems
[7.443s] INFO:colcon.colcon_notification.desktop_notification:Sending desktop notification using 'notify2'
[7.476s] DEBUG:colcon.colcon_core.event_reactor:joined thread
[7.476s] INFO:colcon.colcon_core.shell:Creating prefix script '/home/eldry/devros_ws/install/local_setup.ps1'
[7.477s] INFO:colcon.colcon_core.shell:Creating prefix util module '/home/eldry/devros_ws/install/_local_setup_util_ps1.py'
[7.479s] INFO:colcon.colcon_core.shell:Creating prefix chain script '/home/eldry/devros_ws/install/setup.ps1'
[7.480s] INFO:colcon.colcon_core.shell:Creating prefix script '/home/eldry/devros_ws/install/local_setup.sh'
[7.481s] INFO:colcon.colcon_core.shell:Creating prefix util module '/home/eldry/devros_ws/install/_local_setup_util_sh.py'
[7.481s] INFO:colcon.colcon_core.shell:Creating prefix chain script '/home/eldry/devros_ws/install/setup.sh'
[7.483s] INFO:colcon.colcon_core.shell:Creating prefix script '/home/eldry/devros_ws/install/local_setup.bash'
[7.483s] INFO:colcon.colcon_core.shell:Creating prefix chain script '/home/eldry/devros_ws/install/setup.bash'
[7.484s] INFO:colcon.colcon_core.shell:Creating prefix script '/home/eldry/devros_ws/install/local_setup.zsh'
[7.485s] INFO:colcon.colcon_core.shell:Creating prefix chain script '/home/eldry/devros_ws/install/setup.zsh'
