[0.418s] DEBUG:colcon:Command line arguments: ['/usr/bin/colcon', 'build']
[0.419s] DEBUG:colcon:Parsed command line arguments: Namespace(log_base=None, log_level=None, verb_name='build', build_base='build', install_base='install', merge_install=False, symlink_install=False, test_result_base=None, continue_on_error=False, executor='parallel', parallel_workers=4, event_handlers=None, ignore_user_meta=False, metas=['./colcon.meta'], base_paths=['.'], packages_ignore=None, packages_ignore_regex=None, paths=None, packages_up_to=None, packages_up_to_regex=None, packages_above=None, packages_above_and_dependencies=None, packages_above_depth=None, packages_select_by_dep=None, packages_skip_by_dep=None, packages_skip_up_to=None, packages_select_build_failed=False, packages_skip_build_finished=False, packages_select_test_failures=False, packages_skip_test_passed=False, packages_select=None, packages_skip=None, packages_select_regex=None, packages_skip_regex=None, packages_start=None, packages_end=None, allow_overriding=[], cmake_args=None, cmake_target=None, cmake_target_skip_unavailable=False, cmake_clean_cache=False, cmake_clean_first=False, cmake_force_configure=False, ament_cmake_args=None, catkin_cmake_args=None, catkin_skip_building_tests=False, mixin_files=None, mixin=None, verb_parser=<colcon_mixin.mixin.mixin_argument.MixinArgumentDecorator object at 0x7b5e0b6b0bf0>, verb_extension=<colcon_core.verb.build.BuildVerb object at 0x7b5e0b65f620>, main=<bound method BuildVerb.main of <colcon_core.verb.build.BuildVerb object at 0x7b5e0b65f620>>, mixin_verb=('build',))
[0.495s] Level 1:colcon.colcon_core.package_discovery:discover_packages(colcon_meta) check parameters
[0.495s] Level 1:colcon.colcon_core.package_discovery:discover_packages(recursive) check parameters
[0.495s] Level 1:colcon.colcon_core.package_discovery:discover_packages(ignore) check parameters
[0.495s] Level 1:colcon.colcon_core.package_discovery:discover_packages(path) check parameters
[0.495s] Level 1:colcon.colcon_core.package_discovery:discover_packages(colcon_meta) discover
[0.495s] Level 1:colcon.colcon_core.package_discovery:discover_packages(recursive) discover
[0.495s] INFO:colcon.colcon_core.package_discovery:Crawling recursively for packages in '/home/eldry/devros_ws'
[0.495s] Level 1:colcon.colcon_core.package_identification:_identify(.) by extensions ['ignore', 'ignore_ament_install']
[0.496s] Level 1:colcon.colcon_core.package_identification:_identify(.) by extension 'ignore'
[0.496s] Level 1:colcon.colcon_core.package_identification:_identify(.) by extension 'ignore_ament_install'
[0.496s] Level 1:colcon.colcon_core.package_identification:_identify(.) by extensions ['colcon_pkg']
[0.496s] Level 1:colcon.colcon_core.package_identification:_identify(.) by extension 'colcon_pkg'
[0.496s] Level 1:colcon.colcon_core.package_identification:_identify(.) by extensions ['colcon_meta']
[0.496s] Level 1:colcon.colcon_core.package_identification:_identify(.) by extension 'colcon_meta'
[0.496s] Level 1:colcon.colcon_core.package_identification:_identify(.) by extensions ['ros']
[0.496s] Level 1:colcon.colcon_core.package_identification:_identify(.) by extension 'ros'
[0.535s] Level 1:colcon.colcon_core.package_identification:_identify(.) by extensions ['cmake', 'python']
[0.535s] Level 1:colcon.colcon_core.package_identification:_identify(.) by extension 'cmake'
[0.535s] Level 1:colcon.colcon_core.package_identification:_identify(.) by extension 'python'
[0.535s] Level 1:colcon.colcon_core.package_identification:_identify(.) by extensions ['python_setup_py']
[0.535s] Level 1:colcon.colcon_core.package_identification:_identify(.) by extension 'python_setup_py'
[0.535s] Level 1:colcon.colcon_core.package_identification:_identify(build) by extensions ['ignore', 'ignore_ament_install']
[0.535s] Level 1:colcon.colcon_core.package_identification:_identify(build) by extension 'ignore'
[0.535s] Level 1:colcon.colcon_core.package_identification:_identify(build) ignored
[0.536s] Level 1:colcon.colcon_core.package_identification:_identify(install) by extensions ['ignore', 'ignore_ament_install']
[0.536s] Level 1:colcon.colcon_core.package_identification:_identify(install) by extension 'ignore'
[0.536s] Level 1:colcon.colcon_core.package_identification:_identify(install) ignored
[0.536s] Level 1:colcon.colcon_core.package_identification:_identify(log) by extensions ['ignore', 'ignore_ament_install']
[0.536s] Level 1:colcon.colcon_core.package_identification:_identify(log) by extension 'ignore'
[0.536s] Level 1:colcon.colcon_core.package_identification:_identify(log) ignored
[0.536s] Level 1:colcon.colcon_core.package_identification:_identify(src) by extensions ['ignore', 'ignore_ament_install']
[0.536s] Level 1:colcon.colcon_core.package_identification:_identify(src) by extension 'ignore'
[0.536s] Level 1:colcon.colcon_core.package_identification:_identify(src) by extension 'ignore_ament_install'
[0.536s] Level 1:colcon.colcon_core.package_identification:_identify(src) by extensions ['colcon_pkg']
[0.536s] Level 1:colcon.colcon_core.package_identification:_identify(src) by extension 'colcon_pkg'
[0.536s] Level 1:colcon.colcon_core.package_identification:_identify(src) by extensions ['colcon_meta']
[0.536s] Level 1:colcon.colcon_core.package_identification:_identify(src) by extension 'colcon_meta'
[0.536s] Level 1:colcon.colcon_core.package_identification:_identify(src) by extensions ['ros']
[0.536s] Level 1:colcon.colcon_core.package_identification:_identify(src) by extension 'ros'
[0.536s] Level 1:colcon.colcon_core.package_identification:_identify(src) by extensions ['cmake', 'python']
[0.536s] Level 1:colcon.colcon_core.package_identification:_identify(src) by extension 'cmake'
[0.537s] Level 1:colcon.colcon_core.package_identification:_identify(src) by extension 'python'
[0.537s] Level 1:colcon.colcon_core.package_identification:_identify(src) by extensions ['python_setup_py']
[0.537s] Level 1:colcon.colcon_core.package_identification:_identify(src) by extension 'python_setup_py'
[0.537s] Level 1:colcon.colcon_core.package_identification:_identify(src/slambot_bringup) by extensions ['ignore', 'ignore_ament_install']
[0.537s] Level 1:colcon.colcon_core.package_identification:_identify(src/slambot_bringup) by extension 'ignore'
[0.537s] Level 1:colcon.colcon_core.package_identification:_identify(src/slambot_bringup) by extension 'ignore_ament_install'
[0.537s] Level 1:colcon.colcon_core.package_identification:_identify(src/slambot_bringup) by extensions ['colcon_pkg']
[0.537s] Level 1:colcon.colcon_core.package_identification:_identify(src/slambot_bringup) by extension 'colcon_pkg'
[0.537s] Level 1:colcon.colcon_core.package_identification:_identify(src/slambot_bringup) by extensions ['colcon_meta']
[0.537s] Level 1:colcon.colcon_core.package_identification:_identify(src/slambot_bringup) by extension 'colcon_meta'
[0.537s] Level 1:colcon.colcon_core.package_identification:_identify(src/slambot_bringup) by extensions ['ros']
[0.537s] Level 1:colcon.colcon_core.package_identification:_identify(src/slambot_bringup) by extension 'ros'
[0.541s] DEBUG:colcon.colcon_core.package_identification:Package 'src/slambot_bringup' with type 'ros.ament_cmake' and name 'slambot_bringup'
[0.541s] Level 1:colcon.colcon_core.package_identification:_identify(src/slambot_description) by extensions ['ignore', 'ignore_ament_install']
[0.541s] Level 1:colcon.colcon_core.package_identification:_identify(src/slambot_description) by extension 'ignore'
[0.542s] Level 1:colcon.colcon_core.package_identification:_identify(src/slambot_description) by extension 'ignore_ament_install'
[0.542s] Level 1:colcon.colcon_core.package_identification:_identify(src/slambot_description) by extensions ['colcon_pkg']
[0.542s] Level 1:colcon.colcon_core.package_identification:_identify(src/slambot_description) by extension 'colcon_pkg'
[0.542s] Level 1:colcon.colcon_core.package_identification:_identify(src/slambot_description) by extensions ['colcon_meta']
[0.542s] Level 1:colcon.colcon_core.package_identification:_identify(src/slambot_description) by extension 'colcon_meta'
[0.542s] Level 1:colcon.colcon_core.package_identification:_identify(src/slambot_description) by extensions ['ros']
[0.542s] Level 1:colcon.colcon_core.package_identification:_identify(src/slambot_description) by extension 'ros'
[0.543s] DEBUG:colcon.colcon_core.package_identification:Package 'src/slambot_description' with type 'ros.ament_cmake' and name 'slambot_description'
[0.543s] Level 1:colcon.colcon_core.package_identification:_identify(src/slambot_hardware) by extensions ['ignore', 'ignore_ament_install']
[0.543s] Level 1:colcon.colcon_core.package_identification:_identify(src/slambot_hardware) by extension 'ignore'
[0.543s] Level 1:colcon.colcon_core.package_identification:_identify(src/slambot_hardware) by extension 'ignore_ament_install'
[0.543s] Level 1:colcon.colcon_core.package_identification:_identify(src/slambot_hardware) by extensions ['colcon_pkg']
[0.543s] Level 1:colcon.colcon_core.package_identification:_identify(src/slambot_hardware) by extension 'colcon_pkg'
[0.543s] Level 1:colcon.colcon_core.package_identification:_identify(src/slambot_hardware) by extensions ['colcon_meta']
[0.543s] Level 1:colcon.colcon_core.package_identification:_identify(src/slambot_hardware) by extension 'colcon_meta'
[0.543s] Level 1:colcon.colcon_core.package_identification:_identify(src/slambot_hardware) by extensions ['ros']
[0.543s] Level 1:colcon.colcon_core.package_identification:_identify(src/slambot_hardware) by extension 'ros'
[0.544s] DEBUG:colcon.colcon_core.package_identification:Package 'src/slambot_hardware' with type 'ros.ament_cmake' and name 'slambot_hardware'
[0.544s] Level 1:colcon.colcon_core.package_identification:_identify(src/slambot_interfaces) by extensions ['ignore', 'ignore_ament_install']
[0.544s] Level 1:colcon.colcon_core.package_identification:_identify(src/slambot_interfaces) by extension 'ignore'
[0.544s] Level 1:colcon.colcon_core.package_identification:_identify(src/slambot_interfaces) by extension 'ignore_ament_install'
[0.544s] Level 1:colcon.colcon_core.package_identification:_identify(src/slambot_interfaces) by extensions ['colcon_pkg']
[0.544s] Level 1:colcon.colcon_core.package_identification:_identify(src/slambot_interfaces) by extension 'colcon_pkg'
[0.544s] Level 1:colcon.colcon_core.package_identification:_identify(src/slambot_interfaces) by extensions ['colcon_meta']
[0.544s] Level 1:colcon.colcon_core.package_identification:_identify(src/slambot_interfaces) by extension 'colcon_meta'
[0.544s] Level 1:colcon.colcon_core.package_identification:_identify(src/slambot_interfaces) by extensions ['ros']
[0.544s] Level 1:colcon.colcon_core.package_identification:_identify(src/slambot_interfaces) by extension 'ros'
[0.545s] DEBUG:colcon.colcon_core.package_identification:Package 'src/slambot_interfaces' with type 'ros.ament_cmake' and name 'slambot_interfaces'
[0.545s] Level 1:colcon.colcon_core.package_discovery:discover_packages(recursive) using defaults
[0.545s] Level 1:colcon.colcon_core.package_discovery:discover_packages(ignore) discover
[0.545s] Level 1:colcon.colcon_core.package_discovery:discover_packages(ignore) using defaults
[0.545s] Level 1:colcon.colcon_core.package_discovery:discover_packages(path) discover
[0.545s] Level 1:colcon.colcon_core.package_discovery:discover_packages(path) using defaults
[0.574s] Level 1:colcon.colcon_core.package_discovery:discover_packages(prefix_path) check parameters
[0.574s] Level 1:colcon.colcon_core.package_discovery:discover_packages(prefix_path) discover
[0.579s] DEBUG:colcon.colcon_installed_package_information.package_discovery:Found 3 installed packages in /home/eldry/devros_ws/install
[0.580s] DEBUG:colcon.colcon_installed_package_information.package_discovery:Found 3 installed packages in /home/eldry/dv_ws/install
[0.582s] DEBUG:colcon.colcon_installed_package_information.package_discovery:Found 374 installed packages in /opt/ros/jazzy
[0.583s] Level 1:colcon.colcon_core.package_discovery:discover_packages(prefix_path) using defaults
[0.647s] Level 5:colcon.colcon_core.verb:set package 'slambot_description' build argument 'cmake_args' from command line to 'None'
[0.647s] Level 5:colcon.colcon_core.verb:set package 'slambot_description' build argument 'cmake_target' from command line to 'None'
[0.647s] Level 5:colcon.colcon_core.verb:set package 'slambot_description' build argument 'cmake_target_skip_unavailable' from command line to 'False'
[0.647s] Level 5:colcon.colcon_core.verb:set package 'slambot_description' build argument 'cmake_clean_cache' from command line to 'False'
[0.647s] Level 5:colcon.colcon_core.verb:set package 'slambot_description' build argument 'cmake_clean_first' from command line to 'False'
[0.647s] Level 5:colcon.colcon_core.verb:set package 'slambot_description' build argument 'cmake_force_configure' from command line to 'False'
[0.647s] Level 5:colcon.colcon_core.verb:set package 'slambot_description' build argument 'ament_cmake_args' from command line to 'None'
[0.647s] Level 5:colcon.colcon_core.verb:set package 'slambot_description' build argument 'catkin_cmake_args' from command line to 'None'
[0.647s] Level 5:colcon.colcon_core.verb:set package 'slambot_description' build argument 'catkin_skip_building_tests' from command line to 'False'
[0.647s] DEBUG:colcon.colcon_core.verb:Building package 'slambot_description' with the following arguments: {'ament_cmake_args': None, 'build_base': '/home/eldry/devros_ws/build/slambot_description', 'catkin_cmake_args': None, 'catkin_skip_building_tests': False, 'cmake_args': None, 'cmake_clean_cache': False, 'cmake_clean_first': False, 'cmake_force_configure': False, 'cmake_target': None, 'cmake_target_skip_unavailable': False, 'install_base': '/home/eldry/devros_ws/install/slambot_description', 'merge_install': False, 'path': '/home/eldry/devros_ws/src/slambot_description', 'symlink_install': False, 'test_result_base': None}
[0.647s] Level 5:colcon.colcon_core.verb:set package 'slambot_hardware' build argument 'cmake_args' from command line to 'None'
[0.647s] Level 5:colcon.colcon_core.verb:set package 'slambot_hardware' build argument 'cmake_target' from command line to 'None'
[0.647s] Level 5:colcon.colcon_core.verb:set package 'slambot_hardware' build argument 'cmake_target_skip_unavailable' from command line to 'False'
[0.648s] Level 5:colcon.colcon_core.verb:set package 'slambot_hardware' build argument 'cmake_clean_cache' from command line to 'False'
[0.648s] Level 5:colcon.colcon_core.verb:set package 'slambot_hardware' build argument 'cmake_clean_first' from command line to 'False'
[0.648s] Level 5:colcon.colcon_core.verb:set package 'slambot_hardware' build argument 'cmake_force_configure' from command line to 'False'
[0.648s] Level 5:colcon.colcon_core.verb:set package 'slambot_hardware' build argument 'ament_cmake_args' from command line to 'None'
[0.648s] Level 5:colcon.colcon_core.verb:set package 'slambot_hardware' build argument 'catkin_cmake_args' from command line to 'None'
[0.648s] Level 5:colcon.colcon_core.verb:set package 'slambot_hardware' build argument 'catkin_skip_building_tests' from command line to 'False'
[0.648s] DEBUG:colcon.colcon_core.verb:Building package 'slambot_hardware' with the following arguments: {'ament_cmake_args': None, 'build_base': '/home/eldry/devros_ws/build/slambot_hardware', 'catkin_cmake_args': None, 'catkin_skip_building_tests': False, 'cmake_args': None, 'cmake_clean_cache': False, 'cmake_clean_first': False, 'cmake_force_configure': False, 'cmake_target': None, 'cmake_target_skip_unavailable': False, 'install_base': '/home/eldry/devros_ws/install/slambot_hardware', 'merge_install': False, 'path': '/home/eldry/devros_ws/src/slambot_hardware', 'symlink_install': False, 'test_result_base': None}
[0.648s] Level 5:colcon.colcon_core.verb:set package 'slambot_interfaces' build argument 'cmake_args' from command line to 'None'
[0.648s] Level 5:colcon.colcon_core.verb:set package 'slambot_interfaces' build argument 'cmake_target' from command line to 'None'
[0.648s] Level 5:colcon.colcon_core.verb:set package 'slambot_interfaces' build argument 'cmake_target_skip_unavailable' from command line to 'False'
[0.648s] Level 5:colcon.colcon_core.verb:set package 'slambot_interfaces' build argument 'cmake_clean_cache' from command line to 'False'
[0.648s] Level 5:colcon.colcon_core.verb:set package 'slambot_interfaces' build argument 'cmake_clean_first' from command line to 'False'
[0.648s] Level 5:colcon.colcon_core.verb:set package 'slambot_interfaces' build argument 'cmake_force_configure' from command line to 'False'
[0.648s] Level 5:colcon.colcon_core.verb:set package 'slambot_interfaces' build argument 'ament_cmake_args' from command line to 'None'
[0.648s] Level 5:colcon.colcon_core.verb:set package 'slambot_interfaces' build argument 'catkin_cmake_args' from command line to 'None'
[0.648s] Level 5:colcon.colcon_core.verb:set package 'slambot_interfaces' build argument 'catkin_skip_building_tests' from command line to 'False'
[0.648s] DEBUG:colcon.colcon_core.verb:Building package 'slambot_interfaces' with the following arguments: {'ament_cmake_args': None, 'build_base': '/home/eldry/devros_ws/build/slambot_interfaces', 'catkin_cmake_args': None, 'catkin_skip_building_tests': False, 'cmake_args': None, 'cmake_clean_cache': False, 'cmake_clean_first': False, 'cmake_force_configure': False, 'cmake_target': None, 'cmake_target_skip_unavailable': False, 'install_base': '/home/eldry/devros_ws/install/slambot_interfaces', 'merge_install': False, 'path': '/home/eldry/devros_ws/src/slambot_interfaces', 'symlink_install': False, 'test_result_base': None}
[0.648s] Level 5:colcon.colcon_core.verb:set package 'slambot_bringup' build argument 'cmake_args' from command line to 'None'
[0.648s] Level 5:colcon.colcon_core.verb:set package 'slambot_bringup' build argument 'cmake_target' from command line to 'None'
[0.648s] Level 5:colcon.colcon_core.verb:set package 'slambot_bringup' build argument 'cmake_target_skip_unavailable' from command line to 'False'
[0.648s] Level 5:colcon.colcon_core.verb:set package 'slambot_bringup' build argument 'cmake_clean_cache' from command line to 'False'
[0.648s] Level 5:colcon.colcon_core.verb:set package 'slambot_bringup' build argument 'cmake_clean_first' from command line to 'False'
[0.649s] Level 5:colcon.colcon_core.verb:set package 'slambot_bringup' build argument 'cmake_force_configure' from command line to 'False'
[0.649s] Level 5:colcon.colcon_core.verb:set package 'slambot_bringup' build argument 'ament_cmake_args' from command line to 'None'
[0.649s] Level 5:colcon.colcon_core.verb:set package 'slambot_bringup' build argument 'catkin_cmake_args' from command line to 'None'
[0.649s] Level 5:colcon.colcon_core.verb:set package 'slambot_bringup' build argument 'catkin_skip_building_tests' from command line to 'False'
[0.649s] DEBUG:colcon.colcon_core.verb:Building package 'slambot_bringup' with the following arguments: {'ament_cmake_args': None, 'build_base': '/home/eldry/devros_ws/build/slambot_bringup', 'catkin_cmake_args': None, 'catkin_skip_building_tests': False, 'cmake_args': None, 'cmake_clean_cache': False, 'cmake_clean_first': False, 'cmake_force_configure': False, 'cmake_target': None, 'cmake_target_skip_unavailable': False, 'install_base': '/home/eldry/devros_ws/install/slambot_bringup', 'merge_install': False, 'path': '/home/eldry/devros_ws/src/slambot_bringup', 'symlink_install': False, 'test_result_base': None}
[0.649s] INFO:colcon.colcon_core.executor:Executing jobs using 'parallel' executor
[0.650s] DEBUG:colcon.colcon_parallel_executor.executor.parallel:run_until_complete
[0.650s] INFO:colcon.colcon_ros.task.ament_cmake.build:Building ROS package in '/home/eldry/devros_ws/src/slambot_description' with build type 'ament_cmake'
[0.650s] INFO:colcon.colcon_cmake.task.cmake.build:Building CMake package in '/home/eldry/devros_ws/src/slambot_description'
[0.661s] INFO:colcon.colcon_core.plugin_system:Skipping extension 'colcon_core.shell.bat': Not used on non-Windows systems
[0.661s] INFO:colcon.colcon_core.shell:Skip shell extension 'powershell' for command environment: Not usable outside of PowerShell
[0.661s] DEBUG:colcon.colcon_core.shell:Skip shell extension 'dsv' for command environment
[0.665s] INFO:colcon.colcon_ros.task.ament_cmake.build:Building ROS package in '/home/eldry/devros_ws/src/slambot_hardware' with build type 'ament_cmake'
[0.666s] INFO:colcon.colcon_cmake.task.cmake.build:Building CMake package in '/home/eldry/devros_ws/src/slambot_hardware'
[0.666s] INFO:colcon.colcon_core.shell:Skip shell extension 'powershell' for command environment: Not usable outside of PowerShell
[0.666s] DEBUG:colcon.colcon_core.shell:Skip shell extension 'dsv' for command environment
[0.671s] INFO:colcon.colcon_ros.task.ament_cmake.build:Building ROS package in '/home/eldry/devros_ws/src/slambot_interfaces' with build type 'ament_cmake'
[0.672s] INFO:colcon.colcon_cmake.task.cmake.build:Building CMake package in '/home/eldry/devros_ws/src/slambot_interfaces'
[0.672s] INFO:colcon.colcon_core.shell:Skip shell extension 'powershell' for command environment: Not usable outside of PowerShell
[0.672s] DEBUG:colcon.colcon_core.shell:Skip shell extension 'dsv' for command environment
[0.681s] DEBUG:colcon.colcon_core.event_handler.log_command:Invoking command in '/home/eldry/devros_ws/build/slambot_description': CMAKE_PREFIX_PATH=${CMAKE_PREFIX_PATH}:/opt/ros/jazzy DEBUGINFOD_URLS=https://debuginfod.ubuntu.com /usr/bin/cmake --build /home/eldry/devros_ws/build/slambot_description -- -j4 -l4
[0.684s] DEBUG:colcon.colcon_core.event_handler.log_command:Invoking command in '/home/eldry/devros_ws/build/slambot_hardware': CMAKE_PREFIX_PATH=${CMAKE_PREFIX_PATH}:/opt/ros/jazzy DEBUGINFOD_URLS=https://debuginfod.ubuntu.com /usr/bin/cmake /home/eldry/devros_ws/src/slambot_hardware -DCMAKE_INSTALL_PREFIX=/home/eldry/devros_ws/install/slambot_hardware
[0.688s] DEBUG:colcon.colcon_core.event_handler.log_command:Invoking command in '/home/eldry/devros_ws/build/slambot_interfaces': CMAKE_PREFIX_PATH=${CMAKE_PREFIX_PATH}:/opt/ros/jazzy DEBUGINFOD_URLS=https://debuginfod.ubuntu.com /usr/bin/cmake --build /home/eldry/devros_ws/build/slambot_interfaces -- -j4 -l4
[0.767s] DEBUG:colcon.colcon_core.event_handler.log_command:Invoked command in '/home/eldry/devros_ws/build/slambot_description' returned '0': CMAKE_PREFIX_PATH=${CMAKE_PREFIX_PATH}:/opt/ros/jazzy DEBUGINFOD_URLS=https://debuginfod.ubuntu.com /usr/bin/cmake --build /home/eldry/devros_ws/build/slambot_description -- -j4 -l4
[0.781s] DEBUG:colcon.colcon_core.event_handler.log_command:Invoking command in '/home/eldry/devros_ws/build/slambot_description': CMAKE_PREFIX_PATH=${CMAKE_PREFIX_PATH}:/opt/ros/jazzy DEBUGINFOD_URLS=https://debuginfod.ubuntu.com /usr/bin/cmake --install /home/eldry/devros_ws/build/slambot_description
[0.795s] Level 1:colcon.colcon_core.environment:create_environment_scripts_only(slambot_description)
[0.796s] DEBUG:colcon.colcon_core.event_handler.log_command:Invoked command in '/home/eldry/devros_ws/build/slambot_description' returned '0': CMAKE_PREFIX_PATH=${CMAKE_PREFIX_PATH}:/opt/ros/jazzy DEBUGINFOD_URLS=https://debuginfod.ubuntu.com /usr/bin/cmake --install /home/eldry/devros_ws/build/slambot_description
[0.810s] Level 1:colcon.colcon_core.environment:checking '/home/eldry/devros_ws/install/slambot_description' for CMake module files
[0.810s] Level 1:colcon.colcon_core.environment:checking '/home/eldry/devros_ws/install/slambot_description' for CMake config files
[0.811s] Level 1:colcon.colcon_core.shell:create_environment_hook('slambot_description', 'cmake_prefix_path')
[0.811s] INFO:colcon.colcon_core.shell:Creating environment hook '/home/eldry/devros_ws/install/slambot_description/share/slambot_description/hook/cmake_prefix_path.ps1'
[0.813s] INFO:colcon.colcon_core.shell:Creating environment descriptor '/home/eldry/devros_ws/install/slambot_description/share/slambot_description/hook/cmake_prefix_path.dsv'
[0.814s] INFO:colcon.colcon_core.shell:Creating environment hook '/home/eldry/devros_ws/install/slambot_description/share/slambot_description/hook/cmake_prefix_path.sh'
[0.815s] Level 1:colcon.colcon_core.environment:checking '/home/eldry/devros_ws/install/slambot_description/bin'
[0.816s] Level 1:colcon.colcon_core.environment:checking '/home/eldry/devros_ws/install/slambot_description/lib/pkgconfig/slambot_description.pc'
[0.816s] Level 1:colcon.colcon_core.environment:checking '/home/eldry/devros_ws/install/slambot_description/lib/python3.12/site-packages'
[0.816s] Level 1:colcon.colcon_core.environment:checking '/home/eldry/devros_ws/install/slambot_description/bin'
[0.816s] INFO:colcon.colcon_core.shell:Creating package script '/home/eldry/devros_ws/install/slambot_description/share/slambot_description/package.ps1'
[0.818s] INFO:colcon.colcon_core.shell:Creating package descriptor '/home/eldry/devros_ws/install/slambot_description/share/slambot_description/package.dsv'
[0.819s] INFO:colcon.colcon_core.shell:Creating package script '/home/eldry/devros_ws/install/slambot_description/share/slambot_description/package.sh'
[0.820s] INFO:colcon.colcon_core.shell:Creating package script '/home/eldry/devros_ws/install/slambot_description/share/slambot_description/package.bash'
[0.822s] INFO:colcon.colcon_core.shell:Creating package script '/home/eldry/devros_ws/install/slambot_description/share/slambot_description/package.zsh'
[0.824s] Level 1:colcon.colcon_core.environment:create_file_with_runtime_dependencies(/home/eldry/devros_ws/install/slambot_description/share/colcon-core/packages/slambot_description)
[0.825s] Level 1:colcon.colcon_core.environment:create_environment_scripts_only(slambot_description)
[0.825s] Level 1:colcon.colcon_core.environment:checking '/home/eldry/devros_ws/install/slambot_description' for CMake module files
[0.825s] Level 1:colcon.colcon_core.environment:checking '/home/eldry/devros_ws/install/slambot_description' for CMake config files
[0.826s] Level 1:colcon.colcon_core.shell:create_environment_hook('slambot_description', 'cmake_prefix_path')
[0.826s] INFO:colcon.colcon_core.shell:Creating environment hook '/home/eldry/devros_ws/install/slambot_description/share/slambot_description/hook/cmake_prefix_path.ps1'
[0.826s] INFO:colcon.colcon_core.shell:Creating environment descriptor '/home/eldry/devros_ws/install/slambot_description/share/slambot_description/hook/cmake_prefix_path.dsv'
[0.827s] INFO:colcon.colcon_core.shell:Creating environment hook '/home/eldry/devros_ws/install/slambot_description/share/slambot_description/hook/cmake_prefix_path.sh'
[0.827s] Level 1:colcon.colcon_core.environment:checking '/home/eldry/devros_ws/install/slambot_description/bin'
[0.827s] Level 1:colcon.colcon_core.environment:checking '/home/eldry/devros_ws/install/slambot_description/lib/pkgconfig/slambot_description.pc'
[0.827s] Level 1:colcon.colcon_core.environment:checking '/home/eldry/devros_ws/install/slambot_description/lib/python3.12/site-packages'
[0.828s] Level 1:colcon.colcon_core.environment:checking '/home/eldry/devros_ws/install/slambot_description/bin'
[0.828s] INFO:colcon.colcon_core.shell:Creating package script '/home/eldry/devros_ws/install/slambot_description/share/slambot_description/package.ps1'
[0.828s] INFO:colcon.colcon_core.shell:Creating package descriptor '/home/eldry/devros_ws/install/slambot_description/share/slambot_description/package.dsv'
[0.829s] INFO:colcon.colcon_core.shell:Creating package script '/home/eldry/devros_ws/install/slambot_description/share/slambot_description/package.sh'
[0.829s] INFO:colcon.colcon_core.shell:Creating package script '/home/eldry/devros_ws/install/slambot_description/share/slambot_description/package.bash'
[0.830s] INFO:colcon.colcon_core.shell:Creating package script '/home/eldry/devros_ws/install/slambot_description/share/slambot_description/package.zsh'
[0.830s] Level 1:colcon.colcon_core.environment:create_file_with_runtime_dependencies(/home/eldry/devros_ws/install/slambot_description/share/colcon-core/packages/slambot_description)
[0.830s] INFO:colcon.colcon_ros.task.ament_cmake.build:Building ROS package in '/home/eldry/devros_ws/src/slambot_bringup' with build type 'ament_cmake'
[0.830s] INFO:colcon.colcon_cmake.task.cmake.build:Building CMake package in '/home/eldry/devros_ws/src/slambot_bringup'
[0.831s] INFO:colcon.colcon_core.shell:Skip shell extension 'powershell' for command environment: Not usable outside of PowerShell
[0.831s] DEBUG:colcon.colcon_core.shell:Skip shell extension 'dsv' for command environment
[0.844s] DEBUG:colcon.colcon_core.event_handler.log_command:Invoking command in '/home/eldry/devros_ws/build/slambot_bringup': CMAKE_PREFIX_PATH=/home/eldry/devros_ws/install/slambot_description:/home/eldry/devros_ws/install/slambot_interfaces:/home/eldry/devros_ws/install/slambot_bringup:/home/eldry/dv_ws/install/tank_interfaces:/home/eldry/dv_ws/install/tank_bringup:/home/eldry/dv_ws/install/tank_description:/opt/ros/jazzy/opt/gz_sim_vendor:/opt/ros/jazzy/opt/gz_sensors_vendor:/opt/ros/jazzy/opt/gz_physics_vendor:/opt/ros/jazzy/opt/sdformat_vendor:/opt/ros/jazzy/opt/gz_gui_vendor:/opt/ros/jazzy/opt/gz_transport_vendor:/opt/ros/jazzy/opt/gz_rendering_vendor:/opt/ros/jazzy/opt/gz_plugin_vendor:/opt/ros/jazzy/opt/gz_fuel_tools_vendor:/opt/ros/jazzy/opt/gz_msgs_vendor:/opt/ros/jazzy/opt/gz_common_vendor:/opt/ros/jazzy/opt/gz_math_vendor:/opt/ros/jazzy/opt/gz_utils_vendor:/opt/ros/jazzy/opt/gz_tools_vendor:/opt/ros/jazzy/opt/gz_ogre_next_vendor:/opt/ros/jazzy/opt/gz_dartsim_vendor:/opt/ros/jazzy/opt/gz_cmake_vendor:/opt/ros/jazzy DEBUGINFOD_URLS=https://debuginfod.ubuntu.com /usr/bin/cmake --build /home/eldry/devros_ws/build/slambot_bringup -- -j4 -l4
[0.900s] DEBUG:colcon.colcon_core.event_handler.log_command:Invoked command in '/home/eldry/devros_ws/build/slambot_bringup' returned '0': CMAKE_PREFIX_PATH=/home/eldry/devros_ws/install/slambot_description:/home/eldry/devros_ws/install/slambot_interfaces:/home/eldry/devros_ws/install/slambot_bringup:/home/eldry/dv_ws/install/tank_interfaces:/home/eldry/dv_ws/install/tank_bringup:/home/eldry/dv_ws/install/tank_description:/opt/ros/jazzy/opt/gz_sim_vendor:/opt/ros/jazzy/opt/gz_sensors_vendor:/opt/ros/jazzy/opt/gz_physics_vendor:/opt/ros/jazzy/opt/sdformat_vendor:/opt/ros/jazzy/opt/gz_gui_vendor:/opt/ros/jazzy/opt/gz_transport_vendor:/opt/ros/jazzy/opt/gz_rendering_vendor:/opt/ros/jazzy/opt/gz_plugin_vendor:/opt/ros/jazzy/opt/gz_fuel_tools_vendor:/opt/ros/jazzy/opt/gz_msgs_vendor:/opt/ros/jazzy/opt/gz_common_vendor:/opt/ros/jazzy/opt/gz_math_vendor:/opt/ros/jazzy/opt/gz_utils_vendor:/opt/ros/jazzy/opt/gz_tools_vendor:/opt/ros/jazzy/opt/gz_ogre_next_vendor:/opt/ros/jazzy/opt/gz_dartsim_vendor:/opt/ros/jazzy/opt/gz_cmake_vendor:/opt/ros/jazzy DEBUGINFOD_URLS=https://debuginfod.ubuntu.com /usr/bin/cmake --build /home/eldry/devros_ws/build/slambot_bringup -- -j4 -l4
[0.905s] DEBUG:colcon.colcon_core.event_handler.log_command:Invoking command in '/home/eldry/devros_ws/build/slambot_bringup': CMAKE_PREFIX_PATH=/home/eldry/devros_ws/install/slambot_description:/home/eldry/devros_ws/install/slambot_interfaces:/home/eldry/devros_ws/install/slambot_bringup:/home/eldry/dv_ws/install/tank_interfaces:/home/eldry/dv_ws/install/tank_bringup:/home/eldry/dv_ws/install/tank_description:/opt/ros/jazzy/opt/gz_sim_vendor:/opt/ros/jazzy/opt/gz_sensors_vendor:/opt/ros/jazzy/opt/gz_physics_vendor:/opt/ros/jazzy/opt/sdformat_vendor:/opt/ros/jazzy/opt/gz_gui_vendor:/opt/ros/jazzy/opt/gz_transport_vendor:/opt/ros/jazzy/opt/gz_rendering_vendor:/opt/ros/jazzy/opt/gz_plugin_vendor:/opt/ros/jazzy/opt/gz_fuel_tools_vendor:/opt/ros/jazzy/opt/gz_msgs_vendor:/opt/ros/jazzy/opt/gz_common_vendor:/opt/ros/jazzy/opt/gz_math_vendor:/opt/ros/jazzy/opt/gz_utils_vendor:/opt/ros/jazzy/opt/gz_tools_vendor:/opt/ros/jazzy/opt/gz_ogre_next_vendor:/opt/ros/jazzy/opt/gz_dartsim_vendor:/opt/ros/jazzy/opt/gz_cmake_vendor:/opt/ros/jazzy DEBUGINFOD_URLS=https://debuginfod.ubuntu.com /usr/bin/cmake --install /home/eldry/devros_ws/build/slambot_bringup
[0.922s] Level 1:colcon.colcon_core.environment:create_environment_scripts_only(slambot_bringup)
[0.922s] Level 1:colcon.colcon_core.environment:checking '/home/eldry/devros_ws/install/slambot_bringup' for CMake module files
[0.923s] DEBUG:colcon.colcon_core.event_handler.log_command:Invoked command in '/home/eldry/devros_ws/build/slambot_bringup' returned '0': CMAKE_PREFIX_PATH=/home/eldry/devros_ws/install/slambot_description:/home/eldry/devros_ws/install/slambot_interfaces:/home/eldry/devros_ws/install/slambot_bringup:/home/eldry/dv_ws/install/tank_interfaces:/home/eldry/dv_ws/install/tank_bringup:/home/eldry/dv_ws/install/tank_description:/opt/ros/jazzy/opt/gz_sim_vendor:/opt/ros/jazzy/opt/gz_sensors_vendor:/opt/ros/jazzy/opt/gz_physics_vendor:/opt/ros/jazzy/opt/sdformat_vendor:/opt/ros/jazzy/opt/gz_gui_vendor:/opt/ros/jazzy/opt/gz_transport_vendor:/opt/ros/jazzy/opt/gz_rendering_vendor:/opt/ros/jazzy/opt/gz_plugin_vendor:/opt/ros/jazzy/opt/gz_fuel_tools_vendor:/opt/ros/jazzy/opt/gz_msgs_vendor:/opt/ros/jazzy/opt/gz_common_vendor:/opt/ros/jazzy/opt/gz_math_vendor:/opt/ros/jazzy/opt/gz_utils_vendor:/opt/ros/jazzy/opt/gz_tools_vendor:/opt/ros/jazzy/opt/gz_ogre_next_vendor:/opt/ros/jazzy/opt/gz_dartsim_vendor:/opt/ros/jazzy/opt/gz_cmake_vendor:/opt/ros/jazzy DEBUGINFOD_URLS=https://debuginfod.ubuntu.com /usr/bin/cmake --install /home/eldry/devros_ws/build/slambot_bringup
[0.924s] Level 1:colcon.colcon_core.environment:checking '/home/eldry/devros_ws/install/slambot_bringup' for CMake config files
[0.924s] Level 1:colcon.colcon_core.shell:create_environment_hook('slambot_bringup', 'cmake_prefix_path')
[0.925s] INFO:colcon.colcon_core.shell:Creating environment hook '/home/eldry/devros_ws/install/slambot_bringup/share/slambot_bringup/hook/cmake_prefix_path.ps1'
[0.925s] INFO:colcon.colcon_core.shell:Creating environment descriptor '/home/eldry/devros_ws/install/slambot_bringup/share/slambot_bringup/hook/cmake_prefix_path.dsv'
[0.925s] INFO:colcon.colcon_core.shell:Creating environment hook '/home/eldry/devros_ws/install/slambot_bringup/share/slambot_bringup/hook/cmake_prefix_path.sh'
[0.926s] Level 1:colcon.colcon_core.environment:checking '/home/eldry/devros_ws/install/slambot_bringup/bin'
[0.926s] Level 1:colcon.colcon_core.environment:checking '/home/eldry/devros_ws/install/slambot_bringup/lib/pkgconfig/slambot_bringup.pc'
[0.926s] Level 1:colcon.colcon_core.environment:checking '/home/eldry/devros_ws/install/slambot_bringup/lib/python3.12/site-packages'
[0.927s] Level 1:colcon.colcon_core.environment:checking '/home/eldry/devros_ws/install/slambot_bringup/bin'
[0.927s] INFO:colcon.colcon_core.shell:Creating package script '/home/eldry/devros_ws/install/slambot_bringup/share/slambot_bringup/package.ps1'
[0.927s] INFO:colcon.colcon_core.shell:Creating package descriptor '/home/eldry/devros_ws/install/slambot_bringup/share/slambot_bringup/package.dsv'
[0.928s] INFO:colcon.colcon_core.shell:Creating package script '/home/eldry/devros_ws/install/slambot_bringup/share/slambot_bringup/package.sh'
[0.928s] INFO:colcon.colcon_core.shell:Creating package script '/home/eldry/devros_ws/install/slambot_bringup/share/slambot_bringup/package.bash'
[0.931s] INFO:colcon.colcon_core.shell:Creating package script '/home/eldry/devros_ws/install/slambot_bringup/share/slambot_bringup/package.zsh'
[0.931s] Level 1:colcon.colcon_core.environment:create_file_with_runtime_dependencies(/home/eldry/devros_ws/install/slambot_bringup/share/colcon-core/packages/slambot_bringup)
[0.932s] Level 1:colcon.colcon_core.environment:create_environment_scripts_only(slambot_bringup)
[0.932s] Level 1:colcon.colcon_core.environment:checking '/home/eldry/devros_ws/install/slambot_bringup' for CMake module files
[0.933s] Level 1:colcon.colcon_core.environment:checking '/home/eldry/devros_ws/install/slambot_bringup' for CMake config files
[0.933s] Level 1:colcon.colcon_core.shell:create_environment_hook('slambot_bringup', 'cmake_prefix_path')
[0.933s] INFO:colcon.colcon_core.shell:Creating environment hook '/home/eldry/devros_ws/install/slambot_bringup/share/slambot_bringup/hook/cmake_prefix_path.ps1'
[0.933s] INFO:colcon.colcon_core.shell:Creating environment descriptor '/home/eldry/devros_ws/install/slambot_bringup/share/slambot_bringup/hook/cmake_prefix_path.dsv'
[0.934s] INFO:colcon.colcon_core.shell:Creating environment hook '/home/eldry/devros_ws/install/slambot_bringup/share/slambot_bringup/hook/cmake_prefix_path.sh'
[0.934s] Level 1:colcon.colcon_core.environment:checking '/home/eldry/devros_ws/install/slambot_bringup/bin'
[0.934s] Level 1:colcon.colcon_core.environment:checking '/home/eldry/devros_ws/install/slambot_bringup/lib/pkgconfig/slambot_bringup.pc'
[0.935s] Level 1:colcon.colcon_core.environment:checking '/home/eldry/devros_ws/install/slambot_bringup/lib/python3.12/site-packages'
[0.935s] Level 1:colcon.colcon_core.environment:checking '/home/eldry/devros_ws/install/slambot_bringup/bin'
[0.935s] INFO:colcon.colcon_core.shell:Creating package script '/home/eldry/devros_ws/install/slambot_bringup/share/slambot_bringup/package.ps1'
[0.936s] INFO:colcon.colcon_core.shell:Creating package descriptor '/home/eldry/devros_ws/install/slambot_bringup/share/slambot_bringup/package.dsv'
[0.936s] INFO:colcon.colcon_core.shell:Creating package script '/home/eldry/devros_ws/install/slambot_bringup/share/slambot_bringup/package.sh'
[0.937s] INFO:colcon.colcon_core.shell:Creating package script '/home/eldry/devros_ws/install/slambot_bringup/share/slambot_bringup/package.bash'
[0.937s] INFO:colcon.colcon_core.shell:Creating package script '/home/eldry/devros_ws/install/slambot_bringup/share/slambot_bringup/package.zsh'
[0.938s] Level 1:colcon.colcon_core.environment:create_file_with_runtime_dependencies(/home/eldry/devros_ws/install/slambot_bringup/share/colcon-core/packages/slambot_bringup)
[1.249s] DEBUG:colcon.colcon_core.event_handler.log_command:Invoked command in '/home/eldry/devros_ws/build/slambot_interfaces' returned '0': CMAKE_PREFIX_PATH=${CMAKE_PREFIX_PATH}:/opt/ros/jazzy DEBUGINFOD_URLS=https://debuginfod.ubuntu.com /usr/bin/cmake --build /home/eldry/devros_ws/build/slambot_interfaces -- -j4 -l4
[1.251s] DEBUG:colcon.colcon_core.event_handler.log_command:Invoking command in '/home/eldry/devros_ws/build/slambot_interfaces': CMAKE_PREFIX_PATH=${CMAKE_PREFIX_PATH}:/opt/ros/jazzy DEBUGINFOD_URLS=https://debuginfod.ubuntu.com /usr/bin/cmake --install /home/eldry/devros_ws/build/slambot_interfaces
[1.325s] Level 1:colcon.colcon_core.environment:create_environment_scripts_only(slambot_interfaces)
[1.326s] Level 1:colcon.colcon_core.environment:checking '/home/eldry/devros_ws/install/slambot_interfaces' for CMake module files
[1.326s] DEBUG:colcon.colcon_core.event_handler.log_command:Invoked command in '/home/eldry/devros_ws/build/slambot_interfaces' returned '0': CMAKE_PREFIX_PATH=${CMAKE_PREFIX_PATH}:/opt/ros/jazzy DEBUGINFOD_URLS=https://debuginfod.ubuntu.com /usr/bin/cmake --install /home/eldry/devros_ws/build/slambot_interfaces
[1.327s] Level 1:colcon.colcon_core.environment:checking '/home/eldry/devros_ws/install/slambot_interfaces' for CMake config files
[1.327s] Level 1:colcon.colcon_core.shell:create_environment_hook('slambot_interfaces', 'cmake_prefix_path')
[1.328s] INFO:colcon.colcon_core.shell:Creating environment hook '/home/eldry/devros_ws/install/slambot_interfaces/share/slambot_interfaces/hook/cmake_prefix_path.ps1'
[1.328s] INFO:colcon.colcon_core.shell:Creating environment descriptor '/home/eldry/devros_ws/install/slambot_interfaces/share/slambot_interfaces/hook/cmake_prefix_path.dsv'
[1.328s] INFO:colcon.colcon_core.shell:Creating environment hook '/home/eldry/devros_ws/install/slambot_interfaces/share/slambot_interfaces/hook/cmake_prefix_path.sh'
[1.329s] Level 1:colcon.colcon_core.environment:checking '/home/eldry/devros_ws/install/slambot_interfaces/lib'
[1.329s] Level 1:colcon.colcon_core.shell:create_environment_hook('slambot_interfaces', 'ld_library_path_lib')
[1.329s] INFO:colcon.colcon_core.shell:Creating environment hook '/home/eldry/devros_ws/install/slambot_interfaces/share/slambot_interfaces/hook/ld_library_path_lib.ps1'
[1.330s] INFO:colcon.colcon_core.shell:Creating environment descriptor '/home/eldry/devros_ws/install/slambot_interfaces/share/slambot_interfaces/hook/ld_library_path_lib.dsv'
[1.330s] INFO:colcon.colcon_core.shell:Creating environment hook '/home/eldry/devros_ws/install/slambot_interfaces/share/slambot_interfaces/hook/ld_library_path_lib.sh'
[1.330s] Level 1:colcon.colcon_core.environment:checking '/home/eldry/devros_ws/install/slambot_interfaces/bin'
[1.331s] Level 1:colcon.colcon_core.environment:checking '/home/eldry/devros_ws/install/slambot_interfaces/lib/pkgconfig/slambot_interfaces.pc'
[1.331s] Level 1:colcon.colcon_core.environment:checking '/home/eldry/devros_ws/install/slambot_interfaces/lib/python3.12/site-packages'
[1.331s] Level 1:colcon.colcon_core.shell:create_environment_hook('slambot_interfaces', 'pythonpath')
[1.331s] INFO:colcon.colcon_core.shell:Creating environment hook '/home/eldry/devros_ws/install/slambot_interfaces/share/slambot_interfaces/hook/pythonpath.ps1'
[1.331s] INFO:colcon.colcon_core.shell:Creating environment descriptor '/home/eldry/devros_ws/install/slambot_interfaces/share/slambot_interfaces/hook/pythonpath.dsv'
[1.332s] INFO:colcon.colcon_core.shell:Creating environment hook '/home/eldry/devros_ws/install/slambot_interfaces/share/slambot_interfaces/hook/pythonpath.sh'
[1.332s] Level 1:colcon.colcon_core.environment:checking '/home/eldry/devros_ws/install/slambot_interfaces/bin'
[1.333s] INFO:colcon.colcon_core.shell:Creating package script '/home/eldry/devros_ws/install/slambot_interfaces/share/slambot_interfaces/package.ps1'
[1.333s] INFO:colcon.colcon_core.shell:Creating package descriptor '/home/eldry/devros_ws/install/slambot_interfaces/share/slambot_interfaces/package.dsv'
[1.334s] INFO:colcon.colcon_core.shell:Creating package script '/home/eldry/devros_ws/install/slambot_interfaces/share/slambot_interfaces/package.sh'
[1.334s] INFO:colcon.colcon_core.shell:Creating package script '/home/eldry/devros_ws/install/slambot_interfaces/share/slambot_interfaces/package.bash'
[1.334s] INFO:colcon.colcon_core.shell:Creating package script '/home/eldry/devros_ws/install/slambot_interfaces/share/slambot_interfaces/package.zsh'
[1.335s] Level 1:colcon.colcon_core.environment:create_file_with_runtime_dependencies(/home/eldry/devros_ws/install/slambot_interfaces/share/colcon-core/packages/slambot_interfaces)
[1.335s] Level 1:colcon.colcon_core.environment:create_environment_scripts_only(slambot_interfaces)
[1.335s] Level 1:colcon.colcon_core.environment:checking '/home/eldry/devros_ws/install/slambot_interfaces' for CMake module files
[1.336s] Level 1:colcon.colcon_core.environment:checking '/home/eldry/devros_ws/install/slambot_interfaces' for CMake config files
[1.336s] Level 1:colcon.colcon_core.shell:create_environment_hook('slambot_interfaces', 'cmake_prefix_path')
[1.336s] INFO:colcon.colcon_core.shell:Creating environment hook '/home/eldry/devros_ws/install/slambot_interfaces/share/slambot_interfaces/hook/cmake_prefix_path.ps1'
[1.337s] INFO:colcon.colcon_core.shell:Creating environment descriptor '/home/eldry/devros_ws/install/slambot_interfaces/share/slambot_interfaces/hook/cmake_prefix_path.dsv'
[1.337s] INFO:colcon.colcon_core.shell:Creating environment hook '/home/eldry/devros_ws/install/slambot_interfaces/share/slambot_interfaces/hook/cmake_prefix_path.sh'
[1.338s] Level 1:colcon.colcon_core.environment:checking '/home/eldry/devros_ws/install/slambot_interfaces/lib'
[1.338s] Level 1:colcon.colcon_core.shell:create_environment_hook('slambot_interfaces', 'ld_library_path_lib')
[1.338s] INFO:colcon.colcon_core.shell:Creating environment hook '/home/eldry/devros_ws/install/slambot_interfaces/share/slambot_interfaces/hook/ld_library_path_lib.ps1'
[1.338s] INFO:colcon.colcon_core.shell:Creating environment descriptor '/home/eldry/devros_ws/install/slambot_interfaces/share/slambot_interfaces/hook/ld_library_path_lib.dsv'
[1.339s] INFO:colcon.colcon_core.shell:Creating environment hook '/home/eldry/devros_ws/install/slambot_interfaces/share/slambot_interfaces/hook/ld_library_path_lib.sh'
[1.339s] Level 1:colcon.colcon_core.environment:checking '/home/eldry/devros_ws/install/slambot_interfaces/bin'
[1.339s] Level 1:colcon.colcon_core.environment:checking '/home/eldry/devros_ws/install/slambot_interfaces/lib/pkgconfig/slambot_interfaces.pc'
[1.339s] Level 1:colcon.colcon_core.environment:checking '/home/eldry/devros_ws/install/slambot_interfaces/lib/python3.12/site-packages'
[1.340s] Level 1:colcon.colcon_core.shell:create_environment_hook('slambot_interfaces', 'pythonpath')
[1.340s] INFO:colcon.colcon_core.shell:Creating environment hook '/home/eldry/devros_ws/install/slambot_interfaces/share/slambot_interfaces/hook/pythonpath.ps1'
[1.340s] INFO:colcon.colcon_core.shell:Creating environment descriptor '/home/eldry/devros_ws/install/slambot_interfaces/share/slambot_interfaces/hook/pythonpath.dsv'
[1.340s] INFO:colcon.colcon_core.shell:Creating environment hook '/home/eldry/devros_ws/install/slambot_interfaces/share/slambot_interfaces/hook/pythonpath.sh'
[1.341s] Level 1:colcon.colcon_core.environment:checking '/home/eldry/devros_ws/install/slambot_interfaces/bin'
[1.341s] INFO:colcon.colcon_core.shell:Creating package script '/home/eldry/devros_ws/install/slambot_interfaces/share/slambot_interfaces/package.ps1'
[1.342s] INFO:colcon.colcon_core.shell:Creating package descriptor '/home/eldry/devros_ws/install/slambot_interfaces/share/slambot_interfaces/package.dsv'
[1.342s] INFO:colcon.colcon_core.shell:Creating package script '/home/eldry/devros_ws/install/slambot_interfaces/share/slambot_interfaces/package.sh'
[1.343s] INFO:colcon.colcon_core.shell:Creating package script '/home/eldry/devros_ws/install/slambot_interfaces/share/slambot_interfaces/package.bash'
[1.343s] INFO:colcon.colcon_core.shell:Creating package script '/home/eldry/devros_ws/install/slambot_interfaces/share/slambot_interfaces/package.zsh'
[1.344s] Level 1:colcon.colcon_core.environment:create_file_with_runtime_dependencies(/home/eldry/devros_ws/install/slambot_interfaces/share/colcon-core/packages/slambot_interfaces)
[3.068s] DEBUG:colcon.colcon_core.event_handler.log_command:Invoked command in '/home/eldry/devros_ws/build/slambot_hardware' returned '0': CMAKE_PREFIX_PATH=${CMAKE_PREFIX_PATH}:/opt/ros/jazzy DEBUGINFOD_URLS=https://debuginfod.ubuntu.com /usr/bin/cmake /home/eldry/devros_ws/src/slambot_hardware -DCMAKE_INSTALL_PREFIX=/home/eldry/devros_ws/install/slambot_hardware
[3.069s] DEBUG:colcon.colcon_core.event_handler.log_command:Invoking command in '/home/eldry/devros_ws/build/slambot_hardware': CMAKE_PREFIX_PATH=${CMAKE_PREFIX_PATH}:/opt/ros/jazzy DEBUGINFOD_URLS=https://debuginfod.ubuntu.com /usr/bin/cmake --build /home/eldry/devros_ws/build/slambot_hardware -- -j4 -l4
[3.658s] DEBUG:colcon.colcon_core.event_handler.log_command:Invoked command in '/home/eldry/devros_ws/build/slambot_hardware' returned '2': CMAKE_PREFIX_PATH=${CMAKE_PREFIX_PATH}:/opt/ros/jazzy DEBUGINFOD_URLS=https://debuginfod.ubuntu.com /usr/bin/cmake --build /home/eldry/devros_ws/build/slambot_hardware -- -j4 -l4
[3.658s] Level 1:colcon.colcon_core.environment:create_environment_scripts_only(slambot_hardware)
[3.659s] Level 1:colcon.colcon_core.environment:checking '/home/eldry/devros_ws/install/slambot_hardware' for CMake module files
[3.660s] Level 1:colcon.colcon_core.environment:checking '/home/eldry/devros_ws/install/slambot_hardware' for CMake config files
[3.660s] Level 1:colcon.colcon_core.environment:checking '/home/eldry/devros_ws/install/slambot_hardware/bin'
[3.660s] Level 1:colcon.colcon_core.environment:checking '/home/eldry/devros_ws/install/slambot_hardware/lib/pkgconfig/slambot_hardware.pc'
[3.661s] Level 1:colcon.colcon_core.environment:checking '/home/eldry/devros_ws/install/slambot_hardware/lib/python3.12/site-packages'
[3.662s] Level 1:colcon.colcon_core.environment:checking '/home/eldry/devros_ws/install/slambot_hardware/bin'
[3.662s] INFO:colcon.colcon_core.shell:Creating package script '/home/eldry/devros_ws/install/slambot_hardware/share/slambot_hardware/package.ps1'
[3.663s] INFO:colcon.colcon_core.shell:Creating package descriptor '/home/eldry/devros_ws/install/slambot_hardware/share/slambot_hardware/package.dsv'
[3.664s] INFO:colcon.colcon_core.shell:Creating package script '/home/eldry/devros_ws/install/slambot_hardware/share/slambot_hardware/package.sh'
[3.665s] INFO:colcon.colcon_core.shell:Creating package script '/home/eldry/devros_ws/install/slambot_hardware/share/slambot_hardware/package.bash'
[3.666s] INFO:colcon.colcon_core.shell:Creating package script '/home/eldry/devros_ws/install/slambot_hardware/share/slambot_hardware/package.zsh'
[3.667s] Level 1:colcon.colcon_core.environment:create_file_with_runtime_dependencies(/home/eldry/devros_ws/install/slambot_hardware/share/colcon-core/packages/slambot_hardware)
[3.677s] DEBUG:colcon.colcon_parallel_executor.executor.parallel:closing loop
[3.678s] DEBUG:colcon.colcon_parallel_executor.executor.parallel:loop closed
[3.678s] DEBUG:colcon.colcon_parallel_executor.executor.parallel:run_until_complete finished with '2'
[3.678s] DEBUG:colcon.colcon_core.event_reactor:joining thread
[3.697s] INFO:colcon.colcon_core.plugin_system:Skipping extension 'colcon_notification.desktop_notification.terminal_notifier': Not used on non-Darwin systems
[3.697s] INFO:colcon.colcon_core.plugin_system:Skipping extension 'colcon_notification.desktop_notification.win32': Not used on non-Windows systems
[3.697s] INFO:colcon.colcon_notification.desktop_notification:Sending desktop notification using 'notify2'
[3.733s] DEBUG:colcon.colcon_core.event_reactor:joined thread
[3.733s] INFO:colcon.colcon_core.shell:Creating prefix script '/home/eldry/devros_ws/install/local_setup.ps1'
[3.736s] INFO:colcon.colcon_core.shell:Creating prefix util module '/home/eldry/devros_ws/install/_local_setup_util_ps1.py'
[3.740s] INFO:colcon.colcon_core.shell:Creating prefix chain script '/home/eldry/devros_ws/install/setup.ps1'
[3.744s] INFO:colcon.colcon_core.shell:Creating prefix script '/home/eldry/devros_ws/install/local_setup.sh'
[3.745s] INFO:colcon.colcon_core.shell:Creating prefix util module '/home/eldry/devros_ws/install/_local_setup_util_sh.py'
[3.747s] INFO:colcon.colcon_core.shell:Creating prefix chain script '/home/eldry/devros_ws/install/setup.sh'
[3.751s] INFO:colcon.colcon_core.shell:Creating prefix script '/home/eldry/devros_ws/install/local_setup.bash'
[3.752s] INFO:colcon.colcon_core.shell:Creating prefix chain script '/home/eldry/devros_ws/install/setup.bash'
[3.755s] INFO:colcon.colcon_core.shell:Creating prefix script '/home/eldry/devros_ws/install/local_setup.zsh'
[3.757s] INFO:colcon.colcon_core.shell:Creating prefix chain script '/home/eldry/devros_ws/install/setup.zsh'
