[0.009s] Invoking command in '/home/eldry/devros_ws/build/slambot_interfaces': CMAKE_PREFIX_PATH=${CMAKE_PREFIX_PATH}:/opt/ros/jazzy DEBUGINFOD_URLS=https://debuginfod.ubuntu.com /usr/bin/cmake /home/eldry/devros_ws/src/slambot_interfaces -DCMAKE_INSTALL_PREFIX=/home/eldry/devros_ws/install/slambot_interfaces
[0.062s] -- The C compiler identification is GNU 13.3.0
[0.119s] -- The CXX compiler identification is GNU 13.3.0
[0.134s] -- Detecting C compiler ABI info
[0.213s] -- Detecting C compiler ABI info - done
[0.225s] -- Check for working C compiler: /usr/bin/cc - skipped
[0.225s] -- Detecting C compile features
[0.225s] -- Detecting C compile features - done
[0.235s] -- Detecting CXX compiler ABI info
[0.331s] -- Detecting CXX compiler ABI info - done
[0.343s] -- Check for working CXX compiler: /usr/bin/c++ - skipped
[0.344s] -- Detecting CXX compile features
[0.344s] -- Detecting CXX compile features - done
[0.348s] -- Found ament_cmake: 2.5.4 (/opt/ros/jazzy/share/ament_cmake/cmake)
[0.524s] -- Found Python3: /usr/bin/python3 (found version "3.12.3") found components: Interpreter 
[0.677s] -- Found rclcpp: 28.1.13 (/opt/ros/jazzy/share/rclcpp/cmake)
[0.729s] -- Found rosidl_generator_c: 4.6.6 (/opt/ros/jazzy/share/rosidl_generator_c/cmake)
[0.748s] -- Found rosidl_generator_cpp: 4.6.6 (/opt/ros/jazzy/share/rosidl_generator_cpp/cmake)
[0.769s] -- Using all available rosidl_typesupport_c: rosidl_typesupport_fastrtps_c;rosidl_typesupport_introspection_c
[0.794s] -- Using all available rosidl_typesupport_cpp: rosidl_typesupport_fastrtps_cpp;rosidl_typesupport_introspection_cpp
[0.894s] -- Found rmw_implementation_cmake: 7.3.2 (/opt/ros/jazzy/share/rmw_implementation_cmake/cmake)
[0.897s] -- Found rmw_fastrtps_cpp: 8.4.3 (/opt/ros/jazzy/share/rmw_fastrtps_cpp/cmake)
[0.998s] -- Found OpenSSL: /usr/lib/x86_64-linux-gnu/libcrypto.so (found version "3.0.13")  
[1.021s] -- Found FastRTPS: /opt/ros/jazzy/include (Required is at least version "2.13") 
[1.049s] -- Using RMW implementation 'rmw_fastrtps_cpp' as default
[1.145s] -- Found rosidl_default_generators: 1.6.0 (/opt/ros/jazzy/share/rosidl_default_generators/cmake)
[1.165s] -- Found rosidl_adapter: 4.6.6 (/opt/ros/jazzy/share/rosidl_adapter/cmake)
[1.831s] -- Found ament_cmake_ros: 0.12.0 (/opt/ros/jazzy/share/ament_cmake_ros/cmake)
[2.710s] -- Using all available rosidl_typesupport_c: rosidl_typesupport_fastrtps_c;rosidl_typesupport_introspection_c
[3.017s] -- Using all available rosidl_typesupport_cpp: rosidl_typesupport_fastrtps_cpp;rosidl_typesupport_introspection_cpp
[3.022s] -- Found python_cmake_module: 0.11.1 (/opt/ros/jazzy/share/python_cmake_module/cmake)
[3.164s] -- Found PythonExtra: /usr/bin/python3  
[3.651s] -- Found Python3: /usr/bin/python3 (found version "3.12.3") found components: Interpreter Development NumPy Development.Module Development.Embed 
[3.718s] -- Configuring done (3.7s)
[3.757s] -- Generating done (0.0s)
[3.770s] -- Build files have been written to: /home/eldry/devros_ws/build/slambot_interfaces
[3.783s] Invoked command in '/home/eldry/devros_ws/build/slambot_interfaces' returned '0': CMAKE_PREFIX_PATH=${CMAKE_PREFIX_PATH}:/opt/ros/jazzy DEBUGINFOD_URLS=https://debuginfod.ubuntu.com /usr/bin/cmake /home/eldry/devros_ws/src/slambot_interfaces -DCMAKE_INSTALL_PREFIX=/home/eldry/devros_ws/install/slambot_interfaces
[3.784s] Invoking command in '/home/eldry/devros_ws/build/slambot_interfaces': CMAKE_PREFIX_PATH=${CMAKE_PREFIX_PATH}:/opt/ros/jazzy DEBUGINFOD_URLS=https://debuginfod.ubuntu.com /usr/bin/cmake --build /home/eldry/devros_ws/build/slambot_interfaces -- -j4 -l4
[3.851s] [  2%] [34m[1mGenerating type hashes for ROS interfaces[0m
[3.859s] [  2%] Built target ament_cmake_python_copy_slambot_interfaces
[4.066s] [  2%] Built target slambot_interfaces__rosidl_generator_type_description
[4.080s] [  5%] [34m[1mGenerating C code for ROS interfaces[0m
[4.089s] [  8%] [34m[1mGenerating C++ code for ROS interfaces[0m
[4.105s] running egg_info
[4.107s] creating slambot_interfaces.egg-info
[4.132s] writing slambot_interfaces.egg-info/PKG-INFO
[4.132s] writing dependency_links to slambot_interfaces.egg-info/dependency_links.txt
[4.132s] writing top-level names to slambot_interfaces.egg-info/top_level.txt
[4.133s] writing manifest file 'slambot_interfaces.egg-info/SOURCES.txt'
[4.212s] reading manifest file 'slambot_interfaces.egg-info/SOURCES.txt'
[4.212s] writing manifest file 'slambot_interfaces.egg-info/SOURCES.txt'
[4.249s] [  8%] Built target ament_cmake_python_build_slambot_interfaces_egg
[4.427s] [  8%] Built target slambot_interfaces__cpp
[4.450s] [ 14%] [32mBuilding C object CMakeFiles/slambot_interfaces__rosidl_generator_c.dir/rosidl_generator_c/slambot_interfaces/srv/detail/interface__functions.c.o[0m
[4.450s] [ 14%] [32mBuilding C object CMakeFiles/slambot_interfaces__rosidl_generator_c.dir/rosidl_generator_c/slambot_interfaces/srv/detail/interface__description.c.o[0m
[4.450s] [ 17%] [32mBuilding C object CMakeFiles/slambot_interfaces__rosidl_generator_c.dir/rosidl_generator_c/slambot_interfaces/srv/detail/interface__type_support.c.o[0m
[4.532s] [ 20%] [32m[1mLinking C shared library libslambot_interfaces__rosidl_generator_c.so[0m
[4.578s] [ 20%] Built target slambot_interfaces__rosidl_generator_c
[4.595s] [ 23%] [34m[1mGenerating C type support for eProsima Fast-RTPS[0m
[4.595s] [ 32%] [34m[1mGenerating C++ type support dispatch for ROS interfaces[0m
[4.595s] [ 32%] [34m[1mGenerating C++ introspection for ROS interfaces[0m
[4.595s] [ 32%] [34m[1mGenerating C type support dispatch for ROS interfaces[0m
[4.877s] [ 38%] [32mBuilding CXX object CMakeFiles/slambot_interfaces__rosidl_typesupport_cpp.dir/rosidl_typesupport_cpp/slambot_interfaces/srv/interface__type_support.cpp.o[0m
[4.877s] [ 38%] [32mBuilding CXX object CMakeFiles/slambot_interfaces__rosidl_typesupport_c.dir/rosidl_typesupport_c/slambot_interfaces/srv/interface__type_support.cpp.o[0m
[4.927s] [ 41%] [32m[1mLinking CXX shared library libslambot_interfaces__rosidl_typesupport_c.so[0m
[4.937s] [ 44%] [32mBuilding CXX object CMakeFiles/slambot_interfaces__rosidl_typesupport_introspection_cpp.dir/rosidl_typesupport_introspection_cpp/slambot_interfaces/srv/detail/interface__type_support.cpp.o[0m
[4.964s] [ 47%] [32mBuilding CXX object CMakeFiles/slambot_interfaces__rosidl_typesupport_fastrtps_c.dir/rosidl_typesupport_fastrtps_c/slambot_interfaces/srv/detail/interface__type_support_c.cpp.o[0m
[4.971s] [ 47%] Built target slambot_interfaces__rosidl_typesupport_c
[4.980s] [ 50%] [34m[1mGenerating C++ type support for eProsima Fast-RTPS[0m
[5.283s] [ 52%] [32m[1mLinking CXX shared library libslambot_interfaces__rosidl_typesupport_cpp.so[0m
[5.378s] [ 55%] [32mBuilding CXX object CMakeFiles/slambot_interfaces__rosidl_typesupport_fastrtps_cpp.dir/rosidl_typesupport_fastrtps_cpp/slambot_interfaces/srv/detail/dds_fastrtps/interface__type_support.cpp.o[0m
[5.384s] [ 55%] Built target slambot_interfaces__rosidl_typesupport_cpp
[5.393s] [ 58%] [34m[1mGenerating C introspection for ROS interfaces[0m
[5.427s] [ 61%] [32m[1mLinking CXX shared library libslambot_interfaces__rosidl_typesupport_introspection_cpp.so[0m
[5.492s] [ 64%] [32m[1mLinking CXX shared library libslambot_interfaces__rosidl_typesupport_fastrtps_c.so[0m
[5.528s] [ 64%] Built target slambot_interfaces__rosidl_typesupport_introspection_cpp
[5.544s] [ 64%] Built target slambot_interfaces__rosidl_typesupport_fastrtps_c
[5.734s] [ 67%] [32mBuilding C object CMakeFiles/slambot_interfaces__rosidl_typesupport_introspection_c.dir/rosidl_typesupport_introspection_c/slambot_interfaces/srv/detail/interface__type_support.c.o[0m
[5.787s] [ 70%] [32m[1mLinking C shared library libslambot_interfaces__rosidl_typesupport_introspection_c.so[0m
[5.823s] [ 70%] Built target slambot_interfaces__rosidl_typesupport_introspection_c
[5.989s] [ 73%] [32m[1mLinking CXX shared library libslambot_interfaces__rosidl_typesupport_fastrtps_cpp.so[0m
[6.098s] [ 73%] Built target slambot_interfaces__rosidl_typesupport_fastrtps_cpp
[6.121s] [ 73%] Built target slambot_interfaces
[6.143s] [ 76%] [34m[1mGenerating Python code for ROS interfaces[0m
[6.539s] [ 76%] Built target slambot_interfaces__py
[6.560s] [ 79%] [32mBuilding C object CMakeFiles/slambot_interfaces__rosidl_generator_py.dir/rosidl_generator_py/slambot_interfaces/srv/_interface_s.c.o[0m
[6.704s] [ 82%] [32m[1mLinking C shared library libslambot_interfaces__rosidl_generator_py.so[0m
[6.761s] [ 82%] Built target slambot_interfaces__rosidl_generator_py
[6.783s] [ 88%] [32mBuilding C object CMakeFiles/slambot_interfaces_s__rosidl_typesupport_fastrtps_c.dir/rosidl_generator_py/slambot_interfaces/_slambot_interfaces_s.ep.rosidl_typesupport_fastrtps_c.c.o[0m
[6.783s] [ 88%] [32mBuilding C object CMakeFiles/slambot_interfaces_s__rosidl_typesupport_c.dir/rosidl_generator_py/slambot_interfaces/_slambot_interfaces_s.ep.rosidl_typesupport_c.c.o[0m
[6.787s] [ 91%] [32mBuilding C object CMakeFiles/slambot_interfaces_s__rosidl_typesupport_introspection_c.dir/rosidl_generator_py/slambot_interfaces/_slambot_interfaces_s.ep.rosidl_typesupport_introspection_c.c.o[0m
[6.889s] [ 97%] [32m[1mLinking C shared module rosidl_generator_py/slambot_interfaces/slambot_interfaces_s__rosidl_typesupport_c.so[0m
[6.889s] [ 97%] [32m[1mLinking C shared module rosidl_generator_py/slambot_interfaces/slambot_interfaces_s__rosidl_typesupport_fastrtps_c.so[0m
[6.892s] [100%] [32m[1mLinking C shared module rosidl_generator_py/slambot_interfaces/slambot_interfaces_s__rosidl_typesupport_introspection_c.so[0m
[6.919s] [100%] Built target slambot_interfaces_s__rosidl_typesupport_c
[6.919s] [100%] Built target slambot_interfaces_s__rosidl_typesupport_fastrtps_c
[6.922s] [100%] Built target slambot_interfaces_s__rosidl_typesupport_introspection_c
[6.933s] Invoked command in '/home/eldry/devros_ws/build/slambot_interfaces' returned '0': CMAKE_PREFIX_PATH=${CMAKE_PREFIX_PATH}:/opt/ros/jazzy DEBUGINFOD_URLS=https://debuginfod.ubuntu.com /usr/bin/cmake --build /home/eldry/devros_ws/build/slambot_interfaces -- -j4 -l4
[6.934s] Invoking command in '/home/eldry/devros_ws/build/slambot_interfaces': CMAKE_PREFIX_PATH=${CMAKE_PREFIX_PATH}:/opt/ros/jazzy DEBUGINFOD_URLS=https://debuginfod.ubuntu.com /usr/bin/cmake --install /home/eldry/devros_ws/build/slambot_interfaces
[6.943s] -- Install configuration: ""
[6.943s] -- Installing: /home/eldry/devros_ws/install/slambot_interfaces/share/ament_index/resource_index/rosidl_interfaces/slambot_interfaces
[6.943s] -- Installing: /home/eldry/devros_ws/install/slambot_interfaces/share/slambot_interfaces/srv/Interface.json
[6.943s] -- Installing: /home/eldry/devros_ws/install/slambot_interfaces/include/slambot_interfaces/slambot_interfaces
[6.943s] -- Installing: /home/eldry/devros_ws/install/slambot_interfaces/include/slambot_interfaces/slambot_interfaces/srv
[6.944s] -- Installing: /home/eldry/devros_ws/install/slambot_interfaces/include/slambot_interfaces/slambot_interfaces/srv/detail
[6.944s] -- Installing: /home/eldry/devros_ws/install/slambot_interfaces/include/slambot_interfaces/slambot_interfaces/srv/detail/interface__description.c
[6.944s] -- Installing: /home/eldry/devros_ws/install/slambot_interfaces/include/slambot_interfaces/slambot_interfaces/srv/detail/interface__type_support.c
[6.944s] -- Installing: /home/eldry/devros_ws/install/slambot_interfaces/include/slambot_interfaces/slambot_interfaces/srv/detail/interface__functions.c
[6.944s] -- Installing: /home/eldry/devros_ws/install/slambot_interfaces/include/slambot_interfaces/slambot_interfaces/srv/detail/interface__functions.h
[6.944s] -- Installing: /home/eldry/devros_ws/install/slambot_interfaces/include/slambot_interfaces/slambot_interfaces/srv/detail/interface__type_support.h
[6.944s] -- Installing: /home/eldry/devros_ws/install/slambot_interfaces/include/slambot_interfaces/slambot_interfaces/srv/detail/interface__struct.h
[6.944s] -- Installing: /home/eldry/devros_ws/install/slambot_interfaces/include/slambot_interfaces/slambot_interfaces/srv/interface.h
[6.945s] -- Installing: /home/eldry/devros_ws/install/slambot_interfaces/include/slambot_interfaces/slambot_interfaces/msg
[6.945s] -- Installing: /home/eldry/devros_ws/install/slambot_interfaces/include/slambot_interfaces/slambot_interfaces/msg/rosidl_generator_c__visibility_control.h
[6.945s] -- Installing: /home/eldry/devros_ws/install/slambot_interfaces/share/slambot_interfaces/environment/library_path.sh
[6.945s] -- Installing: /home/eldry/devros_ws/install/slambot_interfaces/share/slambot_interfaces/environment/library_path.dsv
[6.945s] -- Installing: /home/eldry/devros_ws/install/slambot_interfaces/lib/libslambot_interfaces__rosidl_generator_c.so
[6.945s] -- Set non-toolchain portion of runtime path of "/home/eldry/devros_ws/install/slambot_interfaces/lib/libslambot_interfaces__rosidl_generator_c.so" to ""
[6.945s] -- Up-to-date: /home/eldry/devros_ws/install/slambot_interfaces/include/slambot_interfaces/slambot_interfaces
[6.945s] -- Up-to-date: /home/eldry/devros_ws/install/slambot_interfaces/include/slambot_interfaces/slambot_interfaces/srv
[6.946s] -- Up-to-date: /home/eldry/devros_ws/install/slambot_interfaces/include/slambot_interfaces/slambot_interfaces/srv/detail
[6.946s] -- Installing: /home/eldry/devros_ws/install/slambot_interfaces/include/slambot_interfaces/slambot_interfaces/srv/detail/interface__rosidl_typesupport_fastrtps_c.h
[6.946s] -- Up-to-date: /home/eldry/devros_ws/install/slambot_interfaces/include/slambot_interfaces/slambot_interfaces/msg
[6.946s] -- Installing: /home/eldry/devros_ws/install/slambot_interfaces/include/slambot_interfaces/slambot_interfaces/msg/rosidl_typesupport_fastrtps_c__visibility_control.h
[6.946s] -- Installing: /home/eldry/devros_ws/install/slambot_interfaces/lib/libslambot_interfaces__rosidl_typesupport_fastrtps_c.so
[6.946s] -- Set non-toolchain portion of runtime path of "/home/eldry/devros_ws/install/slambot_interfaces/lib/libslambot_interfaces__rosidl_typesupport_fastrtps_c.so" to ""
[6.946s] -- Up-to-date: /home/eldry/devros_ws/install/slambot_interfaces/include/slambot_interfaces/slambot_interfaces
[6.946s] -- Up-to-date: /home/eldry/devros_ws/install/slambot_interfaces/include/slambot_interfaces/slambot_interfaces/srv
[6.946s] -- Up-to-date: /home/eldry/devros_ws/install/slambot_interfaces/include/slambot_interfaces/slambot_interfaces/srv/detail
[6.947s] -- Installing: /home/eldry/devros_ws/install/slambot_interfaces/include/slambot_interfaces/slambot_interfaces/srv/detail/interface__type_support.hpp
[6.947s] -- Installing: /home/eldry/devros_ws/install/slambot_interfaces/include/slambot_interfaces/slambot_interfaces/srv/detail/interface__builder.hpp
[6.947s] -- Installing: /home/eldry/devros_ws/install/slambot_interfaces/include/slambot_interfaces/slambot_interfaces/srv/detail/interface__traits.hpp
[6.947s] -- Installing: /home/eldry/devros_ws/install/slambot_interfaces/include/slambot_interfaces/slambot_interfaces/srv/detail/interface__struct.hpp
[6.947s] -- Installing: /home/eldry/devros_ws/install/slambot_interfaces/include/slambot_interfaces/slambot_interfaces/srv/interface.hpp
[6.947s] -- Up-to-date: /home/eldry/devros_ws/install/slambot_interfaces/include/slambot_interfaces/slambot_interfaces/msg
[6.947s] -- Installing: /home/eldry/devros_ws/install/slambot_interfaces/include/slambot_interfaces/slambot_interfaces/msg/rosidl_generator_cpp__visibility_control.hpp
[6.947s] -- Up-to-date: /home/eldry/devros_ws/install/slambot_interfaces/include/slambot_interfaces/slambot_interfaces
[6.948s] -- Up-to-date: /home/eldry/devros_ws/install/slambot_interfaces/include/slambot_interfaces/slambot_interfaces/srv
[6.948s] -- Up-to-date: /home/eldry/devros_ws/install/slambot_interfaces/include/slambot_interfaces/slambot_interfaces/srv/detail
[6.948s] -- Installing: /home/eldry/devros_ws/install/slambot_interfaces/include/slambot_interfaces/slambot_interfaces/srv/detail/interface__rosidl_typesupport_fastrtps_cpp.hpp
[6.948s] -- Installing: /home/eldry/devros_ws/install/slambot_interfaces/include/slambot_interfaces/slambot_interfaces/srv/detail/dds_fastrtps
[6.948s] -- Up-to-date: /home/eldry/devros_ws/install/slambot_interfaces/include/slambot_interfaces/slambot_interfaces/msg
[6.948s] -- Installing: /home/eldry/devros_ws/install/slambot_interfaces/include/slambot_interfaces/slambot_interfaces/msg/rosidl_typesupport_fastrtps_cpp__visibility_control.h
[6.948s] -- Installing: /home/eldry/devros_ws/install/slambot_interfaces/lib/libslambot_interfaces__rosidl_typesupport_fastrtps_cpp.so
[6.948s] -- Set non-toolchain portion of runtime path of "/home/eldry/devros_ws/install/slambot_interfaces/lib/libslambot_interfaces__rosidl_typesupport_fastrtps_cpp.so" to ""
[6.949s] -- Up-to-date: /home/eldry/devros_ws/install/slambot_interfaces/include/slambot_interfaces/slambot_interfaces
[6.949s] -- Up-to-date: /home/eldry/devros_ws/install/slambot_interfaces/include/slambot_interfaces/slambot_interfaces/srv
[6.949s] -- Up-to-date: /home/eldry/devros_ws/install/slambot_interfaces/include/slambot_interfaces/slambot_interfaces/srv/detail
[6.949s] -- Installing: /home/eldry/devros_ws/install/slambot_interfaces/include/slambot_interfaces/slambot_interfaces/srv/detail/interface__type_support.c
[6.949s] -- Installing: /home/eldry/devros_ws/install/slambot_interfaces/include/slambot_interfaces/slambot_interfaces/srv/detail/interface__rosidl_typesupport_introspection_c.h
[6.949s] -- Up-to-date: /home/eldry/devros_ws/install/slambot_interfaces/include/slambot_interfaces/slambot_interfaces/msg
[6.949s] -- Installing: /home/eldry/devros_ws/install/slambot_interfaces/include/slambot_interfaces/slambot_interfaces/msg/rosidl_typesupport_introspection_c__visibility_control.h
[6.949s] -- Installing: /home/eldry/devros_ws/install/slambot_interfaces/lib/libslambot_interfaces__rosidl_typesupport_introspection_c.so
[6.949s] -- Set non-toolchain portion of runtime path of "/home/eldry/devros_ws/install/slambot_interfaces/lib/libslambot_interfaces__rosidl_typesupport_introspection_c.so" to ""
[6.949s] -- Installing: /home/eldry/devros_ws/install/slambot_interfaces/lib/libslambot_interfaces__rosidl_typesupport_c.so
[6.949s] -- Set non-toolchain portion of runtime path of "/home/eldry/devros_ws/install/slambot_interfaces/lib/libslambot_interfaces__rosidl_typesupport_c.so" to ""
[6.950s] -- Up-to-date: /home/eldry/devros_ws/install/slambot_interfaces/include/slambot_interfaces/slambot_interfaces
[6.950s] -- Up-to-date: /home/eldry/devros_ws/install/slambot_interfaces/include/slambot_interfaces/slambot_interfaces/srv
[6.950s] -- Up-to-date: /home/eldry/devros_ws/install/slambot_interfaces/include/slambot_interfaces/slambot_interfaces/srv/detail
[6.950s] -- Installing: /home/eldry/devros_ws/install/slambot_interfaces/include/slambot_interfaces/slambot_interfaces/srv/detail/interface__rosidl_typesupport_introspection_cpp.hpp
[6.950s] -- Installing: /home/eldry/devros_ws/install/slambot_interfaces/include/slambot_interfaces/slambot_interfaces/srv/detail/interface__type_support.cpp
[6.950s] -- Installing: /home/eldry/devros_ws/install/slambot_interfaces/lib/libslambot_interfaces__rosidl_typesupport_introspection_cpp.so
[6.950s] -- Set non-toolchain portion of runtime path of "/home/eldry/devros_ws/install/slambot_interfaces/lib/libslambot_interfaces__rosidl_typesupport_introspection_cpp.so" to ""
[6.950s] -- Installing: /home/eldry/devros_ws/install/slambot_interfaces/lib/libslambot_interfaces__rosidl_typesupport_cpp.so
[6.950s] -- Set non-toolchain portion of runtime path of "/home/eldry/devros_ws/install/slambot_interfaces/lib/libslambot_interfaces__rosidl_typesupport_cpp.so" to ""
[6.950s] -- Installing: /home/eldry/devros_ws/install/slambot_interfaces/share/slambot_interfaces/environment/pythonpath.sh
[6.950s] -- Installing: /home/eldry/devros_ws/install/slambot_interfaces/share/slambot_interfaces/environment/pythonpath.dsv
[6.951s] -- Installing: /home/eldry/devros_ws/install/slambot_interfaces/lib/python3.12/site-packages/slambot_interfaces-0.0.0-py3.12.egg-info
[6.951s] -- Installing: /home/eldry/devros_ws/install/slambot_interfaces/lib/python3.12/site-packages/slambot_interfaces-0.0.0-py3.12.egg-info/SOURCES.txt
[6.951s] -- Installing: /home/eldry/devros_ws/install/slambot_interfaces/lib/python3.12/site-packages/slambot_interfaces-0.0.0-py3.12.egg-info/PKG-INFO
[6.951s] -- Installing: /home/eldry/devros_ws/install/slambot_interfaces/lib/python3.12/site-packages/slambot_interfaces-0.0.0-py3.12.egg-info/top_level.txt
[6.951s] -- Installing: /home/eldry/devros_ws/install/slambot_interfaces/lib/python3.12/site-packages/slambot_interfaces-0.0.0-py3.12.egg-info/dependency_links.txt
[6.951s] -- Installing: /home/eldry/devros_ws/install/slambot_interfaces/lib/python3.12/site-packages/slambot_interfaces
[6.951s] -- Installing: /home/eldry/devros_ws/install/slambot_interfaces/lib/python3.12/site-packages/slambot_interfaces/_slambot_interfaces_s.ep.rosidl_typesupport_c.c
[6.951s] -- Installing: /home/eldry/devros_ws/install/slambot_interfaces/lib/python3.12/site-packages/slambot_interfaces/slambot_interfaces_s__rosidl_typesupport_introspection_c.so
[6.951s] -- Installing: /home/eldry/devros_ws/install/slambot_interfaces/lib/python3.12/site-packages/slambot_interfaces/slambot_interfaces_s__rosidl_typesupport_fastrtps_c.so
[6.951s] -- Installing: /home/eldry/devros_ws/install/slambot_interfaces/lib/python3.12/site-packages/slambot_interfaces/srv
[6.951s] -- Installing: /home/eldry/devros_ws/install/slambot_interfaces/lib/python3.12/site-packages/slambot_interfaces/srv/_interface.py
[6.951s] -- Installing: /home/eldry/devros_ws/install/slambot_interfaces/lib/python3.12/site-packages/slambot_interfaces/srv/_interface_s.c
[6.951s] -- Installing: /home/eldry/devros_ws/install/slambot_interfaces/lib/python3.12/site-packages/slambot_interfaces/srv/__init__.py
[6.952s] -- Installing: /home/eldry/devros_ws/install/slambot_interfaces/lib/python3.12/site-packages/slambot_interfaces/_slambot_interfaces_s.ep.rosidl_typesupport_fastrtps_c.c
[6.952s] -- Installing: /home/eldry/devros_ws/install/slambot_interfaces/lib/python3.12/site-packages/slambot_interfaces/_slambot_interfaces_s.ep.rosidl_typesupport_introspection_c.c
[6.952s] -- Installing: /home/eldry/devros_ws/install/slambot_interfaces/lib/python3.12/site-packages/slambot_interfaces/slambot_interfaces_s__rosidl_typesupport_c.so
[6.952s] -- Installing: /home/eldry/devros_ws/install/slambot_interfaces/lib/python3.12/site-packages/slambot_interfaces/__init__.py
[6.990s] Listing '/home/eldry/devros_ws/install/slambot_interfaces/lib/python3.12/site-packages/slambot_interfaces'...
[6.990s] Compiling '/home/eldry/devros_ws/install/slambot_interfaces/lib/python3.12/site-packages/slambot_interfaces/__init__.py'...
[6.990s] Listing '/home/eldry/devros_ws/install/slambot_interfaces/lib/python3.12/site-packages/slambot_interfaces/srv'...
[6.991s] Compiling '/home/eldry/devros_ws/install/slambot_interfaces/lib/python3.12/site-packages/slambot_interfaces/srv/__init__.py'...
[6.991s] Compiling '/home/eldry/devros_ws/install/slambot_interfaces/lib/python3.12/site-packages/slambot_interfaces/srv/_interface.py'...
[6.996s] -- Installing: /home/eldry/devros_ws/install/slambot_interfaces/lib/python3.12/site-packages/slambot_interfaces/slambot_interfaces_s__rosidl_typesupport_fastrtps_c.so
[6.997s] -- Set non-toolchain portion of runtime path of "/home/eldry/devros_ws/install/slambot_interfaces/lib/python3.12/site-packages/slambot_interfaces/slambot_interfaces_s__rosidl_typesupport_fastrtps_c.so" to ""
[6.997s] -- Installing: /home/eldry/devros_ws/install/slambot_interfaces/lib/python3.12/site-packages/slambot_interfaces/slambot_interfaces_s__rosidl_typesupport_introspection_c.so
[6.997s] -- Set non-toolchain portion of runtime path of "/home/eldry/devros_ws/install/slambot_interfaces/lib/python3.12/site-packages/slambot_interfaces/slambot_interfaces_s__rosidl_typesupport_introspection_c.so" to ""
[6.997s] -- Installing: /home/eldry/devros_ws/install/slambot_interfaces/lib/python3.12/site-packages/slambot_interfaces/slambot_interfaces_s__rosidl_typesupport_c.so
[6.998s] -- Set non-toolchain portion of runtime path of "/home/eldry/devros_ws/install/slambot_interfaces/lib/python3.12/site-packages/slambot_interfaces/slambot_interfaces_s__rosidl_typesupport_c.so" to ""
[6.998s] -- Installing: /home/eldry/devros_ws/install/slambot_interfaces/lib/libslambot_interfaces__rosidl_generator_py.so
[6.998s] -- Set non-toolchain portion of runtime path of "/home/eldry/devros_ws/install/slambot_interfaces/lib/libslambot_interfaces__rosidl_generator_py.so" to ""
[6.999s] -- Installing: /home/eldry/devros_ws/install/slambot_interfaces/share/slambot_interfaces/srv/Interface.idl
[6.999s] -- Installing: /home/eldry/devros_ws/install/slambot_interfaces/share/slambot_interfaces/srv/Interface.srv
[6.999s] -- Installing: /home/eldry/devros_ws/install/slambot_interfaces/share/ament_index/resource_index/package_run_dependencies/slambot_interfaces
[6.999s] -- Installing: /home/eldry/devros_ws/install/slambot_interfaces/share/ament_index/resource_index/parent_prefix_path/slambot_interfaces
[7.000s] -- Installing: /home/eldry/devros_ws/install/slambot_interfaces/share/slambot_interfaces/environment/ament_prefix_path.sh
[7.000s] -- Installing: /home/eldry/devros_ws/install/slambot_interfaces/share/slambot_interfaces/environment/ament_prefix_path.dsv
[7.000s] -- Installing: /home/eldry/devros_ws/install/slambot_interfaces/share/slambot_interfaces/environment/path.sh
[7.000s] -- Installing: /home/eldry/devros_ws/install/slambot_interfaces/share/slambot_interfaces/environment/path.dsv
[7.000s] -- Installing: /home/eldry/devros_ws/install/slambot_interfaces/share/slambot_interfaces/local_setup.bash
[7.001s] -- Installing: /home/eldry/devros_ws/install/slambot_interfaces/share/slambot_interfaces/local_setup.sh
[7.001s] -- Installing: /home/eldry/devros_ws/install/slambot_interfaces/share/slambot_interfaces/local_setup.zsh
[7.001s] -- Installing: /home/eldry/devros_ws/install/slambot_interfaces/share/slambot_interfaces/local_setup.dsv
[7.001s] -- Installing: /home/eldry/devros_ws/install/slambot_interfaces/share/slambot_interfaces/package.dsv
[7.001s] -- Installing: /home/eldry/devros_ws/install/slambot_interfaces/share/ament_index/resource_index/packages/slambot_interfaces
[7.001s] -- Installing: /home/eldry/devros_ws/install/slambot_interfaces/share/slambot_interfaces/cmake/export_slambot_interfaces__rosidl_generator_cExport.cmake
[7.001s] -- Installing: /home/eldry/devros_ws/install/slambot_interfaces/share/slambot_interfaces/cmake/export_slambot_interfaces__rosidl_generator_cExport-noconfig.cmake
[7.002s] -- Installing: /home/eldry/devros_ws/install/slambot_interfaces/share/slambot_interfaces/cmake/export_slambot_interfaces__rosidl_typesupport_fastrtps_cExport.cmake
[7.002s] -- Installing: /home/eldry/devros_ws/install/slambot_interfaces/share/slambot_interfaces/cmake/export_slambot_interfaces__rosidl_typesupport_fastrtps_cExport-noconfig.cmake
[7.002s] -- Installing: /home/eldry/devros_ws/install/slambot_interfaces/share/slambot_interfaces/cmake/export_slambot_interfaces__rosidl_generator_cppExport.cmake
[7.002s] -- Installing: /home/eldry/devros_ws/install/slambot_interfaces/share/slambot_interfaces/cmake/export_slambot_interfaces__rosidl_typesupport_fastrtps_cppExport.cmake
[7.002s] -- Installing: /home/eldry/devros_ws/install/slambot_interfaces/share/slambot_interfaces/cmake/export_slambot_interfaces__rosidl_typesupport_fastrtps_cppExport-noconfig.cmake
[7.003s] -- Installing: /home/eldry/devros_ws/install/slambot_interfaces/share/slambot_interfaces/cmake/slambot_interfaces__rosidl_typesupport_introspection_cExport.cmake
[7.004s] -- Installing: /home/eldry/devros_ws/install/slambot_interfaces/share/slambot_interfaces/cmake/slambot_interfaces__rosidl_typesupport_introspection_cExport-noconfig.cmake
[7.004s] -- Installing: /home/eldry/devros_ws/install/slambot_interfaces/share/slambot_interfaces/cmake/slambot_interfaces__rosidl_typesupport_cExport.cmake
[7.004s] -- Installing: /home/eldry/devros_ws/install/slambot_interfaces/share/slambot_interfaces/cmake/slambot_interfaces__rosidl_typesupport_cExport-noconfig.cmake
[7.004s] -- Installing: /home/eldry/devros_ws/install/slambot_interfaces/share/slambot_interfaces/cmake/slambot_interfaces__rosidl_typesupport_introspection_cppExport.cmake
[7.004s] -- Installing: /home/eldry/devros_ws/install/slambot_interfaces/share/slambot_interfaces/cmake/slambot_interfaces__rosidl_typesupport_introspection_cppExport-noconfig.cmake
[7.004s] -- Installing: /home/eldry/devros_ws/install/slambot_interfaces/share/slambot_interfaces/cmake/slambot_interfaces__rosidl_typesupport_cppExport.cmake
[7.004s] -- Installing: /home/eldry/devros_ws/install/slambot_interfaces/share/slambot_interfaces/cmake/slambot_interfaces__rosidl_typesupport_cppExport-noconfig.cmake
[7.004s] -- Installing: /home/eldry/devros_ws/install/slambot_interfaces/share/slambot_interfaces/cmake/export_slambot_interfaces__rosidl_generator_pyExport.cmake
[7.005s] -- Installing: /home/eldry/devros_ws/install/slambot_interfaces/share/slambot_interfaces/cmake/export_slambot_interfaces__rosidl_generator_pyExport-noconfig.cmake
[7.005s] -- Installing: /home/eldry/devros_ws/install/slambot_interfaces/share/slambot_interfaces/cmake/rosidl_cmake-extras.cmake
[7.005s] -- Installing: /home/eldry/devros_ws/install/slambot_interfaces/share/slambot_interfaces/cmake/ament_cmake_export_dependencies-extras.cmake
[7.005s] -- Installing: /home/eldry/devros_ws/install/slambot_interfaces/share/slambot_interfaces/cmake/ament_cmake_export_include_directories-extras.cmake
[7.006s] -- Installing: /home/eldry/devros_ws/install/slambot_interfaces/share/slambot_interfaces/cmake/ament_cmake_export_libraries-extras.cmake
[7.006s] -- Installing: /home/eldry/devros_ws/install/slambot_interfaces/share/slambot_interfaces/cmake/ament_cmake_export_targets-extras.cmake
[7.006s] -- Installing: /home/eldry/devros_ws/install/slambot_interfaces/share/slambot_interfaces/cmake/rosidl_cmake_export_typesupport_targets-extras.cmake
[7.006s] -- Installing: /home/eldry/devros_ws/install/slambot_interfaces/share/slambot_interfaces/cmake/rosidl_cmake_export_typesupport_libraries-extras.cmake
[7.006s] -- Installing: /home/eldry/devros_ws/install/slambot_interfaces/share/slambot_interfaces/cmake/slambot_interfacesConfig.cmake
[7.006s] -- Installing: /home/eldry/devros_ws/install/slambot_interfaces/share/slambot_interfaces/cmake/slambot_interfacesConfig-version.cmake
[7.007s] -- Installing: /home/eldry/devros_ws/install/slambot_interfaces/share/slambot_interfaces/package.xml
[7.010s] Invoked command in '/home/eldry/devros_ws/build/slambot_interfaces' returned '0': CMAKE_PREFIX_PATH=${CMAKE_PREFIX_PATH}:/opt/ros/jazzy DEBUGINFOD_URLS=https://debuginfod.ubuntu.com /usr/bin/cmake --install /home/eldry/devros_ws/build/slambot_interfaces
