[0.025s] Invoking command in '/home/eldry/devros_ws/build/slambot_description': CMAKE_PREFIX_PATH=${CMAKE_PREFIX_PATH}:/opt/ros/jazzy DEBUGINFOD_URLS=https://debuginfod.ubuntu.com /usr/bin/cmake --build /home/eldry/devros_ws/build/slambot_description -- -j4 -l4
[0.065s] Invoked command in '/home/eldry/devros_ws/build/slambot_description' returned '0': CMAKE_PREFIX_PATH=${CMAKE_PREFIX_PATH}:/opt/ros/jazzy DEBUGINFOD_URLS=https://debuginfod.ubuntu.com /usr/bin/cmake --build /home/eldry/devros_ws/build/slambot_description -- -j4 -l4
[0.075s] Invoking command in '/home/eldry/devros_ws/build/slambot_description': CMAKE_PREFIX_PATH=${CMAKE_PREFIX_PATH}:/opt/ros/jazzy DEBUGINFOD_URLS=https://debuginfod.ubuntu.com /usr/bin/cmake --install /home/eldry/devros_ws/build/slambot_description
[0.083s] -- Install configuration: ""
[0.084s] -- Up-to-date: /home/eldry/devros_ws/install/slambot_description/share/slambot_description//urdf
[0.084s] -- Up-to-date: /home/eldry/devros_ws/install/slambot_description/share/slambot_description//urdf/slambot_urdf.gazebo
[0.084s] -- Up-to-date: /home/eldry/devros_ws/install/slambot_description/share/slambot_description//urdf/slambot_urdf.trans
[0.084s] -- Up-to-date: /home/eldry/devros_ws/install/slambot_description/share/slambot_description//urdf/slambot_urdf.xacro
[0.084s] -- Up-to-date: /home/eldry/devros_ws/install/slambot_description/share/slambot_description//urdf/materials.xacro
[0.084s] -- Up-to-date: /home/eldry/devros_ws/install/slambot_description/share/slambot_description//urdf/slambot.ros2_control.xacro
[0.085s] -- Up-to-date: /home/eldry/devros_ws/install/slambot_description/share/slambot_description//rviz
[0.085s] -- Up-to-date: /home/eldry/devros_ws/install/slambot_description/share/slambot_description//rviz/slam_config.rviz
[0.085s] -- Up-to-date: /home/eldry/devros_ws/install/slambot_description/share/slambot_description//meshes
[0.085s] -- Up-to-date: /home/eldry/devros_ws/install/slambot_description/share/slambot_description//meshes/Wheel2_1.stl
[0.086s] -- Up-to-date: /home/eldry/devros_ws/install/slambot_description/share/slambot_description//meshes/base_link.stl
[0.086s] -- Up-to-date: /home/eldry/devros_ws/install/slambot_description/share/slambot_description//meshes/Wheel1_1.stl
[0.086s] -- Up-to-date: /home/eldry/devros_ws/install/slambot_description/share/ament_index/resource_index/package_run_dependencies/slambot_description
[0.086s] -- Up-to-date: /home/eldry/devros_ws/install/slambot_description/share/ament_index/resource_index/parent_prefix_path/slambot_description
[0.086s] -- Up-to-date: /home/eldry/devros_ws/install/slambot_description/share/slambot_description/environment/ament_prefix_path.sh
[0.086s] -- Up-to-date: /home/eldry/devros_ws/install/slambot_description/share/slambot_description/environment/ament_prefix_path.dsv
[0.087s] -- Up-to-date: /home/eldry/devros_ws/install/slambot_description/share/slambot_description/environment/path.sh
[0.087s] -- Up-to-date: /home/eldry/devros_ws/install/slambot_description/share/slambot_description/environment/path.dsv
[0.087s] -- Up-to-date: /home/eldry/devros_ws/install/slambot_description/share/slambot_description/local_setup.bash
[0.087s] -- Up-to-date: /home/eldry/devros_ws/install/slambot_description/share/slambot_description/local_setup.sh
[0.088s] -- Up-to-date: /home/eldry/devros_ws/install/slambot_description/share/slambot_description/local_setup.zsh
[0.088s] -- Up-to-date: /home/eldry/devros_ws/install/slambot_description/share/slambot_description/local_setup.dsv
[0.088s] -- Installing: /home/eldry/devros_ws/install/slambot_description/share/slambot_description/package.dsv
[0.088s] -- Up-to-date: /home/eldry/devros_ws/install/slambot_description/share/ament_index/resource_index/packages/slambot_description
[0.088s] -- Up-to-date: /home/eldry/devros_ws/install/slambot_description/share/slambot_description/cmake/slambot_descriptionConfig.cmake
[0.088s] -- Up-to-date: /home/eldry/devros_ws/install/slambot_description/share/slambot_description/cmake/slambot_descriptionConfig-version.cmake
[0.089s] -- Up-to-date: /home/eldry/devros_ws/install/slambot_description/share/slambot_description/package.xml
[0.090s] Invoked command in '/home/eldry/devros_ws/build/slambot_description' returned '0': CMAKE_PREFIX_PATH=${CMAKE_PREFIX_PATH}:/opt/ros/jazzy DEBUGINFOD_URLS=https://debuginfod.ubuntu.com /usr/bin/cmake --install /home/eldry/devros_ws/build/slambot_description
