[0.200s] DEBUG:colcon:Command line arguments: ['/usr/bin/colcon', 'build']
[0.201s] DEBUG:colcon:Parsed command line arguments: Namespace(log_base=None, log_level=None, verb_name='build', build_base='build', install_base='install', merge_install=False, symlink_install=False, test_result_base=None, continue_on_error=False, executor='parallel', parallel_workers=4, event_handlers=None, ignore_user_meta=False, metas=['./colcon.meta'], base_paths=['.'], packages_ignore=None, packages_ignore_regex=None, paths=None, packages_up_to=None, packages_up_to_regex=None, packages_above=None, packages_above_and_dependencies=None, packages_above_depth=None, packages_select_by_dep=None, packages_skip_by_dep=None, packages_skip_up_to=None, packages_select_build_failed=False, packages_skip_build_finished=False, packages_select_test_failures=False, packages_skip_test_passed=False, packages_select=None, packages_skip=None, packages_select_regex=None, packages_skip_regex=None, packages_start=None, packages_end=None, allow_overriding=[], cmake_args=None, cmake_target=None, cmake_target_skip_unavailable=False, cmake_clean_cache=False, cmake_clean_first=False, cmake_force_configure=False, ament_cmake_args=None, catkin_cmake_args=None, catkin_skip_building_tests=False, mixin_files=None, mixin=None, verb_parser=<colcon_mixin.mixin.mixin_argument.MixinArgumentDecorator object at 0x7bdd3ec9cc50>, verb_extension=<colcon_core.verb.build.BuildVerb object at 0x7bdd3edccd70>, main=<bound method BuildVerb.main of <colcon_core.verb.build.BuildVerb object at 0x7bdd3edccd70>>, mixin_verb=('build',))
[0.243s] Level 1:colcon.colcon_core.package_discovery:discover_packages(colcon_meta) check parameters
[0.243s] Level 1:colcon.colcon_core.package_discovery:discover_packages(recursive) check parameters
[0.243s] Level 1:colcon.colcon_core.package_discovery:discover_packages(ignore) check parameters
[0.243s] Level 1:colcon.colcon_core.package_discovery:discover_packages(path) check parameters
[0.243s] Level 1:colcon.colcon_core.package_discovery:discover_packages(colcon_meta) discover
[0.243s] Level 1:colcon.colcon_core.package_discovery:discover_packages(recursive) discover
[0.243s] INFO:colcon.colcon_core.package_discovery:Crawling recursively for packages in '/home/eldry/devros_ws'
[0.244s] Level 1:colcon.colcon_core.package_identification:_identify(.) by extensions ['ignore', 'ignore_ament_install']
[0.244s] Level 1:colcon.colcon_core.package_identification:_identify(.) by extension 'ignore'
[0.244s] Level 1:colcon.colcon_core.package_identification:_identify(.) by extension 'ignore_ament_install'
[0.244s] Level 1:colcon.colcon_core.package_identification:_identify(.) by extensions ['colcon_pkg']
[0.244s] Level 1:colcon.colcon_core.package_identification:_identify(.) by extension 'colcon_pkg'
[0.244s] Level 1:colcon.colcon_core.package_identification:_identify(.) by extensions ['colcon_meta']
[0.244s] Level 1:colcon.colcon_core.package_identification:_identify(.) by extension 'colcon_meta'
[0.244s] Level 1:colcon.colcon_core.package_identification:_identify(.) by extensions ['ros']
[0.244s] Level 1:colcon.colcon_core.package_identification:_identify(.) by extension 'ros'
[0.275s] Level 1:colcon.colcon_core.package_identification:_identify(.) by extensions ['cmake', 'python']
[0.275s] Level 1:colcon.colcon_core.package_identification:_identify(.) by extension 'cmake'
[0.275s] Level 1:colcon.colcon_core.package_identification:_identify(.) by extension 'python'
[0.275s] Level 1:colcon.colcon_core.package_identification:_identify(.) by extensions ['python_setup_py']
[0.275s] Level 1:colcon.colcon_core.package_identification:_identify(.) by extension 'python_setup_py'
[0.275s] Level 1:colcon.colcon_core.package_identification:_identify(build) by extensions ['ignore', 'ignore_ament_install']
[0.275s] Level 1:colcon.colcon_core.package_identification:_identify(build) by extension 'ignore'
[0.276s] Level 1:colcon.colcon_core.package_identification:_identify(build) ignored
[0.276s] Level 1:colcon.colcon_core.package_identification:_identify(install) by extensions ['ignore', 'ignore_ament_install']
[0.276s] Level 1:colcon.colcon_core.package_identification:_identify(install) by extension 'ignore'
[0.276s] Level 1:colcon.colcon_core.package_identification:_identify(install) ignored
[0.276s] Level 1:colcon.colcon_core.package_identification:_identify(log) by extensions ['ignore', 'ignore_ament_install']
[0.276s] Level 1:colcon.colcon_core.package_identification:_identify(log) by extension 'ignore'
[0.276s] Level 1:colcon.colcon_core.package_identification:_identify(log) ignored
[0.276s] Level 1:colcon.colcon_core.package_identification:_identify(src) by extensions ['ignore', 'ignore_ament_install']
[0.276s] Level 1:colcon.colcon_core.package_identification:_identify(src) by extension 'ignore'
[0.276s] Level 1:colcon.colcon_core.package_identification:_identify(src) by extension 'ignore_ament_install'
[0.276s] Level 1:colcon.colcon_core.package_identification:_identify(src) by extensions ['colcon_pkg']
[0.276s] Level 1:colcon.colcon_core.package_identification:_identify(src) by extension 'colcon_pkg'
[0.276s] Level 1:colcon.colcon_core.package_identification:_identify(src) by extensions ['colcon_meta']
[0.276s] Level 1:colcon.colcon_core.package_identification:_identify(src) by extension 'colcon_meta'
[0.276s] Level 1:colcon.colcon_core.package_identification:_identify(src) by extensions ['ros']
[0.276s] Level 1:colcon.colcon_core.package_identification:_identify(src) by extension 'ros'
[0.276s] Level 1:colcon.colcon_core.package_identification:_identify(src) by extensions ['cmake', 'python']
[0.277s] Level 1:colcon.colcon_core.package_identification:_identify(src) by extension 'cmake'
[0.277s] Level 1:colcon.colcon_core.package_identification:_identify(src) by extension 'python'
[0.277s] Level 1:colcon.colcon_core.package_identification:_identify(src) by extensions ['python_setup_py']
[0.277s] Level 1:colcon.colcon_core.package_identification:_identify(src) by extension 'python_setup_py'
[0.277s] Level 1:colcon.colcon_core.package_identification:_identify(src/slambot_bringup) by extensions ['ignore', 'ignore_ament_install']
[0.277s] Level 1:colcon.colcon_core.package_identification:_identify(src/slambot_bringup) by extension 'ignore'
[0.277s] Level 1:colcon.colcon_core.package_identification:_identify(src/slambot_bringup) by extension 'ignore_ament_install'
[0.277s] Level 1:colcon.colcon_core.package_identification:_identify(src/slambot_bringup) by extensions ['colcon_pkg']
[0.277s] Level 1:colcon.colcon_core.package_identification:_identify(src/slambot_bringup) by extension 'colcon_pkg'
[0.277s] Level 1:colcon.colcon_core.package_identification:_identify(src/slambot_bringup) by extensions ['colcon_meta']
[0.277s] Level 1:colcon.colcon_core.package_identification:_identify(src/slambot_bringup) by extension 'colcon_meta'
[0.277s] Level 1:colcon.colcon_core.package_identification:_identify(src/slambot_bringup) by extensions ['ros']
[0.277s] Level 1:colcon.colcon_core.package_identification:_identify(src/slambot_bringup) by extension 'ros'
[0.280s] DEBUG:colcon.colcon_core.package_identification:Package 'src/slambot_bringup' with type 'ros.ament_cmake' and name 'slambot_bringup'
[0.280s] Level 1:colcon.colcon_core.package_identification:_identify(src/slambot_description) by extensions ['ignore', 'ignore_ament_install']
[0.280s] Level 1:colcon.colcon_core.package_identification:_identify(src/slambot_description) by extension 'ignore'
[0.280s] Level 1:colcon.colcon_core.package_identification:_identify(src/slambot_description) by extension 'ignore_ament_install'
[0.280s] Level 1:colcon.colcon_core.package_identification:_identify(src/slambot_description) by extensions ['colcon_pkg']
[0.280s] Level 1:colcon.colcon_core.package_identification:_identify(src/slambot_description) by extension 'colcon_pkg'
[0.280s] Level 1:colcon.colcon_core.package_identification:_identify(src/slambot_description) by extensions ['colcon_meta']
[0.281s] Level 1:colcon.colcon_core.package_identification:_identify(src/slambot_description) by extension 'colcon_meta'
[0.281s] Level 1:colcon.colcon_core.package_identification:_identify(src/slambot_description) by extensions ['ros']
[0.281s] Level 1:colcon.colcon_core.package_identification:_identify(src/slambot_description) by extension 'ros'
[0.281s] DEBUG:colcon.colcon_core.package_identification:Package 'src/slambot_description' with type 'ros.ament_cmake' and name 'slambot_description'
[0.281s] Level 1:colcon.colcon_core.package_identification:_identify(src/slambot_hardware) by extensions ['ignore', 'ignore_ament_install']
[0.281s] Level 1:colcon.colcon_core.package_identification:_identify(src/slambot_hardware) by extension 'ignore'
[0.281s] Level 1:colcon.colcon_core.package_identification:_identify(src/slambot_hardware) by extension 'ignore_ament_install'
[0.281s] Level 1:colcon.colcon_core.package_identification:_identify(src/slambot_hardware) by extensions ['colcon_pkg']
[0.281s] Level 1:colcon.colcon_core.package_identification:_identify(src/slambot_hardware) by extension 'colcon_pkg'
[0.281s] Level 1:colcon.colcon_core.package_identification:_identify(src/slambot_hardware) by extensions ['colcon_meta']
[0.281s] Level 1:colcon.colcon_core.package_identification:_identify(src/slambot_hardware) by extension 'colcon_meta'
[0.282s] Level 1:colcon.colcon_core.package_identification:_identify(src/slambot_hardware) by extensions ['ros']
[0.282s] Level 1:colcon.colcon_core.package_identification:_identify(src/slambot_hardware) by extension 'ros'
[0.282s] DEBUG:colcon.colcon_core.package_identification:Package 'src/slambot_hardware' with type 'ros.ament_cmake' and name 'slambot_hardware'
[0.282s] Level 1:colcon.colcon_core.package_identification:_identify(src/slambot_interfaces) by extensions ['ignore', 'ignore_ament_install']
[0.282s] Level 1:colcon.colcon_core.package_identification:_identify(src/slambot_interfaces) by extension 'ignore'
[0.282s] Level 1:colcon.colcon_core.package_identification:_identify(src/slambot_interfaces) by extension 'ignore_ament_install'
[0.282s] Level 1:colcon.colcon_core.package_identification:_identify(src/slambot_interfaces) by extensions ['colcon_pkg']
[0.282s] Level 1:colcon.colcon_core.package_identification:_identify(src/slambot_interfaces) by extension 'colcon_pkg'
[0.282s] Level 1:colcon.colcon_core.package_identification:_identify(src/slambot_interfaces) by extensions ['colcon_meta']
[0.283s] Level 1:colcon.colcon_core.package_identification:_identify(src/slambot_interfaces) by extension 'colcon_meta'
[0.283s] Level 1:colcon.colcon_core.package_identification:_identify(src/slambot_interfaces) by extensions ['ros']
[0.283s] Level 1:colcon.colcon_core.package_identification:_identify(src/slambot_interfaces) by extension 'ros'
[0.283s] DEBUG:colcon.colcon_core.package_identification:Package 'src/slambot_interfaces' with type 'ros.ament_cmake' and name 'slambot_interfaces'
[0.283s] Level 1:colcon.colcon_core.package_discovery:discover_packages(recursive) using defaults
[0.283s] Level 1:colcon.colcon_core.package_discovery:discover_packages(ignore) discover
[0.283s] Level 1:colcon.colcon_core.package_discovery:discover_packages(ignore) using defaults
[0.283s] Level 1:colcon.colcon_core.package_discovery:discover_packages(path) discover
[0.283s] Level 1:colcon.colcon_core.package_discovery:discover_packages(path) using defaults
[0.304s] Level 1:colcon.colcon_core.package_discovery:discover_packages(prefix_path) check parameters
[0.304s] Level 1:colcon.colcon_core.package_discovery:discover_packages(prefix_path) discover
[0.308s] DEBUG:colcon.colcon_installed_package_information.package_discovery:Found 4 installed packages in /home/eldry/devros_ws/install
[0.308s] DEBUG:colcon.colcon_installed_package_information.package_discovery:Found 3 installed packages in /home/eldry/dv_ws/install
[0.310s] DEBUG:colcon.colcon_installed_package_information.package_discovery:Found 374 installed packages in /opt/ros/jazzy
[0.311s] Level 1:colcon.colcon_core.package_discovery:discover_packages(prefix_path) using defaults
[0.367s] Level 5:colcon.colcon_core.verb:set package 'slambot_description' build argument 'cmake_args' from command line to 'None'
[0.367s] Level 5:colcon.colcon_core.verb:set package 'slambot_description' build argument 'cmake_target' from command line to 'None'
[0.367s] Level 5:colcon.colcon_core.verb:set package 'slambot_description' build argument 'cmake_target_skip_unavailable' from command line to 'False'
[0.367s] Level 5:colcon.colcon_core.verb:set package 'slambot_description' build argument 'cmake_clean_cache' from command line to 'False'
[0.367s] Level 5:colcon.colcon_core.verb:set package 'slambot_description' build argument 'cmake_clean_first' from command line to 'False'
[0.367s] Level 5:colcon.colcon_core.verb:set package 'slambot_description' build argument 'cmake_force_configure' from command line to 'False'
[0.367s] Level 5:colcon.colcon_core.verb:set package 'slambot_description' build argument 'ament_cmake_args' from command line to 'None'
[0.367s] Level 5:colcon.colcon_core.verb:set package 'slambot_description' build argument 'catkin_cmake_args' from command line to 'None'
[0.367s] Level 5:colcon.colcon_core.verb:set package 'slambot_description' build argument 'catkin_skip_building_tests' from command line to 'False'
[0.367s] DEBUG:colcon.colcon_core.verb:Building package 'slambot_description' with the following arguments: {'ament_cmake_args': None, 'build_base': '/home/eldry/devros_ws/build/slambot_description', 'catkin_cmake_args': None, 'catkin_skip_building_tests': False, 'cmake_args': None, 'cmake_clean_cache': False, 'cmake_clean_first': False, 'cmake_force_configure': False, 'cmake_target': None, 'cmake_target_skip_unavailable': False, 'install_base': '/home/eldry/devros_ws/install/slambot_description', 'merge_install': False, 'path': '/home/eldry/devros_ws/src/slambot_description', 'symlink_install': False, 'test_result_base': None}
[0.367s] Level 5:colcon.colcon_core.verb:set package 'slambot_hardware' build argument 'cmake_args' from command line to 'None'
[0.367s] Level 5:colcon.colcon_core.verb:set package 'slambot_hardware' build argument 'cmake_target' from command line to 'None'
[0.367s] Level 5:colcon.colcon_core.verb:set package 'slambot_hardware' build argument 'cmake_target_skip_unavailable' from command line to 'False'
[0.367s] Level 5:colcon.colcon_core.verb:set package 'slambot_hardware' build argument 'cmake_clean_cache' from command line to 'False'
[0.367s] Level 5:colcon.colcon_core.verb:set package 'slambot_hardware' build argument 'cmake_clean_first' from command line to 'False'
[0.367s] Level 5:colcon.colcon_core.verb:set package 'slambot_hardware' build argument 'cmake_force_configure' from command line to 'False'
[0.367s] Level 5:colcon.colcon_core.verb:set package 'slambot_hardware' build argument 'ament_cmake_args' from command line to 'None'
[0.367s] Level 5:colcon.colcon_core.verb:set package 'slambot_hardware' build argument 'catkin_cmake_args' from command line to 'None'
[0.367s] Level 5:colcon.colcon_core.verb:set package 'slambot_hardware' build argument 'catkin_skip_building_tests' from command line to 'False'
[0.367s] DEBUG:colcon.colcon_core.verb:Building package 'slambot_hardware' with the following arguments: {'ament_cmake_args': None, 'build_base': '/home/eldry/devros_ws/build/slambot_hardware', 'catkin_cmake_args': None, 'catkin_skip_building_tests': False, 'cmake_args': None, 'cmake_clean_cache': False, 'cmake_clean_first': False, 'cmake_force_configure': False, 'cmake_target': None, 'cmake_target_skip_unavailable': False, 'install_base': '/home/eldry/devros_ws/install/slambot_hardware', 'merge_install': False, 'path': '/home/eldry/devros_ws/src/slambot_hardware', 'symlink_install': False, 'test_result_base': None}
[0.368s] Level 5:colcon.colcon_core.verb:set package 'slambot_interfaces' build argument 'cmake_args' from command line to 'None'
[0.368s] Level 5:colcon.colcon_core.verb:set package 'slambot_interfaces' build argument 'cmake_target' from command line to 'None'
[0.368s] Level 5:colcon.colcon_core.verb:set package 'slambot_interfaces' build argument 'cmake_target_skip_unavailable' from command line to 'False'
[0.368s] Level 5:colcon.colcon_core.verb:set package 'slambot_interfaces' build argument 'cmake_clean_cache' from command line to 'False'
[0.368s] Level 5:colcon.colcon_core.verb:set package 'slambot_interfaces' build argument 'cmake_clean_first' from command line to 'False'
[0.368s] Level 5:colcon.colcon_core.verb:set package 'slambot_interfaces' build argument 'cmake_force_configure' from command line to 'False'
[0.368s] Level 5:colcon.colcon_core.verb:set package 'slambot_interfaces' build argument 'ament_cmake_args' from command line to 'None'
[0.368s] Level 5:colcon.colcon_core.verb:set package 'slambot_interfaces' build argument 'catkin_cmake_args' from command line to 'None'
[0.368s] Level 5:colcon.colcon_core.verb:set package 'slambot_interfaces' build argument 'catkin_skip_building_tests' from command line to 'False'
[0.368s] DEBUG:colcon.colcon_core.verb:Building package 'slambot_interfaces' with the following arguments: {'ament_cmake_args': None, 'build_base': '/home/eldry/devros_ws/build/slambot_interfaces', 'catkin_cmake_args': None, 'catkin_skip_building_tests': False, 'cmake_args': None, 'cmake_clean_cache': False, 'cmake_clean_first': False, 'cmake_force_configure': False, 'cmake_target': None, 'cmake_target_skip_unavailable': False, 'install_base': '/home/eldry/devros_ws/install/slambot_interfaces', 'merge_install': False, 'path': '/home/eldry/devros_ws/src/slambot_interfaces', 'symlink_install': False, 'test_result_base': None}
[0.368s] Level 5:colcon.colcon_core.verb:set package 'slambot_bringup' build argument 'cmake_args' from command line to 'None'
[0.368s] Level 5:colcon.colcon_core.verb:set package 'slambot_bringup' build argument 'cmake_target' from command line to 'None'
[0.368s] Level 5:colcon.colcon_core.verb:set package 'slambot_bringup' build argument 'cmake_target_skip_unavailable' from command line to 'False'
[0.368s] Level 5:colcon.colcon_core.verb:set package 'slambot_bringup' build argument 'cmake_clean_cache' from command line to 'False'
[0.368s] Level 5:colcon.colcon_core.verb:set package 'slambot_bringup' build argument 'cmake_clean_first' from command line to 'False'
[0.368s] Level 5:colcon.colcon_core.verb:set package 'slambot_bringup' build argument 'cmake_force_configure' from command line to 'False'
[0.368s] Level 5:colcon.colcon_core.verb:set package 'slambot_bringup' build argument 'ament_cmake_args' from command line to 'None'
[0.368s] Level 5:colcon.colcon_core.verb:set package 'slambot_bringup' build argument 'catkin_cmake_args' from command line to 'None'
[0.368s] Level 5:colcon.colcon_core.verb:set package 'slambot_bringup' build argument 'catkin_skip_building_tests' from command line to 'False'
[0.368s] DEBUG:colcon.colcon_core.verb:Building package 'slambot_bringup' with the following arguments: {'ament_cmake_args': None, 'build_base': '/home/eldry/devros_ws/build/slambot_bringup', 'catkin_cmake_args': None, 'catkin_skip_building_tests': False, 'cmake_args': None, 'cmake_clean_cache': False, 'cmake_clean_first': False, 'cmake_force_configure': False, 'cmake_target': None, 'cmake_target_skip_unavailable': False, 'install_base': '/home/eldry/devros_ws/install/slambot_bringup', 'merge_install': False, 'path': '/home/eldry/devros_ws/src/slambot_bringup', 'symlink_install': False, 'test_result_base': None}
[0.368s] INFO:colcon.colcon_core.executor:Executing jobs using 'parallel' executor
[0.369s] DEBUG:colcon.colcon_parallel_executor.executor.parallel:run_until_complete
[0.370s] INFO:colcon.colcon_ros.task.ament_cmake.build:Building ROS package in '/home/eldry/devros_ws/src/slambot_description' with build type 'ament_cmake'
[0.370s] INFO:colcon.colcon_cmake.task.cmake.build:Building CMake package in '/home/eldry/devros_ws/src/slambot_description'
[0.376s] INFO:colcon.colcon_core.plugin_system:Skipping extension 'colcon_core.shell.bat': Not used on non-Windows systems
[0.376s] INFO:colcon.colcon_core.shell:Skip shell extension 'powershell' for command environment: Not usable outside of PowerShell
[0.377s] DEBUG:colcon.colcon_core.shell:Skip shell extension 'dsv' for command environment
[0.381s] INFO:colcon.colcon_ros.task.ament_cmake.build:Building ROS package in '/home/eldry/devros_ws/src/slambot_hardware' with build type 'ament_cmake'
[0.382s] INFO:colcon.colcon_cmake.task.cmake.build:Building CMake package in '/home/eldry/devros_ws/src/slambot_hardware'
[0.382s] INFO:colcon.colcon_core.shell:Skip shell extension 'powershell' for command environment: Not usable outside of PowerShell
[0.382s] DEBUG:colcon.colcon_core.shell:Skip shell extension 'dsv' for command environment
[0.386s] INFO:colcon.colcon_ros.task.ament_cmake.build:Building ROS package in '/home/eldry/devros_ws/src/slambot_interfaces' with build type 'ament_cmake'
[0.386s] INFO:colcon.colcon_cmake.task.cmake.build:Building CMake package in '/home/eldry/devros_ws/src/slambot_interfaces'
[0.386s] INFO:colcon.colcon_core.shell:Skip shell extension 'powershell' for command environment: Not usable outside of PowerShell
[0.386s] DEBUG:colcon.colcon_core.shell:Skip shell extension 'dsv' for command environment
[0.396s] DEBUG:colcon.colcon_core.event_handler.log_command:Invoking command in '/home/eldry/devros_ws/build/slambot_description': CMAKE_PREFIX_PATH=${CMAKE_PREFIX_PATH}:/opt/ros/jazzy DEBUGINFOD_URLS=https://debuginfod.ubuntu.com /usr/bin/cmake --build /home/eldry/devros_ws/build/slambot_description -- -j4 -l4
[0.405s] DEBUG:colcon.colcon_core.event_handler.log_command:Invoking command in '/home/eldry/devros_ws/build/slambot_hardware': CMAKE_PREFIX_PATH=${CMAKE_PREFIX_PATH}:/opt/ros/jazzy DEBUGINFOD_URLS=https://debuginfod.ubuntu.com /usr/bin/cmake --build /home/eldry/devros_ws/build/slambot_hardware -- -j4 -l4
[0.405s] DEBUG:colcon.colcon_core.event_handler.log_command:Invoking command in '/home/eldry/devros_ws/build/slambot_interfaces': CMAKE_PREFIX_PATH=${CMAKE_PREFIX_PATH}:/opt/ros/jazzy DEBUGINFOD_URLS=https://debuginfod.ubuntu.com /usr/bin/cmake --build /home/eldry/devros_ws/build/slambot_interfaces -- -j4 -l4
[0.436s] DEBUG:colcon.colcon_core.event_handler.log_command:Invoked command in '/home/eldry/devros_ws/build/slambot_description' returned '0': CMAKE_PREFIX_PATH=${CMAKE_PREFIX_PATH}:/opt/ros/jazzy DEBUGINFOD_URLS=https://debuginfod.ubuntu.com /usr/bin/cmake --build /home/eldry/devros_ws/build/slambot_description -- -j4 -l4
[0.449s] DEBUG:colcon.colcon_core.event_handler.log_command:Invoking command in '/home/eldry/devros_ws/build/slambot_description': CMAKE_PREFIX_PATH=${CMAKE_PREFIX_PATH}:/opt/ros/jazzy DEBUGINFOD_URLS=https://debuginfod.ubuntu.com /usr/bin/cmake --install /home/eldry/devros_ws/build/slambot_description
[0.460s] Level 1:colcon.colcon_core.environment:create_environment_scripts_only(slambot_description)
[0.463s] DEBUG:colcon.colcon_core.event_handler.log_command:Invoked command in '/home/eldry/devros_ws/build/slambot_description' returned '0': CMAKE_PREFIX_PATH=${CMAKE_PREFIX_PATH}:/opt/ros/jazzy DEBUGINFOD_URLS=https://debuginfod.ubuntu.com /usr/bin/cmake --install /home/eldry/devros_ws/build/slambot_description
[0.466s] Level 1:colcon.colcon_core.environment:checking '/home/eldry/devros_ws/install/slambot_description' for CMake module files
[0.467s] Level 1:colcon.colcon_core.environment:checking '/home/eldry/devros_ws/install/slambot_description' for CMake config files
[0.467s] Level 1:colcon.colcon_core.shell:create_environment_hook('slambot_description', 'cmake_prefix_path')
[0.467s] INFO:colcon.colcon_core.shell:Creating environment hook '/home/eldry/devros_ws/install/slambot_description/share/slambot_description/hook/cmake_prefix_path.ps1'
[0.468s] INFO:colcon.colcon_core.shell:Creating environment descriptor '/home/eldry/devros_ws/install/slambot_description/share/slambot_description/hook/cmake_prefix_path.dsv'
[0.468s] INFO:colcon.colcon_core.shell:Creating environment hook '/home/eldry/devros_ws/install/slambot_description/share/slambot_description/hook/cmake_prefix_path.sh'
[0.470s] Level 1:colcon.colcon_core.environment:checking '/home/eldry/devros_ws/install/slambot_description/bin'
[0.470s] Level 1:colcon.colcon_core.environment:checking '/home/eldry/devros_ws/install/slambot_description/lib/pkgconfig/slambot_description.pc'
[0.470s] Level 1:colcon.colcon_core.environment:checking '/home/eldry/devros_ws/install/slambot_description/lib/python3.12/site-packages'
[0.470s] Level 1:colcon.colcon_core.environment:checking '/home/eldry/devros_ws/install/slambot_description/bin'
[0.471s] INFO:colcon.colcon_core.shell:Creating package script '/home/eldry/devros_ws/install/slambot_description/share/slambot_description/package.ps1'
[0.471s] INFO:colcon.colcon_core.shell:Creating package descriptor '/home/eldry/devros_ws/install/slambot_description/share/slambot_description/package.dsv'
[0.472s] INFO:colcon.colcon_core.shell:Creating package script '/home/eldry/devros_ws/install/slambot_description/share/slambot_description/package.sh'
[0.473s] INFO:colcon.colcon_core.shell:Creating package script '/home/eldry/devros_ws/install/slambot_description/share/slambot_description/package.bash'
[0.474s] INFO:colcon.colcon_core.shell:Creating package script '/home/eldry/devros_ws/install/slambot_description/share/slambot_description/package.zsh'
[0.474s] Level 1:colcon.colcon_core.environment:create_file_with_runtime_dependencies(/home/eldry/devros_ws/install/slambot_description/share/colcon-core/packages/slambot_description)
[0.475s] Level 1:colcon.colcon_core.environment:create_environment_scripts_only(slambot_description)
[0.475s] Level 1:colcon.colcon_core.environment:checking '/home/eldry/devros_ws/install/slambot_description' for CMake module files
[0.476s] Level 1:colcon.colcon_core.environment:checking '/home/eldry/devros_ws/install/slambot_description' for CMake config files
[0.476s] Level 1:colcon.colcon_core.shell:create_environment_hook('slambot_description', 'cmake_prefix_path')
[0.476s] INFO:colcon.colcon_core.shell:Creating environment hook '/home/eldry/devros_ws/install/slambot_description/share/slambot_description/hook/cmake_prefix_path.ps1'
[0.479s] INFO:colcon.colcon_core.shell:Creating environment descriptor '/home/eldry/devros_ws/install/slambot_description/share/slambot_description/hook/cmake_prefix_path.dsv'
[0.480s] INFO:colcon.colcon_core.shell:Creating environment hook '/home/eldry/devros_ws/install/slambot_description/share/slambot_description/hook/cmake_prefix_path.sh'
[0.481s] Level 1:colcon.colcon_core.environment:checking '/home/eldry/devros_ws/install/slambot_description/bin'
[0.481s] Level 1:colcon.colcon_core.environment:checking '/home/eldry/devros_ws/install/slambot_description/lib/pkgconfig/slambot_description.pc'
[0.481s] Level 1:colcon.colcon_core.environment:checking '/home/eldry/devros_ws/install/slambot_description/lib/python3.12/site-packages'
[0.481s] Level 1:colcon.colcon_core.environment:checking '/home/eldry/devros_ws/install/slambot_description/bin'
[0.482s] INFO:colcon.colcon_core.shell:Creating package script '/home/eldry/devros_ws/install/slambot_description/share/slambot_description/package.ps1'
[0.482s] INFO:colcon.colcon_core.shell:Creating package descriptor '/home/eldry/devros_ws/install/slambot_description/share/slambot_description/package.dsv'
[0.483s] INFO:colcon.colcon_core.shell:Creating package script '/home/eldry/devros_ws/install/slambot_description/share/slambot_description/package.sh'
[0.484s] INFO:colcon.colcon_core.shell:Creating package script '/home/eldry/devros_ws/install/slambot_description/share/slambot_description/package.bash'
[0.484s] INFO:colcon.colcon_core.shell:Creating package script '/home/eldry/devros_ws/install/slambot_description/share/slambot_description/package.zsh'
[0.484s] Level 1:colcon.colcon_core.environment:create_file_with_runtime_dependencies(/home/eldry/devros_ws/install/slambot_description/share/colcon-core/packages/slambot_description)
[0.485s] INFO:colcon.colcon_ros.task.ament_cmake.build:Building ROS package in '/home/eldry/devros_ws/src/slambot_bringup' with build type 'ament_cmake'
[0.486s] INFO:colcon.colcon_cmake.task.cmake.build:Building CMake package in '/home/eldry/devros_ws/src/slambot_bringup'
[0.486s] INFO:colcon.colcon_core.shell:Skip shell extension 'powershell' for command environment: Not usable outside of PowerShell
[0.486s] DEBUG:colcon.colcon_core.shell:Skip shell extension 'dsv' for command environment
[0.504s] DEBUG:colcon.colcon_core.event_handler.log_command:Invoking command in '/home/eldry/devros_ws/build/slambot_bringup': CMAKE_PREFIX_PATH=/home/eldry/devros_ws/install/slambot_description:/home/eldry/devros_ws/install/slambot_interfaces:/home/eldry/devros_ws/install/slambot_bringup:/home/eldry/dv_ws/install/tank_interfaces:/home/eldry/dv_ws/install/tank_bringup:/home/eldry/dv_ws/install/tank_description:/opt/ros/jazzy/opt/gz_sim_vendor:/opt/ros/jazzy/opt/gz_sensors_vendor:/opt/ros/jazzy/opt/gz_physics_vendor:/opt/ros/jazzy/opt/sdformat_vendor:/opt/ros/jazzy/opt/gz_gui_vendor:/opt/ros/jazzy/opt/gz_transport_vendor:/opt/ros/jazzy/opt/gz_rendering_vendor:/opt/ros/jazzy/opt/gz_plugin_vendor:/opt/ros/jazzy/opt/gz_fuel_tools_vendor:/opt/ros/jazzy/opt/gz_msgs_vendor:/opt/ros/jazzy/opt/gz_common_vendor:/opt/ros/jazzy/opt/gz_math_vendor:/opt/ros/jazzy/opt/gz_utils_vendor:/opt/ros/jazzy/opt/gz_tools_vendor:/opt/ros/jazzy/opt/gz_ogre_next_vendor:/opt/ros/jazzy/opt/gz_dartsim_vendor:/opt/ros/jazzy/opt/gz_cmake_vendor:/opt/ros/jazzy DEBUGINFOD_URLS=https://debuginfod.ubuntu.com /usr/bin/cmake --build /home/eldry/devros_ws/build/slambot_bringup -- -j4 -l4
[0.582s] DEBUG:colcon.colcon_core.event_handler.log_command:Invoked command in '/home/eldry/devros_ws/build/slambot_bringup' returned '0': CMAKE_PREFIX_PATH=/home/eldry/devros_ws/install/slambot_description:/home/eldry/devros_ws/install/slambot_interfaces:/home/eldry/devros_ws/install/slambot_bringup:/home/eldry/dv_ws/install/tank_interfaces:/home/eldry/dv_ws/install/tank_bringup:/home/eldry/dv_ws/install/tank_description:/opt/ros/jazzy/opt/gz_sim_vendor:/opt/ros/jazzy/opt/gz_sensors_vendor:/opt/ros/jazzy/opt/gz_physics_vendor:/opt/ros/jazzy/opt/sdformat_vendor:/opt/ros/jazzy/opt/gz_gui_vendor:/opt/ros/jazzy/opt/gz_transport_vendor:/opt/ros/jazzy/opt/gz_rendering_vendor:/opt/ros/jazzy/opt/gz_plugin_vendor:/opt/ros/jazzy/opt/gz_fuel_tools_vendor:/opt/ros/jazzy/opt/gz_msgs_vendor:/opt/ros/jazzy/opt/gz_common_vendor:/opt/ros/jazzy/opt/gz_math_vendor:/opt/ros/jazzy/opt/gz_utils_vendor:/opt/ros/jazzy/opt/gz_tools_vendor:/opt/ros/jazzy/opt/gz_ogre_next_vendor:/opt/ros/jazzy/opt/gz_dartsim_vendor:/opt/ros/jazzy/opt/gz_cmake_vendor:/opt/ros/jazzy DEBUGINFOD_URLS=https://debuginfod.ubuntu.com /usr/bin/cmake --build /home/eldry/devros_ws/build/slambot_bringup -- -j4 -l4
[0.582s] DEBUG:colcon.colcon_core.event_handler.log_command:Invoking command in '/home/eldry/devros_ws/build/slambot_bringup': CMAKE_PREFIX_PATH=/home/eldry/devros_ws/install/slambot_description:/home/eldry/devros_ws/install/slambot_interfaces:/home/eldry/devros_ws/install/slambot_bringup:/home/eldry/dv_ws/install/tank_interfaces:/home/eldry/dv_ws/install/tank_bringup:/home/eldry/dv_ws/install/tank_description:/opt/ros/jazzy/opt/gz_sim_vendor:/opt/ros/jazzy/opt/gz_sensors_vendor:/opt/ros/jazzy/opt/gz_physics_vendor:/opt/ros/jazzy/opt/sdformat_vendor:/opt/ros/jazzy/opt/gz_gui_vendor:/opt/ros/jazzy/opt/gz_transport_vendor:/opt/ros/jazzy/opt/gz_rendering_vendor:/opt/ros/jazzy/opt/gz_plugin_vendor:/opt/ros/jazzy/opt/gz_fuel_tools_vendor:/opt/ros/jazzy/opt/gz_msgs_vendor:/opt/ros/jazzy/opt/gz_common_vendor:/opt/ros/jazzy/opt/gz_math_vendor:/opt/ros/jazzy/opt/gz_utils_vendor:/opt/ros/jazzy/opt/gz_tools_vendor:/opt/ros/jazzy/opt/gz_ogre_next_vendor:/opt/ros/jazzy/opt/gz_dartsim_vendor:/opt/ros/jazzy/opt/gz_cmake_vendor:/opt/ros/jazzy DEBUGINFOD_URLS=https://debuginfod.ubuntu.com /usr/bin/cmake --install /home/eldry/devros_ws/build/slambot_bringup
[0.597s] Level 1:colcon.colcon_core.environment:create_environment_scripts_only(slambot_bringup)
[0.598s] Level 1:colcon.colcon_core.environment:checking '/home/eldry/devros_ws/install/slambot_bringup' for CMake module files
[0.597s] DEBUG:colcon.colcon_core.event_handler.log_command:Invoked command in '/home/eldry/devros_ws/build/slambot_bringup' returned '0': CMAKE_PREFIX_PATH=/home/eldry/devros_ws/install/slambot_description:/home/eldry/devros_ws/install/slambot_interfaces:/home/eldry/devros_ws/install/slambot_bringup:/home/eldry/dv_ws/install/tank_interfaces:/home/eldry/dv_ws/install/tank_bringup:/home/eldry/dv_ws/install/tank_description:/opt/ros/jazzy/opt/gz_sim_vendor:/opt/ros/jazzy/opt/gz_sensors_vendor:/opt/ros/jazzy/opt/gz_physics_vendor:/opt/ros/jazzy/opt/sdformat_vendor:/opt/ros/jazzy/opt/gz_gui_vendor:/opt/ros/jazzy/opt/gz_transport_vendor:/opt/ros/jazzy/opt/gz_rendering_vendor:/opt/ros/jazzy/opt/gz_plugin_vendor:/opt/ros/jazzy/opt/gz_fuel_tools_vendor:/opt/ros/jazzy/opt/gz_msgs_vendor:/opt/ros/jazzy/opt/gz_common_vendor:/opt/ros/jazzy/opt/gz_math_vendor:/opt/ros/jazzy/opt/gz_utils_vendor:/opt/ros/jazzy/opt/gz_tools_vendor:/opt/ros/jazzy/opt/gz_ogre_next_vendor:/opt/ros/jazzy/opt/gz_dartsim_vendor:/opt/ros/jazzy/opt/gz_cmake_vendor:/opt/ros/jazzy DEBUGINFOD_URLS=https://debuginfod.ubuntu.com /usr/bin/cmake --install /home/eldry/devros_ws/build/slambot_bringup
[0.598s] Level 1:colcon.colcon_core.environment:checking '/home/eldry/devros_ws/install/slambot_bringup' for CMake config files
[0.599s] Level 1:colcon.colcon_core.shell:create_environment_hook('slambot_bringup', 'cmake_prefix_path')
[0.599s] INFO:colcon.colcon_core.shell:Creating environment hook '/home/eldry/devros_ws/install/slambot_bringup/share/slambot_bringup/hook/cmake_prefix_path.ps1'
[0.599s] INFO:colcon.colcon_core.shell:Creating environment descriptor '/home/eldry/devros_ws/install/slambot_bringup/share/slambot_bringup/hook/cmake_prefix_path.dsv'
[0.600s] INFO:colcon.colcon_core.shell:Creating environment hook '/home/eldry/devros_ws/install/slambot_bringup/share/slambot_bringup/hook/cmake_prefix_path.sh'
[0.601s] Level 1:colcon.colcon_core.environment:checking '/home/eldry/devros_ws/install/slambot_bringup/bin'
[0.601s] Level 1:colcon.colcon_core.environment:checking '/home/eldry/devros_ws/install/slambot_bringup/lib/pkgconfig/slambot_bringup.pc'
[0.601s] Level 1:colcon.colcon_core.environment:checking '/home/eldry/devros_ws/install/slambot_bringup/lib/python3.12/site-packages'
[0.601s] Level 1:colcon.colcon_core.environment:checking '/home/eldry/devros_ws/install/slambot_bringup/bin'
[0.602s] INFO:colcon.colcon_core.shell:Creating package script '/home/eldry/devros_ws/install/slambot_bringup/share/slambot_bringup/package.ps1'
[0.602s] INFO:colcon.colcon_core.shell:Creating package descriptor '/home/eldry/devros_ws/install/slambot_bringup/share/slambot_bringup/package.dsv'
[0.603s] INFO:colcon.colcon_core.shell:Creating package script '/home/eldry/devros_ws/install/slambot_bringup/share/slambot_bringup/package.sh'
[0.603s] INFO:colcon.colcon_core.shell:Creating package script '/home/eldry/devros_ws/install/slambot_bringup/share/slambot_bringup/package.bash'
[0.604s] INFO:colcon.colcon_core.shell:Creating package script '/home/eldry/devros_ws/install/slambot_bringup/share/slambot_bringup/package.zsh'
[0.604s] Level 1:colcon.colcon_core.environment:create_file_with_runtime_dependencies(/home/eldry/devros_ws/install/slambot_bringup/share/colcon-core/packages/slambot_bringup)
[0.605s] Level 1:colcon.colcon_core.environment:create_environment_scripts_only(slambot_bringup)
[0.605s] Level 1:colcon.colcon_core.environment:checking '/home/eldry/devros_ws/install/slambot_bringup' for CMake module files
[0.606s] Level 1:colcon.colcon_core.environment:checking '/home/eldry/devros_ws/install/slambot_bringup' for CMake config files
[0.606s] Level 1:colcon.colcon_core.shell:create_environment_hook('slambot_bringup', 'cmake_prefix_path')
[0.606s] INFO:colcon.colcon_core.shell:Creating environment hook '/home/eldry/devros_ws/install/slambot_bringup/share/slambot_bringup/hook/cmake_prefix_path.ps1'
[0.607s] INFO:colcon.colcon_core.shell:Creating environment descriptor '/home/eldry/devros_ws/install/slambot_bringup/share/slambot_bringup/hook/cmake_prefix_path.dsv'
[0.607s] INFO:colcon.colcon_core.shell:Creating environment hook '/home/eldry/devros_ws/install/slambot_bringup/share/slambot_bringup/hook/cmake_prefix_path.sh'
[0.608s] Level 1:colcon.colcon_core.environment:checking '/home/eldry/devros_ws/install/slambot_bringup/bin'
[0.608s] Level 1:colcon.colcon_core.environment:checking '/home/eldry/devros_ws/install/slambot_bringup/lib/pkgconfig/slambot_bringup.pc'
[0.608s] Level 1:colcon.colcon_core.environment:checking '/home/eldry/devros_ws/install/slambot_bringup/lib/python3.12/site-packages'
[0.608s] Level 1:colcon.colcon_core.environment:checking '/home/eldry/devros_ws/install/slambot_bringup/bin'
[0.608s] INFO:colcon.colcon_core.shell:Creating package script '/home/eldry/devros_ws/install/slambot_bringup/share/slambot_bringup/package.ps1'
[0.609s] INFO:colcon.colcon_core.shell:Creating package descriptor '/home/eldry/devros_ws/install/slambot_bringup/share/slambot_bringup/package.dsv'
[0.610s] INFO:colcon.colcon_core.shell:Creating package script '/home/eldry/devros_ws/install/slambot_bringup/share/slambot_bringup/package.sh'
[0.610s] INFO:colcon.colcon_core.shell:Creating package script '/home/eldry/devros_ws/install/slambot_bringup/share/slambot_bringup/package.bash'
[0.611s] INFO:colcon.colcon_core.shell:Creating package script '/home/eldry/devros_ws/install/slambot_bringup/share/slambot_bringup/package.zsh'
[0.611s] Level 1:colcon.colcon_core.environment:create_file_with_runtime_dependencies(/home/eldry/devros_ws/install/slambot_bringup/share/colcon-core/packages/slambot_bringup)
[0.936s] DEBUG:colcon.colcon_core.event_handler.log_command:Invoked command in '/home/eldry/devros_ws/build/slambot_interfaces' returned '0': CMAKE_PREFIX_PATH=${CMAKE_PREFIX_PATH}:/opt/ros/jazzy DEBUGINFOD_URLS=https://debuginfod.ubuntu.com /usr/bin/cmake --build /home/eldry/devros_ws/build/slambot_interfaces -- -j4 -l4
[0.937s] DEBUG:colcon.colcon_core.event_handler.log_command:Invoking command in '/home/eldry/devros_ws/build/slambot_interfaces': CMAKE_PREFIX_PATH=${CMAKE_PREFIX_PATH}:/opt/ros/jazzy DEBUGINFOD_URLS=https://debuginfod.ubuntu.com /usr/bin/cmake --install /home/eldry/devros_ws/build/slambot_interfaces
[1.010s] Level 1:colcon.colcon_core.environment:create_environment_scripts_only(slambot_interfaces)
[1.010s] Level 1:colcon.colcon_core.environment:checking '/home/eldry/devros_ws/install/slambot_interfaces' for CMake module files
[1.011s] DEBUG:colcon.colcon_core.event_handler.log_command:Invoked command in '/home/eldry/devros_ws/build/slambot_interfaces' returned '0': CMAKE_PREFIX_PATH=${CMAKE_PREFIX_PATH}:/opt/ros/jazzy DEBUGINFOD_URLS=https://debuginfod.ubuntu.com /usr/bin/cmake --install /home/eldry/devros_ws/build/slambot_interfaces
[1.011s] Level 1:colcon.colcon_core.environment:checking '/home/eldry/devros_ws/install/slambot_interfaces' for CMake config files
[1.012s] Level 1:colcon.colcon_core.shell:create_environment_hook('slambot_interfaces', 'cmake_prefix_path')
[1.012s] INFO:colcon.colcon_core.shell:Creating environment hook '/home/eldry/devros_ws/install/slambot_interfaces/share/slambot_interfaces/hook/cmake_prefix_path.ps1'
[1.012s] INFO:colcon.colcon_core.shell:Creating environment descriptor '/home/eldry/devros_ws/install/slambot_interfaces/share/slambot_interfaces/hook/cmake_prefix_path.dsv'
[1.013s] INFO:colcon.colcon_core.shell:Creating environment hook '/home/eldry/devros_ws/install/slambot_interfaces/share/slambot_interfaces/hook/cmake_prefix_path.sh'
[1.013s] Level 1:colcon.colcon_core.environment:checking '/home/eldry/devros_ws/install/slambot_interfaces/lib'
[1.013s] Level 1:colcon.colcon_core.shell:create_environment_hook('slambot_interfaces', 'ld_library_path_lib')
[1.013s] INFO:colcon.colcon_core.shell:Creating environment hook '/home/eldry/devros_ws/install/slambot_interfaces/share/slambot_interfaces/hook/ld_library_path_lib.ps1'
[1.014s] INFO:colcon.colcon_core.shell:Creating environment descriptor '/home/eldry/devros_ws/install/slambot_interfaces/share/slambot_interfaces/hook/ld_library_path_lib.dsv'
[1.014s] INFO:colcon.colcon_core.shell:Creating environment hook '/home/eldry/devros_ws/install/slambot_interfaces/share/slambot_interfaces/hook/ld_library_path_lib.sh'
[1.014s] Level 1:colcon.colcon_core.environment:checking '/home/eldry/devros_ws/install/slambot_interfaces/bin'
[1.015s] Level 1:colcon.colcon_core.environment:checking '/home/eldry/devros_ws/install/slambot_interfaces/lib/pkgconfig/slambot_interfaces.pc'
[1.015s] Level 1:colcon.colcon_core.environment:checking '/home/eldry/devros_ws/install/slambot_interfaces/lib/python3.12/site-packages'
[1.015s] Level 1:colcon.colcon_core.shell:create_environment_hook('slambot_interfaces', 'pythonpath')
[1.015s] INFO:colcon.colcon_core.shell:Creating environment hook '/home/eldry/devros_ws/install/slambot_interfaces/share/slambot_interfaces/hook/pythonpath.ps1'
[1.016s] INFO:colcon.colcon_core.shell:Creating environment descriptor '/home/eldry/devros_ws/install/slambot_interfaces/share/slambot_interfaces/hook/pythonpath.dsv'
[1.016s] INFO:colcon.colcon_core.shell:Creating environment hook '/home/eldry/devros_ws/install/slambot_interfaces/share/slambot_interfaces/hook/pythonpath.sh'
[1.016s] Level 1:colcon.colcon_core.environment:checking '/home/eldry/devros_ws/install/slambot_interfaces/bin'
[1.017s] INFO:colcon.colcon_core.shell:Creating package script '/home/eldry/devros_ws/install/slambot_interfaces/share/slambot_interfaces/package.ps1'
[1.017s] INFO:colcon.colcon_core.shell:Creating package descriptor '/home/eldry/devros_ws/install/slambot_interfaces/share/slambot_interfaces/package.dsv'
[1.018s] INFO:colcon.colcon_core.shell:Creating package script '/home/eldry/devros_ws/install/slambot_interfaces/share/slambot_interfaces/package.sh'
[1.018s] INFO:colcon.colcon_core.shell:Creating package script '/home/eldry/devros_ws/install/slambot_interfaces/share/slambot_interfaces/package.bash'
[1.019s] INFO:colcon.colcon_core.shell:Creating package script '/home/eldry/devros_ws/install/slambot_interfaces/share/slambot_interfaces/package.zsh'
[1.019s] Level 1:colcon.colcon_core.environment:create_file_with_runtime_dependencies(/home/eldry/devros_ws/install/slambot_interfaces/share/colcon-core/packages/slambot_interfaces)
[1.019s] Level 1:colcon.colcon_core.environment:create_environment_scripts_only(slambot_interfaces)
[1.020s] Level 1:colcon.colcon_core.environment:checking '/home/eldry/devros_ws/install/slambot_interfaces' for CMake module files
[1.020s] Level 1:colcon.colcon_core.environment:checking '/home/eldry/devros_ws/install/slambot_interfaces' for CMake config files
[1.021s] Level 1:colcon.colcon_core.shell:create_environment_hook('slambot_interfaces', 'cmake_prefix_path')
[1.021s] INFO:colcon.colcon_core.shell:Creating environment hook '/home/eldry/devros_ws/install/slambot_interfaces/share/slambot_interfaces/hook/cmake_prefix_path.ps1'
[1.021s] INFO:colcon.colcon_core.shell:Creating environment descriptor '/home/eldry/devros_ws/install/slambot_interfaces/share/slambot_interfaces/hook/cmake_prefix_path.dsv'
[1.021s] INFO:colcon.colcon_core.shell:Creating environment hook '/home/eldry/devros_ws/install/slambot_interfaces/share/slambot_interfaces/hook/cmake_prefix_path.sh'
[1.022s] Level 1:colcon.colcon_core.environment:checking '/home/eldry/devros_ws/install/slambot_interfaces/lib'
[1.022s] Level 1:colcon.colcon_core.shell:create_environment_hook('slambot_interfaces', 'ld_library_path_lib')
[1.022s] INFO:colcon.colcon_core.shell:Creating environment hook '/home/eldry/devros_ws/install/slambot_interfaces/share/slambot_interfaces/hook/ld_library_path_lib.ps1'
[1.023s] INFO:colcon.colcon_core.shell:Creating environment descriptor '/home/eldry/devros_ws/install/slambot_interfaces/share/slambot_interfaces/hook/ld_library_path_lib.dsv'
[1.023s] INFO:colcon.colcon_core.shell:Creating environment hook '/home/eldry/devros_ws/install/slambot_interfaces/share/slambot_interfaces/hook/ld_library_path_lib.sh'
[1.023s] Level 1:colcon.colcon_core.environment:checking '/home/eldry/devros_ws/install/slambot_interfaces/bin'
[1.023s] Level 1:colcon.colcon_core.environment:checking '/home/eldry/devros_ws/install/slambot_interfaces/lib/pkgconfig/slambot_interfaces.pc'
[1.023s] Level 1:colcon.colcon_core.environment:checking '/home/eldry/devros_ws/install/slambot_interfaces/lib/python3.12/site-packages'
[1.024s] Level 1:colcon.colcon_core.shell:create_environment_hook('slambot_interfaces', 'pythonpath')
[1.024s] INFO:colcon.colcon_core.shell:Creating environment hook '/home/eldry/devros_ws/install/slambot_interfaces/share/slambot_interfaces/hook/pythonpath.ps1'
[1.024s] INFO:colcon.colcon_core.shell:Creating environment descriptor '/home/eldry/devros_ws/install/slambot_interfaces/share/slambot_interfaces/hook/pythonpath.dsv'
[1.024s] INFO:colcon.colcon_core.shell:Creating environment hook '/home/eldry/devros_ws/install/slambot_interfaces/share/slambot_interfaces/hook/pythonpath.sh'
[1.025s] Level 1:colcon.colcon_core.environment:checking '/home/eldry/devros_ws/install/slambot_interfaces/bin'
[1.025s] INFO:colcon.colcon_core.shell:Creating package script '/home/eldry/devros_ws/install/slambot_interfaces/share/slambot_interfaces/package.ps1'
[1.026s] INFO:colcon.colcon_core.shell:Creating package descriptor '/home/eldry/devros_ws/install/slambot_interfaces/share/slambot_interfaces/package.dsv'
[1.026s] INFO:colcon.colcon_core.shell:Creating package script '/home/eldry/devros_ws/install/slambot_interfaces/share/slambot_interfaces/package.sh'
[1.027s] INFO:colcon.colcon_core.shell:Creating package script '/home/eldry/devros_ws/install/slambot_interfaces/share/slambot_interfaces/package.bash'
[1.027s] INFO:colcon.colcon_core.shell:Creating package script '/home/eldry/devros_ws/install/slambot_interfaces/share/slambot_interfaces/package.zsh'
[1.027s] Level 1:colcon.colcon_core.environment:create_file_with_runtime_dependencies(/home/eldry/devros_ws/install/slambot_interfaces/share/colcon-core/packages/slambot_interfaces)
[5.741s] DEBUG:colcon.colcon_core.event_handler.log_command:Invoked command in '/home/eldry/devros_ws/build/slambot_hardware' returned '2': CMAKE_PREFIX_PATH=${CMAKE_PREFIX_PATH}:/opt/ros/jazzy DEBUGINFOD_URLS=https://debuginfod.ubuntu.com /usr/bin/cmake --build /home/eldry/devros_ws/build/slambot_hardware -- -j4 -l4
[5.742s] Level 1:colcon.colcon_core.environment:create_environment_scripts_only(slambot_hardware)
[5.742s] Level 1:colcon.colcon_core.environment:checking '/home/eldry/devros_ws/install/slambot_hardware' for CMake module files
[5.743s] Level 1:colcon.colcon_core.environment:checking '/home/eldry/devros_ws/install/slambot_hardware' for CMake config files
[5.744s] Level 1:colcon.colcon_core.environment:checking '/home/eldry/devros_ws/install/slambot_hardware/bin'
[5.744s] Level 1:colcon.colcon_core.environment:checking '/home/eldry/devros_ws/install/slambot_hardware/lib/pkgconfig/slambot_hardware.pc'
[5.745s] Level 1:colcon.colcon_core.environment:checking '/home/eldry/devros_ws/install/slambot_hardware/lib/python3.12/site-packages'
[5.746s] Level 1:colcon.colcon_core.environment:checking '/home/eldry/devros_ws/install/slambot_hardware/bin'
[5.746s] INFO:colcon.colcon_core.shell:Creating package script '/home/eldry/devros_ws/install/slambot_hardware/share/slambot_hardware/package.ps1'
[5.747s] INFO:colcon.colcon_core.shell:Creating package descriptor '/home/eldry/devros_ws/install/slambot_hardware/share/slambot_hardware/package.dsv'
[5.748s] INFO:colcon.colcon_core.shell:Creating package script '/home/eldry/devros_ws/install/slambot_hardware/share/slambot_hardware/package.sh'
[5.748s] INFO:colcon.colcon_core.shell:Creating package script '/home/eldry/devros_ws/install/slambot_hardware/share/slambot_hardware/package.bash'
[5.749s] INFO:colcon.colcon_core.shell:Creating package script '/home/eldry/devros_ws/install/slambot_hardware/share/slambot_hardware/package.zsh'
[5.749s] Level 1:colcon.colcon_core.environment:create_file_with_runtime_dependencies(/home/eldry/devros_ws/install/slambot_hardware/share/colcon-core/packages/slambot_hardware)
[5.760s] DEBUG:colcon.colcon_parallel_executor.executor.parallel:closing loop
[5.760s] DEBUG:colcon.colcon_parallel_executor.executor.parallel:loop closed
[5.760s] DEBUG:colcon.colcon_parallel_executor.executor.parallel:run_until_complete finished with '2'
[5.760s] DEBUG:colcon.colcon_core.event_reactor:joining thread
[5.776s] INFO:colcon.colcon_core.plugin_system:Skipping extension 'colcon_notification.desktop_notification.terminal_notifier': Not used on non-Darwin systems
[5.777s] INFO:colcon.colcon_core.plugin_system:Skipping extension 'colcon_notification.desktop_notification.win32': Not used on non-Windows systems
[5.777s] INFO:colcon.colcon_notification.desktop_notification:Sending desktop notification using 'notify2'
[5.806s] DEBUG:colcon.colcon_core.event_reactor:joined thread
[5.807s] INFO:colcon.colcon_core.shell:Creating prefix script '/home/eldry/devros_ws/install/local_setup.ps1'
[5.809s] INFO:colcon.colcon_core.shell:Creating prefix util module '/home/eldry/devros_ws/install/_local_setup_util_ps1.py'
[5.811s] INFO:colcon.colcon_core.shell:Creating prefix chain script '/home/eldry/devros_ws/install/setup.ps1'
[5.814s] INFO:colcon.colcon_core.shell:Creating prefix script '/home/eldry/devros_ws/install/local_setup.sh'
[5.815s] INFO:colcon.colcon_core.shell:Creating prefix util module '/home/eldry/devros_ws/install/_local_setup_util_sh.py'
[5.816s] INFO:colcon.colcon_core.shell:Creating prefix chain script '/home/eldry/devros_ws/install/setup.sh'
[5.819s] INFO:colcon.colcon_core.shell:Creating prefix script '/home/eldry/devros_ws/install/local_setup.bash'
[5.820s] INFO:colcon.colcon_core.shell:Creating prefix chain script '/home/eldry/devros_ws/install/setup.bash'
[5.823s] INFO:colcon.colcon_core.shell:Creating prefix script '/home/eldry/devros_ws/install/local_setup.zsh'
[5.824s] INFO:colcon.colcon_core.shell:Creating prefix chain script '/home/eldry/devros_ws/install/setup.zsh'
