[0.198s] DEBUG:colcon:Command line arguments: ['/usr/bin/colcon', 'build']
[0.198s] DEBUG:colcon:Parsed command line arguments: Namespace(log_base=None, log_level=None, verb_name='build', build_base='build', install_base='install', merge_install=False, symlink_install=False, test_result_base=None, continue_on_error=False, executor='parallel', parallel_workers=4, event_handlers=None, ignore_user_meta=False, metas=['./colcon.meta'], base_paths=['.'], packages_ignore=None, packages_ignore_regex=None, paths=None, packages_up_to=None, packages_up_to_regex=None, packages_above=None, packages_above_and_dependencies=None, packages_above_depth=None, packages_select_by_dep=None, packages_skip_by_dep=None, packages_skip_up_to=None, packages_select_build_failed=False, packages_skip_build_finished=False, packages_select_test_failures=False, packages_skip_test_passed=False, packages_select=None, packages_skip=None, packages_select_regex=None, packages_skip_regex=None, packages_start=None, packages_end=None, allow_overriding=[], cmake_args=None, cmake_target=None, cmake_target_skip_unavailable=False, cmake_clean_cache=False, cmake_clean_first=False, cmake_force_configure=False, ament_cmake_args=None, catkin_cmake_args=None, catkin_skip_building_tests=False, mixin_files=None, mixin=None, verb_parser=<colcon_mixin.mixin.mixin_argument.MixinArgumentDecorator object at 0x73bb3f29cb30>, verb_extension=<colcon_core.verb.build.BuildVerb object at 0x73bb3f24b350>, main=<bound method BuildVerb.main of <colcon_core.verb.build.BuildVerb object at 0x73bb3f24b350>>, mixin_verb=('build',))
[0.241s] Level 1:colcon.colcon_core.package_discovery:discover_packages(colcon_meta) check parameters
[0.241s] Level 1:colcon.colcon_core.package_discovery:discover_packages(recursive) check parameters
[0.241s] Level 1:colcon.colcon_core.package_discovery:discover_packages(ignore) check parameters
[0.241s] Level 1:colcon.colcon_core.package_discovery:discover_packages(path) check parameters
[0.241s] Level 1:colcon.colcon_core.package_discovery:discover_packages(colcon_meta) discover
[0.241s] Level 1:colcon.colcon_core.package_discovery:discover_packages(recursive) discover
[0.241s] INFO:colcon.colcon_core.package_discovery:Crawling recursively for packages in '/home/eldry/devros_ws'
[0.241s] Level 1:colcon.colcon_core.package_identification:_identify(.) by extensions ['ignore', 'ignore_ament_install']
[0.241s] Level 1:colcon.colcon_core.package_identification:_identify(.) by extension 'ignore'
[0.241s] Level 1:colcon.colcon_core.package_identification:_identify(.) by extension 'ignore_ament_install'
[0.241s] Level 1:colcon.colcon_core.package_identification:_identify(.) by extensions ['colcon_pkg']
[0.241s] Level 1:colcon.colcon_core.package_identification:_identify(.) by extension 'colcon_pkg'
[0.241s] Level 1:colcon.colcon_core.package_identification:_identify(.) by extensions ['colcon_meta']
[0.241s] Level 1:colcon.colcon_core.package_identification:_identify(.) by extension 'colcon_meta'
[0.242s] Level 1:colcon.colcon_core.package_identification:_identify(.) by extensions ['ros']
[0.242s] Level 1:colcon.colcon_core.package_identification:_identify(.) by extension 'ros'
[0.273s] Level 1:colcon.colcon_core.package_identification:_identify(.) by extensions ['cmake', 'python']
[0.273s] Level 1:colcon.colcon_core.package_identification:_identify(.) by extension 'cmake'
[0.273s] Level 1:colcon.colcon_core.package_identification:_identify(.) by extension 'python'
[0.273s] Level 1:colcon.colcon_core.package_identification:_identify(.) by extensions ['python_setup_py']
[0.273s] Level 1:colcon.colcon_core.package_identification:_identify(.) by extension 'python_setup_py'
[0.273s] Level 1:colcon.colcon_core.package_identification:_identify(build) by extensions ['ignore', 'ignore_ament_install']
[0.273s] Level 1:colcon.colcon_core.package_identification:_identify(build) by extension 'ignore'
[0.273s] Level 1:colcon.colcon_core.package_identification:_identify(build) ignored
[0.273s] Level 1:colcon.colcon_core.package_identification:_identify(install) by extensions ['ignore', 'ignore_ament_install']
[0.273s] Level 1:colcon.colcon_core.package_identification:_identify(install) by extension 'ignore'
[0.273s] Level 1:colcon.colcon_core.package_identification:_identify(install) ignored
[0.273s] Level 1:colcon.colcon_core.package_identification:_identify(log) by extensions ['ignore', 'ignore_ament_install']
[0.274s] Level 1:colcon.colcon_core.package_identification:_identify(log) by extension 'ignore'
[0.274s] Level 1:colcon.colcon_core.package_identification:_identify(log) ignored
[0.274s] Level 1:colcon.colcon_core.package_identification:_identify(src) by extensions ['ignore', 'ignore_ament_install']
[0.274s] Level 1:colcon.colcon_core.package_identification:_identify(src) by extension 'ignore'
[0.274s] Level 1:colcon.colcon_core.package_identification:_identify(src) by extension 'ignore_ament_install'
[0.274s] Level 1:colcon.colcon_core.package_identification:_identify(src) by extensions ['colcon_pkg']
[0.274s] Level 1:colcon.colcon_core.package_identification:_identify(src) by extension 'colcon_pkg'
[0.274s] Level 1:colcon.colcon_core.package_identification:_identify(src) by extensions ['colcon_meta']
[0.274s] Level 1:colcon.colcon_core.package_identification:_identify(src) by extension 'colcon_meta'
[0.274s] Level 1:colcon.colcon_core.package_identification:_identify(src) by extensions ['ros']
[0.274s] Level 1:colcon.colcon_core.package_identification:_identify(src) by extension 'ros'
[0.274s] Level 1:colcon.colcon_core.package_identification:_identify(src) by extensions ['cmake', 'python']
[0.274s] Level 1:colcon.colcon_core.package_identification:_identify(src) by extension 'cmake'
[0.274s] Level 1:colcon.colcon_core.package_identification:_identify(src) by extension 'python'
[0.274s] Level 1:colcon.colcon_core.package_identification:_identify(src) by extensions ['python_setup_py']
[0.274s] Level 1:colcon.colcon_core.package_identification:_identify(src) by extension 'python_setup_py'
[0.274s] Level 1:colcon.colcon_core.package_identification:_identify(src/slambot_bringup) by extensions ['ignore', 'ignore_ament_install']
[0.274s] Level 1:colcon.colcon_core.package_identification:_identify(src/slambot_bringup) by extension 'ignore'
[0.274s] Level 1:colcon.colcon_core.package_identification:_identify(src/slambot_bringup) by extension 'ignore_ament_install'
[0.274s] Level 1:colcon.colcon_core.package_identification:_identify(src/slambot_bringup) by extensions ['colcon_pkg']
[0.274s] Level 1:colcon.colcon_core.package_identification:_identify(src/slambot_bringup) by extension 'colcon_pkg'
[0.275s] Level 1:colcon.colcon_core.package_identification:_identify(src/slambot_bringup) by extensions ['colcon_meta']
[0.275s] Level 1:colcon.colcon_core.package_identification:_identify(src/slambot_bringup) by extension 'colcon_meta'
[0.275s] Level 1:colcon.colcon_core.package_identification:_identify(src/slambot_bringup) by extensions ['ros']
[0.275s] Level 1:colcon.colcon_core.package_identification:_identify(src/slambot_bringup) by extension 'ros'
[0.278s] DEBUG:colcon.colcon_core.package_identification:Package 'src/slambot_bringup' with type 'ros.ament_cmake' and name 'slambot_bringup'
[0.278s] Level 1:colcon.colcon_core.package_identification:_identify(src/slambot_description) by extensions ['ignore', 'ignore_ament_install']
[0.278s] Level 1:colcon.colcon_core.package_identification:_identify(src/slambot_description) by extension 'ignore'
[0.278s] Level 1:colcon.colcon_core.package_identification:_identify(src/slambot_description) by extension 'ignore_ament_install'
[0.278s] Level 1:colcon.colcon_core.package_identification:_identify(src/slambot_description) by extensions ['colcon_pkg']
[0.278s] Level 1:colcon.colcon_core.package_identification:_identify(src/slambot_description) by extension 'colcon_pkg'
[0.278s] Level 1:colcon.colcon_core.package_identification:_identify(src/slambot_description) by extensions ['colcon_meta']
[0.278s] Level 1:colcon.colcon_core.package_identification:_identify(src/slambot_description) by extension 'colcon_meta'
[0.278s] Level 1:colcon.colcon_core.package_identification:_identify(src/slambot_description) by extensions ['ros']
[0.278s] Level 1:colcon.colcon_core.package_identification:_identify(src/slambot_description) by extension 'ros'
[0.279s] DEBUG:colcon.colcon_core.package_identification:Package 'src/slambot_description' with type 'ros.ament_cmake' and name 'slambot_description'
[0.279s] Level 1:colcon.colcon_core.package_identification:_identify(src/slambot_hardware) by extensions ['ignore', 'ignore_ament_install']
[0.279s] Level 1:colcon.colcon_core.package_identification:_identify(src/slambot_hardware) by extension 'ignore'
[0.279s] Level 1:colcon.colcon_core.package_identification:_identify(src/slambot_hardware) by extension 'ignore_ament_install'
[0.279s] Level 1:colcon.colcon_core.package_identification:_identify(src/slambot_hardware) by extensions ['colcon_pkg']
[0.279s] Level 1:colcon.colcon_core.package_identification:_identify(src/slambot_hardware) by extension 'colcon_pkg'
[0.279s] Level 1:colcon.colcon_core.package_identification:_identify(src/slambot_hardware) by extensions ['colcon_meta']
[0.279s] Level 1:colcon.colcon_core.package_identification:_identify(src/slambot_hardware) by extension 'colcon_meta'
[0.279s] Level 1:colcon.colcon_core.package_identification:_identify(src/slambot_hardware) by extensions ['ros']
[0.279s] Level 1:colcon.colcon_core.package_identification:_identify(src/slambot_hardware) by extension 'ros'
[0.280s] DEBUG:colcon.colcon_core.package_identification:Package 'src/slambot_hardware' with type 'ros.ament_cmake' and name 'slambot_hardware'
[0.280s] Level 1:colcon.colcon_core.package_identification:_identify(src/slambot_interfaces) by extensions ['ignore', 'ignore_ament_install']
[0.280s] Level 1:colcon.colcon_core.package_identification:_identify(src/slambot_interfaces) by extension 'ignore'
[0.280s] Level 1:colcon.colcon_core.package_identification:_identify(src/slambot_interfaces) by extension 'ignore_ament_install'
[0.280s] Level 1:colcon.colcon_core.package_identification:_identify(src/slambot_interfaces) by extensions ['colcon_pkg']
[0.280s] Level 1:colcon.colcon_core.package_identification:_identify(src/slambot_interfaces) by extension 'colcon_pkg'
[0.280s] Level 1:colcon.colcon_core.package_identification:_identify(src/slambot_interfaces) by extensions ['colcon_meta']
[0.280s] Level 1:colcon.colcon_core.package_identification:_identify(src/slambot_interfaces) by extension 'colcon_meta'
[0.280s] Level 1:colcon.colcon_core.package_identification:_identify(src/slambot_interfaces) by extensions ['ros']
[0.280s] Level 1:colcon.colcon_core.package_identification:_identify(src/slambot_interfaces) by extension 'ros'
[0.281s] DEBUG:colcon.colcon_core.package_identification:Package 'src/slambot_interfaces' with type 'ros.ament_cmake' and name 'slambot_interfaces'
[0.281s] Level 1:colcon.colcon_core.package_discovery:discover_packages(recursive) using defaults
[0.281s] Level 1:colcon.colcon_core.package_discovery:discover_packages(ignore) discover
[0.281s] Level 1:colcon.colcon_core.package_discovery:discover_packages(ignore) using defaults
[0.281s] Level 1:colcon.colcon_core.package_discovery:discover_packages(path) discover
[0.281s] Level 1:colcon.colcon_core.package_discovery:discover_packages(path) using defaults
[0.302s] Level 1:colcon.colcon_core.package_discovery:discover_packages(prefix_path) check parameters
[0.302s] Level 1:colcon.colcon_core.package_discovery:discover_packages(prefix_path) discover
[0.305s] DEBUG:colcon.colcon_installed_package_information.package_discovery:Found 4 installed packages in /home/eldry/devros_ws/install
[0.306s] DEBUG:colcon.colcon_installed_package_information.package_discovery:Found 3 installed packages in /home/eldry/dv_ws/install
[0.308s] DEBUG:colcon.colcon_installed_package_information.package_discovery:Found 374 installed packages in /opt/ros/jazzy
[0.308s] Level 1:colcon.colcon_core.package_discovery:discover_packages(prefix_path) using defaults
[0.364s] Level 5:colcon.colcon_core.verb:set package 'slambot_description' build argument 'cmake_args' from command line to 'None'
[0.364s] Level 5:colcon.colcon_core.verb:set package 'slambot_description' build argument 'cmake_target' from command line to 'None'
[0.364s] Level 5:colcon.colcon_core.verb:set package 'slambot_description' build argument 'cmake_target_skip_unavailable' from command line to 'False'
[0.364s] Level 5:colcon.colcon_core.verb:set package 'slambot_description' build argument 'cmake_clean_cache' from command line to 'False'
[0.364s] Level 5:colcon.colcon_core.verb:set package 'slambot_description' build argument 'cmake_clean_first' from command line to 'False'
[0.364s] Level 5:colcon.colcon_core.verb:set package 'slambot_description' build argument 'cmake_force_configure' from command line to 'False'
[0.364s] Level 5:colcon.colcon_core.verb:set package 'slambot_description' build argument 'ament_cmake_args' from command line to 'None'
[0.364s] Level 5:colcon.colcon_core.verb:set package 'slambot_description' build argument 'catkin_cmake_args' from command line to 'None'
[0.364s] Level 5:colcon.colcon_core.verb:set package 'slambot_description' build argument 'catkin_skip_building_tests' from command line to 'False'
[0.364s] DEBUG:colcon.colcon_core.verb:Building package 'slambot_description' with the following arguments: {'ament_cmake_args': None, 'build_base': '/home/eldry/devros_ws/build/slambot_description', 'catkin_cmake_args': None, 'catkin_skip_building_tests': False, 'cmake_args': None, 'cmake_clean_cache': False, 'cmake_clean_first': False, 'cmake_force_configure': False, 'cmake_target': None, 'cmake_target_skip_unavailable': False, 'install_base': '/home/eldry/devros_ws/install/slambot_description', 'merge_install': False, 'path': '/home/eldry/devros_ws/src/slambot_description', 'symlink_install': False, 'test_result_base': None}
[0.365s] Level 5:colcon.colcon_core.verb:set package 'slambot_hardware' build argument 'cmake_args' from command line to 'None'
[0.365s] Level 5:colcon.colcon_core.verb:set package 'slambot_hardware' build argument 'cmake_target' from command line to 'None'
[0.365s] Level 5:colcon.colcon_core.verb:set package 'slambot_hardware' build argument 'cmake_target_skip_unavailable' from command line to 'False'
[0.365s] Level 5:colcon.colcon_core.verb:set package 'slambot_hardware' build argument 'cmake_clean_cache' from command line to 'False'
[0.365s] Level 5:colcon.colcon_core.verb:set package 'slambot_hardware' build argument 'cmake_clean_first' from command line to 'False'
[0.365s] Level 5:colcon.colcon_core.verb:set package 'slambot_hardware' build argument 'cmake_force_configure' from command line to 'False'
[0.365s] Level 5:colcon.colcon_core.verb:set package 'slambot_hardware' build argument 'ament_cmake_args' from command line to 'None'
[0.365s] Level 5:colcon.colcon_core.verb:set package 'slambot_hardware' build argument 'catkin_cmake_args' from command line to 'None'
[0.365s] Level 5:colcon.colcon_core.verb:set package 'slambot_hardware' build argument 'catkin_skip_building_tests' from command line to 'False'
[0.365s] DEBUG:colcon.colcon_core.verb:Building package 'slambot_hardware' with the following arguments: {'ament_cmake_args': None, 'build_base': '/home/eldry/devros_ws/build/slambot_hardware', 'catkin_cmake_args': None, 'catkin_skip_building_tests': False, 'cmake_args': None, 'cmake_clean_cache': False, 'cmake_clean_first': False, 'cmake_force_configure': False, 'cmake_target': None, 'cmake_target_skip_unavailable': False, 'install_base': '/home/eldry/devros_ws/install/slambot_hardware', 'merge_install': False, 'path': '/home/eldry/devros_ws/src/slambot_hardware', 'symlink_install': False, 'test_result_base': None}
[0.365s] Level 5:colcon.colcon_core.verb:set package 'slambot_interfaces' build argument 'cmake_args' from command line to 'None'
[0.365s] Level 5:colcon.colcon_core.verb:set package 'slambot_interfaces' build argument 'cmake_target' from command line to 'None'
[0.365s] Level 5:colcon.colcon_core.verb:set package 'slambot_interfaces' build argument 'cmake_target_skip_unavailable' from command line to 'False'
[0.365s] Level 5:colcon.colcon_core.verb:set package 'slambot_interfaces' build argument 'cmake_clean_cache' from command line to 'False'
[0.365s] Level 5:colcon.colcon_core.verb:set package 'slambot_interfaces' build argument 'cmake_clean_first' from command line to 'False'
[0.365s] Level 5:colcon.colcon_core.verb:set package 'slambot_interfaces' build argument 'cmake_force_configure' from command line to 'False'
[0.365s] Level 5:colcon.colcon_core.verb:set package 'slambot_interfaces' build argument 'ament_cmake_args' from command line to 'None'
[0.365s] Level 5:colcon.colcon_core.verb:set package 'slambot_interfaces' build argument 'catkin_cmake_args' from command line to 'None'
[0.365s] Level 5:colcon.colcon_core.verb:set package 'slambot_interfaces' build argument 'catkin_skip_building_tests' from command line to 'False'
[0.365s] DEBUG:colcon.colcon_core.verb:Building package 'slambot_interfaces' with the following arguments: {'ament_cmake_args': None, 'build_base': '/home/eldry/devros_ws/build/slambot_interfaces', 'catkin_cmake_args': None, 'catkin_skip_building_tests': False, 'cmake_args': None, 'cmake_clean_cache': False, 'cmake_clean_first': False, 'cmake_force_configure': False, 'cmake_target': None, 'cmake_target_skip_unavailable': False, 'install_base': '/home/eldry/devros_ws/install/slambot_interfaces', 'merge_install': False, 'path': '/home/eldry/devros_ws/src/slambot_interfaces', 'symlink_install': False, 'test_result_base': None}
[0.366s] Level 5:colcon.colcon_core.verb:set package 'slambot_bringup' build argument 'cmake_args' from command line to 'None'
[0.366s] Level 5:colcon.colcon_core.verb:set package 'slambot_bringup' build argument 'cmake_target' from command line to 'None'
[0.366s] Level 5:colcon.colcon_core.verb:set package 'slambot_bringup' build argument 'cmake_target_skip_unavailable' from command line to 'False'
[0.366s] Level 5:colcon.colcon_core.verb:set package 'slambot_bringup' build argument 'cmake_clean_cache' from command line to 'False'
[0.366s] Level 5:colcon.colcon_core.verb:set package 'slambot_bringup' build argument 'cmake_clean_first' from command line to 'False'
[0.366s] Level 5:colcon.colcon_core.verb:set package 'slambot_bringup' build argument 'cmake_force_configure' from command line to 'False'
[0.366s] Level 5:colcon.colcon_core.verb:set package 'slambot_bringup' build argument 'ament_cmake_args' from command line to 'None'
[0.366s] Level 5:colcon.colcon_core.verb:set package 'slambot_bringup' build argument 'catkin_cmake_args' from command line to 'None'
[0.366s] Level 5:colcon.colcon_core.verb:set package 'slambot_bringup' build argument 'catkin_skip_building_tests' from command line to 'False'
[0.366s] DEBUG:colcon.colcon_core.verb:Building package 'slambot_bringup' with the following arguments: {'ament_cmake_args': None, 'build_base': '/home/eldry/devros_ws/build/slambot_bringup', 'catkin_cmake_args': None, 'catkin_skip_building_tests': False, 'cmake_args': None, 'cmake_clean_cache': False, 'cmake_clean_first': False, 'cmake_force_configure': False, 'cmake_target': None, 'cmake_target_skip_unavailable': False, 'install_base': '/home/eldry/devros_ws/install/slambot_bringup', 'merge_install': False, 'path': '/home/eldry/devros_ws/src/slambot_bringup', 'symlink_install': False, 'test_result_base': None}
[0.366s] INFO:colcon.colcon_core.executor:Executing jobs using 'parallel' executor
[0.367s] DEBUG:colcon.colcon_parallel_executor.executor.parallel:run_until_complete
[0.367s] INFO:colcon.colcon_ros.task.ament_cmake.build:Building ROS package in '/home/eldry/devros_ws/src/slambot_description' with build type 'ament_cmake'
[0.367s] INFO:colcon.colcon_cmake.task.cmake.build:Building CMake package in '/home/eldry/devros_ws/src/slambot_description'
[0.374s] INFO:colcon.colcon_core.plugin_system:Skipping extension 'colcon_core.shell.bat': Not used on non-Windows systems
[0.374s] INFO:colcon.colcon_core.shell:Skip shell extension 'powershell' for command environment: Not usable outside of PowerShell
[0.374s] DEBUG:colcon.colcon_core.shell:Skip shell extension 'dsv' for command environment
[0.379s] INFO:colcon.colcon_ros.task.ament_cmake.build:Building ROS package in '/home/eldry/devros_ws/src/slambot_hardware' with build type 'ament_cmake'
[0.379s] INFO:colcon.colcon_cmake.task.cmake.build:Building CMake package in '/home/eldry/devros_ws/src/slambot_hardware'
[0.380s] INFO:colcon.colcon_core.shell:Skip shell extension 'powershell' for command environment: Not usable outside of PowerShell
[0.380s] DEBUG:colcon.colcon_core.shell:Skip shell extension 'dsv' for command environment
[0.384s] INFO:colcon.colcon_ros.task.ament_cmake.build:Building ROS package in '/home/eldry/devros_ws/src/slambot_interfaces' with build type 'ament_cmake'
[0.384s] INFO:colcon.colcon_cmake.task.cmake.build:Building CMake package in '/home/eldry/devros_ws/src/slambot_interfaces'
[0.384s] INFO:colcon.colcon_core.shell:Skip shell extension 'powershell' for command environment: Not usable outside of PowerShell
[0.384s] DEBUG:colcon.colcon_core.shell:Skip shell extension 'dsv' for command environment
[0.393s] DEBUG:colcon.colcon_core.event_handler.log_command:Invoking command in '/home/eldry/devros_ws/build/slambot_description': CMAKE_PREFIX_PATH=${CMAKE_PREFIX_PATH}:/opt/ros/jazzy DEBUGINFOD_URLS=https://debuginfod.ubuntu.com /usr/bin/cmake --build /home/eldry/devros_ws/build/slambot_description -- -j4 -l4
[0.397s] DEBUG:colcon.colcon_core.event_handler.log_command:Invoking command in '/home/eldry/devros_ws/build/slambot_hardware': CMAKE_PREFIX_PATH=${CMAKE_PREFIX_PATH}:/opt/ros/jazzy DEBUGINFOD_URLS=https://debuginfod.ubuntu.com /usr/bin/cmake --build /home/eldry/devros_ws/build/slambot_hardware -- -j4 -l4
[0.401s] DEBUG:colcon.colcon_core.event_handler.log_command:Invoking command in '/home/eldry/devros_ws/build/slambot_interfaces': CMAKE_PREFIX_PATH=${CMAKE_PREFIX_PATH}:/opt/ros/jazzy DEBUGINFOD_URLS=https://debuginfod.ubuntu.com /usr/bin/cmake --build /home/eldry/devros_ws/build/slambot_interfaces -- -j4 -l4
[0.433s] DEBUG:colcon.colcon_core.event_handler.log_command:Invoked command in '/home/eldry/devros_ws/build/slambot_description' returned '0': CMAKE_PREFIX_PATH=${CMAKE_PREFIX_PATH}:/opt/ros/jazzy DEBUGINFOD_URLS=https://debuginfod.ubuntu.com /usr/bin/cmake --build /home/eldry/devros_ws/build/slambot_description -- -j4 -l4
[0.443s] DEBUG:colcon.colcon_core.event_handler.log_command:Invoking command in '/home/eldry/devros_ws/build/slambot_description': CMAKE_PREFIX_PATH=${CMAKE_PREFIX_PATH}:/opt/ros/jazzy DEBUGINFOD_URLS=https://debuginfod.ubuntu.com /usr/bin/cmake --install /home/eldry/devros_ws/build/slambot_description
[0.457s] Level 1:colcon.colcon_core.environment:create_environment_scripts_only(slambot_description)
[0.458s] DEBUG:colcon.colcon_core.event_handler.log_command:Invoked command in '/home/eldry/devros_ws/build/slambot_description' returned '0': CMAKE_PREFIX_PATH=${CMAKE_PREFIX_PATH}:/opt/ros/jazzy DEBUGINFOD_URLS=https://debuginfod.ubuntu.com /usr/bin/cmake --install /home/eldry/devros_ws/build/slambot_description
[0.463s] Level 1:colcon.colcon_core.environment:checking '/home/eldry/devros_ws/install/slambot_description' for CMake module files
[0.464s] Level 1:colcon.colcon_core.environment:checking '/home/eldry/devros_ws/install/slambot_description' for CMake config files
[0.464s] Level 1:colcon.colcon_core.shell:create_environment_hook('slambot_description', 'cmake_prefix_path')
[0.465s] INFO:colcon.colcon_core.shell:Creating environment hook '/home/eldry/devros_ws/install/slambot_description/share/slambot_description/hook/cmake_prefix_path.ps1'
[0.465s] INFO:colcon.colcon_core.shell:Creating environment descriptor '/home/eldry/devros_ws/install/slambot_description/share/slambot_description/hook/cmake_prefix_path.dsv'
[0.466s] INFO:colcon.colcon_core.shell:Creating environment hook '/home/eldry/devros_ws/install/slambot_description/share/slambot_description/hook/cmake_prefix_path.sh'
[0.468s] Level 1:colcon.colcon_core.environment:checking '/home/eldry/devros_ws/install/slambot_description/bin'
[0.468s] Level 1:colcon.colcon_core.environment:checking '/home/eldry/devros_ws/install/slambot_description/lib/pkgconfig/slambot_description.pc'
[0.469s] Level 1:colcon.colcon_core.environment:checking '/home/eldry/devros_ws/install/slambot_description/lib/python3.12/site-packages'
[0.469s] Level 1:colcon.colcon_core.environment:checking '/home/eldry/devros_ws/install/slambot_description/bin'
[0.470s] INFO:colcon.colcon_core.shell:Creating package script '/home/eldry/devros_ws/install/slambot_description/share/slambot_description/package.ps1'
[0.470s] INFO:colcon.colcon_core.shell:Creating package descriptor '/home/eldry/devros_ws/install/slambot_description/share/slambot_description/package.dsv'
[0.471s] INFO:colcon.colcon_core.shell:Creating package script '/home/eldry/devros_ws/install/slambot_description/share/slambot_description/package.sh'
[0.472s] INFO:colcon.colcon_core.shell:Creating package script '/home/eldry/devros_ws/install/slambot_description/share/slambot_description/package.bash'
[0.473s] INFO:colcon.colcon_core.shell:Creating package script '/home/eldry/devros_ws/install/slambot_description/share/slambot_description/package.zsh'
[0.474s] Level 1:colcon.colcon_core.environment:create_file_with_runtime_dependencies(/home/eldry/devros_ws/install/slambot_description/share/colcon-core/packages/slambot_description)
[0.475s] Level 1:colcon.colcon_core.environment:create_environment_scripts_only(slambot_description)
[0.475s] Level 1:colcon.colcon_core.environment:checking '/home/eldry/devros_ws/install/slambot_description' for CMake module files
[0.476s] Level 1:colcon.colcon_core.environment:checking '/home/eldry/devros_ws/install/slambot_description' for CMake config files
[0.476s] Level 1:colcon.colcon_core.shell:create_environment_hook('slambot_description', 'cmake_prefix_path')
[0.476s] INFO:colcon.colcon_core.shell:Creating environment hook '/home/eldry/devros_ws/install/slambot_description/share/slambot_description/hook/cmake_prefix_path.ps1'
[0.476s] INFO:colcon.colcon_core.shell:Creating environment descriptor '/home/eldry/devros_ws/install/slambot_description/share/slambot_description/hook/cmake_prefix_path.dsv'
[0.477s] INFO:colcon.colcon_core.shell:Creating environment hook '/home/eldry/devros_ws/install/slambot_description/share/slambot_description/hook/cmake_prefix_path.sh'
[0.477s] Level 1:colcon.colcon_core.environment:checking '/home/eldry/devros_ws/install/slambot_description/bin'
[0.478s] Level 1:colcon.colcon_core.environment:checking '/home/eldry/devros_ws/install/slambot_description/lib/pkgconfig/slambot_description.pc'
[0.478s] Level 1:colcon.colcon_core.environment:checking '/home/eldry/devros_ws/install/slambot_description/lib/python3.12/site-packages'
[0.478s] Level 1:colcon.colcon_core.environment:checking '/home/eldry/devros_ws/install/slambot_description/bin'
[0.478s] INFO:colcon.colcon_core.shell:Creating package script '/home/eldry/devros_ws/install/slambot_description/share/slambot_description/package.ps1'
[0.479s] INFO:colcon.colcon_core.shell:Creating package descriptor '/home/eldry/devros_ws/install/slambot_description/share/slambot_description/package.dsv'
[0.479s] INFO:colcon.colcon_core.shell:Creating package script '/home/eldry/devros_ws/install/slambot_description/share/slambot_description/package.sh'
[0.480s] INFO:colcon.colcon_core.shell:Creating package script '/home/eldry/devros_ws/install/slambot_description/share/slambot_description/package.bash'
[0.480s] INFO:colcon.colcon_core.shell:Creating package script '/home/eldry/devros_ws/install/slambot_description/share/slambot_description/package.zsh'
[0.481s] Level 1:colcon.colcon_core.environment:create_file_with_runtime_dependencies(/home/eldry/devros_ws/install/slambot_description/share/colcon-core/packages/slambot_description)
[0.482s] INFO:colcon.colcon_ros.task.ament_cmake.build:Building ROS package in '/home/eldry/devros_ws/src/slambot_bringup' with build type 'ament_cmake'
[0.482s] INFO:colcon.colcon_cmake.task.cmake.build:Building CMake package in '/home/eldry/devros_ws/src/slambot_bringup'
[0.482s] INFO:colcon.colcon_core.shell:Skip shell extension 'powershell' for command environment: Not usable outside of PowerShell
[0.482s] DEBUG:colcon.colcon_core.shell:Skip shell extension 'dsv' for command environment
[0.488s] DEBUG:colcon.colcon_core.event_handler.log_command:Invoked command in '/home/eldry/devros_ws/build/slambot_hardware' returned '0': CMAKE_PREFIX_PATH=${CMAKE_PREFIX_PATH}:/opt/ros/jazzy DEBUGINFOD_URLS=https://debuginfod.ubuntu.com /usr/bin/cmake --build /home/eldry/devros_ws/build/slambot_hardware -- -j4 -l4
[0.489s] DEBUG:colcon.colcon_core.event_handler.log_command:Invoking command in '/home/eldry/devros_ws/build/slambot_hardware': CMAKE_PREFIX_PATH=${CMAKE_PREFIX_PATH}:/opt/ros/jazzy DEBUGINFOD_URLS=https://debuginfod.ubuntu.com /usr/bin/cmake --install /home/eldry/devros_ws/build/slambot_hardware
[0.498s] DEBUG:colcon.colcon_core.event_handler.log_command:Invoking command in '/home/eldry/devros_ws/build/slambot_bringup': CMAKE_PREFIX_PATH=/home/eldry/devros_ws/install/slambot_description:/home/eldry/devros_ws/install/slambot_interfaces:/home/eldry/devros_ws/install/slambot_bringup:/home/eldry/dv_ws/install/tank_interfaces:/home/eldry/dv_ws/install/tank_bringup:/home/eldry/dv_ws/install/tank_description:/opt/ros/jazzy/opt/gz_sim_vendor:/opt/ros/jazzy/opt/gz_sensors_vendor:/opt/ros/jazzy/opt/gz_physics_vendor:/opt/ros/jazzy/opt/sdformat_vendor:/opt/ros/jazzy/opt/gz_gui_vendor:/opt/ros/jazzy/opt/gz_transport_vendor:/opt/ros/jazzy/opt/gz_rendering_vendor:/opt/ros/jazzy/opt/gz_plugin_vendor:/opt/ros/jazzy/opt/gz_fuel_tools_vendor:/opt/ros/jazzy/opt/gz_msgs_vendor:/opt/ros/jazzy/opt/gz_common_vendor:/opt/ros/jazzy/opt/gz_math_vendor:/opt/ros/jazzy/opt/gz_utils_vendor:/opt/ros/jazzy/opt/gz_tools_vendor:/opt/ros/jazzy/opt/gz_ogre_next_vendor:/opt/ros/jazzy/opt/gz_dartsim_vendor:/opt/ros/jazzy/opt/gz_cmake_vendor:/opt/ros/jazzy DEBUGINFOD_URLS=https://debuginfod.ubuntu.com /usr/bin/cmake --build /home/eldry/devros_ws/build/slambot_bringup -- -j4 -l4
[0.513s] Level 1:colcon.colcon_core.environment:create_environment_scripts_only(slambot_hardware)
[0.514s] Level 1:colcon.colcon_core.environment:checking '/home/eldry/devros_ws/install/slambot_hardware' for CMake module files
[0.514s] Level 1:colcon.colcon_core.environment:checking '/home/eldry/devros_ws/install/slambot_hardware' for CMake config files
[0.515s] Level 1:colcon.colcon_core.shell:create_environment_hook('slambot_hardware', 'cmake_prefix_path')
[0.515s] INFO:colcon.colcon_core.shell:Creating environment hook '/home/eldry/devros_ws/install/slambot_hardware/share/slambot_hardware/hook/cmake_prefix_path.ps1'
[0.515s] INFO:colcon.colcon_core.shell:Creating environment descriptor '/home/eldry/devros_ws/install/slambot_hardware/share/slambot_hardware/hook/cmake_prefix_path.dsv'
[0.519s] INFO:colcon.colcon_core.shell:Creating environment hook '/home/eldry/devros_ws/install/slambot_hardware/share/slambot_hardware/hook/cmake_prefix_path.sh'
[0.520s] Level 1:colcon.colcon_core.environment:checking '/home/eldry/devros_ws/install/slambot_hardware/lib'
[0.520s] Level 1:colcon.colcon_core.shell:create_environment_hook('slambot_hardware', 'ld_library_path_lib')
[0.520s] INFO:colcon.colcon_core.shell:Creating environment hook '/home/eldry/devros_ws/install/slambot_hardware/share/slambot_hardware/hook/ld_library_path_lib.ps1'
[0.521s] INFO:colcon.colcon_core.shell:Creating environment descriptor '/home/eldry/devros_ws/install/slambot_hardware/share/slambot_hardware/hook/ld_library_path_lib.dsv'
[0.521s] DEBUG:colcon.colcon_core.event_handler.log_command:Invoked command in '/home/eldry/devros_ws/build/slambot_hardware' returned '0': CMAKE_PREFIX_PATH=${CMAKE_PREFIX_PATH}:/opt/ros/jazzy DEBUGINFOD_URLS=https://debuginfod.ubuntu.com /usr/bin/cmake --install /home/eldry/devros_ws/build/slambot_hardware
[0.522s] INFO:colcon.colcon_core.shell:Creating environment hook '/home/eldry/devros_ws/install/slambot_hardware/share/slambot_hardware/hook/ld_library_path_lib.sh'
[0.522s] Level 1:colcon.colcon_core.environment:checking '/home/eldry/devros_ws/install/slambot_hardware/bin'
[0.522s] Level 1:colcon.colcon_core.environment:checking '/home/eldry/devros_ws/install/slambot_hardware/lib/pkgconfig/slambot_hardware.pc'
[0.523s] Level 1:colcon.colcon_core.environment:checking '/home/eldry/devros_ws/install/slambot_hardware/lib/python3.12/site-packages'
[0.523s] Level 1:colcon.colcon_core.environment:checking '/home/eldry/devros_ws/install/slambot_hardware/bin'
[0.523s] INFO:colcon.colcon_core.shell:Creating package script '/home/eldry/devros_ws/install/slambot_hardware/share/slambot_hardware/package.ps1'
[0.527s] INFO:colcon.colcon_core.shell:Creating package descriptor '/home/eldry/devros_ws/install/slambot_hardware/share/slambot_hardware/package.dsv'
[0.528s] INFO:colcon.colcon_core.shell:Creating package script '/home/eldry/devros_ws/install/slambot_hardware/share/slambot_hardware/package.sh'
[0.528s] INFO:colcon.colcon_core.shell:Creating package script '/home/eldry/devros_ws/install/slambot_hardware/share/slambot_hardware/package.bash'
[0.529s] INFO:colcon.colcon_core.shell:Creating package script '/home/eldry/devros_ws/install/slambot_hardware/share/slambot_hardware/package.zsh'
[0.529s] Level 1:colcon.colcon_core.environment:create_file_with_runtime_dependencies(/home/eldry/devros_ws/install/slambot_hardware/share/colcon-core/packages/slambot_hardware)
[0.530s] Level 1:colcon.colcon_core.environment:create_environment_scripts_only(slambot_hardware)
[0.532s] Level 1:colcon.colcon_core.environment:checking '/home/eldry/devros_ws/install/slambot_hardware' for CMake module files
[0.534s] Level 1:colcon.colcon_core.environment:checking '/home/eldry/devros_ws/install/slambot_hardware' for CMake config files
[0.534s] Level 1:colcon.colcon_core.shell:create_environment_hook('slambot_hardware', 'cmake_prefix_path')
[0.534s] INFO:colcon.colcon_core.shell:Creating environment hook '/home/eldry/devros_ws/install/slambot_hardware/share/slambot_hardware/hook/cmake_prefix_path.ps1'
[0.536s] INFO:colcon.colcon_core.shell:Creating environment descriptor '/home/eldry/devros_ws/install/slambot_hardware/share/slambot_hardware/hook/cmake_prefix_path.dsv'
[0.537s] INFO:colcon.colcon_core.shell:Creating environment hook '/home/eldry/devros_ws/install/slambot_hardware/share/slambot_hardware/hook/cmake_prefix_path.sh'
[0.539s] Level 1:colcon.colcon_core.environment:checking '/home/eldry/devros_ws/install/slambot_hardware/lib'
[0.539s] Level 1:colcon.colcon_core.shell:create_environment_hook('slambot_hardware', 'ld_library_path_lib')
[0.539s] INFO:colcon.colcon_core.shell:Creating environment hook '/home/eldry/devros_ws/install/slambot_hardware/share/slambot_hardware/hook/ld_library_path_lib.ps1'
[0.540s] INFO:colcon.colcon_core.shell:Creating environment descriptor '/home/eldry/devros_ws/install/slambot_hardware/share/slambot_hardware/hook/ld_library_path_lib.dsv'
[0.540s] INFO:colcon.colcon_core.shell:Creating environment hook '/home/eldry/devros_ws/install/slambot_hardware/share/slambot_hardware/hook/ld_library_path_lib.sh'
[0.541s] Level 1:colcon.colcon_core.environment:checking '/home/eldry/devros_ws/install/slambot_hardware/bin'
[0.541s] Level 1:colcon.colcon_core.environment:checking '/home/eldry/devros_ws/install/slambot_hardware/lib/pkgconfig/slambot_hardware.pc'
[0.541s] Level 1:colcon.colcon_core.environment:checking '/home/eldry/devros_ws/install/slambot_hardware/lib/python3.12/site-packages'
[0.541s] Level 1:colcon.colcon_core.environment:checking '/home/eldry/devros_ws/install/slambot_hardware/bin'
[0.542s] INFO:colcon.colcon_core.shell:Creating package script '/home/eldry/devros_ws/install/slambot_hardware/share/slambot_hardware/package.ps1'
[0.545s] INFO:colcon.colcon_core.shell:Creating package descriptor '/home/eldry/devros_ws/install/slambot_hardware/share/slambot_hardware/package.dsv'
[0.545s] INFO:colcon.colcon_core.shell:Creating package script '/home/eldry/devros_ws/install/slambot_hardware/share/slambot_hardware/package.sh'
[0.546s] INFO:colcon.colcon_core.shell:Creating package script '/home/eldry/devros_ws/install/slambot_hardware/share/slambot_hardware/package.bash'
[0.546s] INFO:colcon.colcon_core.shell:Creating package script '/home/eldry/devros_ws/install/slambot_hardware/share/slambot_hardware/package.zsh'
[0.547s] Level 1:colcon.colcon_core.environment:create_file_with_runtime_dependencies(/home/eldry/devros_ws/install/slambot_hardware/share/colcon-core/packages/slambot_hardware)
[0.560s] DEBUG:colcon.colcon_core.event_handler.log_command:Invoked command in '/home/eldry/devros_ws/build/slambot_bringup' returned '0': CMAKE_PREFIX_PATH=/home/eldry/devros_ws/install/slambot_description:/home/eldry/devros_ws/install/slambot_interfaces:/home/eldry/devros_ws/install/slambot_bringup:/home/eldry/dv_ws/install/tank_interfaces:/home/eldry/dv_ws/install/tank_bringup:/home/eldry/dv_ws/install/tank_description:/opt/ros/jazzy/opt/gz_sim_vendor:/opt/ros/jazzy/opt/gz_sensors_vendor:/opt/ros/jazzy/opt/gz_physics_vendor:/opt/ros/jazzy/opt/sdformat_vendor:/opt/ros/jazzy/opt/gz_gui_vendor:/opt/ros/jazzy/opt/gz_transport_vendor:/opt/ros/jazzy/opt/gz_rendering_vendor:/opt/ros/jazzy/opt/gz_plugin_vendor:/opt/ros/jazzy/opt/gz_fuel_tools_vendor:/opt/ros/jazzy/opt/gz_msgs_vendor:/opt/ros/jazzy/opt/gz_common_vendor:/opt/ros/jazzy/opt/gz_math_vendor:/opt/ros/jazzy/opt/gz_utils_vendor:/opt/ros/jazzy/opt/gz_tools_vendor:/opt/ros/jazzy/opt/gz_ogre_next_vendor:/opt/ros/jazzy/opt/gz_dartsim_vendor:/opt/ros/jazzy/opt/gz_cmake_vendor:/opt/ros/jazzy DEBUGINFOD_URLS=https://debuginfod.ubuntu.com /usr/bin/cmake --build /home/eldry/devros_ws/build/slambot_bringup -- -j4 -l4
[0.560s] DEBUG:colcon.colcon_core.event_handler.log_command:Invoking command in '/home/eldry/devros_ws/build/slambot_bringup': CMAKE_PREFIX_PATH=/home/eldry/devros_ws/install/slambot_description:/home/eldry/devros_ws/install/slambot_interfaces:/home/eldry/devros_ws/install/slambot_bringup:/home/eldry/dv_ws/install/tank_interfaces:/home/eldry/dv_ws/install/tank_bringup:/home/eldry/dv_ws/install/tank_description:/opt/ros/jazzy/opt/gz_sim_vendor:/opt/ros/jazzy/opt/gz_sensors_vendor:/opt/ros/jazzy/opt/gz_physics_vendor:/opt/ros/jazzy/opt/sdformat_vendor:/opt/ros/jazzy/opt/gz_gui_vendor:/opt/ros/jazzy/opt/gz_transport_vendor:/opt/ros/jazzy/opt/gz_rendering_vendor:/opt/ros/jazzy/opt/gz_plugin_vendor:/opt/ros/jazzy/opt/gz_fuel_tools_vendor:/opt/ros/jazzy/opt/gz_msgs_vendor:/opt/ros/jazzy/opt/gz_common_vendor:/opt/ros/jazzy/opt/gz_math_vendor:/opt/ros/jazzy/opt/gz_utils_vendor:/opt/ros/jazzy/opt/gz_tools_vendor:/opt/ros/jazzy/opt/gz_ogre_next_vendor:/opt/ros/jazzy/opt/gz_dartsim_vendor:/opt/ros/jazzy/opt/gz_cmake_vendor:/opt/ros/jazzy DEBUGINFOD_URLS=https://debuginfod.ubuntu.com /usr/bin/cmake --install /home/eldry/devros_ws/build/slambot_bringup
[0.583s] Level 1:colcon.colcon_core.environment:create_environment_scripts_only(slambot_bringup)
[0.584s] Level 1:colcon.colcon_core.environment:checking '/home/eldry/devros_ws/install/slambot_bringup' for CMake module files
[0.584s] DEBUG:colcon.colcon_core.event_handler.log_command:Invoked command in '/home/eldry/devros_ws/build/slambot_bringup' returned '0': CMAKE_PREFIX_PATH=/home/eldry/devros_ws/install/slambot_description:/home/eldry/devros_ws/install/slambot_interfaces:/home/eldry/devros_ws/install/slambot_bringup:/home/eldry/dv_ws/install/tank_interfaces:/home/eldry/dv_ws/install/tank_bringup:/home/eldry/dv_ws/install/tank_description:/opt/ros/jazzy/opt/gz_sim_vendor:/opt/ros/jazzy/opt/gz_sensors_vendor:/opt/ros/jazzy/opt/gz_physics_vendor:/opt/ros/jazzy/opt/sdformat_vendor:/opt/ros/jazzy/opt/gz_gui_vendor:/opt/ros/jazzy/opt/gz_transport_vendor:/opt/ros/jazzy/opt/gz_rendering_vendor:/opt/ros/jazzy/opt/gz_plugin_vendor:/opt/ros/jazzy/opt/gz_fuel_tools_vendor:/opt/ros/jazzy/opt/gz_msgs_vendor:/opt/ros/jazzy/opt/gz_common_vendor:/opt/ros/jazzy/opt/gz_math_vendor:/opt/ros/jazzy/opt/gz_utils_vendor:/opt/ros/jazzy/opt/gz_tools_vendor:/opt/ros/jazzy/opt/gz_ogre_next_vendor:/opt/ros/jazzy/opt/gz_dartsim_vendor:/opt/ros/jazzy/opt/gz_cmake_vendor:/opt/ros/jazzy DEBUGINFOD_URLS=https://debuginfod.ubuntu.com /usr/bin/cmake --install /home/eldry/devros_ws/build/slambot_bringup
[0.584s] Level 1:colcon.colcon_core.environment:checking '/home/eldry/devros_ws/install/slambot_bringup' for CMake config files
[0.585s] Level 1:colcon.colcon_core.shell:create_environment_hook('slambot_bringup', 'cmake_prefix_path')
[0.585s] INFO:colcon.colcon_core.shell:Creating environment hook '/home/eldry/devros_ws/install/slambot_bringup/share/slambot_bringup/hook/cmake_prefix_path.ps1'
[0.585s] INFO:colcon.colcon_core.shell:Creating environment descriptor '/home/eldry/devros_ws/install/slambot_bringup/share/slambot_bringup/hook/cmake_prefix_path.dsv'
[0.586s] INFO:colcon.colcon_core.shell:Creating environment hook '/home/eldry/devros_ws/install/slambot_bringup/share/slambot_bringup/hook/cmake_prefix_path.sh'
[0.586s] Level 1:colcon.colcon_core.environment:checking '/home/eldry/devros_ws/install/slambot_bringup/bin'
[0.586s] Level 1:colcon.colcon_core.environment:checking '/home/eldry/devros_ws/install/slambot_bringup/lib/pkgconfig/slambot_bringup.pc'
[0.587s] Level 1:colcon.colcon_core.environment:checking '/home/eldry/devros_ws/install/slambot_bringup/lib/python3.12/site-packages'
[0.587s] Level 1:colcon.colcon_core.environment:checking '/home/eldry/devros_ws/install/slambot_bringup/bin'
[0.587s] INFO:colcon.colcon_core.shell:Creating package script '/home/eldry/devros_ws/install/slambot_bringup/share/slambot_bringup/package.ps1'
[0.588s] INFO:colcon.colcon_core.shell:Creating package descriptor '/home/eldry/devros_ws/install/slambot_bringup/share/slambot_bringup/package.dsv'
[0.588s] INFO:colcon.colcon_core.shell:Creating package script '/home/eldry/devros_ws/install/slambot_bringup/share/slambot_bringup/package.sh'
[0.589s] INFO:colcon.colcon_core.shell:Creating package script '/home/eldry/devros_ws/install/slambot_bringup/share/slambot_bringup/package.bash'
[0.589s] INFO:colcon.colcon_core.shell:Creating package script '/home/eldry/devros_ws/install/slambot_bringup/share/slambot_bringup/package.zsh'
[0.589s] Level 1:colcon.colcon_core.environment:create_file_with_runtime_dependencies(/home/eldry/devros_ws/install/slambot_bringup/share/colcon-core/packages/slambot_bringup)
[0.590s] Level 1:colcon.colcon_core.environment:create_environment_scripts_only(slambot_bringup)
[0.590s] Level 1:colcon.colcon_core.environment:checking '/home/eldry/devros_ws/install/slambot_bringup' for CMake module files
[0.591s] Level 1:colcon.colcon_core.environment:checking '/home/eldry/devros_ws/install/slambot_bringup' for CMake config files
[0.591s] Level 1:colcon.colcon_core.shell:create_environment_hook('slambot_bringup', 'cmake_prefix_path')
[0.591s] INFO:colcon.colcon_core.shell:Creating environment hook '/home/eldry/devros_ws/install/slambot_bringup/share/slambot_bringup/hook/cmake_prefix_path.ps1'
[0.592s] INFO:colcon.colcon_core.shell:Creating environment descriptor '/home/eldry/devros_ws/install/slambot_bringup/share/slambot_bringup/hook/cmake_prefix_path.dsv'
[0.592s] INFO:colcon.colcon_core.shell:Creating environment hook '/home/eldry/devros_ws/install/slambot_bringup/share/slambot_bringup/hook/cmake_prefix_path.sh'
[0.592s] Level 1:colcon.colcon_core.environment:checking '/home/eldry/devros_ws/install/slambot_bringup/bin'
[0.592s] Level 1:colcon.colcon_core.environment:checking '/home/eldry/devros_ws/install/slambot_bringup/lib/pkgconfig/slambot_bringup.pc'
[0.593s] Level 1:colcon.colcon_core.environment:checking '/home/eldry/devros_ws/install/slambot_bringup/lib/python3.12/site-packages'
[0.593s] Level 1:colcon.colcon_core.environment:checking '/home/eldry/devros_ws/install/slambot_bringup/bin'
[0.593s] INFO:colcon.colcon_core.shell:Creating package script '/home/eldry/devros_ws/install/slambot_bringup/share/slambot_bringup/package.ps1'
[0.594s] INFO:colcon.colcon_core.shell:Creating package descriptor '/home/eldry/devros_ws/install/slambot_bringup/share/slambot_bringup/package.dsv'
[0.594s] INFO:colcon.colcon_core.shell:Creating package script '/home/eldry/devros_ws/install/slambot_bringup/share/slambot_bringup/package.sh'
[0.595s] INFO:colcon.colcon_core.shell:Creating package script '/home/eldry/devros_ws/install/slambot_bringup/share/slambot_bringup/package.bash'
[0.595s] INFO:colcon.colcon_core.shell:Creating package script '/home/eldry/devros_ws/install/slambot_bringup/share/slambot_bringup/package.zsh'
[0.596s] Level 1:colcon.colcon_core.environment:create_file_with_runtime_dependencies(/home/eldry/devros_ws/install/slambot_bringup/share/colcon-core/packages/slambot_bringup)
[0.910s] DEBUG:colcon.colcon_core.event_handler.log_command:Invoked command in '/home/eldry/devros_ws/build/slambot_interfaces' returned '0': CMAKE_PREFIX_PATH=${CMAKE_PREFIX_PATH}:/opt/ros/jazzy DEBUGINFOD_URLS=https://debuginfod.ubuntu.com /usr/bin/cmake --build /home/eldry/devros_ws/build/slambot_interfaces -- -j4 -l4
[0.911s] DEBUG:colcon.colcon_core.event_handler.log_command:Invoking command in '/home/eldry/devros_ws/build/slambot_interfaces': CMAKE_PREFIX_PATH=${CMAKE_PREFIX_PATH}:/opt/ros/jazzy DEBUGINFOD_URLS=https://debuginfod.ubuntu.com /usr/bin/cmake --install /home/eldry/devros_ws/build/slambot_interfaces
[0.974s] Level 1:colcon.colcon_core.environment:create_environment_scripts_only(slambot_interfaces)
[0.974s] Level 1:colcon.colcon_core.environment:checking '/home/eldry/devros_ws/install/slambot_interfaces' for CMake module files
[0.976s] Level 1:colcon.colcon_core.environment:checking '/home/eldry/devros_ws/install/slambot_interfaces' for CMake config files
[0.978s] DEBUG:colcon.colcon_core.event_handler.log_command:Invoked command in '/home/eldry/devros_ws/build/slambot_interfaces' returned '0': CMAKE_PREFIX_PATH=${CMAKE_PREFIX_PATH}:/opt/ros/jazzy DEBUGINFOD_URLS=https://debuginfod.ubuntu.com /usr/bin/cmake --install /home/eldry/devros_ws/build/slambot_interfaces
[0.978s] Level 1:colcon.colcon_core.shell:create_environment_hook('slambot_interfaces', 'cmake_prefix_path')
[0.978s] INFO:colcon.colcon_core.shell:Creating environment hook '/home/eldry/devros_ws/install/slambot_interfaces/share/slambot_interfaces/hook/cmake_prefix_path.ps1'
[0.979s] INFO:colcon.colcon_core.shell:Creating environment descriptor '/home/eldry/devros_ws/install/slambot_interfaces/share/slambot_interfaces/hook/cmake_prefix_path.dsv'
[0.979s] INFO:colcon.colcon_core.shell:Creating environment hook '/home/eldry/devros_ws/install/slambot_interfaces/share/slambot_interfaces/hook/cmake_prefix_path.sh'
[0.980s] Level 1:colcon.colcon_core.environment:checking '/home/eldry/devros_ws/install/slambot_interfaces/lib'
[0.980s] Level 1:colcon.colcon_core.shell:create_environment_hook('slambot_interfaces', 'ld_library_path_lib')
[0.980s] INFO:colcon.colcon_core.shell:Creating environment hook '/home/eldry/devros_ws/install/slambot_interfaces/share/slambot_interfaces/hook/ld_library_path_lib.ps1'
[0.980s] INFO:colcon.colcon_core.shell:Creating environment descriptor '/home/eldry/devros_ws/install/slambot_interfaces/share/slambot_interfaces/hook/ld_library_path_lib.dsv'
[0.980s] INFO:colcon.colcon_core.shell:Creating environment hook '/home/eldry/devros_ws/install/slambot_interfaces/share/slambot_interfaces/hook/ld_library_path_lib.sh'
[0.981s] Level 1:colcon.colcon_core.environment:checking '/home/eldry/devros_ws/install/slambot_interfaces/bin'
[0.981s] Level 1:colcon.colcon_core.environment:checking '/home/eldry/devros_ws/install/slambot_interfaces/lib/pkgconfig/slambot_interfaces.pc'
[0.981s] Level 1:colcon.colcon_core.environment:checking '/home/eldry/devros_ws/install/slambot_interfaces/lib/python3.12/site-packages'
[0.981s] Level 1:colcon.colcon_core.shell:create_environment_hook('slambot_interfaces', 'pythonpath')
[0.981s] INFO:colcon.colcon_core.shell:Creating environment hook '/home/eldry/devros_ws/install/slambot_interfaces/share/slambot_interfaces/hook/pythonpath.ps1'
[0.982s] INFO:colcon.colcon_core.shell:Creating environment descriptor '/home/eldry/devros_ws/install/slambot_interfaces/share/slambot_interfaces/hook/pythonpath.dsv'
[0.982s] INFO:colcon.colcon_core.shell:Creating environment hook '/home/eldry/devros_ws/install/slambot_interfaces/share/slambot_interfaces/hook/pythonpath.sh'
[0.983s] Level 1:colcon.colcon_core.environment:checking '/home/eldry/devros_ws/install/slambot_interfaces/bin'
[0.983s] INFO:colcon.colcon_core.shell:Creating package script '/home/eldry/devros_ws/install/slambot_interfaces/share/slambot_interfaces/package.ps1'
[0.983s] INFO:colcon.colcon_core.shell:Creating package descriptor '/home/eldry/devros_ws/install/slambot_interfaces/share/slambot_interfaces/package.dsv'
[0.984s] INFO:colcon.colcon_core.shell:Creating package script '/home/eldry/devros_ws/install/slambot_interfaces/share/slambot_interfaces/package.sh'
[0.984s] INFO:colcon.colcon_core.shell:Creating package script '/home/eldry/devros_ws/install/slambot_interfaces/share/slambot_interfaces/package.bash'
[0.984s] INFO:colcon.colcon_core.shell:Creating package script '/home/eldry/devros_ws/install/slambot_interfaces/share/slambot_interfaces/package.zsh'
[0.985s] Level 1:colcon.colcon_core.environment:create_file_with_runtime_dependencies(/home/eldry/devros_ws/install/slambot_interfaces/share/colcon-core/packages/slambot_interfaces)
[0.985s] Level 1:colcon.colcon_core.environment:create_environment_scripts_only(slambot_interfaces)
[0.985s] Level 1:colcon.colcon_core.environment:checking '/home/eldry/devros_ws/install/slambot_interfaces' for CMake module files
[0.986s] Level 1:colcon.colcon_core.environment:checking '/home/eldry/devros_ws/install/slambot_interfaces' for CMake config files
[0.986s] Level 1:colcon.colcon_core.shell:create_environment_hook('slambot_interfaces', 'cmake_prefix_path')
[0.986s] INFO:colcon.colcon_core.shell:Creating environment hook '/home/eldry/devros_ws/install/slambot_interfaces/share/slambot_interfaces/hook/cmake_prefix_path.ps1'
[0.987s] INFO:colcon.colcon_core.shell:Creating environment descriptor '/home/eldry/devros_ws/install/slambot_interfaces/share/slambot_interfaces/hook/cmake_prefix_path.dsv'
[0.987s] INFO:colcon.colcon_core.shell:Creating environment hook '/home/eldry/devros_ws/install/slambot_interfaces/share/slambot_interfaces/hook/cmake_prefix_path.sh'
[0.987s] Level 1:colcon.colcon_core.environment:checking '/home/eldry/devros_ws/install/slambot_interfaces/lib'
[0.987s] Level 1:colcon.colcon_core.shell:create_environment_hook('slambot_interfaces', 'ld_library_path_lib')
[0.988s] INFO:colcon.colcon_core.shell:Creating environment hook '/home/eldry/devros_ws/install/slambot_interfaces/share/slambot_interfaces/hook/ld_library_path_lib.ps1'
[0.988s] INFO:colcon.colcon_core.shell:Creating environment descriptor '/home/eldry/devros_ws/install/slambot_interfaces/share/slambot_interfaces/hook/ld_library_path_lib.dsv'
[0.988s] INFO:colcon.colcon_core.shell:Creating environment hook '/home/eldry/devros_ws/install/slambot_interfaces/share/slambot_interfaces/hook/ld_library_path_lib.sh'
[0.989s] Level 1:colcon.colcon_core.environment:checking '/home/eldry/devros_ws/install/slambot_interfaces/bin'
[0.989s] Level 1:colcon.colcon_core.environment:checking '/home/eldry/devros_ws/install/slambot_interfaces/lib/pkgconfig/slambot_interfaces.pc'
[0.989s] Level 1:colcon.colcon_core.environment:checking '/home/eldry/devros_ws/install/slambot_interfaces/lib/python3.12/site-packages'
[0.989s] Level 1:colcon.colcon_core.shell:create_environment_hook('slambot_interfaces', 'pythonpath')
[0.989s] INFO:colcon.colcon_core.shell:Creating environment hook '/home/eldry/devros_ws/install/slambot_interfaces/share/slambot_interfaces/hook/pythonpath.ps1'
[0.989s] INFO:colcon.colcon_core.shell:Creating environment descriptor '/home/eldry/devros_ws/install/slambot_interfaces/share/slambot_interfaces/hook/pythonpath.dsv'
[0.990s] INFO:colcon.colcon_core.shell:Creating environment hook '/home/eldry/devros_ws/install/slambot_interfaces/share/slambot_interfaces/hook/pythonpath.sh'
[0.990s] Level 1:colcon.colcon_core.environment:checking '/home/eldry/devros_ws/install/slambot_interfaces/bin'
[0.991s] INFO:colcon.colcon_core.shell:Creating package script '/home/eldry/devros_ws/install/slambot_interfaces/share/slambot_interfaces/package.ps1'
[0.991s] INFO:colcon.colcon_core.shell:Creating package descriptor '/home/eldry/devros_ws/install/slambot_interfaces/share/slambot_interfaces/package.dsv'
[0.992s] INFO:colcon.colcon_core.shell:Creating package script '/home/eldry/devros_ws/install/slambot_interfaces/share/slambot_interfaces/package.sh'
[0.992s] INFO:colcon.colcon_core.shell:Creating package script '/home/eldry/devros_ws/install/slambot_interfaces/share/slambot_interfaces/package.bash'
[0.992s] INFO:colcon.colcon_core.shell:Creating package script '/home/eldry/devros_ws/install/slambot_interfaces/share/slambot_interfaces/package.zsh'
[0.993s] Level 1:colcon.colcon_core.environment:create_file_with_runtime_dependencies(/home/eldry/devros_ws/install/slambot_interfaces/share/colcon-core/packages/slambot_interfaces)
[0.993s] DEBUG:colcon.colcon_parallel_executor.executor.parallel:closing loop
[0.993s] DEBUG:colcon.colcon_parallel_executor.executor.parallel:loop closed
[0.993s] DEBUG:colcon.colcon_parallel_executor.executor.parallel:run_until_complete finished with '0'
[0.993s] DEBUG:colcon.colcon_core.event_reactor:joining thread
[1.011s] INFO:colcon.colcon_core.plugin_system:Skipping extension 'colcon_notification.desktop_notification.terminal_notifier': Not used on non-Darwin systems
[1.011s] INFO:colcon.colcon_core.plugin_system:Skipping extension 'colcon_notification.desktop_notification.win32': Not used on non-Windows systems
[1.012s] INFO:colcon.colcon_notification.desktop_notification:Sending desktop notification using 'notify2'
[1.044s] DEBUG:colcon.colcon_core.event_reactor:joined thread
[1.044s] INFO:colcon.colcon_core.shell:Creating prefix script '/home/eldry/devros_ws/install/local_setup.ps1'
[1.045s] INFO:colcon.colcon_core.shell:Creating prefix util module '/home/eldry/devros_ws/install/_local_setup_util_ps1.py'
[1.047s] INFO:colcon.colcon_core.shell:Creating prefix chain script '/home/eldry/devros_ws/install/setup.ps1'
[1.048s] INFO:colcon.colcon_core.shell:Creating prefix script '/home/eldry/devros_ws/install/local_setup.sh'
[1.049s] INFO:colcon.colcon_core.shell:Creating prefix util module '/home/eldry/devros_ws/install/_local_setup_util_sh.py'
[1.049s] INFO:colcon.colcon_core.shell:Creating prefix chain script '/home/eldry/devros_ws/install/setup.sh'
[1.051s] INFO:colcon.colcon_core.shell:Creating prefix script '/home/eldry/devros_ws/install/local_setup.bash'
[1.051s] INFO:colcon.colcon_core.shell:Creating prefix chain script '/home/eldry/devros_ws/install/setup.bash'
[1.053s] INFO:colcon.colcon_core.shell:Creating prefix script '/home/eldry/devros_ws/install/local_setup.zsh'
[1.053s] INFO:colcon.colcon_core.shell:Creating prefix chain script '/home/eldry/devros_ws/install/setup.zsh'
